                us        fr        sp        it        dk        de        nl        se
name                                                                                    
sigma     2.097183  2.097183  2.097183  2.097183  2.097183  2.097183  2.097183  2.097183
beta      0.970000  0.970000  0.970000  0.970000  0.970000  0.970000  0.970000  0.970000
phi       0.304140  0.304140  0.304140  0.304140  0.304140  0.304140  0.304140  0.304140
psi       0.168902  0.168902  0.168902  0.168902  0.168902  0.168902  0.168902  0.168902
delta_h1 -0.967380 -1.094451 -0.005673 -0.715889 -1.601068 -1.296156 -1.264525 -1.525023
delta_h2  3.478244  3.697940  3.394047  3.867593  4.273184  3.953905  3.998342  4.310607
eta       0.000000  0.000000  0.000000  0.000000  0.000000  0.000000  0.000000  0.000000
tfp       1.000000  0.923597  0.810865  0.638877  1.255176  1.008961  1.009820  0.788306
price     1.000000  0.614844  0.650287  0.712935  0.887615  0.846861  0.698165  0.843816
risk      0.000000  0.000000  0.000000  0.000000  0.000000  0.000000  0.000000  0.000000
tfp =  0.9193717258623131
country =  us , s =  0.14540996506792891 , h =  0.8777461371742963 , grad4 =  1.3383320701789416
country =  fr , s =  0.10634167871679776 , h =  0.9540220496214327 , grad4 =  1.0827204178896161
country =  sp , s =  0.06778084833040307 , h =  0.9399254404902407 , grad4 =  1.0881443419545
country =  it , s =  0.047817899729157946 , h =  0.9713857824089436 , grad4 =  1.0221163082547717
country =  dk , s =  0.12866783712761518 , h =  0.9484838231261599 , grad4 =  1.038406302916162
country =  de , s =  0.11123264334670235 , h =  0.957324640084322 , grad4 =  1.053868873097697
country =  nl , s =  0.09646420729838513 , h =  0.9634959117876082 , grad4 =  1.0534164566199162
country =  se , s =  0.06399638217368478 , h =  0.9758568498918 , grad4 =  1.0203737218555404
           us        fr        sp        it        dk        de        nl        se
s     0.14541  0.106342  0.067781  0.047818  0.128668  0.111233  0.096464  0.063996
h    0.877746  0.954022  0.939925  0.971386  0.948484  0.957325  0.963496  0.975857
g    1.338332   1.08272  1.088144  1.022116  1.038406  1.053869  1.053416  1.020374
c         NaN       NaN       NaN       NaN       NaN       NaN       NaN       NaN
coy  0.683151  0.765092  0.758811  0.697506  0.756555  0.748316  0.759366  0.706229
saving results...
