                us        fr        sp        it        dk        de        nl        se
name                                                                                    
sigma     2.097183  2.097183  2.097183  2.097183  2.097183  2.097183  2.097183  2.097183
beta      0.970000  0.970000  0.970000  0.970000  0.970000  0.970000  0.970000  0.970000
phi       0.304140  0.304140  0.304140  0.304140  0.304140  0.304140  0.304140  0.304140
psi       0.168902  0.168902  0.168902  0.168902  0.168902  0.168902  0.168902  0.168902
delta_h1 -0.967380 -1.094451 -0.005673 -0.715889 -1.601068 -1.296156 -1.264525 -1.525023
delta_h2  3.478244  3.697940  3.394047  3.867593  4.273184  3.953905  3.998342  4.310607
eta       0.000000  0.000000  0.000000  0.000000  0.000000  0.000000  0.000000  0.000000
tfp       1.000000  0.923597  0.810865  0.638877  1.255176  1.008961  1.009820  0.788306
price     1.000000  0.614844  0.650287  0.712935  0.887615  0.846861  0.698165  0.843816
risk      0.000000  0.000000  0.000000  0.000000  0.000000  0.000000  0.000000  0.000000
deltas =  [-1.0718264637169657, 3.92794529129285]
country =  us , s =  0.09993869096777837 , h =  0.9210064598476184 , grad4 =  1.1977422995842044
country =  fr , s =  0.0835939897138057 , h =  0.9657103411466463 , grad4 =  1.0662351884399488
country =  sp , s =  0.11604216573952401 , h =  0.8482941589633091 , grad4 =  1.3267454603693352
country =  it , s =  0.09109069583171589 , h =  0.9197311298849911 , grad4 =  1.1088847705995788
country =  dk , s =  0.0933772805535917 , h =  0.9703551491326247 , grad4 =  1.0243137570519318
country =  de , s =  0.09756295679069488 , h =  0.9640090619422343 , grad4 =  1.042448364985197
country =  nl , s =  0.0818538271636447 , h =  0.9705120945428501 , grad4 =  1.033482859457525
country =  se , s =  0.10141608784124613 , h =  0.9641591123894105 , grad4 =  1.0233170083507472
           us        fr        sp        it        dk        de        nl        se
s    0.099939  0.083594  0.116042  0.091091  0.093377  0.097563  0.081854  0.101416
h    0.921006   0.96571  0.848294  0.919731  0.970355  0.964009  0.970512  0.964159
g    1.197742  1.066235  1.326745  1.108885  1.024314  1.042448  1.033483  1.023317
c         NaN       NaN       NaN       NaN       NaN       NaN       NaN       NaN
coy  0.677919  0.760179  0.780325  0.713718  0.772181  0.748243  0.752763  0.716576
saving results...
