                us        fr        sp        it        dk        de        nl        se
name                                                                                    
sigma     2.097183  2.097183  2.097183  2.097183  2.097183  2.097183  2.097183  2.097183
beta      0.970000  0.970000  0.970000  0.970000  0.970000  0.970000  0.970000  0.970000
phi       0.304140  0.304140  0.304140  0.304140  0.304140  0.304140  0.304140  0.304140
psi       0.168902  0.168902  0.168902  0.168902  0.168902  0.168902  0.168902  0.168902
delta_h1 -0.967380 -1.094451 -0.005673 -0.715889 -1.601068 -1.296156 -1.264525 -1.525023
delta_h2  3.478244  3.697940  3.394047  3.867593  4.273184  3.953905  3.998342  4.310607
eta       0.000000  0.000000  0.000000  0.000000  0.000000  0.000000  0.000000  0.000000
tfp       1.000000  0.923597  0.810865  0.638877  1.255176  1.008961  1.009820  0.788306
price     1.000000  0.614844  0.650287  0.712935  0.887615  0.846861  0.698165  0.843816
risk      0.000000  0.000000  0.000000  0.000000  0.000000  0.000000  0.000000  0.000000
price =  0.7506462150805132
country =  us , s =  0.10648605973332469 , h =  0.9209659045484329 , grad4 =  1.1925778113834027
country =  fr , s =  0.1337038323079705 , h =  0.9400956067881059 , grad4 =  1.1240696568101252
country =  sp , s =  0.08316279407374476 , h =  0.9203592458657917 , grad4 =  1.1621737902319382
country =  it , s =  0.0841878132639228 , h =  0.9282755468577081 , grad4 =  1.1007928134511615
country =  dk , s =  0.07066466413544183 , h =  0.976701118790715 , grad4 =  1.0216378684781655
country =  de , s =  0.09251157476699695 , h =  0.9650273849180184 , grad4 =  1.0422972979657041
country =  nl , s =  0.08634488225684632 , h =  0.9695274053376559 , grad4 =  1.0362199573185285
country =  se , s =  0.07535983118289698 , h =  0.9729715063997498 , grad4 =  1.0195919068833026
           us        fr        sp        it        dk        de        nl        se
s    0.106486  0.133704  0.083163  0.084188  0.070665  0.092512  0.086345   0.07536
h    0.920966  0.940096  0.920359  0.928276  0.976701  0.965027  0.969527  0.972972
g    1.192578   1.12407  1.162174  1.100793  1.021638  1.042297   1.03622  1.019592
c         NaN       NaN       NaN       NaN       NaN       NaN       NaN       NaN
coy  0.679502  0.773405  0.768187  0.712006  0.775298  0.747597   0.74251  0.721262
saving results...
