cshare            0.680889
mshare            0.144225
trans_fromgood    0.961600
trans_frombad     0.205977
grad2             1.177713
grad3             1.222356
grad4             1.276081
Name: US, dtype: float64
cshare            0.009079
mshare            0.016178
trans_fromgood    0.001506
trans_frombad     0.009638
grad2             0.016617
grad3             0.016421
grad4             0.016628
Name: US, dtype: float64
                    mean        sd
cshare          0.680889  0.009079
mshare          0.144225  0.016178
trans_fromgood  0.961600  0.001506
trans_frombad   0.205977  0.009638
grad2           1.177713  0.016617
grad3           1.222356  0.016421
grad4           1.276081  0.016628
current parameter status : 
sigma 2.1053 True
beta 0.97 False
phi 0.3974 True
psi 0.1616 True
delta_h1 -0.989 True
delta_h2 3.5117 True
eta 0.0 False
tfp 1 False
price 1 False
risk 0.0 False
-- 
number of parameters:  10
number of free parameters:  5
current parameter status : 
sigma 2.1053 True
beta 0.97 False
phi 0.3974 True
psi 0.1616 True
delta_h1 -0.989 True
delta_h2 3.5117 True
eta 0.0 False
tfp 1 False
price 1 False
risk 0.0 False
- using these moments:
cshare 0.6808892149667144 0.009079433465468566
mshare 0.14422500000000002 0.01617846342973795
trans_fromgood 0.9615996486441867 0.0015062553539724164
trans_frombad 0.20597666978044457 0.009638163363181533
grad2 1.177712992763826 0.016617346336167793
grad3 1.2223556346247508 0.016421047162417955
grad4 1.2760806370630837 0.01662760246174447
f =  229.88423846503437 , pars =  [ 2.10531719  0.397405    0.16157805 -0.98895796  3.51165063]
- current state of moments (data, sim):
cshare 0.6808892149667144 0.6653476775441772
mshare 0.14422500000000002 0.1387585715780389
trans_fromgood 0.9615996486441867 0.9701595491805848
trans_frombad 0.20597666978044457 0.3091208115180944
grad2 1.177712992763826 1.0894848780713626
grad3 1.2223556346247508 1.1463642633438904
grad4 1.2760806370630837 1.184380546988614
f =  233.53686004254072 , pars =  [ 2.20531719  0.397405    0.16157805 -0.98895796  3.51165063]
- current state of moments (data, sim):
cshare 0.6808892149667144 0.6564961154778061
mshare 0.14422500000000002 0.13564426254884882
trans_fromgood 0.9615996486441867 0.9701711462263631
trans_frombad 0.20597666978044457 0.314110535244099
grad2 1.177712992763826 1.0938366658056908
grad3 1.2223556346247508 1.1559486716946334
grad4 1.2760806370630837 1.1913785777676433
f =  298.0591940086159 , pars =  [ 2.10531719  0.497405    0.16157805 -0.98895796  3.51165063]
- current state of moments (data, sim):
cshare 0.6808892149667144 0.668544212033206
mshare 0.14422500000000002 0.14310698468900696
trans_fromgood 0.9615996486441867 0.9701759739120996
trans_frombad 0.20597666978044457 0.3323147826337564
grad2 1.177712992763826 1.0883094819427157
grad3 1.2223556346247508 1.140992830427612
grad4 1.2760806370630837 1.1729519679879508
f =  1018.2949214448004 , pars =  [ 2.10531719  0.397405    0.26157805 -0.98895796  3.51165063]
- current state of moments (data, sim):
cshare 0.6808892149667144 0.6240029676056877
mshare 0.14422500000000002 0.09064667383048448
trans_fromgood 0.9615996486441867 0.9702347057990576
trans_frombad 0.20597666978044457 0.4672814185704125
grad2 1.177712992763826 1.0674887098962744
grad3 1.2223556346247508 1.0983381449794298
grad4 1.2760806370630837 1.1105212239018956
f =  242.71101877364384 , pars =  [ 2.10531719  0.397405    0.16157805 -0.88895796  3.51165063]
- current state of moments (data, sim):
cshare 0.6808892149667144 0.6603849515065366
mshare 0.14422500000000002 0.13343651150090557
trans_fromgood 0.9615996486441867 0.9701594727916593
trans_frombad 0.20597666978044457 0.3134338803159929
grad2 1.177712992763826 1.0901696986094471
grad3 1.2223556346247508 1.1464103453543597
grad4 1.2760806370630837 1.1828696091695499
f =  256.3876341194518 , pars =  [ 2.10531719  0.397405    0.16157805 -0.98895796  3.61165063]
- current state of moments (data, sim):
cshare 0.6808892149667144 0.6553627370276104
mshare 0.14422500000000002 0.1269104688081535
trans_fromgood 0.9615996486441867 0.9729970956531717
trans_frombad 0.20597666978044457 0.2991739496192911
grad2 1.177712992763826 1.0834578366123018
grad3 1.2223556346247508 1.137652101332394
grad4 1.2760806370630837 1.1738499457727372
f =  190.879145466313 , pars =  [ 2.00531719  0.397405    0.16157805 -0.98895796  3.51165063]
- current state of moments (data, sim):
cshare 0.6808892149667144 0.6707137952058299
mshare 0.14422500000000002 0.13878635867265696
trans_fromgood 0.9615996486441867 0.9701552380620152
trans_frombad 0.20597666978044457 0.2970784889184249
grad2 1.177712992763826 1.092824421547264
grad3 1.2223556346247508 1.1534790155753123
grad4 1.2760806370630837 1.194259790256552
f =  130.59992577553712 , pars =  [ 2.10531719  0.297405    0.16157805 -0.98895796  3.51165063]
- current state of moments (data, sim):
cshare 0.6808892149667144 0.6602042686845737
mshare 0.14422500000000002 0.13143969289985827
trans_fromgood 0.9615996486441867 0.9701559996541876
trans_frombad 0.20597666978044457 0.28095545461010757
grad2 1.177712992763826 1.108365893533856
grad3 1.2223556346247508 1.1841291732578685
grad4 1.2760806370630837 1.225746672121605
f =  685.4423312348491 , pars =  [ 2.10531719  0.397405    0.06157805 -0.98895796  3.51165063]
- current state of moments (data, sim):
cshare 0.6808892149667144 0.8341618847971588
mshare 0.14422500000000002 0.3305487389776343
trans_fromgood 0.9615996486441867 0.9701550702467795
trans_frombad 0.20597666978044457 0.10732633091832608
grad2 1.177712992763826 1.1493314472207297
grad3 1.2223556346247508 1.2810743565986382
grad4 1.2760806370630837 1.4544689184293307
f =  175.66482423181657 , pars =  [ 2.10531719  0.397405    0.16157805 -1.08895796  3.51165063]
- current state of moments (data, sim):
cshare 0.6808892149667144 0.6675652638737808
mshare 0.14422500000000002 0.14110593386674042
trans_fromgood 0.9615996486441867 0.9701595675760258
trans_frombad 0.20597666978044457 0.2965169036884838
grad2 1.177712992763826 1.097963358913792
grad3 1.2223556346247508 1.165663978347157
grad4 1.2760806370630837 1.205571626761853
f =  195.42564159241863 , pars =  [ 2.10531719  0.397405    0.16157805 -0.98895796  3.41165063]
- current state of moments (data, sim):
cshare 0.6808892149667144 0.6738312076509304
mshare 0.14422500000000002 0.14856645669364518
trans_fromgood 0.9615996486441867 0.9670283058875864
trans_frombad 0.20597666978044457 0.3156280417223536
grad2 1.177712992763826 1.0983752533275883
grad3 1.2223556346247508 1.166145723256317
grad4 1.2760806370630837 1.2058960587699696
f =  44.144711548842665 , pars =  [ 2.08830999  0.206341    0.14963633 -1.01589975  3.48820624]
- current state of moments (data, sim):
cshare 0.6808892149667144 0.66678121657725
mshare 0.14422500000000002 0.13754996274427392
trans_fromgood 0.9615996486441867 0.9694480006129331
trans_frombad 0.20597666978044457 0.22548227104109703
grad2 1.177712992763826 1.131982626201477
grad3 1.2223556346247508 1.2351929121122456
grad4 1.2760806370630837 1.3003507455496903
f =  393.5102803964728 , pars =  [ 2.10144862  0.11154388  0.1503167  -0.99684815  3.51005698]
- current state of moments (data, sim):
cshare 0.6808892149667144 0.6574618209947803
mshare 0.14422500000000002 0.12577398056841974
trans_fromgood 0.9615996486441867 0.9701047910907354
trans_frombad 0.20597666978044457 0.12856243838503292
grad2 1.177712992763826 1.1765139028728224
grad3 1.2223556346247508 1.3524133054605763
grad4 1.2760806370630837 1.5262804631786158
f =  435.49126164785883 , pars =  [ 2.06596686  0.12539023  0.13851366 -1.05785735  3.45559331]
- current state of moments (data, sim):
cshare 0.6808892149667144 0.6732022782414534
mshare 0.14422500000000002 0.14151528648905368
trans_fromgood 0.9615996486441867 0.9684314317584809
trans_frombad 0.20597666978044457 0.1265646857270848
grad2 1.177712992763826 1.1857025768253298
grad3 1.2223556346247508 1.3602635386443005
grad4 1.2760806370630837 1.5520820898394583
f =  99.62150949619308 , pars =  [ 2.02513304  0.21128547  0.13364761 -0.98228307  3.42039396]
- current state of moments (data, sim):
cshare 0.6808892149667144 0.6950201787010069
mshare 0.14422500000000002 0.1654850822481115
trans_fromgood 0.9615996486441867 0.9673038047781766
trans_frombad 0.20597666978044457 0.17370185185926734
grad2 1.177712992763826 1.1543610955346906
grad3 1.2223556346247508 1.2813152662296914
grad4 1.2760806370630837 1.3994517315440487
f =  55.9531394299591 , pars =  [ 2.18724143  0.20699265  0.1394274  -1.01960026  3.47849908]
- current state of moments (data, sim):
cshare 0.6808892149667144 0.6711726291981566
mshare 0.14422500000000002 0.14867532857537574
trans_fromgood 0.9615996486441867 0.9691506136693205
trans_frombad 0.20597666978044457 0.19737087425038355
grad2 1.177712992763826 1.1484299192705785
grad3 1.2223556346247508 1.2637055368803018
grad4 1.2760806370630837 1.349238072389662
f =  65.93329032992257 , pars =  [ 2.03911342  0.21057031  0.14051176 -1.0395533   3.57138714]
- current state of moments (data, sim):
cshare 0.6808892149667144 0.6701800903030347
mshare 0.14422500000000002 0.13810981426288693
trans_fromgood 0.9615996486441867 0.9718831792135768
trans_frombad 0.20597666978044457 0.1906231977599515
grad2 1.177712992763826 1.1288246012607723
grad3 1.2223556346247508 1.2346078662780244
grad4 1.2760806370630837 1.3169405821186535
f =  1668.587346825641 , pars =  [ 2.09292126  0.2224172   0.05190147 -1.00578313  3.49632065]
- current state of moments (data, sim):
cshare 0.6808892149667144 0.8304118497994273
mshare 0.14422500000000002 0.3192075501836379
trans_fromgood 0.9615996486441867 0.9696941460477634
trans_frombad 0.20597666978044457 0.07159061569278244
grad2 1.177712992763826 1.2029163227030968
grad3 1.2223556346247508 1.4308256694829236
grad4 1.2760806370630837 1.7731435705620868
f =  216.60274595217817 , pars =  [ 2.07811439  0.21186144  0.23988184 -1.02737563  3.44833612]
- current state of moments (data, sim):
cshare 0.6808892149667144 0.6314674033038151
mshare 0.14422500000000002 0.09718622752735168
trans_fromgood 0.9615996486441867 0.9682057010987535
trans_frombad 0.20597666978044457 0.31508433438638156
grad2 1.177712992763826 1.115263288896364
grad3 1.2223556346247508 1.1860522437548302
grad4 1.2760806370630837 1.2181855783348774
f =  42.17086984314512 , pars =  [ 2.09863113  0.27321725  0.14342492 -1.01375892  3.41487223]
- current state of moments (data, sim):
cshare 0.6808892149667144 0.6849121710346155
mshare 0.14422500000000002 0.15978646702239999
trans_fromgood 0.9615996486441867 0.9671231165388066
trans_frombad 0.20597666978044457 0.24896552325700075
grad2 1.177712992763826 1.138664477146272
grad3 1.2223556346247508 1.237733370565788
grad4 1.2760806370630837 1.2951078312604838
f =  126.2168747059284 , pars =  [ 2.18148923  0.2579464   0.17979268 -1.04691741  3.43676371]
- current state of moments (data, sim):
cshare 0.6808892149667144 0.6539323714493156
mshare 0.14422500000000002 0.12913183360649624
trans_fromgood 0.9615996486441867 0.9678378588308432
trans_frombad 0.20597666978044457 0.2881724098513461
grad2 1.177712992763826 1.1115213427704178
grad3 1.2223556346247508 1.1891168724934418
grad4 1.2760806370630837 1.2330859147768598
f =  80.48117588960098 , pars =  [ 2.05873507  0.2745618   0.16959303 -1.00628167  3.40199523]
- current state of moments (data, sim):
cshare 0.6808892149667144 0.6700682991531872
mshare 0.14422500000000002 0.13957662896925133
trans_fromgood 0.9615996486441867 0.9666971599058257
trans_frombad 0.20597666978044457 0.2768299903595333
grad2 1.177712992763826 1.1215975577332775
grad3 1.2223556346247508 1.2082032350875904
grad4 1.2760806370630837 1.256855704741259
f =  41.387544193177966 , pars =  [ 2.09467909  0.27709704  0.14006254 -1.02381181  3.41850713]
- current state of moments (data, sim):
cshare 0.6808892149667144 0.6886191354014646
mshare 0.14422500000000002 0.16377119969535822
trans_fromgood 0.9615996486441867 0.9672423152217338
trans_frombad 0.20597666978044457 0.24578935741627855
grad2 1.177712992763826 1.1387679661975818
grad3 1.2223556346247508 1.2384187367802457
grad4 1.2760806370630837 1.297483856389212
f =  53.12983952593602 , pars =  [ 2.09062407  0.26467267  0.15443253 -1.02668967  3.43398013]
- current state of moments (data, sim):
cshare 0.6808892149667144 0.6756640147216183
mshare 0.14422500000000002 0.14774370671101072
trans_fromgood 0.9615996486441867 0.9677453703904745
trans_frombad 0.20597666978044457 0.25670766852278765
grad2 1.177712992763826 1.129559173959304
grad3 1.2223556346247508 1.2229905076794647
grad4 1.2760806370630837 1.2762322847543177
f =  36.70045490762002 , pars =  [ 2.09492814  0.2736895   0.13375453 -1.02143215  3.42505487]
- current state of moments (data, sim):
cshare 0.6808892149667144 0.6995216238140486
mshare 0.14422500000000002 0.17573769727523664
trans_fromgood 0.9615996486441867 0.9674561021278429
trans_frombad 0.20597666978044457 0.21162537357447217
grad2 1.177712992763826 1.1357336132893874
grad3 1.2223556346247508 1.2338551155542672
grad4 1.2760806370630837 1.3180208386870051
f =  36.48914873517802 , pars =  [ 2.09249761  0.2824474   0.1332719  -1.01783083  3.42710162]
- current state of moments (data, sim):
cshare 0.6808892149667144 0.6996746339777238
mshare 0.14422500000000002 0.17591466026785257
trans_fromgood 0.9615996486441867 0.9675226396372015
trans_frombad 0.20597666978044457 0.21279184959884304
grad2 1.177712992763826 1.1349441225131245
grad3 1.2223556346247508 1.2320269114706817
grad4 1.2760806370630837 1.3148550456472954
f =  40.95258204278918 , pars =  [ 2.09511288  0.285811    0.12496346 -1.01810377  3.42353204]
- current state of moments (data, sim):
cshare 0.6808892149667144 0.6985214685196316
mshare 0.14422500000000002 0.1749852443348289
trans_fromgood 0.9615996486441867 0.9674063696173488
trans_frombad 0.20597666978044457 0.2168726621547886
grad2 1.177712992763826 1.1387725902885069
grad3 1.2223556346247508 1.2491119472443404
grad4 1.2760806370630837 1.3267345197204217
f =  36.49903619089577 , pars =  [ 2.0829483   0.28170784  0.13408222 -1.0169677   3.42448203]
- current state of moments (data, sim):
cshare 0.6808892149667144 0.6998712333518362
mshare 0.14422500000000002 0.17536654639632326
trans_fromgood 0.9615996486441867 0.9674373942146703
trans_frombad 0.20597666978044457 0.21257219250983794
grad2 1.177712992763826 1.135702421886334
grad3 1.2223556346247508 1.23353065159158
grad4 1.2760806370630837 1.3170785410419605
f =  33.842839923791466 , pars =  [ 2.10103372  0.2821081   0.13665206 -1.02104717  3.42939275]
- current state of moments (data, sim):
cshare 0.6808892149667144 0.6953798267272775
mshare 0.14422500000000002 0.1717634988794594
trans_fromgood 0.9615996486441867 0.9675970471123541
trans_frombad 0.20597666978044457 0.21592294919325938
grad2 1.177712992763826 1.134015160325214
grad3 1.2223556346247508 1.2298010916993773
grad4 1.2760806370630837 1.3107963703076815
f =  36.78705737288221 , pars =  [ 2.107812    0.28118646  0.13394852 -1.02544718  3.4345441 ]
- current state of moments (data, sim):
cshare 0.6808892149667144 0.6985221464669795
mshare 0.14422500000000002 0.17507384276902171
trans_fromgood 0.9615996486441867 0.967763519035161
trans_frombad 0.20597666978044457 0.21291299826767596
grad2 1.177712992763826 1.134311818023113
grad3 1.2223556346247508 1.2309147955945452
grad4 1.2760806370630837 1.3133447287087727
f =  44.31202763046037 , pars =  [ 2.10155396  0.28339193  0.1389645  -1.01596585  3.43757285]
- current state of moments (data, sim):
cshare 0.6808892149667144 0.6866835732457287
mshare 0.14422500000000002 0.16200206030698172
trans_fromgood 0.9615996486441867 0.967860997254541
trans_frombad 0.20597666978044457 0.24684432385877553
grad2 1.177712992763826 1.1365180366629801
grad3 1.2223556346247508 1.2338996111453049
grad4 1.2760806370630837 1.2909392000191966
f =  37.768711378253826 , pars =  [ 2.10811526  0.28404958  0.13309785 -1.0209558   3.42360986]
- current state of moments (data, sim):
cshare 0.6808892149667144 0.7012135356550971
mshare 0.14422500000000002 0.17784346633075798
trans_fromgood 0.9615996486441867 0.9674090380237681
trans_frombad 0.20597666978044457 0.21210237393213263
grad2 1.177712992763826 1.1362581744620412
grad3 1.2223556346247508 1.2343134420355117
grad4 1.2760806370630837 1.318168508955636
f =  43.92852511479991 , pars =  [ 2.09613068  0.2762315   0.14161336 -1.02360465  3.43259751]
- current state of moments (data, sim):
cshare 0.6808892149667144 0.6851369378972109
mshare 0.14422500000000002 0.15987968312699885
trans_fromgood 0.9615996486441867 0.9677006934033039
trans_frombad 0.20597666978044457 0.24790347806403953
grad2 1.177712992763826 1.136825727012993
grad3 1.2223556346247508 1.2344687886713746
grad4 1.2760806370630837 1.2913701146600887
f =  46.938210648895215 , pars =  [ 2.10090397  0.29120215  0.13792549 -1.02496042  3.42998114]
- current state of moments (data, sim):
cshare 0.6808892149667144 0.6898817277310696
mshare 0.14422500000000002 0.16557803715518682
trans_fromgood 0.9615996486441867 0.9676160978646005
trans_frombad 0.20597666978044457 0.24946980073968453
grad2 1.177712992763826 1.132827778867453
grad3 1.2223556346247508 1.2297464503378053
grad4 1.2760806370630837 1.2865799049125453
f =  41.431928567368686 , pars =  [ 2.10402682  0.27888435  0.13755636 -1.01916097  3.42826435]
- current state of moments (data, sim):
cshare 0.6808892149667144 0.6894242355874907
mshare 0.14422500000000002 0.1651316343901474
trans_fromgood 0.9615996486441867 0.9675604078592557
trans_frombad 0.20597666978044457 0.24354477492854823
grad2 1.177712992763826 1.1378687597143768
grad3 1.2223556346247508 1.237008432928274
grad4 1.2760806370630837 1.2963033190080315
f =  41.417482989633726 , pars =  [ 2.10104581  0.28217402  0.13542824 -1.02125619  3.42926396]
- current state of moments (data, sim):
cshare 0.6808892149667144 0.6913933981751006
mshare 0.14422500000000002 0.1675599932934746
trans_fromgood 0.9615996486441867 0.9675927920283044
trans_frombad 0.20597666978044457 0.2423177653912313
grad2 1.177712992763826 1.138183864883854
grad3 1.2223556346247508 1.2372176648763773
grad4 1.2760806370630837 1.2962594787815487
f =  46.76727576908325 , pars =  [ 2.10168241  0.2830808   0.13883132 -1.02087844  3.42906814]
- current state of moments (data, sim):
cshare 0.6808892149667144 0.6880944625611585
mshare 0.14422500000000002 0.1636364320235981
trans_fromgood 0.9615996486441867 0.9675864797148562
trans_frombad 0.20597666978044457 0.25085465877051943
grad2 1.177712992763826 1.1379779400328416
grad3 1.2223556346247508 1.2360833224718146
grad4 1.2760806370630837 1.290976571932639
f =  41.76035047975328 , pars =  [ 2.10081179  0.2818461   0.1367847  -1.02156276  3.42861901]
- current state of moments (data, sim):
cshare 0.6808892149667144 0.6908207150308333
mshare 0.14422500000000002 0.16636149775272782
trans_fromgood 0.9615996486441867 0.9675718872784278
trans_frombad 0.20597666978044457 0.24354699139827624
grad2 1.177712992763826 1.1381599553065695
grad3 1.2223556346247508 1.2368830408476557
grad4 1.2760806370630837 1.2952395366514933
f =  42.403565507728345 , pars =  [ 2.10058456  0.28201112  0.13677039 -1.02043476  3.43002505]
- current state of moments (data, sim):
cshare 0.6808892149667144 0.6907072648756677
mshare 0.14422500000000002 0.1662597747701455
trans_fromgood 0.9615996486441867 0.9676174572558328
trans_frombad 0.20597666978044457 0.2439009530988917
grad2 1.177712992763826 1.13836681616871
grad3 1.2223556346247508 1.2374400724455863
grad4 1.2760806370630837 1.2963407583015258
f =  42.20237182682431 , pars =  [ 2.10140448  0.28183737  0.13655845 -1.0217126   3.42997386]
- current state of moments (data, sim):
cshare 0.6808892149667144 0.6907405266841959
mshare 0.14422500000000002 0.16650155197456554
trans_fromgood 0.9615996486441867 0.9676157880691013
trans_frombad 0.20597666978044457 0.24386166019578875
grad2 1.177712992763826 1.1378505322753905
grad3 1.2223556346247508 1.236452059192678
grad4 1.2760806370630837 1.2945540224492562
f =  42.86557195630357 , pars =  [ 2.10168642  0.28265632  0.13649716 -1.02055823  3.42929085]
- current state of moments (data, sim):
cshare 0.6808892149667144 0.6906163092041212
mshare 0.14422500000000002 0.16647325729882842
trans_fromgood 0.9615996486441867 0.9675936630055008
trans_frombad 0.20597666978044457 0.24467295405398032
grad2 1.177712992763826 1.1379447449578146
grad3 1.2223556346247508 1.2367664108291112
grad4 1.2760806370630837 1.295571733575828
f =  43.66983714378179 , pars =  [ 2.10161686  0.28246355  0.13650482 -1.02147983  3.4288229 ]
- current state of moments (data, sim):
cshare 0.6808892149667144 0.6903411616558941
mshare 0.14422500000000002 0.16624945809764516
trans_fromgood 0.9615996486441867 0.9675784960898739
trans_frombad 0.20597666978044457 0.24610277073243703
grad2 1.177712992763826 1.1361787211120349
grad3 1.2223556346247508 1.2336515788492406
grad4 1.2760806370630837 1.2920639923073116
f =  42.87936772402341 , pars =  [ 2.10036987  0.28251383  0.13703836 -1.02142864  3.42970886]
- current state of moments (data, sim):
cshare 0.6808892149667144 0.6905669481073716
mshare 0.14422500000000002 0.16600807878045595
trans_fromgood 0.9615996486441867 0.9676072125114531
trans_frombad 0.20597666978044457 0.24479615941138144
grad2 1.177712992763826 1.1379696885204331
grad3 1.2223556346247508 1.2366550812275712
grad4 1.2760806370630837 1.2952009727825775
f =  43.07248510486177 , pars =  [ 2.10063172  0.2813937   0.13714758 -1.02125462  3.42959137]
- current state of moments (data, sim):
cshare 0.6808892149667144 0.690295619600999
mshare 0.14422500000000002 0.16578907932793174
trans_fromgood 0.9615996486441867 0.9676034139084456
trans_frombad 0.20597666978044457 0.24520863517083963
grad2 1.177712992763826 1.1378292614718037
grad3 1.2223556346247508 1.2364128745115808
grad4 1.2760806370630837 1.2948412713088673
f =  34.050233904437725 , pars =  [ 2.1013802   0.28146578  0.13656883 -1.02055367  3.42892701]
- current state of moments (data, sim):
cshare 0.6808892149667144 0.6957682893585807
mshare 0.14422500000000002 0.17202508760177798
trans_fromgood 0.9615996486441867 0.9675819301229486
trans_frombad 0.20597666978044457 0.21607235916509368
grad2 1.177712992763826 1.134130834845026
grad3 1.2223556346247508 1.2300421857781403
grad4 1.2760806370630837 1.3111304743706864
f =  43.04939457488731 , pars =  [ 2.10135704  0.2823352   0.13756177 -1.0209438   3.42931769]
- current state of moments (data, sim):
cshare 0.6808892149667144 0.6898874965693997
mshare 0.14422500000000002 0.1653785889194295
trans_fromgood 0.9615996486441867 0.9675945508059718
trans_frombad 0.20597666978044457 0.24545190084983418
grad2 1.177712992763826 1.1378471522501816
grad3 1.2223556346247508 1.2364153738636399
grad4 1.2760806370630837 1.29469841583652
f =  42.16573197061474 , pars =  [ 2.10094916  0.28176462  0.13627    -1.02077358  3.42901372]
- current state of moments (data, sim):
cshare 0.6808892149667144 0.6907113948344539
mshare 0.14422500000000002 0.1665963490180939
trans_fromgood 0.9615996486441867 0.967584667934542
trans_frombad 0.20597666978044457 0.2436567057767048
grad2 1.177712992763826 1.1381430722633497
grad3 1.2223556346247508 1.2372109250326444
grad4 1.2760806370630837 1.2965972895406372
f =  42.14371527803575 , pars =  [ 2.10096884  0.28186131  0.13637371 -1.0208437   3.42913583]
- current state of moments (data, sim):
cshare 0.6808892149667144 0.6904708459049937
mshare 0.14422500000000002 0.1664059894861358
trans_fromgood 0.9615996486441867 0.9675886356160345
trans_frombad 0.20597666978044457 0.24377360252920555
grad2 1.177712992763826 1.1379817237921621
grad3 1.2223556346247508 1.2368965332146815
grad4 1.2760806370630837 1.2961822410041235
f =  33.99840742079627 , pars =  [ 2.10100584  0.28202643  0.13669659 -1.02107012  3.42939932]
- current state of moments (data, sim):
cshare 0.6808892149667144 0.6957564875982634
mshare 0.14422500000000002 0.17182775864617936
trans_fromgood 0.9615996486441867 0.9675972403116588
trans_frombad 0.20597666978044457 0.21588866546708801
grad2 1.177712992763826 1.1340581636475442
grad3 1.2223556346247508 1.2298733284348273
grad4 1.2760806370630837 1.3108909844190777
f =  42.95826050420382 , pars =  [ 2.10122725  0.28208545  0.13676309 -1.02098715  3.4294855 ]
- current state of moments (data, sim):
cshare 0.6808892149667144 0.6907600859836791
mshare 0.14422500000000002 0.16630731068466398
trans_fromgood 0.9615996486441867 0.9675999722242933
trans_frombad 0.20597666978044457 0.2447861617225471
grad2 1.177712992763826 1.1380322857948229
grad3 1.2223556346247508 1.236788341732399
grad4 1.2760806370630837 1.2954411219409765
f =  34.052963630038704 , pars =  [ 2.10109266  0.28211128  0.1366442  -1.02110654  3.42933862]
- current state of moments (data, sim):
cshare 0.6808892149667144 0.6958648264525216
mshare 0.14422500000000002 0.17191085132166825
trans_fromgood 0.9615996486441867 0.9675952725247071
trans_frombad 0.20597666978044457 0.21585810944524242
grad2 1.177712992763826 1.1341024695287802
grad3 1.2223556346247508 1.2299480120122863
grad4 1.2760806370630837 1.3109881975634197
f =  42.897427548517506 , pars =  [ 2.10095605  0.28214737  0.13664237 -1.0210865   3.42936478]
- current state of moments (data, sim):
cshare 0.6808892149667144 0.6909567430720469
mshare 0.14422500000000002 0.16649405583685836
trans_fromgood 0.9615996486441867 0.9675960567028763
trans_frombad 0.20597666978044457 0.24459734899542288
grad2 1.177712992763826 1.1381552668690693
grad3 1.2223556346247508 1.2370213525989802
grad4 1.2760806370630837 1.2957822054360182
f =  42.11631379864834 , pars =  [ 2.10105933  0.28215339  0.13665749 -1.02097972  3.42934065]
- current state of moments (data, sim):
cshare 0.6808892149667144 0.6906617925788584
mshare 0.14422500000000002 0.16638350624797035
trans_fromgood 0.9615996486441867 0.967595274498672
trans_frombad 0.20597666978044457 0.24394791161092721
grad2 1.177712992763826 1.1379076834190953
grad3 1.2223556346247508 1.236512308753065
grad4 1.2760806370630837 1.2945620582395714
f =  42.843067945553344 , pars =  [ 2.10105503  0.28207622  0.13657994 -1.02106545  3.42944748]
- current state of moments (data, sim):
cshare 0.6808892149667144 0.6905962268161887
mshare 0.14422500000000002 0.16637403485536056
trans_fromgood 0.9615996486441867 0.9675987384265278
trans_frombad 0.20597666978044457 0.24463709906556996
grad2 1.177712992763826 1.1379516523860416
grad3 1.2223556346247508 1.2367838303267797
grad4 1.2760806370630837 1.2955874427052851
f =  42.71715004026934 , pars =  [ 2.10098541  0.28210351  0.13666042 -1.0209842   3.42945284]
- current state of moments (data, sim):
cshare 0.6808892149667144 0.690511074484404
mshare 0.14422500000000002 0.16627949720975949
trans_fromgood 0.9615996486441867 0.9675989089975547
trans_frombad 0.20597666978044457 0.24453084746990172
grad2 1.177712992763826 1.1379356393340798
grad3 1.2223556346247508 1.2367595309654336
grad4 1.2760806370630837 1.2955549205851182
f =  34.5600831497779 , pars =  [ 2.10104946  0.2821454   0.13672125 -1.02109424  3.4294296 ]
- current state of moments (data, sim):
cshare 0.6808892149667144 0.6962649651417171
mshare 0.14422500000000002 0.1724528539505639
trans_fromgood 0.9615996486441867 0.9675982116298173
trans_frombad 0.20597666978044457 0.2152856684210564
grad2 1.177712992763826 1.134618177757924
grad3 1.2223556346247508 1.231027604816665
grad4 1.2760806370630837 1.3127025960403045
f =  42.17913254622023 , pars =  [ 2.1011062   0.28206347  0.13662538 -1.02100679  3.42937243]
- current state of moments (data, sim):
cshare 0.6808892149667144 0.6907788062103046
mshare 0.14422500000000002 0.1664813099386774
trans_fromgood 0.9615996486441867 0.9675963038608584
trans_frombad 0.20597666978044457 0.24394045485878613
grad2 1.177712992763826 1.1379597707649514
grad3 1.2223556346247508 1.2366275483590619
grad4 1.2760806370630837 1.294724593837194
f =  34.01318684843728 , pars =  [ 2.10100686  0.28204996  0.13664701 -1.02105505  3.42931652]
- current state of moments (data, sim):
cshare 0.6808892149667144 0.6958826065472021
mshare 0.14422500000000002 0.1720322435882495
trans_fromgood 0.9615996486441867 0.9675945581173505
trans_frombad 0.20597666978044457 0.21567416021141564
grad2 1.177712992763826 1.134072192195275
grad3 1.2223556346247508 1.2298648666785443
grad4 1.2760806370630837 1.3108519331093127
f =  34.39224761946699 , pars =  [ 2.10110669  0.28210369  0.13669908 -1.02102313  3.42943596]
- current state of moments (data, sim):
cshare 0.6808892149667144 0.6964468945051792
mshare 0.14422500000000002 0.17248849056043797
trans_fromgood 0.9615996486441867 0.9675984190565111
trans_frombad 0.20597666978044457 0.21462009633889914
grad2 1.177712992763826 1.1344707507951033
grad3 1.2223556346247508 1.2306473159232916
grad4 1.2760806370630837 1.3121762540269877
f =  42.8488679969734 , pars =  [ 2.10108712  0.28208578  0.13672767 -1.02107628  3.42940201]
- current state of moments (data, sim):
cshare 0.6808892149667144 0.6905002542288599
mshare 0.14422500000000002 0.16621656408319402
trans_fromgood 0.9615996486441867 0.9675972641973302
trans_frombad 0.20597666978044457 0.2447239989026353
grad2 1.177712992763826 1.1379334523370535
grad3 1.2223556346247508 1.236750423988985
grad4 1.2760806370630837 1.2955061812721032
          $\sigma$    $\phi$ $\alpha_0$
estimate  2.101034  0.282108   0.136652
se          0.1094  0.016309    0.01231
             value   free        se
name                               
sigma     2.101034   True  0.109400
beta      0.970000  False       NaN
phi       0.282108   True  0.016309
psi       0.136652   True  0.012310
delta_h1 -1.021047   True  0.115155
delta_h2  3.430393   True  0.045294
eta       0.000000  False       NaN
tfp       1.000000  False       NaN
price     1.000000  False       NaN
risk      0.000000  False       NaN
