cshare            0.680889
mshare            0.144225
trans_fromgood    0.961600
trans_frombad     0.205977
grad2             1.177713
grad3             1.222356
grad4             1.276081
Name: US, dtype: float64
cshare            0.009079
mshare            0.016178
trans_fromgood    0.001506
trans_frombad     0.009638
grad2             0.016617
grad3             0.016421
grad4             0.016628
Name: US, dtype: float64
                    mean        sd
cshare          0.680889  0.009079
mshare          0.144225  0.016178
trans_fromgood  0.961600  0.001506
trans_frombad   0.205977  0.009638
grad2           1.177713  0.016617
grad3           1.222356  0.016421
grad4           1.276081  0.016628
current parameter status : 
sigma 2.0 True
beta 0.92 False
phi 0.2 True
psi 0.3 True
delta_h1 -0.5 True
delta_h2 2 True
eta 0.0 False
tfp 1 False
price 1 False
risk 0.0 False
-- 
number of parameters:  10
number of free parameters:  5
current parameter status : 
sigma 2.0 True
beta 0.92 False
phi 0.2 True
psi 0.3 True
delta_h1 -0.5 True
delta_h2 2 True
eta 0.0 False
tfp 1 False
price 1 False
risk 0.0 False
- using these moments:
cshare 0.6808892149667144 0.009079433465468566
mshare 0.14422500000000002 0.01617846342973795
trans_fromgood 0.9615996486441867 0.0015062553539724164
trans_frombad 0.20597666978044457 0.009638163363181533
grad2 1.177712992763826 0.016617346336167793
grad3 1.2223556346247508 0.016421047162417955
grad4 1.2760806370630837 0.01662760246174447
f =  8395.450933563196 , pars =  [ 2.   0.2  0.3 -0.5  2. ]
- current state of moments (data, sim):
cshare 0.6808892149667144 0.661707888303547
mshare 0.14422500000000002 0.2941504395972289
trans_fromgood 0.9615996486441867 0.8731631510552132
trans_frombad 0.20597666978044457 0.26204136804429523
grad2 1.177712992763826 1.4426048942576335
grad3 1.2223556346247508 1.8616185442826563
grad4 1.2760806370630837 2.1950424653916656
f =  7533.174829813954 , pars =  [ 2.1  0.2  0.3 -0.5  2. ]
- current state of moments (data, sim):
cshare 0.6808892149667144 0.6557184796871101
mshare 0.14422500000000002 0.30906857332509846
trans_fromgood 0.9615996486441867 0.8754738611558964
trans_frombad 0.20597666978044457 0.27549290263542164
grad2 1.177712992763826 1.4323319129149605
grad3 1.2223556346247508 1.8187557617819887
grad4 1.2760806370630837 2.1151364618716033
f =  4561.10115150288 , pars =  [ 2.   0.3  0.3 -0.5  2. ]
- current state of moments (data, sim):
cshare 0.6808892149667144 0.6558158789586622
mshare 0.14422500000000002 0.3572481463561699
trans_fromgood 0.9615996486441867 0.8786519631602793
trans_frombad 0.20597666978044457 0.3485620038955052
grad2 1.177712992763826 1.2973859714175708
grad3 1.2223556346247508 1.5381448899468355
grad4 1.2760806370630837 1.718195270871461
f =  5987.990758670614 , pars =  [ 2.   0.2  0.4 -0.5  2. ]
- current state of moments (data, sim):
cshare 0.6808892149667144 0.6653638344289335
mshare 0.14422500000000002 0.25891708869683666
trans_fromgood 0.9615996486441867 0.8773651168443108
trans_frombad 0.20597666978044457 0.32887563644945944
grad2 1.177712992763826 1.4140883112138265
grad3 1.2223556346247508 1.727037028291737
grad4 1.2760806370630837 1.9196161936183433
f =  7394.257310113495 , pars =  [ 2.   0.2  0.3 -0.4  2. ]
- current state of moments (data, sim):
cshare 0.6808892149667144 0.6630633845332407
mshare 0.14422500000000002 0.28090769365529544
trans_fromgood 0.9615996486441867 0.8728959421923423
trans_frombad 0.20597666978044457 0.2778753544752334
grad2 1.177712992763826 1.4242119540295215
grad3 1.2223556346247508 1.79351401256885
grad4 1.2760806370630837 2.0847846889836372
f =  6436.645208740807 , pars =  [ 2.   0.2  0.3 -0.5  2.1]
- current state of moments (data, sim):
cshare 0.6808892149667144 0.6647544814767609
mshare 0.14422500000000002 0.2699504221427957
trans_fromgood 0.9615996486441867 0.8836943971698509
trans_frombad 0.20597666978044457 0.2606805661047395
grad2 1.177712992763826 1.41173708262419
grad3 1.2223556346247508 1.7788834268984246
grad4 1.2760806370630837 2.0767756630417558
f =  8757.251818770535 , pars =  [ 1.9  0.2  0.3 -0.5  2. ]
- current state of moments (data, sim):
cshare 0.6808892149667144 0.6687218020336186
mshare 0.14422500000000002 0.28060187071698
trans_fromgood 0.9615996486441867 0.871029850598506
trans_frombad 0.20597666978044457 0.25796771040767086
grad2 1.177712992763826 1.4427723112519044
grad3 1.2223556346247508 1.8739460820193694
grad4 1.2760806370630837 2.218272439016637
f =  33892.406883594216 , pars =  [ 2.   0.1  0.3 -0.5  2. ]
- current state of moments (data, sim):
cshare 0.6808892149667144 0.6724786722660724
mshare 0.14422500000000002 0.19750564244182858
trans_fromgood 0.9615996486441867 0.8673077838007437
trans_frombad 0.20597666978044457 0.14325577963254726
grad2 1.177712992763826 1.6895094244026096
grad3 1.2223556346247508 2.5472676537212045
grad4 1.2760806370630837 3.7680654981165316
f =  17552.577297516364 , pars =  [ 2.   0.2  0.2 -0.5  2. ]
- current state of moments (data, sim):
cshare 0.6808892149667144 0.6576436439012177
mshare 0.14422500000000002 0.33852832466030314
trans_fromgood 0.9615996486441867 0.8688601825518957
trans_frombad 0.20597666978044457 0.17900689876766904
grad2 1.177712992763826 1.5292234768490114
grad3 1.2223556346247508 2.1587123982458083
grad4 1.2760806370630837 2.930857453227237
f =  9945.630190358657 , pars =  [ 2.   0.2  0.3 -0.6  2. ]
- current state of moments (data, sim):
cshare 0.6808892149667144 0.6616555969188384
mshare 0.14422500000000002 0.2988555661076677
trans_fromgood 0.9615996486441867 0.8737225654100769
trans_frombad 0.20597666978044457 0.23264924952838634
grad2 1.177712992763826 1.4552057910227048
grad3 1.2223556346247508 1.9241768003802813
grad4 1.2760806370630837 2.370591485601177
f =  11676.151497992032 , pars =  [ 2.   0.2  0.3 -0.5  1.9]
- current state of moments (data, sim):
cshare 0.6808892149667144 0.6593713477756146
mshare 0.14422500000000002 0.31439140853662706
trans_fromgood 0.9615996486441867 0.8621357835062968
trans_frombad 0.20597666978044457 0.25239986199289466
grad2 1.177712992763826 1.484784262651196
grad3 1.2223556346247508 1.9877497315116541
grad4 1.2760806370630837 2.411420580063602
f =  3830.6866715688852 , pars =  [ 2.01862221  0.27259087  0.36421726 -0.46685128  2.06065689]
- current state of moments (data, sim):
cshare 0.6808892149667144 0.6601866323260287
mshare 0.14422500000000002 0.2974685638848106
trans_fromgood 0.9615996486441867 0.8864319642352665
trans_frombad 0.20597666978044457 0.3789267172993482
grad2 1.177712992763826 1.3094091465802207
grad3 1.2223556346247508 1.52519449496635
grad4 1.2760806370630837 1.6554202277540455
f =  4703.479114161689 , pars =  [ 1.94273486  0.26196176  0.36073245 -0.51767099  2.02149896]
- current state of moments (data, sim):
cshare 0.6808892149667144 0.6644488892954066
mshare 0.14422500000000002 0.2951680473879955
trans_fromgood 0.9615996486441867 0.8805158092973668
trans_frombad 0.20597666978044457 0.35011331166003273
grad2 1.177712992763826 1.3402562766790085
grad3 1.2223556346247508 1.5988526812924508
grad4 1.2760806370630837 1.7666173823425257
f =  4340.538536219315 , pars =  [ 2.05582496  0.25795819  0.34880958 -0.47247127  2.0355002 ]
- current state of moments (data, sim):
cshare 0.6808892149667144 0.6572308894780848
mshare 0.14422500000000002 0.3073235087035519
trans_fromgood 0.9615996486441867 0.8836176050332923
trans_frombad 0.20597666978044457 0.35399648588967225
grad2 1.177712992763826 1.330330702122957
grad3 1.2223556346247508 1.5754384543622124
grad4 1.2760806370630837 1.7372462060363834
f =  3692.8162725579714 , pars =  [ 2.02215162  0.27542192  0.3681595  -0.47065213  2.07094235]
- current state of moments (data, sim):
cshare 0.6808892149667144 0.6599790530166465
mshare 0.14422500000000002 0.29659851100753404
trans_fromgood 0.9615996486441867 0.8878782087426687
trans_frombad 0.20597666978044457 0.3804431467177818
grad2 1.177712992763826 1.3054215881470908
grad3 1.2223556346247508 1.5176550604232428
grad4 1.2760806370630837 1.6453556745286033
f =  3731.2320291828128 , pars =  [ 2.01509748  0.26368247  0.36183086 -0.48041857  2.0883202 ]
- current state of moments (data, sim):
cshare 0.6808892149667144 0.6616800520394058
mshare 0.14422500000000002 0.2871847286557084
trans_fromgood 0.9615996486441867 0.8885011373736903
trans_frombad 0.20597666978044457 0.37519907187780377
grad2 1.177712992763826 1.322585708460255
grad3 1.2223556346247508 1.536851618831932
grad4 1.2760806370630837 1.6633445591869491
f =  3663.7610248830733 , pars =  [ 2.01545219  0.28121685  0.37226076 -0.47207235  2.06929951]
- current state of moments (data, sim):
cshare 0.6808892149667144 0.6603138728239404
mshare 0.14422500000000002 0.2982165327761733
trans_fromgood 0.9615996486441867 0.888256795124199
trans_frombad 0.20597666978044457 0.3820111734267819
grad2 1.177712992763826 1.304541609336232
grad3 1.2223556346247508 1.5154992675034762
grad4 1.2760806370630837 1.6428610558225445
f =  3575.6691741946292 , pars =  [ 2.01827398  0.27990908  0.38043184 -0.47629483  2.07169355]
- current state of moments (data, sim):
cshare 0.6808892149667144 0.6605095766622869
mshare 0.14422500000000002 0.2950953535761368
trans_fromgood 0.9615996486441867 0.8890290378366366
trans_frombad 0.20597666978044457 0.38690095044345196
grad2 1.177712992763826 1.3014963485214106
grad3 1.2223556346247508 1.5071544358667994
grad4 1.2760806370630837 1.6302696985420413
f =  3517.3292795108027 , pars =  [ 2.0235464   0.28059974  0.38693022 -0.48039399  2.07525621]
- current state of moments (data, sim):
cshare 0.6808892149667144 0.6601783207776679
mshare 0.14422500000000002 0.29386061338577135
trans_fromgood 0.9615996486441867 0.8898649051535572
trans_frombad 0.20597666978044457 0.38691568333010723
grad2 1.177712992763826 1.3012921799631474
grad3 1.2223556346247508 1.5063803782020702
grad4 1.2760806370630837 1.629423915989274
f =  3511.0391678370124 , pars =  [ 2.02312959  0.27798366  0.3955806  -0.4764379   2.07683821]
- current state of moments (data, sim):
cshare 0.6808892149667144 0.6609181099790762
mshare 0.14422500000000002 0.2896190638607252
trans_fromgood 0.9615996486441867 0.890427172365781
trans_frombad 0.20597666978044457 0.38425524820527135
grad2 1.177712992763826 1.3058888473130548
grad3 1.2223556346247508 1.513786920785029
grad4 1.2760806370630837 1.6389063819195246
f =  3512.7686542621227 , pars =  [ 2.02553279  0.28487775  0.39922297 -0.47355124  2.07182857]
- current state of moments (data, sim):
cshare 0.6808892149667144 0.6597119804590845
mshare 0.14422500000000002 0.2928032304194474
trans_fromgood 0.9615996486441867 0.8905220263776041
trans_frombad 0.20597666978044457 0.38555385955452043
grad2 1.177712992763826 1.3052189813935136
grad3 1.2223556346247508 1.5132671425947846
grad4 1.2760806370630837 1.6389972439911529
f =  3539.403793885649 , pars =  [ 2.02532733  0.27699794  0.40105698 -0.48126985  2.07044604]
- current state of moments (data, sim):
cshare 0.6808892149667144 0.6606504173213545
mshare 0.14422500000000002 0.28937872171166834
trans_fromgood 0.9615996486441867 0.8899988418076369
trans_frombad 0.20597666978044457 0.3858475357435923
grad2 1.177712992763826 1.304974807896458
grad3 1.2223556346247508 1.512832498822626
grad4 1.2760806370630837 1.638262933069937
f =  3437.150446988833 , pars =  [ 2.02642942  0.28361516  0.39307839 -0.47249387  2.08280318]
- current state of moments (data, sim):
cshare 0.6808892149667144 0.6604653630012706
mshare 0.14422500000000002 0.2914254170172633
trans_fromgood 0.9615996486441867 0.8911010881895511
trans_frombad 0.20597666978044457 0.3860447880295366
grad2 1.177712992763826 1.3019556584110852
grad3 1.2223556346247508 1.5069588062824648
grad4 1.2760806370630837 1.6301245904711745
f =  3337.769592499887 , pars =  [ 2.03070771  0.28648584  0.39376842 -0.4713257   2.09126573]
- current state of moments (data, sim):
cshare 0.6808892149667144 0.6602672145737634
mshare 0.14422500000000002 0.2908886231248724
trans_fromgood 0.9615996486441867 0.8921348878755908
trans_frombad 0.20597666978044457 0.3868224122354449
grad2 1.177712992763826 1.298418272244602
grad3 1.2223556346247508 1.500262198652585
grad4 1.2760806370630837 1.6218217158317194
f =  2939.116955679456 , pars =  [ 2.03549772  0.29319596  0.39226436 -0.4655874   2.10849477]
- current state of moments (data, sim):
cshare 0.6808892149667144 0.6597097401340909
mshare 0.14422500000000002 0.29284368786721005
trans_fromgood 0.9615996486441867 0.8939647179709972
trans_frombad 0.20597666978044457 0.4016646338885452
grad2 1.177712992763826 1.2536347818504376
grad3 1.2223556346247508 1.4238814088803329
grad4 1.2760806370630837 1.538628617527948
f =  2769.7398722531434 , pars =  [ 2.03494068  0.30325282  0.38326959 -0.4479492   2.14175942]
- current state of moments (data, sim):
cshare 0.6808892149667144 0.6598943223102145
mshare 0.14422500000000002 0.2918641390901273
trans_fromgood 0.9615996486441867 0.8965102892512561
trans_frombad 0.20597666978044457 0.42097173924165676
grad2 1.177712992763826 1.249420155268059
grad3 1.2223556346247508 1.402491159302551
grad4 1.2760806370630837 1.4974427954013876
f =  2583.032827699294 , pars =  [ 2.06516863  0.31751615  0.39253318 -0.45718341  2.15941568]
- current state of moments (data, sim):
cshare 0.6808892149667144 0.6577509070109345
mshare 0.14422500000000002 0.29667282716636706
trans_fromgood 0.9615996486441867 0.8999308787061844
trans_frombad 0.20597666978044457 0.43384853542252155
grad2 1.177712992763826 1.2428548742109649
grad3 1.2223556346247508 1.3851441742803317
grad4 1.2760806370630837 1.4720466027354144
f =  2555.390698641437 , pars =  [ 2.05985355  0.31896905  0.39977032 -0.45932376  2.16297682]
- current state of moments (data, sim):
cshare 0.6808892149667144 0.6583906346397607
mshare 0.14422500000000002 0.29324643629825753
trans_fromgood 0.9615996486441867 0.9004021990797385
trans_frombad 0.20597666978044457 0.4338638870735919
grad2 1.177712992763826 1.243551615891034
grad3 1.2223556346247508 1.3859172207211132
grad4 1.2760806370630837 1.472639126560176
f =  2527.2269723805584 , pars =  [ 2.06739641  0.31475262  0.41766483 -0.45918702  2.16071965]
- current state of moments (data, sim):
cshare 0.6808892149667144 0.658710892623276
mshare 0.14422500000000002 0.28815033881730484
trans_fromgood 0.9615996486441867 0.9010609537856138
trans_frombad 0.20597666978044457 0.4392243595339776
grad2 1.177712992763826 1.242812598537655
grad3 1.2223556346247508 1.3817820056928365
grad4 1.2760806370630837 1.46675135379291
f =  2538.9183581772995 , pars =  [ 2.0722279   0.32346619  0.41730434 -0.45994496  2.16055828]
- current state of moments (data, sim):
cshare 0.6808892149667144 0.6576763433119605
mshare 0.14422500000000002 0.29336198353016374
trans_fromgood 0.9615996486441867 0.9013629192384065
trans_frombad 0.20597666978044457 0.44194868615680466
grad2 1.177712992763826 1.247110270652518
grad3 1.2223556346247508 1.3847278200176016
grad4 1.2760806370630837 1.468189689404638
f =  2524.670134498808 , pars =  [ 2.0679032   0.31488626  0.42345169 -0.46726419  2.15972123]
- current state of moments (data, sim):
cshare 0.6808892149667144 0.6586011646763054
mshare 0.14422500000000002 0.2873799694983166
trans_fromgood 0.9615996486441867 0.9011606276435195
trans_frombad 0.20597666978044457 0.43968064393154277
grad2 1.177712992763826 1.2430796340166688
grad3 1.2223556346247508 1.3820295324058764
grad4 1.2760806370630837 1.4673529309992732
f =  2478.2752117453233 , pars =  [ 2.06878176  0.31613461  0.42513329 -0.46921684  2.16926214]
- current state of moments (data, sim):
cshare 0.6808892149667144 0.6587757921846293
mshare 0.14422500000000002 0.2855370278200585
trans_fromgood 0.9615996486441867 0.9020561314579967
trans_frombad 0.20597666978044457 0.44347524758039863
grad2 1.177712992763826 1.2418219112781428
grad3 1.2223556346247508 1.3776361557792072
grad4 1.2760806370630837 1.459632092612281
f =  2459.07265698784 , pars =  [ 2.06732415  0.31859772  0.43263382 -0.46535622  2.17380596]
- current state of moments (data, sim):
cshare 0.6808892149667144 0.6587598051874913
mshare 0.14422500000000002 0.28271439628030376
trans_fromgood 0.9615996486441867 0.902583893802718
trans_frombad 0.20597666978044457 0.44393870065219965
grad2 1.177712992763826 1.2456339590316285
grad3 1.2223556346247508 1.3812319257958046
grad4 1.2760806370630837 1.4618785820910438
f =  2403.734107842421 , pars =  [ 2.07522275  0.3198376   0.43386039 -0.46647753  2.1795777 ]
- current state of moments (data, sim):
cshare 0.6808892149667144 0.6586546371971993
mshare 0.14422500000000002 0.2831807797196604
trans_fromgood 0.9615996486441867 0.9034948120318327
trans_frombad 0.20597666978044457 0.4462255609318244
grad2 1.177712992763826 1.2410906190925262
grad3 1.2223556346247508 1.3741638088845363
grad4 1.2760806370630837 1.4540233734246562
f =  2315.0050748066265 , pars =  [ 2.08968936  0.32329794  0.43757106 -0.47101934  2.19159212]
- current state of moments (data, sim):
cshare 0.6808892149667144 0.6576968090634636
mshare 0.14422500000000002 0.2833618909818076
trans_fromgood 0.9615996486441867 0.9050059224229331
trans_frombad 0.20597666978044457 0.4466863797376164
grad2 1.177712992763826 1.2377095309689108
grad3 1.2223556346247508 1.3687524642136308
grad4 1.2760806370630837 1.447738942284865
f =  2116.154884416124 , pars =  [ 2.10608932  0.33131661  0.46384325 -0.47315218  2.21550792]
- current state of moments (data, sim):
cshare 0.6808892149667144 0.6577317632802319
mshare 0.14422500000000002 0.27789701958489843
trans_fromgood 0.9615996486441867 0.9087770761444212
trans_frombad 0.20597666978044457 0.4507368355628368
grad2 1.177712992763826 1.2313062084243311
grad3 1.2223556346247508 1.3569674229778856
grad4 1.2760806370630837 1.4329986976027813
f =  2093.90191214936 , pars =  [ 2.13908764  0.34353575  0.52143617 -0.47732315  2.25825675]
- current state of moments (data, sim):
cshare 0.6808892149667144 0.6563262347134897
mshare 0.14422500000000002 0.2703076120330085
trans_fromgood 0.9615996486441867 0.9153176239260596
trans_frombad 0.20597666978044457 0.5203853033393351
grad2 1.177712992763826 1.1849714923072165
grad3 1.2223556346247508 1.2707076806308
grad4 1.2760806370630837 1.3251896965225247
f =  2077.79746328376 , pars =  [ 2.14880316  0.3513606   0.51741605 -0.46228269  2.25967223]
- current state of moments (data, sim):
cshare 0.6808892149667144 0.6553966696271241
mshare 0.14422500000000002 0.2747385175403915
trans_fromgood 0.9615996486441867 0.9156970184994042
trans_frombad 0.20597666978044457 0.5193440201608356
grad2 1.177712992763826 1.1860782982298737
grad3 1.2223556346247508 1.2723986375303373
grad4 1.2760806370630837 1.3272842673622467
f =  2037.8023315826492 , pars =  [ 2.13766137  0.37692945  0.51137709 -0.47527916  2.28450602]
- current state of moments (data, sim):
cshare 0.6808892149667144 0.6554139590575093
mshare 0.14422500000000002 0.279154286400349
trans_fromgood 0.9615996486441867 0.917742758327634
trans_frombad 0.20597666978044457 0.5261185241879355
grad2 1.177712992763826 1.1761468216251312
grad3 1.2223556346247508 1.2583928461760963
grad4 1.2760806370630837 1.3112368703441353
