current parameter status : 
sigma 1.2725 False
beta 0.95 False
phi 0.4238 False
psi 0.2132 False
delta_h1 -1.2825 True
delta_h2 4.0295 True
eta 0.0 False
tfp 1.011 True
price 0.8363 True
risk 0.0 False
-- 
number of parameters:  10
number of free parameters:  4
current parameter status : 
sigma 1.2725 False
beta 0.95 False
phi 0.4238 False
psi 0.2132 False
delta_h1 -1.2825 True
delta_h2 4.0295 True
eta 0.0 False
tfp 1.011 True
price 0.8363 True
risk 0.0 False
- using these moments:
mshare 0.1022855 0.005095996855117595
trans_fromgood 0.9740903363927633 0.0034909178842755877
trans_frombad 0.32799174996447467 0.04413339666616619
grad2 1.029659320435225 0.03088813415915342
grad3 1.0714406475105778 0.025817211776379433
grad4 1.0863194114344652 0.025538170865338765
tfp 0.8301558557492001 0.02468336609574267
f =  9.757799126691383 , pars =  [-1.282523    4.02953504  1.01102276  0.83630109]
- current state of moments (data, sim):
mshare 0.1022855 0.09839614080396636
trans_fromgood 0.9740903363927633 0.9822174038562445
trans_frombad 0.32799174996447467 0.3687211216183958
grad2 1.029659320435225 1.0258748998620284
grad3 1.0714406475105778 1.0437494086677943
grad4 1.0863194114344652 1.0603306253567928
tfp 0.8301558557492001 0.8094646921167281
f =  22.738980222189397 , pars =  [-1.182523    4.02953504  1.01102276  0.83630109]
- current state of moments (data, sim):
mshare 0.1022855 0.09033087317164694
trans_fromgood 0.9740903363927633 0.9822174038562435
trans_frombad 0.32799174996447467 0.45100633988537414
grad2 1.029659320435225 1.0236980492298624
grad3 1.0714406475105778 1.0394267424549122
grad4 1.0863194114344652 1.0494822670442756
tfp 0.8301558557492001 0.8147178813324569
f =  19.706908574406835 , pars =  [-1.282523    4.12953504  1.01102276  0.83630109]
- current state of moments (data, sim):
mshare 0.1022855 0.08860850797200204
trans_fromgood 0.9740903363927633 0.9839096416193075
trans_frombad 0.32799174996447467 0.37407814018082625
grad2 1.029659320435225 1.0236883821022638
grad3 1.0714406475105778 1.0396308373855234
grad4 1.0863194114344652 1.0540074764820482
tfp 0.8301558557492001 0.8156566257092623
f =  55.90295192991357 , pars =  [-1.282523    4.02953504  1.11102276  0.83630109]
- current state of moments (data, sim):
mshare 0.1022855 0.08249172180574886
trans_fromgood 0.9740903363927633 0.9822174038562439
trans_frombad 0.32799174996447467 0.4824306375548587
grad2 1.029659320435225 1.0214623475849225
grad3 1.0714406475105778 1.0350721101610212
grad4 1.0863194114344652 1.0437985969275876
tfp 0.8301558557492001 0.9358157258006384
f =  10.87437134258076 , pars =  [-1.282523    4.02953504  1.01102276  0.93630109]
- current state of moments (data, sim):
mshare 0.1022855 0.10242946027246638
trans_fromgood 0.9740903363927633 0.9822174038562443
trans_frombad 0.32799174996447467 0.40044336906593025
grad2 1.029659320435225 1.0274130936846304
grad3 1.0714406475105778 1.0449841822521915
grad4 1.0863194114344652 1.0576368459819223
tfp 0.8301558557492001 0.8137482273155712
f =  10.08517112393096 , pars =  [-1.382523    4.02953504  1.01102276  0.83630109]
- current state of moments (data, sim):
mshare 0.1022855 0.10008990341848159
trans_fromgood 0.9740903363927633 0.9822174038562418
trans_frombad 0.32799174996447467 0.38413047112010895
grad2 1.029659320435225 1.0255760329829182
grad3 1.0714406475105778 1.042696276883596
grad4 1.0863194114344652 1.0577702530703168
tfp 0.8301558557492001 0.8154523982466395
f =  7.521516910908733 , pars =  [-1.282523    3.92953504  1.01102276  0.83630109]
- current state of moments (data, sim):
mshare 0.1022855 0.1072893548783117
trans_fromgood 0.9740903363927633 0.9803471918940344
trans_frombad 0.32799174996447467 0.3765513830693031
grad2 1.029659320435225 1.0274859156456002
grad3 1.0714406475105778 1.046497026948059
grad4 1.0863194114344652 1.0641580161822195
tfp 0.8301558557492001 0.8137302005235479
f =  38.71952134271548 , pars =  [-1.282523    4.02953504  0.91102276  0.83630109]
- current state of moments (data, sim):
mshare 0.1022855 0.10497816367763389
trans_fromgood 0.9740903363927633 0.9822174038562418
trans_frombad 0.32799174996447467 0.4129339517276896
grad2 1.029659320435225 1.0226690473900795
grad3 1.0714406475105778 1.0375983669078142
grad4 1.0863194114344652 1.0498845071091114
tfp 0.8301558557492001 0.7054836946428263
f =  29.389120896409068 , pars =  [-1.282523    4.02953504  1.01102276  0.73630109]
- current state of moments (data, sim):
mshare 0.1022855 0.08533831670865363
trans_fromgood 0.9740903363927633 0.982217403856243
trans_frombad 0.32799174996447467 0.4511306811685419
grad2 1.029659320435225 1.0246445576629064
grad3 1.0714406475105778 1.0409321415369384
grad4 1.0863194114344652 1.0510855291412078
tfp 0.8301558557492001 0.7970532727725651
f =  14.37911853458793 , pars =  [-1.33006314  3.95054072  0.99958344  0.88091947]
- current state of moments (data, sim):
mshare 0.1022855 0.11450295597176462
trans_fromgood 0.9740903363927633 0.9807557068019112
trans_frombad 0.32799174996447467 0.3763031814985902
grad2 1.029659320435225 1.027447130538236
grad3 1.0714406475105778 1.0461994680888302
grad4 1.0863194114344652 1.0631365611351038
tfp 0.8301558557492001 0.7952278750537486
f =  13.375458132378602 , pars =  [-1.24632992  3.89677784  1.00396923  0.82809898]
- current state of moments (data, sim):
mshare 0.1022855 0.1022799316505063
trans_fromgood 0.9740903363927633 0.9796927607627374
trans_frombad 0.32799174996447467 0.45285625311214595
grad2 1.029659320435225 1.0273510745015637
grad3 1.0714406475105778 1.0451459926522217
grad4 1.0863194114344652 1.0564558551918273
tfp 0.8301558557492001 0.8148425035232114
f =  7.2019708563038165 , pars =  [-1.27392297  3.93805482  1.01096369  0.83941549]
- current state of moments (data, sim):
mshare 0.1022855 0.10685360130096475
trans_fromgood 0.9740903363927633 0.9805139181101994
trans_frombad 0.32799174996447467 0.3711835452139198
grad2 1.029659320435225 1.0279798614488052
grad3 1.0714406475105778 1.0473319880279197
grad4 1.0863194114344652 1.0653061983021728
tfp 0.8301558557492001 0.8126546207031241
f =  8.032096049860124 , pars =  [-1.28684459  3.95817579  1.00901088  0.83238948]
- current state of moments (data, sim):
mshare 0.1022855 0.1040412688775647
trans_fromgood 0.9740903363927633 0.9809020788670616
trans_frombad 0.32799174996447467 0.385121747380515
grad2 1.029659320435225 1.0274911166978977
grad3 1.0714406475105778 1.0459690755242579
grad4 1.0863194114344652 1.062072477385108
tfp 0.8301558557492001 0.8118425626537189
f =  11.975585997008773 , pars =  [-1.27041883  3.93867062  1.0173858   0.83262592]
- current state of moments (data, sim):
mshare 0.1022855 0.09953321776203261
trans_fromgood 0.9740903363927633 0.9805259140201955
trans_frombad 0.32799174996447467 0.4360940842597448
grad2 1.029659320435225 1.0279748851521135
grad3 1.0714406475105778 1.0463662382202596
grad4 1.0863194114344652 1.058402784567635
tfp 0.8301558557492001 0.8207779764935287
f =  9.132496711191436 , pars =  [-1.27534755  3.93799536  1.00283931  0.84506893]
- current state of moments (data, sim):
mshare 0.1022855 0.10801693559085764
trans_fromgood 0.9740903363927633 0.9805127595674409
trans_frombad 0.32799174996447467 0.3794562500543831
grad2 1.029659320435225 1.0270903334243242
grad3 1.0714406475105778 1.0454841528275964
grad4 1.0863194114344652 1.0626549210891845
tfp 0.8301558557492001 0.8025957780201313
f =  6.872627543658116 , pars =  [-1.27539055  3.9403122   1.01956323  0.8437512 ]
- current state of moments (data, sim):
mshare 0.1022855 0.10495119115989524
trans_fromgood 0.9740903363927633 0.9805578560421953
trans_frombad 0.32799174996447467 0.378643135235582
grad2 1.029659320435225 1.0269935009462234
grad3 1.0714406475105778 1.0456417082246559
grad4 1.0863194114344652 1.0629475159154482
tfp 0.8301558557492001 0.8282688181717875
f =  7.830253403580859 , pars =  [-1.2811917   3.94232442  1.01806526  0.85150063]
- current state of moments (data, sim):
mshare 0.1022855 0.1060008309668028
trans_fromgood 0.9740903363927633 0.9805969385573957
trans_frombad 0.32799174996447467 0.38647996499838305
grad2 1.029659320435225 1.0268375537280356
grad3 1.0714406475105778 1.045065855537213
grad4 1.0863194114344652 1.0615388989764478
tfp 0.8301558557492001 0.8234026975270766
f =  10.902799084853925 , pars =  [-1.27567706  3.94743644  1.02533584  0.84773116]
- current state of moments (data, sim):
mshare 0.1022855 0.1005827440567481
trans_fromgood 0.9740903363927633 0.9806958742860578
trans_frombad 0.32799174996447467 0.4287359953642195
grad2 1.029659320435225 1.0289067006784296
grad3 1.0714406475105778 1.0479205071083006
grad4 1.0863194114344652 1.0601038854040787
tfp 0.8301558557492001 0.8217642927297578
f =  8.085044325568996 , pars =  [-1.26750974  3.93497689  1.01938275  0.8468163 ]
- current state of moments (data, sim):
mshare 0.1022855 0.10540297479820161
trans_fromgood 0.9740903363927633 0.98045384891848
trans_frombad 0.32799174996447467 0.39339671324105246
grad2 1.029659320435225 1.0268410179294138
grad3 1.0714406475105778 1.0444298928247364
grad4 1.0863194114344652 1.0602589287453767
tfp 0.8301558557492001 0.8247815432696871
f =  6.775980097946071 , pars =  [-1.2798912   3.94727734  1.01667316  0.83896806]
- current state of moments (data, sim):
mshare 0.1022855 0.10573284882344898
trans_fromgood 0.9740903363927633 0.9806928027530419
trans_frombad 0.32799174996447467 0.3690136957043867
grad2 1.029659320435225 1.0279655161130488
grad3 1.0714406475105778 1.0472345239971648
grad4 1.0863194114344652 1.065090351286707
tfp 0.8301558557492001 0.8165426448510095
f =  7.069134301939071 , pars =  [-1.28857865  3.94483583  1.01304155  0.84128729]
- current state of moments (data, sim):
mshare 0.1022855 0.10582304410382835
trans_fromgood 0.9740903363927633 0.9806456065078397
trans_frombad 0.32799174996447467 0.3749405092673119
grad2 1.029659320435225 1.0270649571514279
grad3 1.0714406475105778 1.0458861151723795
grad4 1.0863194114344652 1.0634748217800936
tfp 0.8301558557492001 0.8208398499357932
f =  7.224576367916148 , pars =  [-1.27828833  3.94633527  1.01350575  0.84236082]
- current state of moments (data, sim):
mshare 0.1022855 0.10557028121804936
trans_fromgood 0.9740903363927633 0.9806746054349131
trans_frombad 0.32799174996447467 0.3762594257612854
grad2 1.029659320435225 1.026991738531364
grad3 1.0714406475105778 1.0456851656420991
grad4 1.0863194114344652 1.0630818586837152
tfp 0.8301558557492001 0.8184498389662929
f =  7.612018087585988 , pars =  [-1.27995601  3.94608482  1.01634779  0.8387939 ]
- current state of moments (data, sim):
mshare 0.1022855 0.10574220387789257
trans_fromgood 0.9740903363927633 0.9806697647801298
trans_frombad 0.32799174996447467 0.38166081379649003
grad2 1.029659320435225 1.0276785886433835
grad3 1.0714406475105778 1.046437034100277
grad4 1.0863194114344652 1.063356155425238
tfp 0.8301558557492001 0.8151354296920333
f =  7.105874864266848 , pars =  [-1.28064854  3.94959643  1.01710006  0.83930868]
- current state of moments (data, sim):
mshare 0.1022855 0.10451804844446416
trans_fromgood 0.9740903363927633 0.9807375259683772
trans_frombad 0.32799174996447467 0.37800718412267864
grad2 1.029659320435225 1.0268707195173004
grad3 1.0714406475105778 1.045411780596449
grad4 1.0863194114344652 1.0626067048069134
tfp 0.8301558557492001 0.8217085695136707
f =  7.365407908356737 , pars =  [-1.27918677  3.94736865  1.01645322  0.83829943]
- current state of moments (data, sim):
mshare 0.1022855 0.10460900609238519
trans_fromgood 0.9740903363927633 0.9806945656185686
trans_frombad 0.32799174996447467 0.38263530744614244
grad2 1.029659320435225 1.0270207714002764
grad3 1.0714406475105778 1.045662817349552
grad4 1.0863194114344652 1.062401129811651
tfp 0.8301558557492001 0.8201575028255805
f =  7.077444668262326 , pars =  [-1.2796181   3.94732295  1.01737134  0.83962826]
- current state of moments (data, sim):
mshare 0.1022855 0.10471718380440567
trans_fromgood 0.9740903363927633 0.980693683330965
trans_frombad 0.32799174996447467 0.3780549930504776
grad2 1.029659320435225 1.026927304664505
grad3 1.0714406475105778 1.0455041980551407
grad4 1.0863194114344652 1.0627221780393614
tfp 0.8301558557492001 0.8218201294011769
f =  7.493785513118908 , pars =  [-1.28026656  3.94732874  1.0159668   0.83837013]
- current state of moments (data, sim):
mshare 0.1022855 0.10467989292449051
trans_fromgood 0.9740903363927633 0.9806937951186178
trans_frombad 0.32799174996447467 0.38561005503987567
grad2 1.029659320435225 1.0277454050251456
grad3 1.0714406475105778 1.0463807856541205
grad4 1.0863194114344652 1.0626275738402933
tfp 0.8301558557492001 0.8195763138210126
f =  6.744505648024142 , pars =  [-1.28080309  3.94748281  1.01665554  0.83932293]
- current state of moments (data, sim):
mshare 0.1022855 0.10521508719078156
trans_fromgood 0.9740903363927633 0.9806967694338673
trans_frombad 0.32799174996447467 0.3725827392163911
grad2 1.029659320435225 1.0276584499642263
grad3 1.0714406475105778 1.0467816943686106
grad4 1.0863194114344652 1.0645190097906392
tfp 0.8301558557492001 0.8200816701986902
f =  6.7942079667006725 , pars =  [-1.2813025   3.94720775  1.01584941  0.8394813 ]
- current state of moments (data, sim):
mshare 0.1022855 0.1054184026542881
trans_fromgood 0.9740903363927633 0.9806914591563721
trans_frombad 0.32799174996447467 0.37247391078842473
grad2 1.029659320435225 1.0276707539652823
grad3 1.0714406475105778 1.046833661874656
grad4 1.0863194114344652 1.0646402590494461
tfp 0.8301558557492001 0.8193536237219321
f =  6.752781798372939 , pars =  [-1.28070965  3.94833291  1.01627908  0.83896674]
- current state of moments (data, sim):
mshare 0.1022855 0.10511988969766725
trans_fromgood 0.9740903363927633 0.9807131721649714
trans_frombad 0.32799174996447467 0.37237248225551306
grad2 1.029659320435225 1.0276290027727095
grad3 1.0714406475105778 1.0467163882441457
grad4 1.0863194114344652 1.064425996068529
tfp 0.8301558557492001 0.8197834115379397
f =  6.794087549038329 , pars =  [-1.28045713  3.94821763  1.01722192  0.83946283]
- current state of moments (data, sim):
mshare 0.1022855 0.10568938087142793
trans_fromgood 0.9740903363927633 0.9807109485556036
trans_frombad 0.32799174996447467 0.37008769765123195
grad2 1.029659320435225 1.027979810271544
grad3 1.0714406475105778 1.0473315394704594
grad4 1.0863194114344652 1.065294199740626
tfp 0.8301558557492001 0.8168976160365382
f =  7.108322827634162 , pars =  [-1.28033406  3.94810054  1.01703193  0.83881623]
- current state of moments (data, sim):
mshare 0.1022855 0.10459319747703033
trans_fromgood 0.9740903363927633 0.9807086900252963
trans_frombad 0.32799174996447467 0.37854930244664275
grad2 1.029659320435225 1.0268954761494322
grad3 1.0714406475105778 1.0454624659106868
grad4 1.0863194114344652 1.0626803031637524
tfp 0.8301558557492001 0.8216314360002951
f =  6.770038583310136 , pars =  [-1.28053827  3.94758773  1.0163902   0.83963671]
- current state of moments (data, sim):
mshare 0.1022855 0.10529426981578331
trans_fromgood 0.9740903363927633 0.9806987947076373
trans_frombad 0.32799174996447467 0.3727262158103261
grad2 1.029659320435225 1.0276543542989316
grad3 1.0714406475105778 1.0467981931088963
grad4 1.0863194114344652 1.0645872390234754
tfp 0.8301558557492001 0.8199492621094225
f =  6.7348043981989365 , pars =  [-1.28075236  3.94742354  1.01674255  0.8393673 ]
- current state of moments (data, sim):
mshare 0.1022855 0.10521976695043865
trans_fromgood 0.9740903363927633 0.9806956253200431
trans_frombad 0.32799174996447467 0.37234833480425755
grad2 1.029659320435225 1.0276576097457295
grad3 1.0714406475105778 1.046765358577942
grad4 1.0863194114344652 1.0644934859078055
tfp 0.8301558557492001 0.8201342138998217
f =  7.263947102585916 , pars =  [-1.28074533  3.94717933  1.01671806  0.83941435]
- current state of moments (data, sim):
mshare 0.1022855 0.10544572759909698
trans_fromgood 0.9740903363927633 0.9806909104849322
trans_frombad 0.32799174996447467 0.3785062697820566
grad2 1.029659320435225 1.028042084857937
grad3 1.0714406475105778 1.0468570463695523
grad4 1.0863194114344652 1.0637502268841106
tfp 0.8301558557492001 0.8165516184011724
f =  6.747470206756368 , pars =  [-1.28076427  3.94742025  1.01681985  0.83942953]
- current state of moments (data, sim):
mshare 0.1022855 0.10523093576126312
trans_fromgood 0.9740903363927633 0.9806955618473392
trans_frombad 0.32799174996447467 0.37257888474586653
grad2 1.029659320435225 1.027659638344643
grad3 1.0714406475105778 1.046783228598456
grad4 1.0863194114344652 1.0645260557025527
tfp 0.8301558557492001 0.8200377910338701
f =  6.931198830537043 , pars =  [-1.28068428  3.94747134  1.01679122  0.83934064]
- current state of moments (data, sim):
mshare 0.1022855 0.10507894080713447
trans_fromgood 0.9740903363927633 0.9806965481124634
trans_frombad 0.32799174996447467 0.37692519831325566
grad2 1.029659320435225 1.0277362998443345
grad3 1.0714406475105778 1.046911560518168
grad4 1.0863194114344652 1.064154489976367
tfp 0.8301558557492001 0.8202722112747403
f =  7.113469206972608 , pars =  [-1.28076234  3.94752288  1.0167453   0.83937217]
- current state of moments (data, sim):
mshare 0.1022855 0.10483041598024422
trans_fromgood 0.9740903363927633 0.9806975429855574
trans_frombad 0.32799174996447467 0.3782589270354036
grad2 1.029659320435225 1.0269393401572071
grad3 1.0714406475105778 1.0455652506053776
grad4 1.0863194114344652 1.0628555780902778
tfp 0.8301558557492001 0.8213206420412923
f =  7.091833523227176 , pars =  [-1.28082501  3.94737729  1.01673598  0.8393169 ]
- current state of moments (data, sim):
mshare 0.1022855 0.10480815355629342
trans_fromgood 0.9740903363927633 0.9806947324501247
trans_frombad 0.32799174996447467 0.3778150607541067
grad2 1.029659320435225 1.0269406259424074
grad3 1.0714406475105778 1.0455361279868467
grad4 1.0863194114344652 1.0627872886485643
tfp 0.8301558557492001 0.821272884472879
f =  7.135792484724323 , pars =  [-1.28083923  3.94743668  1.01673937  0.83941496]
- current state of moments (data, sim):
mshare 0.1022855 0.10392284678373534
trans_fromgood 0.9740903363927633 0.980695879009099
trans_frombad 0.32799174996447467 0.38257587716641367
grad2 1.029659320435225 1.0274698241047158
grad3 1.0714406475105778 1.0462503121911633
grad4 1.0863194114344652 1.0628336327010246
tfp 0.8301558557492001 0.821617494829613
f =  7.378363020331405 , pars =  [-1.28071018  3.94739963  1.01665578  0.83937818]
- current state of moments (data, sim):
mshare 0.1022855 0.10542158515544903
trans_fromgood 0.9740903363927633 0.9806951637096524
trans_frombad 0.32799174996447467 0.37990940601685264
grad2 1.029659320435225 1.0273870902046185
grad3 1.0714406475105778 1.0463531493755578
grad4 1.0863194114344652 1.0634379422676965
tfp 0.8301558557492001 0.8170097475195515
f =  6.7338814995488185 , pars =  [-1.28073467  3.94732857  1.01674302  0.83939315]
- current state of moments (data, sim):
mshare 0.1022855 0.10523264006516543
trans_fromgood 0.9740903363927633 0.9806937919605488
trans_frombad 0.32799174996447467 0.37230850201707816
grad2 1.029659320435225 1.0276608829620477
grad3 1.0714406475105778 1.0467714819900649
grad4 1.0863194114344652 1.0644909506246967
tfp 0.8301558557492001 0.8201263267162879
f =  6.72952230652822 , pars =  [-1.28069628  3.94730539  1.0168304   0.83941191]
- current state of moments (data, sim):
mshare 0.1022855 0.1052220688182769
trans_fromgood 0.9740903363927633 0.9806933443287298
trans_frombad 0.32799174996447467 0.3723235921767429
grad2 1.029659320435225 1.0276610134726423
grad3 1.0714406475105778 1.0467695639752717
grad4 1.0863194114344652 1.0644904894698066
tfp 0.8301558557492001 0.8201975976181921
f =  7.362500978190396 , pars =  [-1.28069972  3.94720742  1.01682248  0.83942998]
- current state of moments (data, sim):
mshare 0.1022855 0.10559616639075037
trans_fromgood 0.9740903363927633 0.9806914527101017
trans_frombad 0.32799174996447467 0.3775614274397046
grad2 1.029659320435225 1.0274512456970748
grad3 1.0714406475105778 1.0460019662135336
grad4 1.0863194114344652 1.0632552564749478
tfp 0.8301558557492001 0.8163768097727848
f =  6.739168906641714 , pars =  [-1.28072136  3.94737232  1.01680752  0.8394029 ]
- current state of moments (data, sim):
mshare 0.1022855 0.10521333085344321
trans_fromgood 0.9740903363927633 0.9806946364321191
trans_frombad 0.32799174996447467 0.3726217182976768
grad2 1.029659320435225 1.0276584733660856
grad3 1.0714406475105778 1.0467809083641364
grad4 1.0863194114344652 1.0645166255716911
tfp 0.8301558557492001 0.8202227036987751
f =  6.738378679512521 , pars =  [-1.28060289  3.94727904  1.01685406  0.83940698]
- current state of moments (data, sim):
mshare 0.1022855 0.10523608936376926
trans_fromgood 0.9740903363927633 0.9806928356409929
trans_frombad 0.32799174996447467 0.37230366570370105
grad2 1.029659320435225 1.0276596448268431
grad3 1.0714406475105778 1.046764955933973
grad4 1.0863194114344652 1.0644822173816613
tfp 0.8301558557492001 0.8200086452145098
f =  6.728716023041297 , pars =  [-1.28064968  3.94733997  1.0168773   0.83934532]
- current state of moments (data, sim):
mshare 0.1022855 0.10520599129576663
trans_fromgood 0.9740903363927633 0.9806940119026722
trans_frombad 0.32799174996447467 0.3723808700110475
grad2 1.029659320435225 1.0276585735223471
grad3 1.0714406475105778 1.0467633594070576
grad4 1.0863194114344652 1.0644858005594042
tfp 0.8301558557492001 0.8202373281149481
f =  7.339859425943203 , pars =  [-1.28066496  3.94729896  1.01696627  0.83935828]
- current state of moments (data, sim):
mshare 0.1022855 0.10536428778370918
trans_fromgood 0.9740903363927633 0.9806932201189175
trans_frombad 0.32799174996447467 0.37949223241138147
grad2 1.029659320435225 1.0279250168625504
grad3 1.0714406475105778 1.046645886604763
grad4 1.0863194114344652 1.0634470731645251
tfp 0.8301558557492001 0.8164588139062333
f =  6.861072998035197 , pars =  [-1.28062406  3.94737899  1.01693197  0.83941483]
- current state of moments (data, sim):
mshare 0.1022855 0.10573912640743141
trans_fromgood 0.9740903363927633 0.980694765252324
trans_frombad 0.32799174996447467 0.3707233618256825
grad2 1.029659320435225 1.0278847432960854
grad3 1.0714406475105778 1.0471477122467814
grad4 1.0863194114344652 1.0650173414168662
tfp 0.8301558557492001 0.8166232031852134
