cshare            0.680889
mshare            0.144225
trans_fromgood    0.961600
trans_frombad     0.205977
grad2             1.177713
grad3             1.222356
grad4             1.276081
Name: US, dtype: float64
cshare            0.009079
mshare            0.016178
trans_fromgood    0.001506
trans_frombad     0.009638
grad2             0.016617
grad3             0.016421
grad4             0.016628
Name: US, dtype: float64
                    mean        sd
cshare          0.680889  0.009079
mshare          0.144225  0.016178
trans_fromgood  0.961600  0.001506
trans_frombad   0.205977  0.009638
grad2           1.177713  0.016617
grad3           1.222356  0.016421
grad4           1.276081  0.016628
current parameter status : 
sigma 2.0 True
beta 0.93 False
phi 0.2 True
psi 0.3 True
delta_h1 -0.5 True
delta_h2 2 True
eta 0.0 False
tfp 1 False
price 1 False
risk 0.0 False
-- 
number of parameters:  10
number of free parameters:  5
current parameter status : 
sigma 2.0 True
beta 0.93 False
phi 0.2 True
psi 0.3 True
delta_h1 -0.5 True
delta_h2 2 True
eta 0.0 False
tfp 1 False
price 1 False
risk 0.0 False
- using these moments:
cshare 0.6808892149667144 0.009079433465468566
mshare 0.14422500000000002 0.01617846342973795
trans_fromgood 0.9615996486441867 0.0015062553539724164
trans_frombad 0.20597666978044457 0.009638163363181533
grad2 1.177712992763826 0.016617346336167793
grad3 1.2223556346247508 0.016421047162417955
grad4 1.2760806370630837 0.01662760246174447
f =  9484.030120337606 , pars =  [ 2.   0.2  0.3 -0.5  2. ]
- current state of moments (data, sim):
cshare 0.6808892149667144 0.6387273650316727
mshare 0.14422500000000002 0.28466975276445994
trans_fromgood 0.9615996486441867 0.8740745632794383
trans_frombad 0.20597666978044457 0.25808789934403253
grad2 1.177712992763826 1.4839055477313416
grad3 1.2223556346247508 1.941686397938912
grad4 1.2760806370630837 2.2906275016472137
f =  8951.461114766811 , pars =  [ 2.1  0.2  0.3 -0.5  2. ]
- current state of moments (data, sim):
cshare 0.6808892149667144 0.6327399478739528
mshare 0.14422500000000002 0.29839257175445244
trans_fromgood 0.9615996486441867 0.8762463562045714
trans_frombad 0.20597666978044457 0.27083816123708315
grad2 1.177712992763826 1.4824995519072617
grad3 1.2223556346247508 1.9314473688854479
grad4 1.2760806370630837 2.242076722384406
f =  4668.287853470843 , pars =  [ 2.   0.3  0.3 -0.5  2. ]
- current state of moments (data, sim):
cshare 0.6808892149667144 0.6336082502216864
mshare 0.14422500000000002 0.3496726815184642
trans_fromgood 0.9615996486441867 0.8797149264095012
trans_frombad 0.20597666978044457 0.3554795058959498
grad2 1.177712992763826 1.3166239599086975
grad3 1.2223556346247508 1.5682177574591998
grad4 1.2760806370630837 1.7376160906403035
f =  7252.668990462229 , pars =  [ 2.   0.2  0.4 -0.5  2. ]
- current state of moments (data, sim):
cshare 0.6808892149667144 0.6418310877116531
mshare 0.14422500000000002 0.25149329573648915
trans_fromgood 0.9615996486441867 0.8787180778240974
trans_frombad 0.20597666978044457 0.3166680138713925
grad2 1.177712992763826 1.4827692704708864
grad3 1.2223556346247508 1.8517361171753959
grad4 1.2760806370630837 2.0603233070494578
f =  8792.786378302662 , pars =  [ 2.   0.2  0.3 -0.4  2. ]
- current state of moments (data, sim):
cshare 0.6808892149667144 0.6400628824764742
mshare 0.14422500000000002 0.2722795632532763
trans_fromgood 0.9615996486441867 0.8737534982084906
trans_frombad 0.20597666978044457 0.27715734767378924
grad2 1.177712992763826 1.4785167026712298
grad3 1.2223556346247508 1.9149089085250757
grad4 1.2760806370630837 2.2089567891173405
f =  6989.577727106783 , pars =  [ 2.   0.2  0.3 -0.5  2.1]
- current state of moments (data, sim):
cshare 0.6808892149667144 0.6420987885200056
mshare 0.14422500000000002 0.26097594811710395
trans_fromgood 0.9615996486441867 0.8841434985751898
trans_frombad 0.20597666978044457 0.2746185800188525
grad2 1.177712992763826 1.44703041301729
grad3 1.2223556346247508 1.8472558682977918
grad4 1.2760806370630837 2.1096801492512736
f =  9052.176112734698 , pars =  [ 1.9  0.2  0.3 -0.5  2. ]
- current state of moments (data, sim):
cshare 0.6808892149667144 0.6452719197977791
mshare 0.14422500000000002 0.27021380056035643
trans_fromgood 0.9615996486441867 0.8718105677611188
trans_frombad 0.20597666978044457 0.25807333220408596
grad2 1.177712992763826 1.4599268274599788
grad3 1.2223556346247508 1.8996725448535108
grad4 1.2760806370630837 2.2461625684271542
f =  26012.52825672739 , pars =  [ 2.   0.1  0.3 -0.5  2. ]
- current state of moments (data, sim):
cshare 0.6808892149667144 0.6509233306685274
mshare 0.14422500000000002 0.19526079345313954
trans_fromgood 0.9615996486441867 0.8674049951084023
trans_frombad 0.20597666978044457 0.15641170036177143
grad2 1.177712992763826 1.6322259980904061
grad3 1.2223556346247508 2.3863680101621116
grad4 1.2760806370630837 3.397757212364562
f =  17300.76770914474 , pars =  [ 2.   0.2  0.2 -0.5  2. ]
- current state of moments (data, sim):
cshare 0.6808892149667144 0.6353682615145602
mshare 0.14422500000000002 0.32779008524095093
trans_fromgood 0.9615996486441867 0.8691805586121876
trans_frombad 0.20597666978044457 0.18567486619259796
grad2 1.177712992763826 1.5507891408004366
grad3 1.2223556346247508 2.1726996950329105
grad4 1.2760806370630837 2.898818720106781
f =  11141.650701225866 , pars =  [ 2.   0.2  0.3 -0.6  2. ]
- current state of moments (data, sim):
cshare 0.6808892149667144 0.637823500481626
mshare 0.14422500000000002 0.292882239585213
trans_fromgood 0.9615996486441867 0.8744905384308553
trans_frombad 0.20597666978044457 0.23903698559976458
grad2 1.177712992763826 1.50868749862939
grad3 1.2223556346247508 2.018870616656755
grad4 1.2760806370630837 2.4434468665841385
f =  13113.525365126443 , pars =  [ 2.   0.2  0.3 -0.5  1.9]
- current state of moments (data, sim):
cshare 0.6808892149667144 0.6358153602708566
mshare 0.14422500000000002 0.3095993489010903
trans_fromgood 0.9615996486441867 0.8633060843482306
trans_frombad 0.20597666978044457 0.25741162558753444
grad2 1.177712992763826 1.5617252984935153
grad3 1.2223556346247508 2.088690919411978
grad4 1.2760806370630837 2.495696038351896
f =  3449.9238320275335 , pars =  [ 2.00157893  0.29151093  0.36223509 -0.47156512  2.07241336]
- current state of moments (data, sim):
cshare 0.6808892149667144 0.6395758623798463
mshare 0.14422500000000002 0.29859705425504546
trans_fromgood 0.9615996486441867 0.8892891693534892
trans_frombad 0.20597666978044457 0.4016412551528938
grad2 1.177712992763826 1.2844039642021516
grad3 1.2223556346247508 1.4727803788005105
grad4 1.2760806370630837 1.5860853591712907
f =  3089.679149184144 , pars =  [ 2.00170526  0.39140997  0.36518294 -0.46949534  2.07509534]
- current state of moments (data, sim):
cshare 0.6808892149667144 0.633341446340034
mshare 0.14422500000000002 0.3486553554703048
trans_fromgood 0.9615996486441867 0.8949428266601092
trans_frombad 0.20597666978044457 0.4594068318479535
grad2 1.177712992763826 1.2459619351029931
grad3 1.2223556346247508 1.3850929469520321
grad4 1.2760806370630837 1.471233386578082
f =  3671.573150136387 , pars =  [ 1.94490549  0.37847298  0.37462526 -0.49146692  1.99741321]
- current state of moments (data, sim):
cshare 0.6808892149667144 0.6358751362713688
mshare 0.14422500000000002 0.35406007646991106
trans_fromgood 0.9615996486441867 0.8870851579613499
trans_frombad 0.20597666978044457 0.46041404308629447
grad2 1.177712992763826 1.2584968850776839
grad3 1.2223556346247508 1.4074085062092978
grad4 1.2760806370630837 1.5016005225157494
f =  2854.237888840432 , pars =  [ 1.98741337  0.40349665  0.46134766 -0.46021809  2.09286986]
- current state of moments (data, sim):
cshare 0.6808892149667144 0.636444729424153
mshare 0.14422500000000002 0.3195072886770662
trans_fromgood 0.9615996486441867 0.9022315954055743
trans_frombad 0.20597666978044457 0.5274892152912474
grad2 1.177712992763826 1.1959995682375006
grad3 1.2223556346247508 1.2944301672864729
grad4 1.2760806370630837 1.361115598940856
f =  2891.3066275015794 , pars =  [ 2.05856317  0.41209644  0.49098286 -0.49801192  2.04230178]
- current state of moments (data, sim):
cshare 0.6808892149667144 0.629149653459252
mshare 0.14422500000000002 0.34818717967256596
trans_fromgood 0.9615996486441867 0.9035706331640925
trans_frombad 0.20597666978044457 0.5340797735680218
grad2 1.177712992763826 1.199449071683524
grad3 1.2223556346247508 1.300215318109182
grad4 1.2760806370630837 1.3710739849847404
f =  2795.846392029611 , pars =  [ 1.98843189  0.35136968  0.54561733 -0.47229992  2.08700536]
- current state of moments (data, sim):
cshare 0.6808892149667144 0.6404850158292973
mshare 0.14422500000000002 0.28152448639828836
trans_fromgood 0.9615996486441867 0.9030014960692994
trans_frombad 0.20597666978044457 0.5304145751094705
grad2 1.177712992763826 1.2053522603781985
grad3 1.2223556346247508 1.3029685023718638
grad4 1.2760806370630837 1.3680299305668022
f =  2654.449117466893 , pars =  [ 1.9543527   0.34308639  0.48186045 -0.52209189  2.1341839 ]
- current state of moments (data, sim):
cshare 0.6808892149667144 0.6434701641995809
mshare 0.14422500000000002 0.2760264554450539
trans_fromgood 0.9615996486441867 0.9019049115900066
trans_frombad 0.20597666978044457 0.5026321829931142
grad2 1.177712992763826 1.1961045461668052
grad3 1.2223556346247508 1.2988369244514273
grad4 1.2760806370630837 1.3674284730343669
f =  2492.8529626774257 , pars =  [ 1.9427179   0.34322441  0.40108627 -0.53125974  2.19124611]
- current state of moments (data, sim):
cshare 0.6808892149667144 0.6448493907176912
mshare 0.14422500000000002 0.2766812204309018
trans_fromgood 0.9615996486441867 0.9021467205597
trans_frombad 0.20597666978044457 0.45746795998000417
grad2 1.177712992763826 1.2347897546950182
grad3 1.2223556346247508 1.3617819608352537
grad4 1.2760806370630837 1.4315135005817565
f =  2127.988310119711 , pars =  [ 1.92458173  0.32151773  0.37155821 -0.55325041  2.27981475]
- current state of moments (data, sim):
cshare 0.6808892149667144 0.6487984216248602
mshare 0.14422500000000002 0.2541860179362764
trans_fromgood 0.9615996486441867 0.9066748724077894
trans_frombad 0.20597666978044457 0.43876964699308846
grad2 1.177712992763826 1.2303481414807806
grad3 1.2223556346247508 1.3575483721866632
grad4 1.2760806370630837 1.4233554465355462
f =  1903.3311473761637 , pars =  [ 1.89433786  0.29910043  0.28770269 -0.61194699  2.4474624 ]
- current state of moments (data, sim):
cshare 0.6808892149667144 0.6504865124283998
mshare 0.14422500000000002 0.2323145825175483
trans_fromgood 0.9615996486441867 0.916346802952047
trans_frombad 0.20597666978044457 0.31867288882547795
grad2 1.177712992763826 1.299748609798538
grad3 1.2223556346247508 1.5174734706335482
grad4 1.2760806370630837 1.627325346082527
f =  943.2386636185435 , pars =  [ 1.80067018  0.24663022  0.37818218 -0.60530331  2.58973878]
- current state of moments (data, sim):
cshare 0.6808892149667144 0.6642894323574946
mshare 0.14422500000000002 0.15533750923522646
trans_fromgood 0.9615996486441867 0.9264408256535253
trans_frombad 0.20597666978044457 0.3561472814097711
grad2 1.177712992763826 1.213936767397392
grad3 1.2223556346247508 1.3541373510315233
grad4 1.2760806370630837 1.427257981067623
f =  749.2910756354248 , pars =  [ 1.77840207  0.24266967  0.32468221 -0.67227005  2.76901971]
- current state of moments (data, sim):
cshare 0.6808892149667144 0.665613899757984
mshare 0.14422500000000002 0.14587335557196304
trans_fromgood 0.9615996486441867 0.937585478061163
trans_frombad 0.20597666978044457 0.2905899045153179
grad2 1.177712992763826 1.2546819420163715
grad3 1.2223556346247508 1.4374902919835264
grad4 1.2760806370630837 1.5238863202111197
f =  2172.9510627385707 , pars =  [ 1.63382576  0.17362026  0.2355672  -0.64312889  2.84344537]
- current state of moments (data, sim):
cshare 0.6808892149667144 0.672467515292375
mshare 0.14422500000000002 0.15893391318540911
trans_fromgood 0.9615996486441867 0.941775364742937
trans_frombad 0.20597666978044457 0.14936997939150023
grad2 1.177712992763826 1.2864971523309165
grad3 1.2223556346247508 1.5811094507516938
grad4 1.2760806370630837 1.907797015571167
f =  1669.1130342809752 , pars =  [ 1.81188475  0.2165479   0.23665611 -0.65534419  2.78172737]
- current state of moments (data, sim):
cshare 0.6808892149667144 0.6600180860682575
mshare 0.14422500000000002 0.17914586554095366
trans_fromgood 0.9615996486441867 0.9381186836808504
trans_frombad 0.20597666978044457 0.18501743862790654
grad2 1.177712992763826 1.2884204833843709
grad3 1.2223556346247508 1.550187416227382
grad4 1.2760806370630837 1.7935369871862317
f =  579.3848494453656 , pars =  [ 1.71985398  0.22336754  0.35258089 -0.64358437  2.83683081]
- current state of moments (data, sim):
cshare 0.6808892149667144 0.6713196890558634
mshare 0.14422500000000002 0.12345827571349387
trans_fromgood 0.9615996486441867 0.9415192782245313
trans_frombad 0.20597666978044457 0.2853831457700517
grad2 1.177712992763826 1.2440105736418416
grad3 1.2223556346247508 1.4152843565992363
grad4 1.2760806370630837 1.497341410427582
f =  604.1429699783516 , pars =  [ 1.67487509  0.17828529  0.35036083 -0.68453716  2.90211811]
- current state of moments (data, sim):
cshare 0.6808892149667144 0.67447165845737
mshare 0.14422500000000002 0.1131858611244975
trans_fromgood 0.9615996486441867 0.945100667666604
trans_frombad 0.20597666978044457 0.23361320844002298
grad2 1.177712992763826 1.238715354351452
grad3 1.2223556346247508 1.4344961870138124
grad4 1.2760806370630837 1.5599143846800758
f =  593.2415665100001 , pars =  [ 1.79264784  0.18724604  0.39018361 -0.60162758  2.82193269]
- current state of moments (data, sim):
cshare 0.6808892149667144 0.66855090960406
mshare 0.14422500000000002 0.11098298093524667
trans_fromgood 0.9615996486441867 0.9406944610349575
trans_frombad 0.20597666978044457 0.29343001258337903
grad2 1.177712992763826 1.2433629294594335
grad3 1.2223556346247508 1.4115184056694265
grad4 1.2760806370630837 1.4889594842105047
f =  630.641333615539 , pars =  [ 1.81156427  0.22056734  0.36917509 -0.64723876  2.80087723]
- current state of moments (data, sim):
cshare 0.6808892149667144 0.6665353817074804
mshare 0.14422500000000002 0.1251932779673219
trans_fromgood 0.9615996486441867 0.9396123814078717
trans_frombad 0.20597666978044457 0.2975292043607977
grad2 1.177712992763826 1.2456356311099042
grad3 1.2223556346247508 1.414651052337895
grad4 1.2760806370630837 1.4926280929168882
f =  352.7631106701027 , pars =  [ 1.70883941  0.27890937  0.34298913 -0.68896213  2.90496774]
- current state of moments (data, sim):
cshare 0.6808892149667144 0.6705025669645167
mshare 0.14422500000000002 0.12719303506652826
trans_fromgood 0.9615996486441867 0.945430789361868
trans_frombad 0.20597666978044457 0.29847479443016234
grad2 1.177712992763826 1.2068958762938105
grad3 1.2223556346247508 1.3514599923182902
grad4 1.2760806370630837 1.4230410673696998
f =  235.53359355322934 , pars =  [ 1.70166977  0.2662569   0.31809003 -0.72330633  2.99434907]
- current state of moments (data, sim):
cshare 0.6808892149667144 0.671595454978549
mshare 0.14422500000000002 0.12537228318475868
trans_fromgood 0.9615996486441867 0.9499773133756244
trans_frombad 0.20597666978044457 0.2824520038326008
grad2 1.177712992763826 1.1943394801797795
grad3 1.2223556346247508 1.334814800627315
grad4 1.2760806370630837 1.4077743248421288
f =  180.3153648439868 , pars =  [ 1.6904313   0.23734795  0.34786808 -0.65333419  3.05140287]
- current state of moments (data, sim):
cshare 0.6808892149667144 0.6744868818554643
mshare 0.14422500000000002 0.10502156039902881
trans_fromgood 0.9615996486441867 0.9527266308714045
trans_frombad 0.20597666978044457 0.2878193995224674
grad2 1.177712992763826 1.183788082610363
grad3 1.2223556346247508 1.312830521719144
grad4 1.2760806370630837 1.3767410099900368
f =  219.1965960759944 , pars =  [ 1.62227013  0.25800871  0.38842155 -0.691469    3.09416197]
- current state of moments (data, sim):
cshare 0.6808892149667144 0.6784961644802486
mshare 0.14422500000000002 0.09620827974918116
trans_fromgood 0.9615996486441867 0.9547063399944048
trans_frombad 0.20597666978044457 0.3358731041569535
grad2 1.177712992763826 1.167018216070022
grad3 1.2223556346247508 1.2599521192032248
grad4 1.2760806370630837 1.300065377261363
f =  252.33384329647265 , pars =  [ 1.68909145  0.16747741  0.32506063 -0.65059366  3.11914224]
- current state of moments (data, sim):
cshare 0.6808892149667144 0.6753010253966539
mshare 0.14422500000000002 0.09829929983588999
trans_fromgood 0.9615996486441867 0.9558051722255901
trans_frombad 0.20597666978044457 0.21738628807985858
grad2 1.177712992763826 1.2028068706683326
grad3 1.2223556346247508 1.368559900914788
grad4 1.2760806370630837 1.4770920318164251
f =  189.1319833239711 , pars =  [ 1.63382024  0.20682881  0.33817763 -0.69715667  3.11344685]
- current state of moments (data, sim):
cshare 0.6808892149667144 0.6776882953757479
mshare 0.14422500000000002 0.1027036453426799
trans_fromgood 0.9615996486441867 0.9555533443618869
trans_frombad 0.20597666978044457 0.251587354624267
grad2 1.177712992763826 1.202075187922538
grad3 1.2223556346247508 1.3495879074514252
grad4 1.2760806370630837 1.426402190435579
f =  327.828432461777 , pars =  [ 1.75675267  0.22881243  0.29107533 -0.65557001  3.00346328]
- current state of moments (data, sim):
cshare 0.6808892149667144 0.6689453430010514
mshare 0.14422500000000002 0.1270207375448115
trans_fromgood 0.9615996486441867 0.9504025446932621
trans_frombad 0.20597666978044457 0.25680072710332674
grad2 1.177712992763826 1.224727278732719
grad3 1.2223556346247508 1.3848575442406152
grad4 1.2760806370630837 1.4699655463136339
f =  170.2058617980315 , pars =  [ 1.69886686  0.19987165  0.41775822 -0.65411237  3.11172809]
- current state of moments (data, sim):
cshare 0.6808892149667144 0.6766857962256658
mshare 0.14422500000000002 0.08573151841898241
trans_fromgood 0.9615996486441867 0.9554896294216414
trans_frombad 0.20597666978044457 0.30951646492437446
grad2 1.177712992763826 1.1754808850496974
grad3 1.2223556346247508 1.2841250168236171
grad4 1.2760806370630837 1.3309565522903213
f =  253.2973487881555 , pars =  [ 1.71673584  0.22443651  0.45519916 -0.63287848  3.19672553]
- current state of moments (data, sim):
cshare 0.6808892149667144 0.6771364291123924
mshare 0.14422500000000002 0.07342652498045805
trans_fromgood 0.9615996486441867 0.9591368378876708
trans_frombad 0.20597666978044457 0.3508854413178942
grad2 1.177712992763826 1.1462781172903092
grad3 1.2223556346247508 1.2226324441296121
grad4 1.2760806370630837 1.2545540323731346
f =  151.7228165198999 , pars =  [ 1.65665085  0.22374802  0.39716588 -0.66450679  3.19608234]
- current state of moments (data, sim):
cshare 0.6808892149667144 0.6782127709404392
mshare 0.14422500000000002 0.08308307715367858
trans_fromgood 0.9615996486441867 0.9590827567559917
trans_frombad 0.20597666978044457 0.3126586258898796
grad2 1.177712992763826 1.1704610571742442
grad3 1.2223556346247508 1.2693780764772364
grad4 1.2760806370630837 1.30786859988206
