current parameter status : 
sigma 2.101 False
beta 0.97 False
phi 0.2821 False
psi 0.1367 False
delta_h1 -1.0998 True
delta_h2 3.7863 True
eta 0.0 False
tfp 0.9221 True
price 0.6041 True
risk 0.0 False
-- 
number of parameters:  10
number of free parameters:  4
current parameter status : 
sigma 2.101 False
beta 0.97 False
phi 0.2821 False
psi 0.1367 False
delta_h1 -1.0998 True
delta_h2 3.7863 True
eta 0.0 False
tfp 0.9221 True
price 0.6041 True
risk 0.0 False
- using these moments:
mshare 0.10357350000000001 0.007025433700791045
trans_fromgood 0.9742670027993471 0.003513349513648518
trans_frombad 0.315456869976932 0.03370328032396437
grad2 1.0314285248105521 0.023113128678049703
grad3 1.0561773786137296 0.0236302454524998
grad4 1.0906450550038653 0.020761071998228794
tfp 0.7352641707913572 0.012840695655929685
f =  24.940778023025107 , pars =  [-1.0998449   3.78628955  0.92211051  0.60405877]
- current state of moments (data, sim):
mshare 0.10357350000000001 0.12004263033582077
trans_fromgood 0.9742670027993471 0.9773204024684405
trans_frombad 0.315456869976932 0.43195634731970683
grad2 1.0314285248105521 1.0488568833316159
grad3 1.0561773786137296 1.0778347761071723
grad4 1.0906450550038653 1.0889948221236103
tfp 0.7352641707913572 0.7056274809235359
f =  22.094966449199738 , pars =  [-0.9998449   3.78628955  0.92211051  0.60405877]
- current state of moments (data, sim):
mshare 0.10357350000000001 0.11581942157289134
trans_fromgood 0.9742670027993471 0.9773204024684411
trans_frombad 0.315456869976932 0.4357834460863524
grad2 1.0314285248105521 1.0485465693255482
grad3 1.0561773786137296 1.0766028121201583
grad4 1.0906450550038653 1.0875751941262837
tfp 0.7352641707913572 0.708830908829774
f =  23.214157879113927 , pars =  [-1.0998449   3.88628955  0.92211051  0.60405877]
- current state of moments (data, sim):
mshare 0.10357350000000001 0.11148382818890908
trans_fromgood 0.9742670027993471 0.9794786515274474
trans_frombad 0.315456869976932 0.4190554095077422
grad2 1.0314285248105521 1.0475275716841104
grad3 1.0561773786137296 1.0751708023244047
grad4 1.0906450550038653 1.0858209939694
tfp 0.7352641707913572 0.6965026106429714
f =  74.44781726957336 , pars =  [-1.0998449   3.78628955  1.02211051  0.60405877]
- current state of moments (data, sim):
mshare 0.10357350000000001 0.10614884550954806
trans_fromgood 0.9742670027993471 0.9773204024684411
trans_frombad 0.315456869976932 0.5082154999123102
grad2 1.0314285248105521 1.052050337819378
grad3 1.0561773786137296 1.0732215237280711
grad4 1.0906450550038653 1.0773690089312984
tfp 0.7352641707913572 0.8155803441702055
f =  46.02516634318521 , pars =  [-1.0998449   3.78628955  0.92211051  0.70405877]
- current state of moments (data, sim):
mshare 0.10357350000000001 0.13972857622928517
trans_fromgood 0.9742670027993471 0.9773204024684385
trans_frombad 0.315456869976932 0.40765063795881906
grad2 1.0314285248105521 1.0529347935540703
grad3 1.0561773786137296 1.0847717704715585
grad4 1.0906450550038653 1.0975775980543223
tfp 0.7352641707913572 0.6970406267036031
f =  25.74203382044942 , pars =  [-1.1998449   3.78628955  0.92211051  0.60405877]
- current state of moments (data, sim):
mshare 0.10357350000000001 0.12386556555793524
trans_fromgood 0.9742670027993471 0.9773204024684399
trans_frombad 0.315456869976932 0.4255925799095491
grad2 1.0314285248105521 1.048692931692998
grad3 1.0561773786137296 1.078614395257944
grad4 1.0906450550038653 1.0905278658928659
tfp 0.7352641707913572 0.7080069021209575
f =  41.051245263414216 , pars =  [-1.0998449   3.68628955  0.92211051  0.60405877]
- current state of moments (data, sim):
mshare 0.10357350000000001 0.13286561097490052
trans_fromgood 0.9742670027993471 0.9749351683744603
trans_frombad 0.315456869976932 0.4389897547652
grad2 1.0314285248105521 1.0520691798486699
grad3 1.0561773786137296 1.08309132243977
grad4 1.0906450550038653 1.0950962885060902
tfp 0.7352641707913572 0.6988190184193668
f =  209.20235247396514 , pars =  [-1.0998449   3.78628955  0.82211051  0.60405877]
- current state of moments (data, sim):
mshare 0.10357350000000001 0.1422346997979196
trans_fromgood 0.9742670027993471 0.9773204024684395
trans_frombad 0.315456869976932 0.34945664905781293
grad2 1.0314285248105521 1.0542986152322402
grad3 1.0561773786137296 1.0950114001451492
grad4 1.0906450550038653 1.115518411038675
tfp 0.7352641707913572 0.5668449744448175
f =  40.96405716975784 , pars =  [-1.0998449   3.78628955  0.92211051  0.50405877]
- current state of moments (data, sim):
mshare 0.10357350000000001 0.098167342937347
trans_fromgood 0.9742670027993471 0.9773204024684403
trans_frombad 0.315456869976932 0.5099524773063584
grad2 1.0314285248105521 1.0490764455490968
grad3 1.0561773786137296 1.0706097384114606
grad4 1.0906450550038653 1.074651853444524
tfp 0.7352641707913572 0.7072350707767038
f =  26.834120410567156 , pars =  [-0.91697645  3.83605243  0.94686395  0.59744498]
- current state of moments (data, sim):
mshare 0.10357350000000001 0.10027973457863608
trans_fromgood 0.9742670027993471 0.9784213835002338
trans_frombad 0.315456869976932 0.47756994599754693
grad2 1.0314285248105521 1.0516385507356951
grad3 1.0561773786137296 1.0751602199205954
grad4 1.0906450550038653 1.0801197991786096
tfp 0.7352641707913572 0.7270120464868378
f =  28.73260551603879 , pars =  [-1.03906421  3.80220132  0.94850236  0.60057585]
- current state of moments (data, sim):
mshare 0.10357350000000001 0.1077208037491198
trans_fromgood 0.9742670027993471 0.9776784192388788
trans_frombad 0.315456869976932 0.4854558072532528
grad2 1.0314285248105521 1.0527037916623023
grad3 1.0561773786137296 1.076171905921526
grad4 1.0906450550038653 1.0808322279568412
tfp 0.7352641707913572 0.7293401519668233
f =  42.5451828845743 , pars =  [-0.99855919  3.7937787   0.9122928   0.60551554]
- current state of moments (data, sim):
mshare 0.10357350000000001 0.11266920706353022
trans_fromgood 0.9742670027993471 0.9774896190975695
trans_frombad 0.315456869976932 0.4876996252236982
grad2 1.0314285248105521 1.0509302393834838
grad3 1.0561773786137296 1.0739757892549056
grad4 1.0906450550038653 1.078759895296904
tfp 0.7352641707913572 0.6902249543115078
f =  19.534846308233774 , pars =  [-0.98921877  3.76943773  0.93710594  0.60225913]
- current state of moments (data, sim):
mshare 0.10357350000000001 0.1139441406533433
trans_fromgood 0.9742670027993471 0.9769349716580172
trans_frombad 0.315456869976932 0.4437684323355133
grad2 1.0314285248105521 1.0496748985370374
grad3 1.0561773786137296 1.0776717031018561
grad4 1.0906450550038653 1.087859395508707
tfp 0.7352641707913572 0.7236607266802678
f =  33.11443758428649 , pars =  [-0.98787615  3.77018713  0.93365626  0.61151848]
- current state of moments (data, sim):
mshare 0.10357350000000001 0.11072942115185083
trans_fromgood 0.9742670027993471 0.9769522500810037
trans_frombad 0.315456869976932 0.4988076695395824
grad2 1.0314285248105521 1.0503137563962008
grad3 1.0561773786137296 1.0727815560410205
grad4 1.0906450550038653 1.0773897265645584
tfp 0.7352641707913572 0.7279034940549514
f =  34.14353621870155 , pars =  [-0.99193041  3.77328462  0.93784255  0.59346675]
- current state of moments (data, sim):
mshare 0.10357350000000001 0.10896528421796214
trans_fromgood 0.9742670027993471 0.9770235298222946
trans_frombad 0.315456869976932 0.5003332577083907
grad2 1.0314285248105521 1.0510096099721258
grad3 1.0561773786137296 1.0731405944489738
grad4 1.0906450550038653 1.0775805065931903
tfp 0.7352641707913572 0.7210801832761495
f =  32.746989378256686 , pars =  [-0.98192206  3.7675958   0.93818908  0.59576359]
- current state of moments (data, sim):
mshare 0.10357350000000001 0.10966292242819259
trans_fromgood 0.9742670027993471 0.976892448163202
trans_frombad 0.315456869976932 0.49405282780788295
grad2 1.0314285248105521 1.052169155262077
grad3 1.0561773786137296 1.0753393468731416
grad4 1.0906450550038653 1.0799837791851499
tfp 0.7352641707913572 0.7188670355621258
f =  29.95814511604115 , pars =  [-0.99172274  3.77241157  0.9453353   0.60640209]
- current state of moments (data, sim):
mshare 0.10357350000000001 0.11090350652289352
trans_fromgood 0.9742670027993471 0.9770034613133278
trans_frombad 0.315456869976932 0.4861856917305269
grad2 1.0314285248105521 1.0539260447353618
grad3 1.0561773786137296 1.0779355999821105
grad4 1.0906450550038653 1.082735663336352
tfp 0.7352641707913572 0.7248185073561936
f =  35.68916538101277 , pars =  [-0.98279391  3.7770946   0.93740251  0.60218455]
- current state of moments (data, sim):
mshare 0.10357350000000001 0.10636173576796434
trans_fromgood 0.9742670027993471 0.9771109031307391
trans_frombad 0.315456869976932 0.5085270708592754
grad2 1.0314285248105521 1.0487134928207762
grad3 1.0561773786137296 1.069910989933589
grad4 1.0906450550038653 1.0742062162961934
tfp 0.7352641707913572 0.7446684867807426
f =  33.51728906184837 , pars =  [-0.9959823   3.76313106  0.9333132   0.60256852]
- current state of moments (data, sim):
mshare 0.10357350000000001 0.11067687692093447
trans_fromgood 0.9742670027993471 0.9767890484889823
trans_frombad 0.315456869976932 0.49935344384275615
grad2 1.0314285248105521 1.0506808514005352
grad3 1.0561773786137296 1.0732975983132496
grad4 1.0906450550038653 1.0779144675115582
tfp 0.7352641707913572 0.7252083135980109
f =  30.948236192090476 , pars =  [-0.99740815  3.77471974  0.93929583  0.60177044]
- current state of moments (data, sim):
mshare 0.10357350000000001 0.11091721832239927
trans_fromgood 0.9742670027993471 0.9770564801205698
trans_frombad 0.315456869976932 0.4859549830778102
grad2 1.0314285248105521 1.0539638929707622
grad3 1.0561773786137296 1.0777880911025508
grad4 1.0906450550038653 1.0826039831049685
tfp 0.7352641707913572 0.7185380674365103
f =  30.613549209479885 , pars =  [-0.9854066   3.76178541  0.94186955  0.60431276]
- current state of moments (data, sim):
mshare 0.10357350000000001 0.11150375811197354
trans_fromgood 0.9742670027993471 0.9767577935904558
trans_frombad 0.315456869976932 0.4862942720407379
grad2 1.0314285248105521 1.0542677299478633
grad3 1.0561773786137296 1.0784879197246833
grad4 1.0906450550038653 1.0833722190356625
tfp 0.7352641707913572 0.7214773797123104
f =  33.95624552567509 , pars =  [-0.98927657  3.7702721   0.93228236  0.60124248]
- current state of moments (data, sim):
mshare 0.10357350000000001 0.11277968308878394
trans_fromgood 0.9742670027993471 0.9769542083856694
trans_frombad 0.315456869976932 0.4832814119465388
grad2 1.0314285248105521 1.0550937050648623
grad3 1.0561773786137296 1.0792466781252077
grad4 1.0906450550038653 1.08408650494703
tfp 0.7352641707913572 0.707255827224068
f =  33.495772493171266 , pars =  [-0.9898525   3.76870149  0.93688376  0.60217566]
- current state of moments (data, sim):
mshare 0.10357350000000001 0.11058559319595963
trans_fromgood 0.9742670027993471 0.9769179839500215
trans_frombad 0.315456869976932 0.4983505334938383
grad2 1.0314285248105521 1.0512529232262433
grad3 1.0561773786137296 1.0737485270539522
grad4 1.0906450550038653 1.0783081852212981
tfp 0.7352641707913572 0.7234904455679035
f =  32.70681484481516 , pars =  [-0.98817728  3.77099454  0.93865087  0.60285481]
- current state of moments (data, sim):
mshare 0.10357350000000001 0.11095784474142488
trans_fromgood 0.9742670027993471 0.9769708514670028
trans_frombad 0.315456869976932 0.4934485111143041
grad2 1.0314285248105521 1.0523783323424802
grad3 1.0561773786137296 1.0753675731578918
grad4 1.0906450550038653 1.0800109488244218
tfp 0.7352641707913572 0.7202021480402888
f =  32.833611305475976 , pars =  [-0.98853598  3.76905584  0.93713255  0.60163684]
- current state of moments (data, sim):
mshare 0.10357350000000001 0.10996922332475033
trans_fromgood 0.9742670027993471 0.9769261615236354
trans_frombad 0.315456869976932 0.49696549278676644
grad2 1.0314285248105521 1.0512147968678345
grad3 1.0561773786137296 1.0740217868828141
grad4 1.0906450550038653 1.0786198033975942
tfp 0.7352641707913572 0.7238517646709467
f =  32.291053494373585 , pars =  [-0.98934897  3.77020667  0.9366729   0.60271107]
- current state of moments (data, sim):
mshare 0.10357350000000001 0.11043613177103523
trans_fromgood 0.9742670027993471 0.976952700485566
trans_frombad 0.315456869976932 0.4932104700908595
grad2 1.0314285248105521 1.051868472698145
grad3 1.0561773786137296 1.0750232410349962
grad4 1.0906450550038653 1.0797464648848114
tfp 0.7352641707913572 0.7209483160111296
f =  32.375402155723066 , pars =  [-0.98883992  3.76877508  0.93743638  0.60281427]
- current state of moments (data, sim):
mshare 0.10357350000000001 0.11004137042424664
trans_fromgood 0.9742670027993471 0.9769196825064416
trans_frombad 0.315456869976932 0.49583626832480265
grad2 1.0314285248105521 1.0513351043844232
grad3 1.0561773786137296 1.074238335078449
grad4 1.0906450550038653 1.078909225101696
tfp 0.7352641707913572 0.7247651097475424
f =  31.399343684363224 , pars =  [-0.98958099  3.7695136   0.93799435  0.60198754]
- current state of moments (data, sim):
mshare 0.10357350000000001 0.11143563284919872
trans_fromgood 0.9742670027993471 0.9769367213971628
trans_frombad 0.315456869976932 0.48490665485769396
grad2 1.0314285248105521 1.052642673373641
grad3 1.0561773786137296 1.0766713402896293
grad4 1.0906450550038653 1.0819340987835746
tfp 0.7352641707913572 0.7148753549739343
f =  32.62609579728608 , pars =  [-0.98947351  3.76986403  0.93703338  0.60139419]
- current state of moments (data, sim):
mshare 0.10357350000000001 0.10925661536915209
trans_fromgood 0.9742670027993471 0.9769448021758336
trans_frombad 0.315456869976932 0.4985285640903045
grad2 1.0314285248105521 1.05086516226597
grad3 1.0561773786137296 1.0735257357315438
grad4 1.0906450550038653 1.078068932439118
tfp 0.7352641707913572 0.7285606488085169
f =  32.89573428359856 , pars =  [-0.98883512  3.76932633  0.93624846  0.60258338]
- current state of moments (data, sim):
mshare 0.10357350000000001 0.1112663914598812
trans_fromgood 0.9742670027993471 0.9769324020598587
trans_frombad 0.315456869976932 0.4908763926134094
grad2 1.0314285248105521 1.0526542121530664
grad3 1.0561773786137296 1.0760699888315182
grad4 1.0906450550038653 1.0807973629983423
tfp 0.7352641707913572 0.7159861106231756
f =  31.82767675955553 , pars =  [-0.98863607  3.77005957  0.93759869  0.60243513]
- current state of moments (data, sim):
mshare 0.10357350000000001 0.11098583239561571
trans_fromgood 0.9742670027993471 0.9769493099137945
trans_frombad 0.315456869976932 0.48696869256455805
grad2 1.0314285248105521 1.0536255552054492
grad3 1.0561773786137296 1.0775159075642264
grad4 1.0906450550038653 1.082347386473978
tfp 0.7352641707913572 0.7156322375107561
f =  33.29314974842585 , pars =  [-0.98937208  3.76948812  0.93727295  0.60283146]
- current state of moments (data, sim):
mshare 0.10357350000000001 0.11158781955876765
trans_fromgood 0.9742670027993471 0.9769361338449176
trans_frombad 0.315456869976932 0.49013466419713053
grad2 1.0314285248105521 1.0527979995159087
grad3 1.0561773786137296 1.0763183981552484
grad4 1.0906450550038653 1.0810719862769111
tfp 0.7352641707913572 0.7139347138517496
f =  32.364765264873625 , pars =  [-0.98935364  3.76947628  0.93723794  0.60272054]
- current state of moments (data, sim):
mshare 0.10357350000000001 0.11034981465461369
trans_fromgood 0.9742670027993471 0.9769358606205748
trans_frombad 0.315456869976932 0.4942152193939696
grad2 1.0314285248105521 1.0516842208856698
grad3 1.0561773786137296 1.0747478723018513
grad4 1.0906450550038653 1.0794501208240412
tfp 0.7352641707913572 0.722107741786467
f =  19.931188735867742 , pars =  [-0.98928476  3.76936889  0.93707868  0.60224634]
- current state of moments (data, sim):
mshare 0.10357350000000001 0.11417943671803923
trans_fromgood 0.9742670027993471 0.9769333838314878
trans_frombad 0.315456869976932 0.4441640167911539
grad2 1.0314285248105521 1.0493969233278688
grad3 1.0561773786137296 1.0773727001267863
grad4 1.0906450550038653 1.0875789139997991
tfp 0.7352641707913572 0.7220314498070376
f =  32.435612994594884 , pars =  [-0.98905449  3.76936456  0.93719262  0.60210865]
- current state of moments (data, sim):
mshare 0.10357350000000001 0.1103968245307183
trans_fromgood 0.9742670027993471 0.9769332838011746
trans_frombad 0.315456869976932 0.4940319063501329
grad2 1.0314285248105521 1.0518734194704744
grad3 1.0561773786137296 1.0749689400292228
grad4 1.0906450550038653 1.0796312358625775
tfp 0.7352641707913572 0.7215145362602116
f =  32.33974901643323 , pars =  [-0.98916378  3.76950914  0.93714417  0.6022795 ]
- current state of moments (data, sim):
mshare 0.10357350000000001 0.10974838956681271
trans_fromgood 0.9742670027993471 0.9769366186018239
trans_frombad 0.315456869976932 0.49773297453195053
grad2 1.0314285248105521 1.0499275281728577
grad3 1.0561773786137296 1.0724808421482586
grad4 1.0906450550038653 1.0773869712070925
tfp 0.7352641707913572 0.729294187916822
f =  19.18204641646031 , pars =  [-0.9892989   3.7694678   0.93706566  0.60222669]
- current state of moments (data, sim):
mshare 0.10357350000000001 0.11524061976441237
trans_fromgood 0.9742670027993471 0.9769356651598075
trans_frombad 0.315456869976932 0.43848580068582416
grad2 1.0314285248105521 1.0494265781255143
grad3 1.0561773786137296 1.0776948400853013
grad4 1.0906450550038653 1.0886737875113448
tfp 0.7352641707913572 0.721935007715207
f =  32.23235358677051 , pars =  [-0.98926478  3.76940095  0.93712038  0.60226373]
- current state of moments (data, sim):
mshare 0.10357350000000001 0.11008105848653693
trans_fromgood 0.9742670027993471 0.9769341232101518
trans_frombad 0.315456869976932 0.4948062374906264
grad2 1.0314285248105521 1.051782382492344
grad3 1.0561773786137296 1.0747720877370006
grad4 1.0906450550038653 1.0794167722270516
tfp 0.7352641707913572 0.7238271478083066
f =  32.16901592040852 , pars =  [-0.98927062  3.76946075  0.9369883   0.60228295]
- current state of moments (data, sim):
mshare 0.10357350000000001 0.10931709017730334
trans_fromgood 0.9742670027993471 0.9769355024773793
trans_frombad 0.315456869976932 0.49717328383084447
grad2 1.0314285248105521 1.0511548300946532
grad3 1.0561773786137296 1.0739446673976483
grad4 1.0906450550038653 1.0785395487103309
tfp 0.7352641707913572 0.72924010188297
f =  30.697266047104947 , pars =  [-0.98925564  3.76944076  0.93702414  0.60215137]
- current state of moments (data, sim):
mshare 0.10357350000000001 0.10950761394561168
trans_fromgood 0.9742670027993471 0.9769350414620824
trans_frombad 0.315456869976932 0.49231790022940053
grad2 1.0314285248105521 1.0508408436080936
grad3 1.0561773786137296 1.074045183573055
grad4 1.0906450550038653 1.0791340606534137
tfp 0.7352641707913572 0.7284049759908509
f =  31.900889197241685 , pars =  [-0.98933331  3.76947668  0.93707965  0.60231911]
- current state of moments (data, sim):
mshare 0.10357350000000001 0.11052071941113924
trans_fromgood 0.9742670027993471 0.9769358698432985
trans_frombad 0.315456869976932 0.4937337808352423
grad2 1.0314285248105521 1.050886631149036
grad3 1.0561773786137296 1.0737622692888993
grad4 1.0906450550038653 1.0787968266678176
tfp 0.7352641707913572 0.7239389255838559
f =  33.22214042514176 , pars =  [-0.98922157  3.76940555  0.9370564   0.60223432]
- current state of moments (data, sim):
mshare 0.10357350000000001 0.11076203783439861
trans_fromgood 0.9742670027993471 0.9769342293557395
trans_frombad 0.315456869976932 0.49620467608985136
grad2 1.0314285248105521 1.051648574281927
grad3 1.0561773786137296 1.0743451402851107
grad4 1.0906450550038653 1.0789758099211435
tfp 0.7352641707913572 0.7214008570224122
f =  30.75712801340509 , pars =  [-0.98937945  3.76949978  0.93702729  0.60225859]
- current state of moments (data, sim):
mshare 0.10357350000000001 0.11078421744820424
trans_fromgood 0.9742670027993471 0.976936402641023
trans_frombad 0.315456869976932 0.48710043976182826
grad2 1.0314285248105521 1.0520502894280415
grad3 1.0561773786137296 1.0758149579207699
grad4 1.0906450550038653 1.0810234240367511
tfp 0.7352641707913572 0.7195979668258196
f =  30.374152995642632 , pars =  [-0.98934657  3.76939265  0.93705809  0.60218171]
- current state of moments (data, sim):
mshare 0.10357350000000001 0.11050545469936386
trans_fromgood 0.9742670027993471 0.97693393182411
trans_frombad 0.315456869976932 0.4876482356208139
grad2 1.0314285248105521 1.0515978660790593
grad3 1.0561773786137296 1.075260711166923
grad4 1.0906450550038653 1.080559113470448
tfp 0.7352641707913572 0.7219667030956948
