current parameter status : 
sigma 2.053 False
beta 0.97 False
phi 0.3236 False
psi 0.1793 False
delta_h1 -1.3907 True
delta_h2 3.9922 True
eta 0.0 False
tfp 0.9895 True
price 0.6573 True
risk 0.0 False
-- 
number of parameters:  10
number of free parameters:  4
current parameter status : 
sigma 2.053 False
beta 0.97 False
phi 0.3236 False
psi 0.1793 False
delta_h1 -1.3907 True
delta_h2 3.9922 True
eta 0.0 False
tfp 0.9895 True
price 0.6573 True
risk 0.0 False
- using these moments:
mshare 0.08828150000000001 0.01450751285405346
trans_fromgood 0.9733491820465242 0.004043170914761445
trans_frombad 0.48295688684199206 0.06469366941483022
grad2 1.0300849198644249 0.017678418526382363
grad3 1.0241036808273303 0.018375668394591867
grad4 1.0237958579139899 0.01838935438590503
tfp 0.872561963669148 0.0181567545361873
f =  14.52853909501447 , pars =  [-1.39073598  3.99219586  0.98948248  0.65727965]
- current state of moments (data, sim):
mshare 0.08828150000000001 0.07922548486202316
trans_fromgood 0.9733491820465242 0.9815408641029743
trans_frombad 0.48295688684199206 0.6446693312698665
grad2 1.0300849198644249 1.0217782946702096
grad3 1.0241036808273303 1.0299582509571337
grad4 1.0237958579139899 1.0319707393306758
tfp 0.872561963669148 0.8397501807721318
f =  14.572793523100918 , pars =  [-1.29073598  3.99219586  0.98948248  0.65727965]
- current state of moments (data, sim):
mshare 0.08828150000000001 0.07682761049385106
trans_fromgood 0.9733491820465242 0.9815408641029765
trans_frombad 0.48295688684199206 0.6403680716634568
grad2 1.0300849198644249 1.0220640587703969
grad3 1.0241036808273303 1.0305819694464928
grad4 1.0237958579139899 1.0326068493059475
tfp 0.872561963669148 0.8392577981473329
f =  16.08154888593361 , pars =  [-1.39073598  4.09219586  0.98948248  0.65727965]
- current state of moments (data, sim):
mshare 0.08828150000000001 0.0718283736914751
trans_fromgood 0.9733491820465242 0.9832974831357612
trans_frombad 0.48295688684199206 0.6338353306505414
grad2 1.0300849198644249 1.0206460046847718
grad3 1.0241036808273303 1.028534300665578
grad4 1.0237958579139899 1.0305237633629711
tfp 0.872561963669148 0.8420447000841262
f =  54.939207687037765 , pars =  [-1.39073598  3.99219586  1.08948248  0.65727965]
- current state of moments (data, sim):
mshare 0.08828150000000001 0.07051551674872308
trans_fromgood 0.9733491820465242 0.9815408883249687
trans_frombad 0.48295688684199206 0.6764220520357699
grad2 1.0300849198644249 1.0196634810104621
grad3 1.0241036808273303 1.027222315388965
grad4 1.0237958579139899 1.0287673037173781
tfp 0.872561963669148 0.9873124448502146
f =  9.961599747316182 , pars =  [-1.39073598  3.99219586  0.98948248  0.75727965]
- current state of moments (data, sim):
mshare 0.08828150000000001 0.09256061977938056
trans_fromgood 0.9733491820465242 0.9815408641029744
trans_frombad 0.48295688684199206 0.5683584265781748
grad2 1.0300849198644249 1.022742493093298
grad3 1.0241036808273303 1.0341792154515383
grad4 1.0237958579139899 1.039232082422847
tfp 0.872561963669148 0.8419135450285861
f =  13.338601981677877 , pars =  [-1.49073598  3.99219586  0.98948248  0.65727965]
- current state of moments (data, sim):
mshare 0.08828150000000001 0.0817674316036683
trans_fromgood 0.9733491820465242 0.9815408641029733
trans_frombad 0.48295688684199206 0.6255063042481126
grad2 1.0300849198644249 1.0233170077831486
grad3 1.0241036808273303 1.0327904997174098
grad4 1.0237958579139899 1.0350476729416733
tfp 0.872561963669148 0.8389230677598674
f =  12.661103799788227 , pars =  [-1.39073598  3.89219586  0.98948248  0.65727965]
- current state of moments (data, sim):
mshare 0.08828150000000001 0.08694157691169555
trans_fromgood 0.9733491820465242 0.9795994998338008
trans_frombad 0.48295688684199206 0.6488507616602602
grad2 1.0300849198644249 1.0235672069082327
grad3 1.0241036808273303 1.0323981840810978
grad4 1.0237958579139899 1.0345662120339767
tfp 0.872561963669148 0.8410902024797959
f =  83.13456811226338 , pars =  [-1.39073598  3.99219586  0.88948248  0.65727965]
- current state of moments (data, sim):
mshare 0.08828150000000001 0.09360947979199538
trans_fromgood 0.9733491820465242 0.9815408641029757
trans_frombad 0.48295688684199206 0.49871548488072037
grad2 1.0300849198644249 1.0267832395783891
grad3 1.0241036808273303 1.0427591106023053
grad4 1.0237958579139899 1.0504580144389684
tfp 0.872561963669148 0.714621387774217
f =  21.778065946883192 , pars =  [-1.39073598  3.99219586  0.98948248  0.55727965]
- current state of moments (data, sim):
mshare 0.08828150000000001 0.06589212896682028
trans_fromgood 0.9733491820465242 0.9815408641029739
trans_frombad 0.48295688684199206 0.7205303711531253
grad2 1.0300849198644249 1.0196915832626379
grad3 1.0241036808273303 1.023567851532027
grad4 1.0237958579139899 1.0243883303760715
tfp 0.872561963669148 0.8506364523401476
f =  7.5170318526191435 , pars =  [-1.41005868  3.94086865  1.00285378  0.83982273]
- current state of moments (data, sim):
mshare 0.08828150000000001 0.10394890598328205
trans_fromgood 0.9733491820465242 0.9805686715989015
trans_frombad 0.48295688684199206 0.559866366516042
grad2 1.0300849198644249 1.025162696874117
grad3 1.0241036808273303 1.0370773640814213
grad4 1.0237958579139899 1.0426740265192396
tfp 0.872561963669148 0.8662933815963066
f =  8.908769030930987 , pars =  [-1.45923456  3.85736607  1.00225809  0.81515096]
- current state of moments (data, sim):
mshare 0.08828150000000001 0.11217856742442937
trans_fromgood 0.9733491820465242 0.9788764356310443
trans_frombad 0.48295688684199206 0.560746468022073
grad2 1.0300849198644249 1.0268730493562128
grad3 1.0241036808273303 1.0396859859753025
grad4 1.0237958579139899 1.0459512176209858
tfp 0.872561963669148 0.8576211131444028
f =  9.374935697211487 , pars =  [-1.39915766  3.91179654  1.01350866  0.93428147]
- current state of moments (data, sim):
mshare 0.08828150000000001 0.11363408492427672
trans_fromgood 0.9733491820465242 0.9799954700830237
trans_frombad 0.48295688684199206 0.5815959802864543
grad2 1.0300849198644249 1.0264036668639416
grad3 1.0241036808273303 1.0356769953507097
grad4 1.0237958579139899 1.0406256049061755
tfp 0.872561963669148 0.8748932364165376
f =  8.346385637201294 , pars =  [-1.39043462  4.02628163  1.00259319  0.88798342]
- current state of moments (data, sim):
mshare 0.08828150000000001 0.10110991157358039
trans_fromgood 0.9733491820465242 0.982159455409062
trans_frombad 0.48295688684199206 0.5453934549670227
grad2 1.0300849198644249 1.0238019652153196
grad3 1.0241036808273303 1.0355600917036394
grad4 1.0237958579139899 1.0411688605783753
tfp 0.872561963669148 0.8600187493449795
f =  45.907239486390885 , pars =  [-1.45690364  3.9505719   0.91719832  0.85917574]
- current state of moments (data, sim):
mshare 0.08828150000000001 0.11810517879442037
trans_fromgood 0.9733491820465242 0.9807563068232193
trans_frombad 0.48295688684199206 0.4982253072897839
grad2 1.0300849198644249 1.0281066420552225
grad3 1.0241036808273303 1.0403600406873412
grad4 1.0237958579139899 1.0491100717393351
tfp 0.872561963669148 0.7642601380489485
f =  8.247220204277799 , pars =  [-1.31659027  3.92337507  1.00063577  0.87068877]
- current state of moments (data, sim):
mshare 0.08828150000000001 0.10702562597893
trans_fromgood 0.9733491820465242 0.980225757435362
trans_frombad 0.48295688684199206 0.5513379305041582
grad2 1.0300849198644249 1.025856428210111
grad3 1.0241036808273303 1.0387699933634786
grad4 1.0237958579139899 1.0446880769279503
tfp 0.872561963669148 0.858698577216256
f =  8.259174186896475 , pars =  [-1.49095934  3.96813759  1.02268918  0.79167666]
- current state of moments (data, sim):
mshare 0.08828150000000001 0.09564351755004727
trans_fromgood 0.9733491820465242 0.9810913840784952
trans_frombad 0.48295688684199206 0.5759536335575749
grad2 1.0300849198644249 1.0232987425741427
grad3 1.0241036808273303 1.0344030800790487
grad4 1.0237958579139899 1.0393805189095169
tfp 0.872561963669148 0.8915073541176022
f =  8.915705520079149 , pars =  [-1.50202413  3.97843567  1.00142003  0.85118137]
- current state of moments (data, sim):
mshare 0.08828150000000001 0.1020888747799398
trans_fromgood 0.9733491820465242 0.9812851072653463
trans_frombad 0.48295688684199206 0.5889462893531892
grad2 1.0300849198644249 1.0231990720353938
grad3 1.0241036808273303 1.0328070897187203
grad4 1.0237958579139899 1.0370871933799566
tfp 0.872561963669148 0.8587968122433439
f =  7.633380629665309 , pars =  [-1.44054942  3.9626535   1.00223721  0.80672658]
- current state of moments (data, sim):
mshare 0.08828150000000001 0.10002982436518067
trans_fromgood 0.9733491820465242 0.9809874025538659
trans_frombad 0.48295688684199206 0.5524742939952699
grad2 1.0300849198644249 1.0252165041183614
grad3 1.0241036808273303 1.037661076865154
grad4 1.0237958579139899 1.043354029083902
tfp 0.872561963669148 0.859689552459167
f =  8.692001431930057 , pars =  [-1.40413742  3.9428082   0.99924203  0.83288499]
- current state of moments (data, sim):
mshare 0.08828150000000001 0.10412977061398901
trans_fromgood 0.9733491820465242 0.980606323145919
trans_frombad 0.48295688684199206 0.5727871724840485
grad2 1.0300849198644249 1.0232159277402224
grad3 1.0241036808273303 1.0345372601285265
grad4 1.0237958579139899 1.0398110017477644
tfp 0.872561963669148 0.8533721657198926
f =  7.784471367950125 , pars =  [-1.40474118  3.94683397  1.01003055  0.86239778]
- current state of moments (data, sim):
mshare 0.08828150000000001 0.10574250270171899
trans_fromgood 0.9733491820465242 0.9806842406018826
trans_frombad 0.48295688684199206 0.5551144066895689
grad2 1.0300849198644249 1.0253547489595631
grad3 1.0241036808273303 1.037590458335128
grad4 1.0237958579139899 1.043293996763276
tfp 0.872561963669148 0.8678959806330868
f =  7.780037911611573 , pars =  [-1.40804973  3.94727373  1.0101406   0.83846576]
- current state of moments (data, sim):
mshare 0.08828150000000001 0.10097093711410543
trans_fromgood 0.9733491820465242 0.9806927330705898
trans_frombad 0.48295688684199206 0.562038418899893
grad2 1.0300849198644249 1.0244668031152273
grad3 1.0241036808273303 1.0367283818279205
grad4 1.0237958579139899 1.0421911946449978
tfp 0.872561963669148 0.8871796683613709
f =  8.209617876316672 , pars =  [-1.41507005  3.9337923   1.00744858  0.84174606]
- current state of moments (data, sim):
mshare 0.08828150000000001 0.10226950486384162
trans_fromgood 0.9733491820465242 0.9804306811206256
trans_frombad 0.48295688684199206 0.5714471060828467
grad2 1.0300849198644249 1.0242223057262498
grad3 1.0241036808273303 1.035710114455641
grad4 1.0237958579139899 1.0410026532536767
tfp 0.872561963669148 0.8903230424537308
f =  8.17147630218632 , pars =  [-1.40878646  3.95015525  0.99998554  0.84180107]
- current state of moments (data, sim):
mshare 0.08828150000000001 0.10432168960787984
trans_fromgood 0.9733491820465242 0.9807482872021356
trans_frombad 0.48295688684199206 0.5541379075523717
grad2 1.0300849198644249 1.0247768916757438
grad3 1.0241036808273303 1.0368921640210949
grad4 1.0237958579139899 1.0428075350503023
tfp 0.872561963669148 0.8568787548012053
f =  7.627389657219009 , pars =  [-1.4049782   3.93901313  1.00278405  0.84823349]
- current state of moments (data, sim):
mshare 0.08828150000000001 0.1050827034532351
trans_fromgood 0.9733491820465242 0.9805325829010788
trans_frombad 0.48295688684199206 0.5491134025968869
grad2 1.0300849198644249 1.025732457777438
grad3 1.0241036808273303 1.0388711737124192
grad4 1.0237958579139899 1.0447689392724546
tfp 0.872561963669148 0.8675343324830073
f =  10.25211455677816 , pars =  [-1.41443319  3.94040173  0.99407032  0.84169262]
- current state of moments (data, sim):
mshare 0.08828150000000001 0.10682802734227885
trans_fromgood 0.9733491820465242 0.9805595966683689
trans_frombad 0.48295688684199206 0.5550676625821708
grad2 1.0300849198644249 1.0256450351626416
grad3 1.0241036808273303 1.0379154838091358
grad4 1.0237958579139899 1.04361065674609
tfp 0.872561963669148 0.8443990051947038
f =  8.271767159448551 , pars =  [-1.41450947  3.94022584  1.00674869  0.83178489]
- current state of moments (data, sim):
mshare 0.08828150000000001 0.10037105844268576
trans_fromgood 0.9733491820465242 0.9805561770001027
trans_frombad 0.48295688684199206 0.5642085864822239
grad2 1.0300849198644249 1.0242506126855186
grad3 1.0241036808273303 1.0363689238197729
grad4 1.0237958579139899 1.0418673883927092
tfp 0.872561963669148 0.8932830863649615
f =  9.289521632018074 , pars =  [-1.41270656  3.9439593   1.00697791  0.84797307]
- current state of moments (data, sim):
mshare 0.08828150000000001 0.10096899447131
trans_fromgood 0.9733491820465242 0.9806286344233861
trans_frombad 0.48295688684199206 0.5726780599873943
grad2 1.0300849198644249 1.0236959648932495
grad3 1.0241036808273303 1.0349937121430361
grad4 1.0237958579139899 1.0402223005392977
tfp 0.872561963669148 0.8987481184353318
f =  8.713305700838502 , pars =  [-1.40335285  3.93445887  1.00655899  0.84028965]
- current state of moments (data, sim):
mshare 0.08828150000000001 0.10114154330479293
trans_fromgood 0.9733491820465242 0.9804437209896975
trans_frombad 0.48295688684199206 0.5805393449133288
grad2 1.0300849198644249 1.0231540594921262
grad3 1.0241036808273303 1.0340697742608125
grad4 1.0237958579139899 1.0391295690295745
tfp 0.872561963669148 0.8942760493092144
f =  7.6479779141227064 , pars =  [-1.40618852  3.93865585  1.0051124   0.83997777]
- current state of moments (data, sim):
mshare 0.08828150000000001 0.10420216539991378
trans_fromgood 0.9733491820465242 0.9805256264411518
trans_frombad 0.48295688684199206 0.5613602107250497
grad2 1.0300849198644249 1.0252828201404571
grad3 1.0241036808273303 1.0372478747838165
grad4 1.0237958579139899 1.0427548396963637
tfp 0.872561963669148 0.8649423968445674
f =  7.317966387987466 , pars =  [-1.41056475  3.94089109  1.00317633  0.83902314]
- current state of moments (data, sim):
mshare 0.08828150000000001 0.1038670537129849
trans_fromgood 0.9733491820465242 0.9805691077179135
trans_frombad 0.48295688684199206 0.5542555512189413
grad2 1.0300849198644249 1.024904522462167
grad3 1.0241036808273303 1.0369738761531901
grad4 1.0237958579139899 1.0429728945359338
tfp 0.872561963669148 0.8669207442038422
f =  7.446661033035614 , pars =  [-1.41156999  3.94118213  1.004267    0.83703185]
- current state of moments (data, sim):
mshare 0.08828150000000001 0.10210329178470802
trans_fromgood 0.9733491820465242 0.980574761952239
trans_frombad 0.48295688684199206 0.5740670409568605
grad2 1.0300849198644249 1.0236571022315284
grad3 1.0241036808273303 1.03483554543842
grad4 1.0237958579139899 1.0400229868582114
tfp 0.872561963669148 0.8785799349177178
f =  7.88618483018673 , pars =  [-1.41111051  3.9412189   1.00359564  0.83967033]
- current state of moments (data, sim):
mshare 0.08828150000000001 0.104501733877934
trans_fromgood 0.9733491820465242 0.9805754762728999
trans_frombad 0.48295688684199206 0.560657482117668
grad2 1.0300849198644249 1.0250954534451535
grad3 1.0241036808273303 1.036937427123491
grad4 1.0237958579139899 1.04250399517965
tfp 0.872561963669148 0.8611244475055252
f =  7.596516083851026 , pars =  [-1.41033898  3.94014079  1.00288229  0.83847577]
- current state of moments (data, sim):
mshare 0.08828150000000001 0.10385360041835585
trans_fromgood 0.9733491820465242 0.9805545231307905
trans_frombad 0.48295688684199206 0.5630000106269897
grad2 1.0300849198644249 1.0251822866830573
grad3 1.0241036808273303 1.037169802042865
grad4 1.0237958579139899 1.0425847207642394
tfp 0.872561963669148 0.866506464543305
f =  7.558640501468727 , pars =  [-1.41112785  3.94101947  1.00235999  0.83901937]
- current state of moments (data, sim):
mshare 0.08828150000000001 0.10375933640026043
trans_fromgood 0.9733491820465242 0.9805716020165226
trans_frombad 0.48295688684199206 0.5673243452332201
grad2 1.0300849198644249 1.0243200101852328
grad3 1.0241036808273303 1.035846268301622
grad4 1.0237958579139899 1.041199663951817
tfp 0.872561963669148 0.8663153946678003
f =  7.689379762282373 , pars =  [-1.4100174   3.94160305  1.00313103  0.83858555]
- current state of moments (data, sim):
mshare 0.08828150000000001 0.10396702964206819
trans_fromgood 0.9733491820465242 0.9805829366796254
trans_frombad 0.48295688684199206 0.5611075078203116
grad2 1.0300849198644249 1.0252142383952128
grad3 1.0241036808273303 1.0371642222929214
grad4 1.0237958579139899 1.0426739501323938
tfp 0.872561963669148 0.8639460992937165
f =  7.768805777538615 , pars =  [-1.4103013   3.94136437  1.00401459  0.83908595]
- current state of moments (data, sim):
mshare 0.08828150000000001 0.10413932726744761
trans_fromgood 0.9733491820465242 0.9805783016436621
trans_frombad 0.48295688684199206 0.554709228094333
grad2 1.0300849198644249 1.0262819147215088
grad3 1.0241036808273303 1.038810620766615
grad4 1.0237958579139899 1.0444031131545248
tfp 0.872561963669148 0.8643534555000252
f =  7.54598915988419 , pars =  [-1.4107435   3.94000792  1.0035817   0.83917715]
- current state of moments (data, sim):
mshare 0.08828150000000001 0.10381629928730345
trans_fromgood 0.9733491820465242 0.9805519392451828
trans_frombad 0.48295688684199206 0.5674685156256029
grad2 1.0300849198644249 1.0243660122829563
grad3 1.0241036808273303 1.0359146326738153
grad4 1.0237958579139899 1.0412840354006314
tfp 0.872561963669148 0.8669051701927232
f =  7.457721113177991 , pars =  [-1.41107598  3.9410034   1.00356201  0.83826334]
- current state of moments (data, sim):
mshare 0.08828150000000001 0.10368539006151173
trans_fromgood 0.9733491820465242 0.9805712897845418
trans_frombad 0.48295688684199206 0.560664749984645
grad2 1.0300849198644249 1.0251098444899014
grad3 1.0241036808273303 1.036953583283289
grad4 1.0237958579139899 1.0425247971023848
tfp 0.872561963669148 0.8670736819025305
f =  7.707456989475568 , pars =  [-1.41032574  3.94063002  1.0031888   0.83904286]
- current state of moments (data, sim):
mshare 0.08828150000000001 0.1041433417065471
trans_fromgood 0.9733491820465242 0.9805640342336817
trans_frombad 0.48295688684199206 0.5608665456927009
grad2 1.0300849198644249 1.025249750367049
grad3 1.0241036808273303 1.0372167490638102
grad4 1.0237958579139899 1.0427304701788394
tfp 0.872561963669148 0.8637933863669294
f =  7.7239962475185555 , pars =  [-1.41053546  3.94090945  1.00315228  0.83911384]
- current state of moments (data, sim):
mshare 0.08828150000000001 0.10415896122946841
trans_fromgood 0.9733491820465242 0.9805694643624078
trans_frombad 0.48295688684199206 0.5607398332379406
grad2 1.0300849198644249 1.0252535330723893
grad3 1.0241036808273303 1.0372245455027842
grad4 1.0237958579139899 1.0427408484608809
tfp 0.872561963669148 0.8635623673168079
f =  7.38047490661971 , pars =  [-1.41062599  3.94084897  1.00319904  0.83886371]
- current state of moments (data, sim):
mshare 0.08828150000000001 0.10384921579225573
trans_fromgood 0.9733491820465242 0.9805682892866142
trans_frombad 0.48295688684199206 0.5557664236319254
grad2 1.0300849198644249 1.024943843452617
grad3 1.0241036808273303 1.0370880723593487
grad4 1.0237958579139899 1.042994590488183
tfp 0.872561963669148 0.8668067208142936
f =  7.521537652454712 , pars =  [-1.41064008  3.94091334  1.00322009  0.83906689]
- current state of moments (data, sim):
mshare 0.08828150000000001 0.10377477163353051
trans_fromgood 0.9733491820465242 0.9805695399705224
trans_frombad 0.48295688684199206 0.5615322469647254
grad2 1.0300849198644249 1.0251484320780904
grad3 1.0241036808273303 1.0370689408947606
grad4 1.0237958579139899 1.0425599999112782
tfp 0.872561963669148 0.8668284067787312
f =  7.485253350631299 , pars =  [-1.41051017  3.94090494  1.00317082  0.83894067]
- current state of moments (data, sim):
mshare 0.08828150000000001 0.10397324805657172
trans_fromgood 0.9733491820465242 0.9805693767996768
trans_frombad 0.48295688684199206 0.5578878182212665
grad2 1.0300849198644249 1.0247424161344707
grad3 1.0241036808273303 1.037264091525686
grad4 1.0237958579139899 1.0429070196086048
tfp 0.872561963669148 0.8668054136013067
f =  7.716585619743109 , pars =  [-1.41052799  3.94090173  1.00326826  0.83903234]
- current state of moments (data, sim):
mshare 0.08828150000000001 0.10413760731163092
trans_fromgood 0.9733491820465242 0.9805693144321291
trans_frombad 0.48295688684199206 0.5608035931442646
grad2 1.0300849198644249 1.0252507342278854
grad3 1.0241036808273303 1.0372188766015107
grad4 1.0237958579139899 1.042734481777597
tfp 0.872561963669148 0.8636611234494813
f =  7.547349373372337 , pars =  [-1.41059465  3.94081221  1.00312455  0.83900893]
- current state of moments (data, sim):
mshare 0.08828150000000001 0.10381496801098149
trans_fromgood 0.9733491820465242 0.9805675749477056
trans_frombad 0.48295688684199206 0.5616995392139822
grad2 1.0300849198644249 1.0251643788533735
grad3 1.0241036808273303 1.037102793605498
grad4 1.0237958579139899 1.0425877571200104
tfp 0.872561963669148 0.8665436566044934
f =  7.481122976446683 , pars =  [-1.41061343  3.94093432  1.00310095  0.83901425]
- current state of moments (data, sim):
mshare 0.08828150000000001 0.10228944199908031
trans_fromgood 0.9733491820465242 0.9805699475556747
trans_frombad 0.48295688684199206 0.5671537801754983
grad2 1.0300849198644249 1.0246754381603187
grad3 1.0241036808273303 1.0364223325324367
grad4 1.0237958579139899 1.041719254101381
tfp 0.872561963669148 0.880102609099279
f =  7.5526380924424386 , pars =  [-1.41063301  3.94091375  1.00319699  0.8389568 ]
- current state of moments (data, sim):
mshare 0.08828150000000001 0.10372525590329745
trans_fromgood 0.9733491820465242 0.9805695478505433
trans_frombad 0.48295688684199206 0.5675034375353458
grad2 1.0300849198644249 1.0243394410057975
grad3 1.0241036808273303 1.0358750728554247
grad4 1.0237958579139899 1.0412389644385858
tfp 0.872561963669148 0.8666335133787247
f =  7.537471181079052 , pars =  [-1.4105655   3.9408527   1.00319241  0.83899544]
- current state of moments (data, sim):
mshare 0.08828150000000001 0.10380327570789319
trans_fromgood 0.9733491820465242 0.9805683616210502
trans_frombad 0.48295688684199206 0.56156299251498
grad2 1.0300849198644249 1.0251584580893138
grad3 1.0241036808273303 1.037085921452569
grad4 1.0237958579139899 1.0425842419953084
tfp 0.872561963669148 0.8666045443136413
f =  7.449578375608787 , pars =  [-1.41056055  3.94089416  1.00318484  0.83902386]
- current state of moments (data, sim):
mshare 0.08828150000000001 0.10381745556194023
trans_fromgood 0.9733491820465242 0.9805691673180249
trans_frombad 0.48295688684199206 0.563623366675749
grad2 1.0300849198644249 1.0241134513525325
grad3 1.0241036808273303 1.035886126367094
grad4 1.0237958579139899 1.0415272850851913
tfp 0.872561963669148 0.866699576760481
f =  7.417415615304286 , pars =  [-1.41057142  3.94088819  1.00315304  0.83901773]
- current state of moments (data, sim):
mshare 0.08828150000000001 0.1022687111045364
trans_fromgood 0.9733491820465242 0.9805690512776443
trans_frombad 0.48295688684199206 0.5657326261092851
grad2 1.0300849198644249 1.024659303220393
grad3 1.0241036808273303 1.0363445094620982
grad4 1.0237958579139899 1.0417230467386822
tfp 0.872561963669148 0.8801296249878211
f =  7.688992878901416 , pars =  [-1.41057308  3.94089272  1.00317973  0.83902719]
- current state of moments (data, sim):
mshare 0.08828150000000001 0.10442858773271925
trans_fromgood 0.9733491820465242 0.9805691393684752
trans_frombad 0.48295688684199206 0.5489121960511824
grad2 1.0300849198644249 1.0257218512522157
grad3 1.0241036808273303 1.0387083891123376
grad4 1.0237958579139899 1.0446375389133038
tfp 0.872561963669148 0.8635760806006539
f =  7.532159166366202 , pars =  [-1.41055727  3.9408856   1.00317261  0.83902317]
- current state of moments (data, sim):
mshare 0.08828150000000001 0.10406224329216583
trans_fromgood 0.9733491820465242 0.9805690009186105
trans_frombad 0.48295688684199206 0.5515022898860997
grad2 1.0300849198644249 1.0256198521941138
grad3 1.0241036808273303 1.0385875700222422
grad4 1.0237958579139899 1.0443820313423862
tfp 0.872561963669148 0.8668379552842591
f =  7.658909000838079 , pars =  [-1.41057026  3.9408922   1.00317871  0.83901521]
- current state of moments (data, sim):
mshare 0.08828150000000001 0.10413931195058151
trans_fromgood 0.9733491820465242 0.9805691291885302
trans_frombad 0.48295688684199206 0.5596476375132711
grad2 1.0300849198644249 1.0252193949280632
grad3 1.0241036808273303 1.0371206152324501
grad4 1.0237958579139899 1.0427213724485311
tfp 0.872561963669148 0.8637914792230367
f =  7.287952153982333 , pars =  [-1.41056234  3.9408998   1.00317216  0.83902413]
- current state of moments (data, sim):
mshare 0.08828150000000001 0.10293041992083168
trans_fromgood 0.9733491820465242 0.9805692769137287
trans_frombad 0.48295688684199206 0.564128028500695
grad2 1.0300849198644249 1.024693918312435
grad3 1.0241036808273303 1.0363467588951984
grad4 1.0237958579139899 1.0418329900384486
tfp 0.872561963669148 0.873994239753236
f =  7.710097428683746 , pars =  [-1.4105599   3.94089859  1.00317072  0.83903364]
- current state of moments (data, sim):
mshare 0.08828150000000001 0.10413305783185389
trans_fromgood 0.9733491820465242 0.9805692534659789
trans_frombad 0.48295688684199206 0.560719423315768
grad2 1.0300849198644249 1.0252539532803666
grad3 1.0241036808273303 1.0372263771793246
grad4 1.0237958579139899 1.0427439583903455
tfp 0.872561963669148 0.8637385820627551
f =  7.905042941169207 , pars =  [-1.41056016  3.94090649  1.00316794  0.83901841]
- current state of moments (data, sim):
mshare 0.08828150000000001 0.1047093872740748
trans_fromgood 0.9733491820465242 0.9805694069226791
trans_frombad 0.48295688684199206 0.5507221683438484
grad2 1.0300849198644249 1.0255629024254012
grad3 1.0241036808273303 1.0384362072158175
grad4 1.0237958579139899 1.0443033226222898
tfp 0.872561963669148 0.8608072588924721
f =  7.538175801073879 , pars =  [-1.41056693  3.94089607  1.00316412  0.83902344]
- current state of moments (data, sim):
mshare 0.08828150000000001 0.10380386132158864
trans_fromgood 0.9733491820465242 0.9805692044014113
trans_frombad 0.48295688684199206 0.5615422815342015
grad2 1.0300849198644249 1.0251576454408005
grad3 1.0241036808273303 1.0370850090402772
grad4 1.0237958579139899 1.042582057513187
tfp 0.872561963669148 0.8665786210837523
f =  7.384627957823387 , pars =  [-1.41056404  3.9409055   1.00317939  0.83902765]
- current state of moments (data, sim):
mshare 0.08828150000000001 0.10380213590352431
trans_fromgood 0.9733491820465242 0.9805693876248357
trans_frombad 0.48295688684199206 0.5616467140135709
grad2 1.0300849198644249 1.0241324102120706
grad3 1.0241036808273303 1.0358960643162405
grad4 1.0237958579139899 1.041677047263734
tfp 0.872561963669148 0.8667949501479081
f =  7.374472290272635 , pars =  [-1.41056135  3.94089715  1.00317567  0.83902197]
- current state of moments (data, sim):
mshare 0.08828150000000001 0.10415987350557938
trans_fromgood 0.9733491820465242 0.9805692253843821
trans_frombad 0.48295688684199206 0.5431115661533432
grad2 1.0300849198644249 1.0254085190993827
grad3 1.0241036808273303 1.038635578917977
grad4 1.0237958579139899 1.0450131662318627
tfp 0.872561963669148 0.8669213939646073
f =  7.5370235344444225 , pars =  [-1.41056319  3.94090008  1.00317213  0.83902325]
- current state of moments (data, sim):
mshare 0.08828150000000001 0.10380023769499246
trans_fromgood 0.9733491820465242 0.9805692823089086
trans_frombad 0.48295688684199206 0.5615476113284976
grad2 1.0300849198644249 1.0251566599794841
grad3 1.0241036808273303 1.0370834410748415
grad4 1.0237958579139899 1.0425802645408497
tfp 0.872561963669148 0.8665951217057419
f =  7.436826591952026 , pars =  [-1.41056     3.9408999   1.00317222  0.83902498]
- current state of moments (data, sim):
mshare 0.08828150000000001 0.1038739023160124
trans_fromgood 0.9733491820465242 0.9805692789243162
trans_frombad 0.48295688684199206 0.5572572857264919
grad2 1.0300849198644249 1.0249635709550886
grad3 1.0241036808273303 1.0371629420776745
grad4 1.0237958579139899 1.0429587865947634
tfp 0.872561963669148 0.8668540442420775
f =  7.337680122078139 , pars =  [-1.4105623   3.94089927  1.00317135  0.8390239 ]
- current state of moments (data, sim):
mshare 0.08828150000000001 0.10251780117844708
trans_fromgood 0.9733491820465242 0.9805692665171774
trans_frombad 0.48295688684199206 0.5545705994577296
grad2 1.0300849198644249 1.0250986074420718
grad3 1.0241036808273303 1.037758155665917
grad4 1.0237958579139899 1.0435406460136452
tfp 0.872561963669148 0.880176708637695
f =  7.5069810476444285 , pars =  [-1.41056256  3.9408995   1.00317237  0.83902503]
- current state of moments (data, sim):
mshare 0.08828150000000001 0.10406995756240285
trans_fromgood 0.9733491820465242 0.9805692710137238
trans_frombad 0.48295688684199206 0.5502859177282989
grad2 1.0300849198644249 1.0256195524032394
grad3 1.0241036808273303 1.0385508025977876
grad4 1.0237958579139899 1.0444387297065596
tfp 0.872561963669148 0.8665804109200002
f =  7.483314043023515 , pars =  [-1.41056216  3.94090024  1.00317166  0.83902485]
- current state of moments (data, sim):
mshare 0.08828150000000001 0.1040385038234976
trans_fromgood 0.9733491820465242 0.9805692854609654
trans_frombad 0.48295688684199206 0.5500792092596849
grad2 1.0300849198644249 1.025606904522581
grad3 1.0241036808273303 1.0385207972151833
grad4 1.0237958579139899 1.0444129382894014
tfp 0.872561963669148 0.8667758164109324
f =  7.960576851772492 , pars =  [-1.41056171  3.94089989  1.00317247  0.83902343]
- current state of moments (data, sim):
mshare 0.08828150000000001 0.10446720902982047
trans_fromgood 0.9733491820465242 0.9805692786297673
trans_frombad 0.48295688684199206 0.5621118061844121
grad2 1.0300849198644249 1.0251160064041358
grad3 1.0241036808273303 1.0370165078508882
grad4 1.0237958579139899 1.042496117041504
tfp 0.872561963669148 0.8607532275733789
f =  7.382325885933503 , pars =  [-1.41056248  3.94090043  1.00317288  0.83902439]
- current state of moments (data, sim):
mshare 0.08828150000000001 0.10385654603806202
trans_fromgood 0.9733491820465242 0.9805692890673878
trans_frombad 0.48295688684199206 0.5557639900848145
grad2 1.0300849198644249 1.0249427969934006
grad3 1.0241036808273303 1.0370897984586311
grad4 1.0237958579139899 1.0429994487438317
tfp 0.872561963669148 0.8668282697674099
f =  7.674186698775595 , pars =  [-1.41056269  3.94089901  1.00317264  0.83902399]
- current state of moments (data, sim):
mshare 0.08828150000000001 0.1041653744727716
trans_fromgood 0.9733491820465242 0.9805692614473069
trans_frombad 0.48295688684199206 0.5595559804671956
grad2 1.0300849198644249 1.0252285056185846
grad3 1.0241036808273303 1.0371346043865215
grad4 1.0237958579139899 1.0427380588512642
tfp 0.872561963669148 0.8635701875512948
f =  7.489314894561837 , pars =  [-1.41056143  3.94089967  1.00317228  0.83902448]
- current state of moments (data, sim):
mshare 0.08828150000000001 0.103819492333403
trans_fromgood 0.9733491820465242 0.9805692742997099
trans_frombad 0.48295688684199206 0.5603270067385414
grad2 1.0300849198644249 1.0251337579543245
grad3 1.0241036808273303 1.0369978370306572
grad4 1.0237958579139899 1.0425829616882571
tfp 0.872561963669148 0.8665819328784297
f =  7.695927363889322 , pars =  [-1.41056317  3.94090008  1.00317168  0.83902411]
- current state of moments (data, sim):
mshare 0.08828150000000001 0.10410556020085938
trans_fromgood 0.9733491820465242 0.9805692824215095
trans_frombad 0.48295688684199206 0.5608061432462159
grad2 1.0300849198644249 1.025244712171305
grad3 1.0241036808273303 1.037211837973094
grad4 1.0237958579139899 1.0427266002199047
tfp 0.872561963669148 0.8639368482708687
f =  7.4642939445008585 , pars =  [-1.41056214  3.94089959  1.00317185  0.83902436]
- current state of moments (data, sim):
mshare 0.08828150000000001 0.10359571033088355
trans_fromgood 0.9733491820465242 0.9805692728472495
trans_frombad 0.48295688684199206 0.5628530040722604
grad2 1.0300849198644249 1.0250074387109929
grad3 1.0241036808273303 1.0368568399021003
grad4 1.0237958579139899 1.0423159320753141
tfp 0.872561963669148 0.8682097452755904
f =  7.5810641818927325 , pars =  [-1.41056238  3.94089972  1.0031722   0.8390241 ]
- current state of moments (data, sim):
mshare 0.08828150000000001 0.1037985656149781
trans_fromgood 0.9733491820465242 0.9805692753375708
trans_frombad 0.48295688684199206 0.5629644794493672
grad2 1.0300849198644249 1.0251621834624518
grad3 1.0241036808273303 1.0371405293141525
grad4 1.0237958579139899 1.0425389230722146
tfp 0.872561963669148 0.8668501547277392
f =  7.578978765437504 , pars =  [-1.41056226  3.94090002  1.00317209  0.83902413]
- current state of moments (data, sim):
mshare 0.08828150000000001 0.10379554631978621
trans_fromgood 0.9733491820465242 0.9805692810891014
trans_frombad 0.48295688684199206 0.5629222756878702
grad2 1.0300849198644249 1.0251633505137252
grad3 1.0241036808273303 1.0371410922012547
grad4 1.0237958579139899 1.042537191235694
tfp 0.872561963669148 0.8668457389781492
f =  7.594087400589184 , pars =  [-1.41056243  3.94089981  1.00317211  0.83902411]
- current state of moments (data, sim):
mshare 0.08828150000000001 0.10382773595557553
trans_fromgood 0.9733491820465242 0.9805692771565867
trans_frombad 0.48295688684199206 0.5628229734391194
grad2 1.0300849198644249 1.0251802911793497
grad3 1.0241036808273303 1.037167070051139
grad4 1.0237958579139899 1.0425732316235528
tfp 0.872561963669148 0.8666006951934393
f =  7.5939609024816015 , pars =  [-1.4105623   3.94089982  1.00317219  0.8390242 ]
- current state of moments (data, sim):
mshare 0.08828150000000001 0.10382779159313475
trans_fromgood 0.9733491820465242 0.9805692772757234
trans_frombad 0.48295688684199206 0.5628105110941328
grad2 1.0300849198644249 1.0251812649425613
grad3 1.0241036808273303 1.0371686469268278
grad4 1.0237958579139899 1.0425751794847642
tfp 0.872561963669148 0.866599783221792
f =  7.57343195491319 , pars =  [-1.41056229  3.94089982  1.00317221  0.83902406]
- current state of moments (data, sim):
mshare 0.08828150000000001 0.10377794769669595
trans_fromgood 0.9733491820465242 0.9805692772573782
trans_frombad 0.48295688684199206 0.5630048703113237
grad2 1.0300849198644249 1.0251523404848604
grad3 1.0241036808273303 1.0371250242754346
grad4 1.0237958579139899 1.042521918037397
tfp 0.872561963669148 0.8669482529300236
f =  7.7216299918361235 , pars =  [-1.41056229  3.94089976  1.0031721   0.8390241 ]
- current state of moments (data, sim):
mshare 0.08828150000000001 0.10414730905137594
trans_fromgood 0.9733491820465242 0.9805692760888013
trans_frombad 0.48295688684199206 0.5607675605396208
grad2 1.0300849198644249 1.025252264802836
grad3 1.0241036808273303 1.037221770930955
grad4 1.0237958579139899 1.0427371014527822
tfp 0.872561963669148 0.8635784474981361
f =  7.579051723338124 , pars =  [-1.41056237  3.94089986  1.00317223  0.83902414]
- current state of moments (data, sim):
mshare 0.08828150000000001 0.1037958140316723
trans_fromgood 0.9733491820465242 0.9805692781166178
trans_frombad 0.48295688684199206 0.562931543067044
grad2 1.0300849198644249 1.0251624337936789
grad3 1.0241036808273303 1.0371397860952711
grad4 1.0237958579139899 1.0425358386930477
tfp 0.872561963669148 0.8668485121701209
f =  7.522285668668316 , pars =  [-1.4105623   3.9408998   1.0031721   0.83902419]
- current state of moments (data, sim):
mshare 0.08828150000000001 0.10375600513095318
trans_fromgood 0.9733491820465242 0.9805692768635738
trans_frombad 0.48295688684199206 0.5618123015891625
grad2 1.0300849198644249 1.0251297864778934
grad3 1.0241036808273303 1.037046564535061
grad4 1.0237958579139899 1.0425427479728393
tfp 0.872561963669148 0.8669373156074526
f =  7.5434608202879385 , pars =  [-1.41056231  3.94089989  1.00317212  0.83902412]
- current state of moments (data, sim):
mshare 0.08828150000000001 0.10380587620462536
trans_fromgood 0.9733491820465242 0.9805692786252227
trans_frombad 0.48295688684199206 0.5620238822776507
grad2 1.0300849198644249 1.0251415010194767
grad3 1.0241036808273303 1.0370701451986994
grad4 1.0237958579139899 1.042553788664722
tfp 0.872561963669148 0.8668448271384762
f =  7.593370356462729 , pars =  [-1.41056235  3.94089981  1.00317217  0.83902412]
- current state of moments (data, sim):
mshare 0.08828150000000001 0.10454671958958354
trans_fromgood 0.9733491820465242 0.980569277171437
trans_frombad 0.48295688684199206 0.5432948693703699
grad2 1.0300849198644249 1.025469092141322
grad3 1.0241036808273303 1.0387048894311646
grad4 1.0237958579139899 1.0450559699907063
tfp 0.872561963669148 0.8636402135454931
f =  7.768397060883668 , pars =  [-1.41056235  3.94089979  1.00317216  0.83902412]
- current state of moments (data, sim):
mshare 0.08828150000000001 0.10423968586546943
trans_fromgood 0.9733491820465242 0.980569276753647
trans_frombad 0.48295688684199206 0.5531062004798434
grad2 1.0300849198644249 1.0262929875725004
grad3 1.0241036808273303 1.0387824862328263
grad4 1.0237958579139899 1.0444784782237535
tfp 0.872561963669148 0.8635812509464023
f =  7.327910568592592 , pars =  [-1.41056234  3.94089981  1.00317215  0.83902413]
- current state of moments (data, sim):
mshare 0.08828150000000001 0.10415247265061574
trans_fromgood 0.9733491820465242 0.9805692770424439
trans_frombad 0.48295688684199206 0.5426416798708259
grad2 1.0300849198644249 1.0253185988587286
grad3 1.0241036808273303 1.0384322816849207
grad4 1.0237958579139899 1.0448935829953017
tfp 0.872561963669148 0.8669923792863394
f =  7.4955891325063035 , pars =  [-1.41056234  3.9408998   1.00317217  0.83902413]
- current state of moments (data, sim):
mshare 0.08828150000000001 0.10407316056605634
trans_fromgood 0.9733491820465242 0.980569276945691
trans_frombad 0.48295688684199206 0.5496949618868189
grad2 1.0300849198644249 1.0256292309693253
grad3 1.0241036808273303 1.0385753967565294
grad4 1.0237958579139899 1.0444805546912985
tfp 0.872561963669148 0.8665773559492155
f =  7.553640150282182 , pars =  [-1.41056235  3.9408998   1.00317215  0.83902413]
- current state of moments (data, sim):
mshare 0.08828150000000001 0.10373280247006289
trans_fromgood 0.9733491820465242 0.9805692769306497
trans_frombad 0.48295688684199206 0.5674804991969798
grad2 1.0300849198644249 1.0243403032853664
grad3 1.0241036808273303 1.0358767950313024
grad4 1.0237958579139899 1.0412408816806538
tfp 0.872561963669148 0.8666120307494478
f =  7.554543784144941 , pars =  [-1.41056235  3.9408998   1.00317215  0.83902412]
- current state of moments (data, sim):
mshare 0.08828150000000001 0.1037360393592111
trans_fromgood 0.9733491820465242 0.9805692769277018
trans_frombad 0.48295688684199206 0.5674700289413224
grad2 1.0300849198644249 1.024341875337867
grad3 1.0241036808273303 1.0358792009629718
grad4 1.0237958579139899 1.0412437263263266
tfp 0.872561963669148 0.8665996414143994
f =  7.517360102217725 , pars =  [-1.41056234  3.9408998   1.00317216  0.83902412]
- current state of moments (data, sim):
mshare 0.08828150000000001 0.10375568519121138
trans_fromgood 0.9733491820465242 0.9805692768743511
trans_frombad 0.48295688684199206 0.5616824960905308
grad2 1.0300849198644249 1.0251352638601978
grad3 1.0241036808273303 1.0370505217002637
grad4 1.0237958579139899 1.0425411755182878
tfp 0.872561963669148 0.8669357526118273
f =  7.384421496557304 , pars =  [-1.41056234  3.9408998   1.00317216  0.83902412]
- current state of moments (data, sim):
mshare 0.08828150000000001 0.10376109521074262
trans_fromgood 0.9733491820465242 0.9805692769670918
trans_frombad 0.48295688684199206 0.5623424631092863
grad2 1.0300849198644249 1.024150253682149
grad3 1.0241036808273303 1.0358621261087722
grad4 1.0237958579139899 1.041557919943172
tfp 0.872561963669148 0.8669320577928598
f =  7.593533980337041 , pars =  [-1.41056234  3.94089981  1.00317216  0.83902412]
- current state of moments (data, sim):
mshare 0.08828150000000001 0.10382597560558957
trans_fromgood 0.9733491820465242 0.9805692770459267
trans_frombad 0.48295688684199206 0.5628029239409557
grad2 1.0300849198644249 1.0251814404237427
grad3 1.0241036808273303 1.0371688618550872
grad4 1.0237958579139899 1.0425754791787527
tfp 0.872561963669148 0.8665973884533313
f =  7.710353680731135 , pars =  [-1.41056234  3.9408998   1.00317215  0.83902413]
- current state of moments (data, sim):
mshare 0.08828150000000001 0.10413248831209812
trans_fromgood 0.9733491820465242 0.9805692769069912
trans_frombad 0.48295688684199206 0.5607309738492343
grad2 1.0300849198644249 1.0252533657838294
grad3 1.0241036808273303 1.0372253298059573
grad4 1.0237958579139899 1.0427426497657162
tfp 0.872561963669148 0.8637366774007916
f =  7.726821922154828 , pars =  [-1.41056234  3.9408998   1.00317216  0.83902413]
- current state of moments (data, sim):
mshare 0.08828150000000001 0.10383325077599294
trans_fromgood 0.9733491820465242 0.9805692768960806
trans_frombad 0.48295688684199206 0.5681280101213625
grad2 1.0300849198644249 1.0252022109725851
grad3 1.0241036808273303 1.036960893787582
grad4 1.0237958579139899 1.0420555708874577
tfp 0.872561963669148 0.8667141448082034
f =  7.610397041625561 , pars =  [-1.41056234  3.9408998   1.00317216  0.83902413]
- current state of moments (data, sim):
mshare 0.08828150000000001 0.1038749052077658
trans_fromgood 0.9733491820465242 0.9805692769574647
trans_frombad 0.48295688684199206 0.5554160191808205
grad2 1.0300849198644249 1.0261869188881632
grad3 1.0241036808273303 1.0386803208976028
grad4 1.0237958579139899 1.0442596892467149
tfp 0.872561963669148 0.866951176517668
f =  7.591770214868492 , pars =  [-1.41056234  3.9408998   1.00317216  0.83902413]
- current state of moments (data, sim):
mshare 0.08828150000000001 0.10382656421006986
trans_fromgood 0.9733491820465242 0.9805692769076245
trans_frombad 0.48295688684199206 0.5628298638471391
grad2 1.0300849198644249 1.0251751418865418
grad3 1.0241036808273303 1.0371584737339616
grad4 1.0237958579139899 1.0425570367167292
tfp 0.872561963669148 0.8666036246321989
f =  7.849215695760753 , pars =  [-1.41056235  3.9408998   1.00317216  0.83902413]
- current state of moments (data, sim):
mshare 0.08828150000000001 0.10420589533656933
trans_fromgood 0.9733491820465242 0.9805692769277706
trans_frombad 0.48295688684199206 0.5650744059742072
grad2 1.0300849198644249 1.0253524404423189
grad3 1.0241036808273303 1.0371662244974236
grad4 1.0237958579139899 1.0424028339403006
tfp 0.872561963669148 0.863603256535539
f =  7.731931149044136 , pars =  [-1.41056235  3.9408998   1.00317216  0.83902413]
- current state of moments (data, sim):
mshare 0.08828150000000001 0.10407789724075743
trans_fromgood 0.9733491820465242 0.9805692769148403
trans_frombad 0.48295688684199206 0.5666776210861035
grad2 1.0300849198644249 1.0244350605015833
grad3 1.0241036808273303 1.0360139244474798
grad4 1.0237958579139899 1.0413968008026286
tfp 0.872561963669148 0.863585937749402
f =  7.537806697446824 , pars =  [-1.41056234  3.9408998   1.00317216  0.83902413]
- current state of moments (data, sim):
mshare 0.08828150000000001 0.10408706481092599
trans_fromgood 0.9733491820465242 0.9805692769175405
trans_frombad 0.48295688684199206 0.5537981714653506
grad2 1.0300849198644249 1.0256732365718262
grad3 1.0241036808273303 1.0383139975136373
grad4 1.0237958579139899 1.043968099899085
tfp 0.872561963669148 0.8668416928653808
f =  7.530791695187019 , pars =  [-1.41056234  3.9408998   1.00317216  0.83902413]
- current state of moments (data, sim):
mshare 0.08828150000000001 0.10378559890835332
trans_fromgood 0.9733491820465242 0.9805692769162148
trans_frombad 0.48295688684199206 0.561590037825505
grad2 1.0300849198644249 1.0251512985371174
grad3 1.0241036808273303 1.0370756266940446
grad4 1.0237958579139899 1.0425713140726405
tfp 0.872561963669148 0.8667133568482532
f =  7.442128406792857 , pars =  [-1.41056234  3.9408998   1.00317216  0.83902413]
- current state of moments (data, sim):
mshare 0.08828150000000001 0.10398282127910581
trans_fromgood 0.9733491820465242 0.9805692769242941
trans_frombad 0.48295688684199206 0.5563700706557992
grad2 1.0300849198644249 1.0247383958547391
grad3 1.0241036808273303 1.0372129462721162
grad4 1.0237958579139899 1.042954612556332
tfp 0.872561963669148 0.86658661528978
f =  7.40005028552772 , pars =  [-1.41056234  3.9408998   1.00317216  0.83902412]
- current state of moments (data, sim):
mshare 0.08828150000000001 0.10389999367553583
trans_fromgood 0.9733491820465242 0.9805692769284118
trans_frombad 0.48295688684199206 0.556026567195314
grad2 1.0300849198644249 1.0249498615674375
grad3 1.0241036808273303 1.037103175563687
grad4 1.0237958579139899 1.042994386362187
tfp 0.872561963669148 0.8667732965968133
f =  7.477900316954932 , pars =  [-1.41056234  3.9408998   1.00317216  0.83902413]
- current state of moments (data, sim):
mshare 0.08828150000000001 0.1037988631985211
trans_fromgood 0.9733491820465242 0.9805692769168769
trans_frombad 0.48295688684199206 0.5603196651963729
grad2 1.0300849198644249 1.025125684957501
grad3 1.0241036808273303 1.0369828519579753
grad4 1.0237958579139899 1.0425616579717976
tfp 0.872561963669148 0.8667170919648316
f =  7.6746965658740605 , pars =  [-1.41056234  3.9408998   1.00317216  0.83902413]
- current state of moments (data, sim):
mshare 0.08828150000000001 0.10416602729372818
trans_fromgood 0.9733491820465242 0.9805692769125387
trans_frombad 0.48295688684199206 0.5595661919674495
grad2 1.0300849198644249 1.0252283145577594
grad3 1.0241036808273303 1.0371344651475038
grad4 1.0237958579139899 1.0427392451181794
tfp 0.872561963669148 0.8635720984716877
f =  7.4813515543897555 , pars =  [-1.41056234  3.9408998   1.00317216  0.83902413]
- current state of moments (data, sim):
mshare 0.08828150000000001 0.10404019030303949
trans_fromgood 0.9733491820465242 0.9805692769143828
trans_frombad 0.48295688684199206 0.5500307444128082
grad2 1.0300849198644249 1.0256077321556103
grad3 1.0241036808273303 1.0385180473195983
grad4 1.0237958579139899 1.0444049350335713
tfp 0.872561963669148 0.8667592974494783
f =  7.532119408696363 , pars =  [-1.41056234  3.9408998   1.00317216  0.83902413]
- current state of moments (data, sim):
mshare 0.08828150000000001 0.10377118989522054
trans_fromgood 0.9733491820465242 0.9805692769151827
trans_frombad 0.48295688684199206 0.5618122192160145
grad2 1.0300849198644249 1.025149110542015
grad3 1.0241036808273303 1.0370799978657708
grad4 1.0237958579139899 1.0425613999913295
tfp 0.872561963669148 0.8668333908827199
f =  7.524793994095505 , pars =  [-1.41056234  3.9408998   1.00317216  0.83902413]
- current state of moments (data, sim):
mshare 0.08828150000000001 0.1037751701738099
trans_fromgood 0.9733491820465242 0.98056927691351
trans_frombad 0.48295688684199206 0.5615723035572848
grad2 1.0300849198644249 1.0251482875632019
grad3 1.0241036808273303 1.037069688167056
grad4 1.0237958579139899 1.0425632182304778
tfp 0.872561963669148 0.8667852601622027
f =  7.72018807621846 , pars =  [-1.41056234  3.9408998   1.00317216  0.83902413]
- current state of moments (data, sim):
mshare 0.08828150000000001 0.10414740368444511
trans_fromgood 0.9733491820465242 0.9805692769133669
trans_frombad 0.48295688684199206 0.560735729792651
grad2 1.0300849198644249 1.0252522172843044
grad3 1.0241036808273303 1.0372203462622638
grad4 1.0237958579139899 1.042735315035675
tfp 0.872561963669148 0.8635777917244613
f =  7.529670752163858 , pars =  [-1.41056234  3.9408998   1.00317216  0.83902413]
- current state of moments (data, sim):
mshare 0.08828150000000001 0.10378210577198403
trans_fromgood 0.9733491820465242 0.9805692769135912
trans_frombad 0.48295688684199206 0.5616131355981758
grad2 1.0300849198644249 1.0251484797429995
grad3 1.0241036808273303 1.0370712916240763
grad4 1.0237958579139899 1.0425664036541487
tfp 0.872561963669148 0.866732700599446
f =  7.7290330372908675 , pars =  [-1.41056234  3.9408998   1.00317216  0.83902413]
- current state of moments (data, sim):
mshare 0.08828150000000001 0.10414769689147353
trans_fromgood 0.9733491820465242 0.9805692769128872
trans_frombad 0.48295688684199206 0.5609510777630129
grad2 1.0300849198644249 1.0252552549310774
grad3 1.0241036808273303 1.037233540786395
grad4 1.0237958579139899 1.042735474407331
tfp 0.872561963669148 0.8635807992319185
f =  7.545569912160523 , pars =  [-1.41056234  3.9408998   1.00317216  0.83902413]
- current state of moments (data, sim):
mshare 0.08828150000000001 0.10408897551229666
trans_fromgood 0.9733491820465242 0.9805692769152182
trans_frombad 0.48295688684199206 0.5513370744873151
grad2 1.0300849198644249 1.0256389539295176
grad3 1.0241036808273303 1.0386162775829983
grad4 1.0237958579139899 1.0444136676459792
tfp 0.872561963669148 0.8665903376227111
f =  8.107442018042152 , pars =  [-1.41056234  3.9408998   1.00317216  0.83902413]
- current state of moments (data, sim):
mshare 0.08828150000000001 0.10455506400330934
trans_fromgood 0.9733491820465242 0.9805692769142608
trans_frombad 0.48295688684199206 0.5660775382796677
grad2 1.0300849198644249 1.02524471537569
grad3 1.0241036808273303 1.0369991101670124
grad4 1.0237958579139899 1.0422047922560103
tfp 0.872561963669148 0.8605197444073655
f =  7.530958856464227 , pars =  [-1.41056234  3.9408998   1.00317216  0.83902413]
- current state of moments (data, sim):
mshare 0.08828150000000001 0.10388865570084271
trans_fromgood 0.9733491820465242 0.980569276913728
trans_frombad 0.48295688684199206 0.5529873316088532
grad2 1.0300849198644249 1.0261657595563043
grad3 1.0241036808273303 1.0385547050329744
grad4 1.0237958579139899 1.0443055353284438
tfp 0.872561963669148 0.8667797641223828
f =  7.440921097147475 , pars =  [-1.41056234  3.9408998   1.00317216  0.83902413]
- current state of moments (data, sim):
mshare 0.08828150000000001 0.10399360913519189
trans_fromgood 0.9733491820465242 0.9805692769138106
trans_frombad 0.48295688684199206 0.5560259115812948
grad2 1.0300849198644249 1.0247511634459987
grad3 1.0241036808273303 1.0372560442852754
grad4 1.0237958579139899 1.0430102194303712
tfp 0.872561963669148 0.8665865478999295
f =  7.720970955874282 , pars =  [-1.41056234  3.9408998   1.00317216  0.83902413]
- current state of moments (data, sim):
mshare 0.08828150000000001 0.10414438741534673
trans_fromgood 0.9733491820465242 0.9805692769138679
trans_frombad 0.48295688684199206 0.5607582536864839
grad2 1.0300849198644249 1.0252524260023241
grad3 1.0241036808273303 1.0372219179659512
grad4 1.0237958579139899 1.0427371021683436
tfp 0.872561963669148 0.8635762423092106
f =  7.490274263767858 , pars =  [-1.41056234  3.9408998   1.00317216  0.83902413]
- current state of moments (data, sim):
mshare 0.08828150000000001 0.1038212699043267
trans_fromgood 0.9733491820465242 0.9805692769135853
trans_frombad 0.48295688684199206 0.5603368252517654
grad2 1.0300849198644249 1.0251339518026004
grad3 1.0241036808273303 1.0369983082883132
grad4 1.0237958579139899 1.0425849049658966
tfp 0.872561963669148 0.8665795693316803
f =  7.889481818420999 , pars =  [-1.41056234  3.9408998   1.00317216  0.83902413]
- current state of moments (data, sim):
mshare 0.08828150000000001 0.10455187883247252
trans_fromgood 0.9733491820465242 0.9805692769136187
trans_frombad 0.48295688684199206 0.5582843644039276
grad2 1.0300849198644249 1.0249944667257542
grad3 1.0241036808273303 1.0371566094661362
grad4 1.0237958579139899 1.0428886686087844
tfp 0.872561963669148 0.8607732359285534
f =  7.6571624681331025 , pars =  [-1.41056234  3.9408998   1.00317216  0.83902413]
- current state of moments (data, sim):
mshare 0.08828150000000001 0.10431198053453093
trans_fromgood 0.9733491820465242 0.9805692769138179
trans_frombad 0.48295688684199206 0.5569513110090679
grad2 1.0300849198644249 1.0248484579812371
grad3 1.0241036808273303 1.0374235157846223
grad4 1.0237958579139899 1.0430888031265948
tfp 0.872561963669148 0.8639450839253416
f =  7.588726850429342 , pars =  [-1.41056234  3.9408998   1.00317216  0.83902413]
- current state of moments (data, sim):
mshare 0.08828150000000001 0.10422826371556371
trans_fromgood 0.9733491820465242 0.9805692769136348
trans_frombad 0.48295688684199206 0.5550757332733328
grad2 1.0300849198644249 1.02505273728083
grad3 1.0241036808273303 1.0372573645584178
grad4 1.0237958579139899 1.0431746727375284
tfp 0.872561963669148 0.8635764778404099
f =  7.593976098148521 , pars =  [-1.41056234  3.9408998   1.00317216  0.83902413]
- current state of moments (data, sim):
mshare 0.08828150000000001 0.1038277209960561
trans_fromgood 0.9733491820465242 0.980569276913747
trans_frombad 0.48295688684199206 0.5628137376663453
grad2 1.0300849198644249 1.025181064668585
grad3 1.0241036808273303 1.037168249602067
grad4 1.0237958579139899 1.0425746799860622
tfp 0.872561963669148 0.8666002599870881
f =  7.56993465327007 , pars =  [-1.41056234  3.9408998   1.00317216  0.83902413]
- current state of moments (data, sim):
mshare 0.08828150000000001 0.10400842065118376
trans_fromgood 0.9733491820465242 0.9805692769137518
trans_frombad 0.48295688684199206 0.5560714272943423
grad2 1.0300849198644249 1.0256111353480322
grad3 1.0241036808273303 1.038258816916759
grad4 1.0237958579139899 1.0437817397021687
tfp 0.872561963669148 0.8671156505785547
f =  7.845131034866279 , pars =  [-1.41056234  3.9408998   1.00317216  0.83902413]
- current state of moments (data, sim):
mshare 0.08828150000000001 0.10420371250133555
trans_fromgood 0.9733491820465242 0.9805692769137018
trans_frombad 0.48295688684199206 0.5650028226608678
grad2 1.0300849198644249 1.025352745517365
grad3 1.0241036808273303 1.037163480739898
grad4 1.0237958579139899 1.0423955454841138
tfp 0.872561963669148 0.8636018428345777
f =  7.384557348108413 , pars =  [-1.41056234  3.9408998   1.00317216  0.83902413]
- current state of moments (data, sim):
mshare 0.08828150000000001 0.10386150506702056
trans_fromgood 0.9733491820465242 0.9805692769137144
trans_frombad 0.48295688684199206 0.5557443305617896
grad2 1.0300849198644249 1.0249449644614748
grad3 1.0241036808273303 1.037092998558259
grad4 1.0237958579139899 1.043003125406353
tfp 0.872561963669148 0.8667824683527897
f =  7.766823296538504 , pars =  [-1.41056234  3.9408998   1.00317216  0.83902413]
- current state of moments (data, sim):
mshare 0.08828150000000001 0.1041607357196129
trans_fromgood 0.9733491820465242 0.9805692769137418
trans_frombad 0.48295688684199206 0.5620517267161083
grad2 1.0300849198644249 1.025270532722481
grad3 1.0241036808273303 1.0373004877406546
grad4 1.0237958579139899 1.0427271578319488
tfp 0.872561963669148 0.863753227502179
f =  7.499008610880119 , pars =  [-1.41056234  3.9408998   1.00317216  0.83902413]
- current state of moments (data, sim):
mshare 0.08828150000000001 0.10382053264782233
trans_fromgood 0.9733491820465242 0.9805692769137185
trans_frombad 0.48295688684199206 0.5605504642024545
grad2 1.0300849198644249 1.0251383387827633
grad3 1.0241036808273303 1.0370135548924826
grad4 1.0237958579139899 1.0425844781333162
tfp 0.872561963669148 0.8665808441687577
f =  7.7368021802071745 , pars =  [-1.41056234  3.9408998   1.00317216  0.83902413]
- current state of moments (data, sim):
mshare 0.08828150000000001 0.10408060033838933
trans_fromgood 0.9733491820465242 0.9805692769137319
trans_frombad 0.48295688684199206 0.566767058457441
grad2 1.0300849198644249 1.0244343772392548
grad3 1.0241036808273303 1.0360164824605307
grad4 1.0237958579139899 1.0414051917429095
tfp 0.872561963669148 0.8635894949109891
f =  7.711131852234556 , pars =  [-1.41056234  3.9408998   1.00317216  0.83902413]
- current state of moments (data, sim):
mshare 0.08828150000000001 0.10413198641783404
trans_fromgood 0.9733491820465242 0.9805692769137272
trans_frombad 0.48295688684199206 0.5607369475378676
grad2 1.0300849198644249 1.0252480749827646
grad3 1.0241036808273303 1.0372122836203208
grad4 1.0237958579139899 1.0427218365965598
tfp 0.872561963669148 0.8636657554921348
f =  7.722062855848555 , pars =  [-1.41056234  3.9408998   1.00317216  0.83902413]
- current state of moments (data, sim):
mshare 0.08828150000000001 0.10414768953752924
trans_fromgood 0.9733491820465242 0.9805692769137344
trans_frombad 0.48295688684199206 0.5607750703661778
grad2 1.0300849198644249 1.0252521978550582
grad3 1.0241036808273303 1.0372218390346906
grad4 1.0237958579139899 1.0427384292732989
tfp 0.872561963669148 0.863579559399973
f =  7.9143979619277705 , pars =  [-1.41056234  3.9408998   1.00317216  0.83902413]
- current state of moments (data, sim):
mshare 0.08828150000000001 0.10448521894539617
trans_fromgood 0.9733491820465242 0.980569276913734
trans_frombad 0.48295688684199206 0.5609241884645918
grad2 1.0300849198644249 1.025090720480278
grad3 1.0241036808273303 1.0369278338207752
grad4 1.0237958579139899 1.042493561535711
tfp 0.872561963669148 0.860727132507666
f =  7.990787801804194 , pars =  [-1.41056234  3.9408998   1.00317216  0.83902413]
- current state of moments (data, sim):
mshare 0.08828150000000001 0.10458913374597473
trans_fromgood 0.9733491820465242 0.9805692769137171
trans_frombad 0.48295688684199206 0.56066521103874
grad2 1.0300849198644249 1.025122699582326
grad3 1.0241036808273303 1.036975386356014
grad4 1.0237958579139899 1.0425501132728552
tfp 0.872561963669148 0.8599046126704191
f =  7.537644288019963 , pars =  [-1.41056234  3.9408998   1.00317216  0.83902413]
- current state of moments (data, sim):
mshare 0.08828150000000001 0.10380211853866014
trans_fromgood 0.9733491820465242 0.980569276913719
trans_frombad 0.48295688684199206 0.5615529921479213
grad2 1.0300849198644249 1.0251567508877204
grad3 1.0241036808273303 1.0370835187181198
grad4 1.0237958579139899 1.042580227525187
tfp 0.872561963669148 0.8665910606002515
f =  7.542671981432876 , pars =  [-1.41056234  3.9408998   1.00317216  0.83902413]
- current state of moments (data, sim):
mshare 0.08828150000000001 0.10380547638260892
trans_fromgood 0.9733491820465242 0.9805692769137281
trans_frombad 0.48295688684199206 0.5616341032911389
grad2 1.0300849198644249 1.0251571397374606
grad3 1.0241036808273303 1.0370877564087553
grad4 1.0237958579139899 1.0425911214037984
tfp 0.872561963669148 0.8665921584522875
f =  7.5430581944381645 , pars =  [-1.41056234  3.9408998   1.00317216  0.83902413]
- current state of moments (data, sim):
mshare 0.08828150000000001 0.1037059965425993
trans_fromgood 0.9733491820465242 0.9805692769137279
trans_frombad 0.48295688684199206 0.5675694129784422
grad2 1.0300849198644249 1.0243305282354445
grad3 1.0241036808273303 1.0358626977696794
grad4 1.0237958579139899 1.0412260578325547
tfp 0.872561963669148 0.8668405724165712
f =  7.6870803234440075 , pars =  [-1.41056234  3.9408998   1.00317216  0.83902413]
- current state of moments (data, sim):
mshare 0.08828150000000001 0.1044256913296083
trans_fromgood 0.9733491820465242 0.9805692769137281
trans_frombad 0.48295688684199206 0.5488720297436299
grad2 1.0300849198644249 1.025721383524022
grad3 1.0241036808273303 1.0387061743915476
grad4 1.0237958579139899 1.0446335924161678
tfp 0.872561963669148 0.8635698309934273
f =  7.726484771242197 , pars =  [-1.41056234  3.9408998   1.00317216  0.83902413]
- current state of moments (data, sim):
mshare 0.08828150000000001 0.10415028350659515
trans_fromgood 0.9733491820465242 0.9805692769137266
trans_frombad 0.48295688684199206 0.560854043600492
grad2 1.0300849198644249 1.0252518825030086
grad3 1.0241036808273303 1.037224940413841
grad4 1.0237958579139899 1.0427467142522349
tfp 0.872561963669148 0.8635811484063374
f =  7.389435554986473 , pars =  [-1.41056234  3.9408998   1.00317216  0.83902413]
- current state of moments (data, sim):
mshare 0.08828150000000001 0.10419385141874606
trans_fromgood 0.9733491820465242 0.9805692769137284
trans_frombad 0.48295688684199206 0.5427426743339356
grad2 1.0300849198644249 1.0254343373052461
grad3 1.0241036808273303 1.038698072876551
grad4 1.0237958579139899 1.0450922553074278
tfp 0.872561963669148 0.8667545413879868
f =  7.7264612490387155 , pars =  [-1.41056234  3.9408998   1.00317216  0.83902413]
- current state of moments (data, sim):
mshare 0.08828150000000001 0.10414993696094485
trans_fromgood 0.9733491820465242 0.9805692769137269
trans_frombad 0.48295688684199206 0.5608531202873281
grad2 1.0300849198644249 1.0252519007803924
grad3 1.0241036808273303 1.0372249288467
grad4 1.0237958579139899 1.0427467585753716
tfp 0.872561963669148 0.8635800545596312
f =  7.696054891533438 , pars =  [-1.41056234  3.9408998   1.00317216  0.83902413]
- current state of moments (data, sim):
mshare 0.08828150000000001 0.10410527899448571
trans_fromgood 0.9733491820465242 0.9805692769137265
trans_frombad 0.48295688684199206 0.5608175163346092
grad2 1.0300849198644249 1.0252441842907203
grad3 1.0241036808273303 1.0372113322975665
grad4 1.0237958579139899 1.0427273321286477
tfp 0.872561963669148 0.863942726653091
f =  7.581018738937647 , pars =  [-1.41056234  3.9408998   1.00317216  0.83902413]
- current state of moments (data, sim):
mshare 0.08828150000000001 0.10379639695258719
trans_fromgood 0.9733491820465242 0.9805692769137259
trans_frombad 0.48295688684199206 0.562906413675676
grad2 1.0300849198644249 1.025169167604384
grad3 1.0241036808273303 1.0371507278093015
grad4 1.0237958579139899 1.0425546610571135
tfp 0.872561963669148 0.8668449944429578
f =  7.790201935714368 , pars =  [-1.41056234  3.9408998   1.00317216  0.83902413]
- current state of moments (data, sim):
mshare 0.08828150000000001 0.1041018397308142
trans_fromgood 0.9733491820465242 0.9805692769137284
trans_frombad 0.48295688684199206 0.5679424162826268
grad2 1.0300849198644249 1.024458536376924
grad3 1.0241036808273303 1.036096632109048
grad4 1.0237958579139899 1.0413901187364634
tfp 0.872561963669148 0.8635973588615337
f =  7.453347144997993 , pars =  [-1.41056234  3.9408998   1.00317216  0.83902413]
- current state of moments (data, sim):
mshare 0.08828150000000001 0.10409474202861745
trans_fromgood 0.9733491820465242 0.9805692769137301
trans_frombad 0.48295688684199206 0.5484195370386483
grad2 1.0300849198644249 1.0256063104760456
grad3 1.0241036808273303 1.0384897235097883
grad4 1.0237958579139899 1.0444895213323784
tfp 0.872561963669148 0.8665670706746758
f =  7.728116021411691 , pars =  [-1.41056234  3.9408998   1.00317216  0.83902413]
- current state of moments (data, sim):
mshare 0.08828150000000001 0.1040760250427554
trans_fromgood 0.9733491820465242 0.9805692769137289
trans_frombad 0.48295688684199206 0.5666182190006074
grad2 1.0300849198644249 1.0244341961171946
grad3 1.0241036808273303 1.0360099997357792
grad4 1.0237958579139899 1.041388642581543
tfp 0.872561963669148 0.8635871100104029
f =  7.74737049872259 , pars =  [-1.41056234  3.9408998   1.00317216  0.83902413]
- current state of moments (data, sim):
mshare 0.08828150000000001 0.10410975465338396
trans_fromgood 0.9733491820465242 0.9805692769137249
trans_frombad 0.48295688684199206 0.5669521695597346
grad2 1.0300849198644249 1.0244388607547887
grad3 1.0241036808273303 1.0360253475703787
grad4 1.0237958579139899 1.0413896259897715
tfp 0.872561963669148 0.8635909270995747
f =  7.593792149007798 , pars =  [-1.41056234  3.9408998   1.00317216  0.83902413]
- current state of moments (data, sim):
mshare 0.08828150000000001 0.10382705455596584
trans_fromgood 0.9733491820465242 0.980569276913727
trans_frombad 0.48295688684199206 0.5628104822270058
grad2 1.0300849198644249 1.025181162850515
grad3 1.0241036808273303 1.0371683973277217
grad4 1.0237958579139899 1.0425748458474065
tfp 0.872561963669148 0.8665999293506179
f =  7.999037925592907 , pars =  [-1.41056234  3.9408998   1.00317216  0.83902413]
- current state of moments (data, sim):
mshare 0.08828150000000001 0.10455044783718184
trans_fromgood 0.9733491820465242 0.9805692769137279
trans_frombad 0.48295688684199206 0.5546454652699768
grad2 1.0300849198644249 1.026150001971097
grad3 1.0241036808273303 1.0385564815203319
grad4 1.0237958579139899 1.0442087282714758
tfp 0.872561963669148 0.8607351662614944
f =  7.474697693481744 , pars =  [-1.41056234  3.9408998   1.00317216  0.83902413]
- current state of moments (data, sim):
mshare 0.08828150000000001 0.10379153643600805
trans_fromgood 0.9733491820465242 0.9805692769137265
trans_frombad 0.48295688684199206 0.5603290436359533
grad2 1.0300849198644249 1.0251241956485395
grad3 1.0241036808273303 1.0369807661271742
grad4 1.0237958579139899 1.042559290235922
tfp 0.872561963669148 0.8667764653877149
f =  7.81452950677117 , pars =  [-1.41056234  3.9408998   1.00317216  0.83902413]
- current state of moments (data, sim):
mshare 0.08828150000000001 0.10484539737393088
trans_fromgood 0.9733491820465242 0.9805692769137281
trans_frombad 0.48295688684199206 0.5438080379369519
grad2 1.0300849198644249 1.025393139808922
grad3 1.0241036808273303 1.0385820045121201
grad4 1.0237958579139899 1.0449302417028739
tfp 0.872561963669148 0.8607218309610151
f =  7.458756922548467 , pars =  [-1.41056234  3.9408998   1.00317216  0.83902413]
- current state of moments (data, sim):
mshare 0.08828150000000001 0.10408197828478759
trans_fromgood 0.9733491820465242 0.9805692769137286
trans_frombad 0.48295688684199206 0.5489283151405943
grad2 1.0300849198644249 1.0255968823851533
grad3 1.0241036808273303 1.0384621661307376
grad4 1.0237958579139899 1.044437263270497
tfp 0.872561963669148 0.8665722328407195
f =  7.5454778832589176 , pars =  [-1.41056234  3.9408998   1.00317216  0.83902413]
- current state of moments (data, sim):
mshare 0.08828150000000001 0.10408827139613275
trans_fromgood 0.9733491820465242 0.9805692769137275
trans_frombad 0.48295688684199206 0.5513344054658473
grad2 1.0300849198644249 1.0256390647917435
grad3 1.0241036808273303 1.0386164374196207
grad4 1.0237958579139899 1.04441377905059
tfp 0.872561963669148 0.8665882186429511
f =  7.382011504023054 , pars =  [-1.41056234  3.9408998   1.00317216  0.83902413]
- current state of moments (data, sim):
mshare 0.08828150000000001 0.10385910568662618
trans_fromgood 0.9733491820465242 0.9805692769137281
trans_frombad 0.48295688684199206 0.5557024259233913
grad2 1.0300849198644249 1.0249447711612967
grad3 1.0241036808273303 1.0370909347973332
grad4 1.0237958579139899 1.042998281186397
tfp 0.872561963669148 0.8667833492500673
f =  7.4745849001568265 , pars =  [-1.41056234  3.9408998   1.00317216  0.83902413]
- current state of moments (data, sim):
mshare 0.08828150000000001 0.10379090291458576
trans_fromgood 0.9733491820465242 0.9805692769137275
trans_frombad 0.48295688684199206 0.5603345189410779
grad2 1.0300849198644249 1.0251238071875688
grad3 1.0241036808273303 1.0369800283957489
grad4 1.0237958579139899 1.0425581643327506
tfp 0.872561963669148 0.8667779755759882
f =  7.413408560114107 , pars =  [-1.41056234  3.9408998   1.00317216  0.83902413]
- current state of moments (data, sim):
mshare 0.08828150000000001 0.10386759985865618
trans_fromgood 0.9733491820465242 0.9805692769137284
trans_frombad 0.48295688684199206 0.5513063380414854
grad2 1.0300849198644249 1.025469323496257
grad3 1.0241036808273303 1.0383315411292993
grad4 1.0237958579139899 1.0441856595006733
tfp 0.872561963669148 0.868227095611786
f =  7.769750822220548 , pars =  [-1.41056234  3.9408998   1.00317216  0.83902413]
- current state of moments (data, sim):
mshare 0.08828150000000001 0.10423868868579116
trans_fromgood 0.9733491820465242 0.9805692769137273
trans_frombad 0.48295688684199206 0.5531349506479585
grad2 1.0300849198644249 1.0262931513962976
grad3 1.0241036808273303 1.038784111223479
grad4 1.0237958579139899 1.0444810712871555
tfp 0.872561963669148 0.8635796661870598
f =  7.721645892271135 , pars =  [-1.41056234  3.9408998   1.00317216  0.83902413]
- current state of moments (data, sim):
mshare 0.08828150000000001 0.10414744379330815
trans_fromgood 0.9733491820465242 0.9805692769137274
trans_frombad 0.48295688684199206 0.5607671889907332
grad2 1.0300849198644249 1.0252522960260795
grad3 1.0241036808273303 1.0372218500022783
grad4 1.0237958579139899 1.0427372146783467
tfp 0.872561963669148 0.8635786161163085
f =  7.503974816715508 , pars =  [-1.41056234  3.9408998   1.00317216  0.83902413]
- current state of moments (data, sim):
mshare 0.08828150000000001 0.10445365114452043
trans_fromgood 0.9733491820465242 0.9805692769137251
trans_frombad 0.48295688684199206 0.5487790771241203
grad2 1.0300849198644249 1.0246342170851934
grad3 1.0241036808273303 1.0374497556328868
grad4 1.0237958579139899 1.0436799987445713
tfp 0.872561963669148 0.8635659525009237
f =  7.494512748811853 , pars =  [-1.41056234  3.9408998   1.00317216  0.83902413]
- current state of moments (data, sim):
mshare 0.08828150000000001 0.10407453589918476
trans_fromgood 0.9733491820465242 0.9805692769137254
trans_frombad 0.48295688684199206 0.5496767989382041
grad2 1.0300849198644249 1.025628515974402
grad3 1.0241036808273303 1.038572556689865
grad4 1.0237958579139899 1.0444771650000206
tfp 0.872561963669148 0.8665791716264168
f =  7.535251007822026 , pars =  [-1.41056234  3.9408998   1.00317216  0.83902413]
- current state of moments (data, sim):
mshare 0.08828150000000001 0.1038007066145297
trans_fromgood 0.9733491820465242 0.9805692769137282
trans_frombad 0.48295688684199206 0.5615196340304702
grad2 1.0300849198644249 1.0251561675284468
grad3 1.0241036808273303 1.0370812700615475
grad4 1.0237958579139899 1.0425765256963049
tfp 0.872561963669148 0.8666011940650186
f =  7.569687282271534 , pars =  [-1.41056234  3.9408998   1.00317216  0.83902413]
- current state of moments (data, sim):
mshare 0.08828150000000001 0.10416436575324561
trans_fromgood 0.9733491820465242 0.9805692769137276
trans_frombad 0.48295688684199206 0.5606865963020404
grad2 1.0300849198644249 1.0242336592398062
grad3 1.0241036808273303 1.0360400738408582
grad4 1.0237958579139899 1.0418358827332947
tfp 0.872561963669148 0.8635801558633871
f =  7.723055125182841 , pars =  [-1.41056234  3.9408998   1.00317216  0.83902413]
- current state of moments (data, sim):
mshare 0.08828150000000001 0.10442650918108383
trans_fromgood 0.9733491820465242 0.980569276913727
trans_frombad 0.48295688684199206 0.5503167695409884
grad2 1.0300849198644249 1.0257364118110248
grad3 1.0241036808273303 1.0387768765889
grad4 1.0237958579139899 1.0446016236085922
tfp 0.872561963669148 0.8637912615829582
f =  7.527115579199928 , pars =  [-1.41056234  3.9408998   1.00317216  0.83902413]
- current state of moments (data, sim):
mshare 0.08828150000000001 0.10377606816126193
trans_fromgood 0.9733491820465242 0.9805692769137269
trans_frombad 0.48295688684199206 0.5616398406061632
grad2 1.0300849198644249 1.0251466187713565
grad3 1.0241036808273303 1.037068780858601
grad4 1.0237958579139899 1.042564650258886
tfp 0.872561963669148 0.8667992856139186
f =  7.422559235918665 , pars =  [-1.41056234  3.9408998   1.00317216  0.83902413]
- current state of moments (data, sim):
mshare 0.08828150000000001 0.10226057771488002
trans_fromgood 0.9733491820465242 0.9805692769137261
trans_frombad 0.48295688684199206 0.5658045751383594
grad2 1.0300849198644249 1.0246544386738337
grad3 1.0241036808273303 1.0363368417209682
grad4 1.0237958579139899 1.0417151887059457
tfp 0.872561963669148 0.8802248111917352
f =  7.574655196251835 , pars =  [-1.41056234  3.9408998   1.00317216  0.83902413]
- current state of moments (data, sim):
mshare 0.08828150000000001 0.10376495203333634
trans_fromgood 0.9733491820465242 0.980569276913724
trans_frombad 0.48295688684199206 0.5679042453264068
grad2 1.0300849198644249 1.024342096295272
grad3 1.0241036808273303 1.0358901501751077
grad4 1.0237958579139899 1.0412222569385738
tfp 0.872561963669148 0.8666068826564176
f =  7.574655196251835 , pars =  [-1.41056234  3.9408998   1.00317216  0.83902413]
- current state of moments (data, sim):
mshare 0.08828150000000001 0.10376495203333634
trans_fromgood 0.9733491820465242 0.980569276913724
trans_frombad 0.48295688684199206 0.5679042453264068
grad2 1.0300849198644249 1.024342096295272
grad3 1.0241036808273303 1.0358901501751077
grad4 1.0237958579139899 1.0412222569385738
tfp 0.872561963669148 0.8666068826564176
f =  7.287952153982333 , pars =  [-1.41056234  3.9408998   1.00317216  0.83902413]
- current state of moments (data, sim):
mshare 0.08828150000000001 0.10293041992083168
trans_fromgood 0.9733491820465242 0.9805692769137287
trans_frombad 0.48295688684199206 0.564128028500695
grad2 1.0300849198644249 1.024693918312435
grad3 1.0241036808273303 1.0363467588951984
grad4 1.0237958579139899 1.0418329900384486
tfp 0.872561963669148 0.873994239753236
f =  7.933075037493346 , pars =  [-1.41056234  3.9408998   1.00317216  0.83902413]
- current state of moments (data, sim):
mshare 0.08828150000000001 0.1041247214484129
trans_fromgood 0.9733491820465242 0.9805692769137279
trans_frombad 0.48295688684199206 0.5727892475634611
grad2 1.0300849198644249 1.0245154981011775
grad3 1.0241036808273303 1.0359524654289292
grad4 1.0237958579139899 1.0409431223636607
tfp 0.872561963669148 0.8636875176874467
f =  7.287952153982333 , pars =  [-1.41056234  3.9408998   1.00317216  0.83902413]
- current state of moments (data, sim):
mshare 0.08828150000000001 0.10293041992083168
trans_fromgood 0.9733491820465242 0.9805692769137287
trans_frombad 0.48295688684199206 0.564128028500695
grad2 1.0300849198644249 1.024693918312435
grad3 1.0241036808273303 1.0363467588951984
grad4 1.0237958579139899 1.0418329900384486
tfp 0.872561963669148 0.873994239753236
f =  7.287952153982333 , pars =  [-1.41056234  3.9408998   1.00317216  0.83902413]
- current state of moments (data, sim):
mshare 0.08828150000000001 0.10293041992083168
trans_fromgood 0.9733491820465242 0.9805692769137287
trans_frombad 0.48295688684199206 0.564128028500695
grad2 1.0300849198644249 1.024693918312435
grad3 1.0241036808273303 1.0363467588951984
grad4 1.0237958579139899 1.0418329900384486
tfp 0.872561963669148 0.873994239753236
f =  7.594589320889198 , pars =  [-1.41056234  3.9408998   1.00317216  0.83902413]
- current state of moments (data, sim):
mshare 0.08828150000000001 0.10382827494326723
trans_fromgood 0.9733491820465242 0.980569276913727
trans_frombad 0.48295688684199206 0.5628280549197296
grad2 1.0300849198644249 1.025180387875242
grad3 1.0241036808273303 1.0371673671324158
grad4 1.0237958579139899 1.042574788125086
tfp 0.872561963669148 0.8665997066942732
f =  7.287952153982333 , pars =  [-1.41056234  3.9408998   1.00317216  0.83902413]
- current state of moments (data, sim):
mshare 0.08828150000000001 0.10293041992083168
trans_fromgood 0.9733491820465242 0.9805692769137287
trans_frombad 0.48295688684199206 0.564128028500695
grad2 1.0300849198644249 1.024693918312435
grad3 1.0241036808273303 1.0363467588951984
grad4 1.0237958579139899 1.0418329900384486
tfp 0.872561963669148 0.873994239753236
f =  7.287952153982333 , pars =  [-1.41056234  3.9408998   1.00317216  0.83902413]
- current state of moments (data, sim):
mshare 0.08828150000000001 0.10293041992083168
trans_fromgood 0.9733491820465242 0.9805692769137287
trans_frombad 0.48295688684199206 0.564128028500695
grad2 1.0300849198644249 1.024693918312435
grad3 1.0241036808273303 1.0363467588951984
grad4 1.0237958579139899 1.0418329900384486
tfp 0.872561963669148 0.873994239753236
f =  7.717624555192442 , pars =  [-1.41056234  3.9408998   1.00317216  0.83902413]
- current state of moments (data, sim):
mshare 0.08828150000000001 0.10414359450049276
trans_fromgood 0.9733491820465242 0.9805692769137256
trans_frombad 0.48295688684199206 0.5606853930209331
grad2 1.0300849198644249 1.025253076475865
grad3 1.0241036808273303 1.037220160251171
grad4 1.0237958579139899 1.042731255268804
tfp 0.872561963669148 0.8635708824048222
f =  7.717624555192442 , pars =  [-1.41056234  3.9408998   1.00317216  0.83902413]
- current state of moments (data, sim):
mshare 0.08828150000000001 0.10414359450049276
trans_fromgood 0.9733491820465242 0.9805692769137256
trans_frombad 0.48295688684199206 0.5606853930209331
grad2 1.0300849198644249 1.025253076475865
grad3 1.0241036808273303 1.037220160251171
grad4 1.0237958579139899 1.042731255268804
tfp 0.872561963669148 0.8635708824048222
f =  7.287952153982333 , pars =  [-1.41056234  3.9408998   1.00317216  0.83902413]
- current state of moments (data, sim):
mshare 0.08828150000000001 0.10293041992083168
trans_fromgood 0.9733491820465242 0.9805692769137287
trans_frombad 0.48295688684199206 0.564128028500695
grad2 1.0300849198644249 1.024693918312435
grad3 1.0241036808273303 1.0363467588951984
grad4 1.0237958579139899 1.0418329900384486
tfp 0.872561963669148 0.873994239753236
f =  7.287952153982333 , pars =  [-1.41056234  3.9408998   1.00317216  0.83902413]
- current state of moments (data, sim):
mshare 0.08828150000000001 0.10293041992083168
trans_fromgood 0.9733491820465242 0.9805692769137287
trans_frombad 0.48295688684199206 0.564128028500695
grad2 1.0300849198644249 1.024693918312435
grad3 1.0241036808273303 1.0363467588951984
grad4 1.0237958579139899 1.0418329900384486
tfp 0.872561963669148 0.873994239753236
f =  7.287952153982333 , pars =  [-1.41056234  3.9408998   1.00317216  0.83902413]
- current state of moments (data, sim):
mshare 0.08828150000000001 0.10293041992083168
trans_fromgood 0.9733491820465242 0.9805692769137287
trans_frombad 0.48295688684199206 0.564128028500695
grad2 1.0300849198644249 1.024693918312435
grad3 1.0241036808273303 1.0363467588951984
grad4 1.0237958579139899 1.0418329900384486
tfp 0.872561963669148 0.873994239753236
f =  7.287952153982333 , pars =  [-1.41056234  3.9408998   1.00317216  0.83902413]
- current state of moments (data, sim):
mshare 0.08828150000000001 0.10293041992083168
trans_fromgood 0.9733491820465242 0.9805692769137287
trans_frombad 0.48295688684199206 0.564128028500695
grad2 1.0300849198644249 1.024693918312435
grad3 1.0241036808273303 1.0363467588951984
grad4 1.0237958579139899 1.0418329900384486
tfp 0.872561963669148 0.873994239753236
f =  7.287952153982333 , pars =  [-1.41056234  3.9408998   1.00317216  0.83902413]
- current state of moments (data, sim):
mshare 0.08828150000000001 0.10293041992083168
trans_fromgood 0.9733491820465242 0.9805692769137287
trans_frombad 0.48295688684199206 0.564128028500695
grad2 1.0300849198644249 1.024693918312435
grad3 1.0241036808273303 1.0363467588951984
grad4 1.0237958579139899 1.0418329900384486
tfp 0.872561963669148 0.873994239753236
f =  7.287952153982333 , pars =  [-1.41056234  3.9408998   1.00317216  0.83902413]
- current state of moments (data, sim):
mshare 0.08828150000000001 0.10293041992083168
trans_fromgood 0.9733491820465242 0.9805692769137287
trans_frombad 0.48295688684199206 0.564128028500695
grad2 1.0300849198644249 1.024693918312435
grad3 1.0241036808273303 1.0363467588951984
grad4 1.0237958579139899 1.0418329900384486
tfp 0.872561963669148 0.873994239753236
f =  7.287952153982333 , pars =  [-1.41056234  3.9408998   1.00317216  0.83902413]
- current state of moments (data, sim):
mshare 0.08828150000000001 0.10293041992083168
trans_fromgood 0.9733491820465242 0.9805692769137287
trans_frombad 0.48295688684199206 0.564128028500695
grad2 1.0300849198644249 1.024693918312435
grad3 1.0241036808273303 1.0363467588951984
grad4 1.0237958579139899 1.0418329900384486
tfp 0.872561963669148 0.873994239753236
f =  7.287952153982333 , pars =  [-1.41056234  3.9408998   1.00317216  0.83902413]
- current state of moments (data, sim):
mshare 0.08828150000000001 0.10293041992083168
trans_fromgood 0.9733491820465242 0.9805692769137287
trans_frombad 0.48295688684199206 0.564128028500695
grad2 1.0300849198644249 1.024693918312435
grad3 1.0241036808273303 1.0363467588951984
grad4 1.0237958579139899 1.0418329900384486
tfp 0.872561963669148 0.873994239753236
f =  7.287952153982333 , pars =  [-1.41056234  3.9408998   1.00317216  0.83902413]
- current state of moments (data, sim):
mshare 0.08828150000000001 0.10293041992083168
trans_fromgood 0.9733491820465242 0.9805692769137287
trans_frombad 0.48295688684199206 0.564128028500695
grad2 1.0300849198644249 1.024693918312435
grad3 1.0241036808273303 1.0363467588951984
grad4 1.0237958579139899 1.0418329900384486
tfp 0.872561963669148 0.873994239753236
f =  7.287952153982333 , pars =  [-1.41056234  3.9408998   1.00317216  0.83902413]
- current state of moments (data, sim):
mshare 0.08828150000000001 0.10293041992083168
trans_fromgood 0.9733491820465242 0.9805692769137287
trans_frombad 0.48295688684199206 0.564128028500695
grad2 1.0300849198644249 1.024693918312435
grad3 1.0241036808273303 1.0363467588951984
grad4 1.0237958579139899 1.0418329900384486
tfp 0.872561963669148 0.873994239753236
f =  7.287952153982333 , pars =  [-1.41056234  3.9408998   1.00317216  0.83902413]
- current state of moments (data, sim):
mshare 0.08828150000000001 0.10293041992083168
trans_fromgood 0.9733491820465242 0.9805692769137287
trans_frombad 0.48295688684199206 0.564128028500695
grad2 1.0300849198644249 1.024693918312435
grad3 1.0241036808273303 1.0363467588951984
grad4 1.0237958579139899 1.0418329900384486
tfp 0.872561963669148 0.873994239753236
f =  7.287952153982333 , pars =  [-1.41056234  3.9408998   1.00317216  0.83902413]
- current state of moments (data, sim):
mshare 0.08828150000000001 0.10293041992083168
trans_fromgood 0.9733491820465242 0.9805692769137287
trans_frombad 0.48295688684199206 0.564128028500695
grad2 1.0300849198644249 1.024693918312435
grad3 1.0241036808273303 1.0363467588951984
grad4 1.0237958579139899 1.0418329900384486
tfp 0.872561963669148 0.873994239753236
f =  7.287952153982333 , pars =  [-1.41056234  3.9408998   1.00317216  0.83902413]
- current state of moments (data, sim):
mshare 0.08828150000000001 0.10293041992083168
trans_fromgood 0.9733491820465242 0.9805692769137287
trans_frombad 0.48295688684199206 0.564128028500695
grad2 1.0300849198644249 1.024693918312435
grad3 1.0241036808273303 1.0363467588951984
grad4 1.0237958579139899 1.0418329900384486
tfp 0.872561963669148 0.873994239753236
f =  7.287952153982333 , pars =  [-1.41056234  3.9408998   1.00317216  0.83902413]
- current state of moments (data, sim):
mshare 0.08828150000000001 0.10293041992083168
trans_fromgood 0.9733491820465242 0.9805692769137287
trans_frombad 0.48295688684199206 0.564128028500695
grad2 1.0300849198644249 1.024693918312435
grad3 1.0241036808273303 1.0363467588951984
grad4 1.0237958579139899 1.0418329900384486
tfp 0.872561963669148 0.873994239753236
f =  7.287952153982333 , pars =  [-1.41056234  3.9408998   1.00317216  0.83902413]
- current state of moments (data, sim):
mshare 0.08828150000000001 0.10293041992083168
trans_fromgood 0.9733491820465242 0.9805692769137287
trans_frombad 0.48295688684199206 0.564128028500695
grad2 1.0300849198644249 1.024693918312435
grad3 1.0241036808273303 1.0363467588951984
grad4 1.0237958579139899 1.0418329900384486
tfp 0.872561963669148 0.873994239753236
f =  7.287952153982333 , pars =  [-1.41056234  3.9408998   1.00317216  0.83902413]
- current state of moments (data, sim):
mshare 0.08828150000000001 0.10293041992083168
trans_fromgood 0.9733491820465242 0.9805692769137287
trans_frombad 0.48295688684199206 0.564128028500695
grad2 1.0300849198644249 1.024693918312435
grad3 1.0241036808273303 1.0363467588951984
grad4 1.0237958579139899 1.0418329900384486
tfp 0.872561963669148 0.873994239753236
f =  7.287952153982333 , pars =  [-1.41056234  3.9408998   1.00317216  0.83902413]
- current state of moments (data, sim):
mshare 0.08828150000000001 0.10293041992083168
trans_fromgood 0.9733491820465242 0.9805692769137287
trans_frombad 0.48295688684199206 0.564128028500695
grad2 1.0300849198644249 1.024693918312435
grad3 1.0241036808273303 1.0363467588951984
grad4 1.0237958579139899 1.0418329900384486
tfp 0.872561963669148 0.873994239753236
f =  7.287952153982333 , pars =  [-1.41056234  3.9408998   1.00317216  0.83902413]
- current state of moments (data, sim):
mshare 0.08828150000000001 0.10293041992083168
trans_fromgood 0.9733491820465242 0.9805692769137287
trans_frombad 0.48295688684199206 0.564128028500695
grad2 1.0300849198644249 1.024693918312435
grad3 1.0241036808273303 1.0363467588951984
grad4 1.0237958579139899 1.0418329900384486
tfp 0.872561963669148 0.873994239753236
f =  7.287952153982333 , pars =  [-1.41056234  3.9408998   1.00317216  0.83902413]
- current state of moments (data, sim):
mshare 0.08828150000000001 0.10293041992083168
trans_fromgood 0.9733491820465242 0.9805692769137287
trans_frombad 0.48295688684199206 0.564128028500695
grad2 1.0300849198644249 1.024693918312435
grad3 1.0241036808273303 1.0363467588951984
grad4 1.0237958579139899 1.0418329900384486
tfp 0.872561963669148 0.873994239753236
f =  7.287952153982333 , pars =  [-1.41056234  3.9408998   1.00317216  0.83902413]
- current state of moments (data, sim):
mshare 0.08828150000000001 0.10293041992083168
trans_fromgood 0.9733491820465242 0.9805692769137287
trans_frombad 0.48295688684199206 0.564128028500695
grad2 1.0300849198644249 1.024693918312435
grad3 1.0241036808273303 1.0363467588951984
grad4 1.0237958579139899 1.0418329900384486
tfp 0.872561963669148 0.873994239753236
f =  7.287952153982333 , pars =  [-1.41056234  3.9408998   1.00317216  0.83902413]
- current state of moments (data, sim):
mshare 0.08828150000000001 0.10293041992083168
trans_fromgood 0.9733491820465242 0.9805692769137287
trans_frombad 0.48295688684199206 0.564128028500695
grad2 1.0300849198644249 1.024693918312435
grad3 1.0241036808273303 1.0363467588951984
grad4 1.0237958579139899 1.0418329900384486
tfp 0.872561963669148 0.873994239753236
f =  7.287952153982333 , pars =  [-1.41056234  3.9408998   1.00317216  0.83902413]
- current state of moments (data, sim):
mshare 0.08828150000000001 0.10293041992083168
trans_fromgood 0.9733491820465242 0.9805692769137287
trans_frombad 0.48295688684199206 0.564128028500695
grad2 1.0300849198644249 1.024693918312435
grad3 1.0241036808273303 1.0363467588951984
grad4 1.0237958579139899 1.0418329900384486
tfp 0.872561963669148 0.873994239753236
f =  7.287952153982333 , pars =  [-1.41056234  3.9408998   1.00317216  0.83902413]
- current state of moments (data, sim):
mshare 0.08828150000000001 0.10293041992083168
trans_fromgood 0.9733491820465242 0.9805692769137287
trans_frombad 0.48295688684199206 0.564128028500695
grad2 1.0300849198644249 1.024693918312435
grad3 1.0241036808273303 1.0363467588951984
grad4 1.0237958579139899 1.0418329900384486
tfp 0.872561963669148 0.873994239753236
f =  7.287952153982333 , pars =  [-1.41056234  3.9408998   1.00317216  0.83902413]
- current state of moments (data, sim):
mshare 0.08828150000000001 0.10293041992083168
trans_fromgood 0.9733491820465242 0.9805692769137287
trans_frombad 0.48295688684199206 0.564128028500695
grad2 1.0300849198644249 1.024693918312435
grad3 1.0241036808273303 1.0363467588951984
grad4 1.0237958579139899 1.0418329900384486
tfp 0.872561963669148 0.873994239753236
f =  7.287952153982333 , pars =  [-1.41056234  3.9408998   1.00317216  0.83902413]
- current state of moments (data, sim):
mshare 0.08828150000000001 0.10293041992083168
trans_fromgood 0.9733491820465242 0.9805692769137287
trans_frombad 0.48295688684199206 0.564128028500695
grad2 1.0300849198644249 1.024693918312435
grad3 1.0241036808273303 1.0363467588951984
grad4 1.0237958579139899 1.0418329900384486
tfp 0.872561963669148 0.873994239753236
f =  7.287952153982333 , pars =  [-1.41056234  3.9408998   1.00317216  0.83902413]
- current state of moments (data, sim):
mshare 0.08828150000000001 0.10293041992083168
trans_fromgood 0.9733491820465242 0.9805692769137287
trans_frombad 0.48295688684199206 0.564128028500695
grad2 1.0300849198644249 1.024693918312435
grad3 1.0241036808273303 1.0363467588951984
grad4 1.0237958579139899 1.0418329900384486
tfp 0.872561963669148 0.873994239753236
f =  7.287952153982333 , pars =  [-1.41056234  3.9408998   1.00317216  0.83902413]
- current state of moments (data, sim):
mshare 0.08828150000000001 0.10293041992083168
trans_fromgood 0.9733491820465242 0.9805692769137287
trans_frombad 0.48295688684199206 0.564128028500695
grad2 1.0300849198644249 1.024693918312435
grad3 1.0241036808273303 1.0363467588951984
grad4 1.0237958579139899 1.0418329900384486
tfp 0.872561963669148 0.873994239753236
f =  7.287952153982333 , pars =  [-1.41056234  3.9408998   1.00317216  0.83902413]
- current state of moments (data, sim):
mshare 0.08828150000000001 0.10293041992083168
trans_fromgood 0.9733491820465242 0.9805692769137287
trans_frombad 0.48295688684199206 0.564128028500695
grad2 1.0300849198644249 1.024693918312435
grad3 1.0241036808273303 1.0363467588951984
grad4 1.0237958579139899 1.0418329900384486
tfp 0.872561963669148 0.873994239753236
f =  7.287952153982333 , pars =  [-1.41056234  3.9408998   1.00317216  0.83902413]
- current state of moments (data, sim):
mshare 0.08828150000000001 0.10293041992083168
trans_fromgood 0.9733491820465242 0.9805692769137287
trans_frombad 0.48295688684199206 0.564128028500695
grad2 1.0300849198644249 1.024693918312435
grad3 1.0241036808273303 1.0363467588951984
grad4 1.0237958579139899 1.0418329900384486
tfp 0.872561963669148 0.873994239753236
f =  7.287952153982333 , pars =  [-1.41056234  3.9408998   1.00317216  0.83902413]
- current state of moments (data, sim):
mshare 0.08828150000000001 0.10293041992083168
trans_fromgood 0.9733491820465242 0.9805692769137287
trans_frombad 0.48295688684199206 0.564128028500695
grad2 1.0300849198644249 1.024693918312435
grad3 1.0241036808273303 1.0363467588951984
grad4 1.0237958579139899 1.0418329900384486
tfp 0.872561963669148 0.873994239753236
f =  7.287952153982333 , pars =  [-1.41056234  3.9408998   1.00317216  0.83902413]
- current state of moments (data, sim):
mshare 0.08828150000000001 0.10293041992083168
trans_fromgood 0.9733491820465242 0.9805692769137287
trans_frombad 0.48295688684199206 0.564128028500695
grad2 1.0300849198644249 1.024693918312435
grad3 1.0241036808273303 1.0363467588951984
grad4 1.0237958579139899 1.0418329900384486
tfp 0.872561963669148 0.873994239753236
f =  7.287952153982333 , pars =  [-1.41056234  3.9408998   1.00317216  0.83902413]
- current state of moments (data, sim):
mshare 0.08828150000000001 0.10293041992083168
trans_fromgood 0.9733491820465242 0.9805692769137287
trans_frombad 0.48295688684199206 0.564128028500695
grad2 1.0300849198644249 1.024693918312435
grad3 1.0241036808273303 1.0363467588951984
grad4 1.0237958579139899 1.0418329900384486
tfp 0.872561963669148 0.873994239753236
f =  7.287952153982333 , pars =  [-1.41056234  3.9408998   1.00317216  0.83902413]
- current state of moments (data, sim):
mshare 0.08828150000000001 0.10293041992083168
trans_fromgood 0.9733491820465242 0.9805692769137287
trans_frombad 0.48295688684199206 0.564128028500695
grad2 1.0300849198644249 1.024693918312435
grad3 1.0241036808273303 1.0363467588951984
grad4 1.0237958579139899 1.0418329900384486
tfp 0.872561963669148 0.873994239753236
f =  7.287952153982333 , pars =  [-1.41056234  3.9408998   1.00317216  0.83902413]
- current state of moments (data, sim):
mshare 0.08828150000000001 0.10293041992083168
trans_fromgood 0.9733491820465242 0.9805692769137287
trans_frombad 0.48295688684199206 0.564128028500695
grad2 1.0300849198644249 1.024693918312435
grad3 1.0241036808273303 1.0363467588951984
grad4 1.0237958579139899 1.0418329900384486
tfp 0.872561963669148 0.873994239753236
f =  7.287952153982333 , pars =  [-1.41056234  3.9408998   1.00317216  0.83902413]
- current state of moments (data, sim):
mshare 0.08828150000000001 0.10293041992083168
trans_fromgood 0.9733491820465242 0.9805692769137287
trans_frombad 0.48295688684199206 0.564128028500695
grad2 1.0300849198644249 1.024693918312435
grad3 1.0241036808273303 1.0363467588951984
grad4 1.0237958579139899 1.0418329900384486
tfp 0.872561963669148 0.873994239753236
f =  7.287952153982333 , pars =  [-1.41056234  3.9408998   1.00317216  0.83902413]
- current state of moments (data, sim):
mshare 0.08828150000000001 0.10293041992083168
trans_fromgood 0.9733491820465242 0.9805692769137287
trans_frombad 0.48295688684199206 0.564128028500695
grad2 1.0300849198644249 1.024693918312435
grad3 1.0241036808273303 1.0363467588951984
grad4 1.0237958579139899 1.0418329900384486
tfp 0.872561963669148 0.873994239753236
f =  7.287952153982333 , pars =  [-1.41056234  3.9408998   1.00317216  0.83902413]
- current state of moments (data, sim):
mshare 0.08828150000000001 0.10293041992083168
trans_fromgood 0.9733491820465242 0.9805692769137287
trans_frombad 0.48295688684199206 0.564128028500695
grad2 1.0300849198644249 1.024693918312435
grad3 1.0241036808273303 1.0363467588951984
grad4 1.0237958579139899 1.0418329900384486
tfp 0.872561963669148 0.873994239753236
f =  7.287952153982333 , pars =  [-1.41056234  3.9408998   1.00317216  0.83902413]
- current state of moments (data, sim):
mshare 0.08828150000000001 0.10293041992083168
trans_fromgood 0.9733491820465242 0.9805692769137287
trans_frombad 0.48295688684199206 0.564128028500695
grad2 1.0300849198644249 1.024693918312435
grad3 1.0241036808273303 1.0363467588951984
grad4 1.0237958579139899 1.0418329900384486
tfp 0.872561963669148 0.873994239753236
