cshare            0.680889
mshare            0.144225
trans_fromgood    0.961600
trans_frombad     0.205977
grad2             1.177713
grad3             1.222356
grad4             1.276081
Name: US, dtype: float64
cshare            0.009079
mshare            0.016178
trans_fromgood    0.001506
trans_frombad     0.009638
grad2             0.016617
grad3             0.016421
grad4             0.016628
Name: US, dtype: float64
                    mean        sd
cshare          0.680889  0.009079
mshare          0.144225  0.016178
trans_fromgood  0.961600  0.001506
trans_frombad   0.205977  0.009638
grad2           1.177713  0.016617
grad3           1.222356  0.016421
grad4           1.276081  0.016628
current parameter status : 
sigma 2.0 True
beta 0.95 False
phi 0.2 True
psi 0.3 True
delta_h1 -0.5 True
delta_h2 2 True
eta 0.0 False
tfp 1 False
price 1 False
risk 0.0 False
-- 
number of parameters:  10
number of free parameters:  5
current parameter status : 
sigma 2.0 True
beta 0.95 False
phi 0.2 True
psi 0.3 True
delta_h1 -0.5 True
delta_h2 2 True
eta 0.0 False
tfp 1 False
price 1 False
risk 0.0 False
- using these moments:
cshare 0.6808892149667144 0.009079433465468566
mshare 0.14422500000000002 0.01617846342973795
trans_fromgood 0.9615996486441867 0.0015062553539724164
trans_frombad 0.20597666978044457 0.009638163363181533
grad2 1.177712992763826 0.016617346336167793
grad3 1.2223556346247508 0.016421047162417955
grad4 1.2760806370630837 0.01662760246174447
f =  6465.340079730916 , pars =  [ 2.   0.2  0.3 -0.5  2. ]
- current state of moments (data, sim):
cshare 0.6808892149667144 0.5899168727725216
mshare 0.14422500000000002 0.26546249500683267
trans_fromgood 0.9615996486441867 0.8741475862326594
trans_frombad 0.20597666978044457 0.31833525727634515
grad2 1.177712992763826 1.4008477322646846
grad3 1.2223556346247508 1.7380597391271029
grad4 1.2760806370630837 1.9485079740962439
f =  6225.613452830688 , pars =  [ 2.1  0.2  0.3 -0.5  2. ]
- current state of moments (data, sim):
cshare 0.6808892149667144 0.5833123450183939
mshare 0.14422500000000002 0.2783078801594746
trans_fromgood 0.9615996486441867 0.8762480085401531
trans_frombad 0.20597666978044457 0.3206567723375435
grad2 1.177712992763826 1.396796637157004
grad3 1.2223556346247508 1.7264304370748165
grad4 1.2760806370630837 1.935515102881882
f =  4768.62860146233 , pars =  [ 2.   0.3  0.3 -0.5  2. ]
- current state of moments (data, sim):
cshare 0.6808892149667144 0.5821488194710573
mshare 0.14422500000000002 0.3288638658131681
trans_fromgood 0.9615996486441867 0.8805569173683266
trans_frombad 0.20597666978044457 0.38675783079217135
grad2 1.177712992763826 1.3499633152251405
grad3 1.2223556346247508 1.582226428262842
grad4 1.2760806370630837 1.7114846722838506
f =  4862.559799186515 , pars =  [ 2.   0.2  0.4 -0.5  2. ]
- current state of moments (data, sim):
cshare 0.6808892149667144 0.5918319627201375
mshare 0.14422500000000002 0.23609325340140863
trans_fromgood 0.9615996486441867 0.8788112899316072
trans_frombad 0.20597666978044457 0.3850796599431391
grad2 1.177712992763826 1.3617850902406792
grad3 1.2223556346247508 1.596553793050849
grad4 1.2760806370630837 1.7240616259505475
f =  6436.941097864396 , pars =  [ 2.   0.2  0.3 -0.4  2. ]
- current state of moments (data, sim):
cshare 0.6808892149667144 0.5904604833148048
mshare 0.14422500000000002 0.256617080891158
trans_fromgood 0.9615996486441867 0.8737859542224311
trans_frombad 0.20597666978044457 0.3319480679485523
grad2 1.177712992763826 1.4206582394497493
grad3 1.2223556346247508 1.739719344974046
grad4 1.2760806370630837 1.9229486182634097
f =  5111.739471263665 , pars =  [ 2.   0.2  0.3 -0.5  2.1]
- current state of moments (data, sim):
cshare 0.6808892149667144 0.5925985555692764
mshare 0.14422500000000002 0.24562119868517387
trans_fromgood 0.9615996486441867 0.8842208206338532
trans_frombad 0.20597666978044457 0.330214853055419
grad2 1.177712992763826 1.3957263280987062
grad3 1.2223556346247508 1.6895316554683044
grad4 1.2760806370630837 1.8499561163232536
f =  6902.760392887986 , pars =  [ 1.9  0.2  0.3 -0.5  2. ]
- current state of moments (data, sim):
cshare 0.6808892149667144 0.5967874971393499
mshare 0.14422500000000002 0.2535120040907347
trans_fromgood 0.9615996486441867 0.8718378325753756
trans_frombad 0.20597666978044457 0.3131244624649749
grad2 1.177712992763826 1.4132405355355133
grad3 1.2223556346247508 1.765341619567521
grad4 1.2760806370630837 1.9819548644130502
f =  22429.458289057395 , pars =  [ 2.   0.1  0.3 -0.5  2. ]
- current state of moments (data, sim):
cshare 0.6808892149667144 0.5982694808530761
mshare 0.14422500000000002 0.1856528376811639
trans_fromgood 0.9615996486441867 0.8673510856666508
trans_frombad 0.20597666978044457 0.18205023108897342
grad2 1.177712992763826 1.633134365906115
grad3 1.2223556346247508 2.3681677246669213
grad4 1.2760806370630837 3.1571912636361197
f =  11911.89018274999 , pars =  [ 2.   0.2  0.2 -0.5  2. ]
- current state of moments (data, sim):
cshare 0.6808892149667144 0.5844292881730854
mshare 0.14422500000000002 0.32350811700929266
trans_fromgood 0.9615996486441867 0.8690569756653004
trans_frombad 0.20597666978044457 0.23007965280082954
grad2 1.177712992763826 1.5210845807724525
grad3 1.2223556346247508 2.0148707863310626
grad4 1.2760806370630837 2.468062070755568
f =  6606.500053520445 , pars =  [ 2.   0.2  0.3 -0.6  2. ]
- current state of moments (data, sim):
cshare 0.6808892149667144 0.5890290613063146
mshare 0.14422500000000002 0.2779660107323815
trans_fromgood 0.9615996486441867 0.8742901194915363
trans_frombad 0.20597666978044457 0.3146726715880146
grad2 1.177712992763826 1.4059361750100667
grad3 1.2223556346247508 1.7499605063779253
grad4 1.2760806370630837 1.967231215150542
f =  9002.064034606206 , pars =  [ 2.   0.2  0.3 -0.5  1.9]
- current state of moments (data, sim):
cshare 0.6808892149667144 0.5866263479828834
mshare 0.14422500000000002 0.2888554855382881
trans_fromgood 0.9615996486441867 0.8630652455910323
trans_frombad 0.20597666978044457 0.31453438668431594
grad2 1.177712992763826 1.4759633659527707
grad3 1.2223556346247508 1.8666715613818925
grad4 1.2760806370630837 2.1151481078547985
f =  3737.844234214959 , pars =  [ 2.01427562  0.26618911  0.36627681 -0.49635342  2.06516992]
- current state of moments (data, sim):
cshare 0.6808892149667144 0.58668960534999
mshare 0.14422500000000002 0.27129515794129155
trans_fromgood 0.9615996486441867 0.888499365161555
trans_frombad 0.20597666978044457 0.4329736861813497
grad2 1.177712992763826 1.3201462096128036
grad3 1.2223556346247508 1.4883169393016562
grad4 1.2760806370630837 1.5748039200499495
f =  4543.324686092196 , pars =  [ 1.95824556  0.25487795  0.38400301 -0.51114514  1.98643189]
- current state of moments (data, sim):
cshare 0.6808892149667144 0.5902397597316278
mshare 0.14422500000000002 0.2720590998405896
trans_fromgood 0.9615996486441867 0.8803309361177354
trans_frombad 0.20597666978044457 0.4238939166821284
grad2 1.177712992763826 1.3460956002152844
grad3 1.2223556346247508 1.539921614000362
grad4 1.2760806370630837 1.6412389461915982
f =  4072.6772088634775 , pars =  [ 2.05769413  0.25061726  0.35126735 -0.488697    2.05576536]
- current state of moments (data, sim):
cshare 0.6808892149667144 0.5848096872342686
mshare 0.14422500000000002 0.27434389255138963
trans_fromgood 0.9615996486441867 0.8870120155141308
trans_frombad 0.20597666978044457 0.41299658415857937
grad2 1.177712992763826 1.3490235119621374
grad3 1.2223556346247508 1.547316298421604
grad4 1.2760806370630837 1.6421414924193962
f =  3710.149186247082 , pars =  [ 2.00427972  0.26537075  0.36621176 -0.4937731   2.07216992]
- current state of moments (data, sim):
cshare 0.6808892149667144 0.5881119187050622
mshare 0.14422500000000002 0.26759921006368786
trans_fromgood 0.9615996486441867 0.8888020298835265
trans_frombad 0.20597666978044457 0.4273322845939062
grad2 1.177712992763826 1.3214407078179147
grad3 1.2223556346247508 1.4928378700625862
grad4 1.2760806370630837 1.5818579728313091
f =  3779.0672404010625 , pars =  [ 1.9961335   0.25571486  0.36148118 -0.51482077  2.07231131]
- current state of moments (data, sim):
cshare 0.6808892149667144 0.5887662734146875
mshare 0.14422500000000002 0.2647577772805053
trans_fromgood 0.9615996486441867 0.8878428226200321
trans_frombad 0.20597666978044457 0.42768708171860237
grad2 1.177712992763826 1.3232639690323864
grad3 1.2223556346247508 1.495828726014076
grad4 1.2760806370630837 1.5825071831735602
f =  3520.256360607657 , pars =  [ 2.00630234  0.27022638  0.36956967 -0.48745885  2.07677281]
- current state of moments (data, sim):
cshare 0.6808892149667144 0.5876274975348965
mshare 0.14422500000000002 0.2676846491065324
trans_fromgood 0.9615996486441867 0.8897341489818816
trans_frombad 0.20597666978044457 0.4393220886840524
grad2 1.177712992763826 1.2937829429624146
grad3 1.2223556346247508 1.4539282947191745
grad4 1.2760806370630837 1.5370479297333333
f =  3436.7381545180097 , pars =  [ 2.00942764  0.27114152  0.37465921 -0.48680098  2.08471376]
- current state of moments (data, sim):
cshare 0.6808892149667144 0.587811881955734
mshare 0.14422500000000002 0.26496350010113545
trans_fromgood 0.9615996486441867 0.8908645827755045
trans_frombad 0.20597666978044457 0.4396140710640925
grad2 1.177712992763826 1.2925809552819605
grad3 1.2223556346247508 1.4515934321954618
grad4 1.2760806370630837 1.5338584497656593
f =  3388.0841649362064 , pars =  [ 2.00876634  0.27844624  0.37264366 -0.48175969  2.08880359]
- current state of moments (data, sim):
cshare 0.6808892149667144 0.587570436685519
mshare 0.14422500000000002 0.26753199657969995
trans_fromgood 0.9615996486441867 0.8915698162854123
trans_frombad 0.20597666978044457 0.43998773348262477
grad2 1.177712992763826 1.29126708688026
grad3 1.2223556346247508 1.4493383745052608
grad4 1.2760806370630837 1.5312613793081402
f =  3391.6379510753627 , pars =  [ 2.00684415  0.27839914  0.37932014 -0.47498328  2.08639365]
- current state of moments (data, sim):
cshare 0.6808892149667144 0.5878242239792024
mshare 0.14422500000000002 0.26533181112161647
trans_fromgood 0.9615996486441867 0.8916855170134133
trans_frombad 0.20597666978044457 0.4412403329218445
grad2 1.177712992763826 1.293512033496571
grad3 1.2223556346247508 1.4510422789542374
grad4 1.2760806370630837 1.5324757596075647
f =  3324.7941220495577 , pars =  [ 2.01638236  0.28157002  0.37299748 -0.48294997  2.09434401]
- current state of moments (data, sim):
cshare 0.6808892149667144 0.5869324186069608
mshare 0.14422500000000002 0.26872764899494767
trans_fromgood 0.9615996486441867 0.8924436488743055
trans_frombad 0.20597666978044457 0.44055038917679096
grad2 1.177712992763826 1.2891320674486801
grad3 1.2223556346247508 1.4457686940901004
grad4 1.2760806370630837 1.527220455986726
f =  3347.265592604879 , pars =  [ 2.02453822  0.28255947  0.3689169  -0.48048636  2.09121632]
- current state of moments (data, sim):
cshare 0.6808892149667144 0.5860666425867115
mshare 0.14422500000000002 0.27218688229992694
trans_fromgood 0.9615996486441867 0.892180708754576
trans_frombad 0.20597666978044457 0.44066134974758037
grad2 1.177712992763826 1.2895572289237072
grad3 1.2223556346247508 1.4455200461581894
grad4 1.2760806370630837 1.5275503889452122
f =  3290.1469028493884 , pars =  [ 2.01703005  0.27511907  0.37628177 -0.48029354  2.10067826]
- current state of moments (data, sim):
cshare 0.6808892149667144 0.5874676368950361
mshare 0.14422500000000002 0.26286315587452663
trans_fromgood 0.9615996486441867 0.8927549088354364
trans_frombad 0.20597666978044457 0.4403207606743442
grad2 1.177712992763826 1.2884730225093979
grad3 1.2223556346247508 1.4441377126540529
grad4 1.2760806370630837 1.5246375256622522
f =  3235.473616656205 , pars =  [ 2.01811944  0.27540978  0.37508846 -0.48668122  2.10819506]
- current state of moments (data, sim):
cshare 0.6808892149667144 0.5875017031050788
mshare 0.14422500000000002 0.262281549951147
trans_fromgood 0.9615996486441867 0.8933589948257857
trans_frombad 0.20597666978044457 0.4362673013644648
grad2 1.177712992763826 1.2874067070579074
grad3 1.2223556346247508 1.4442942415971574
grad4 1.2760806370630837 1.5264650449210595
f =  3191.337338702622 , pars =  [ 2.01453231  0.27742886  0.37455269 -0.49305232  2.11468951]
- current state of moments (data, sim):
cshare 0.6808892149667144 0.5877665170711466
mshare 0.14422500000000002 0.26173475465441143
trans_fromgood 0.9615996486441867 0.8939219323113377
trans_frombad 0.20597666978044457 0.4412760350292702
grad2 1.177712992763826 1.2844974329334717
grad3 1.2223556346247508 1.436635682381425
grad4 1.2760806370630837 1.5153098417475883
f =  3149.4893859153967 , pars =  [ 2.01706679  0.27632153  0.37367555 -0.49954476  2.12172009]
- current state of moments (data, sim):
cshare 0.6808892149667144 0.5877678330578285
mshare 0.14422500000000002 0.26067213861554367
trans_fromgood 0.9615996486441867 0.8944629270521746
trans_frombad 0.20597666978044457 0.43974184986503184
grad2 1.177712992763826 1.2835552724668453
grad3 1.2223556346247508 1.4366591618148716
grad4 1.2760806370630837 1.515128424593653
f =  3121.8493904288875 , pars =  [ 2.01171073  0.27641135  0.36735199 -0.50187612  2.1268075 ]
- current state of moments (data, sim):
cshare 0.6808892149667144 0.5880674672967799
mshare 0.14422500000000002 0.26086686415572924
trans_fromgood 0.9615996486441867 0.894580364544813
trans_frombad 0.20597666978044457 0.4352378375280902
grad2 1.177712992763826 1.2815607961002422
grad3 1.2223556346247508 1.436704339112721
grad4 1.2760806370630837 1.517258235871621
f =  3113.1217911011877 , pars =  [ 2.00515207  0.27832389  0.36602419 -0.50819044  2.13022695]
- current state of moments (data, sim):
cshare 0.6808892149667144 0.5884590283699763
mshare 0.14422500000000002 0.2613203752564821
trans_fromgood 0.9615996486441867 0.894761269640756
trans_frombad 0.20597666978044457 0.43841903752505373
grad2 1.177712992763826 1.2813208811498058
grad3 1.2223556346247508 1.4340308059182267
grad4 1.2760806370630837 1.5120511541685047
f =  3176.8861555295425 , pars =  [ 2.00488469  0.27059289  0.3607289  -0.50882541  2.12680396]
- current state of moments (data, sim):
cshare 0.6808892149667144 0.5888586216381541
mshare 0.14422500000000002 0.2604807992930971
trans_fromgood 0.9615996486441867 0.8937377080071437
trans_frombad 0.20597666978044457 0.42936803502283577
grad2 1.177712992763826 1.285077210665713
grad3 1.2223556346247508 1.4453012088106942
grad4 1.2760806370630837 1.5279293049169218
f =  3095.4758565028587 , pars =  [ 2.00475524  0.28075324  0.35932586 -0.50466871  2.13628258]
- current state of moments (data, sim):
cshare 0.6808892149667144 0.5883608879366382
mshare 0.14422500000000002 0.26301125210641696
trans_fromgood 0.9615996486441867 0.8950973593556453
trans_frombad 0.20597666978044457 0.434876829682666
grad2 1.177712992763826 1.2840074492520719
grad3 1.2223556346247508 1.438648123297224
grad4 1.2760806370630837 1.5170273564438568
f =  3086.950875438067 , pars =  [ 2.00869518  0.27734616  0.35845924 -0.49905013  2.1426504 ]
- current state of moments (data, sim):
cshare 0.6808892149667144 0.5885335989999358
mshare 0.14422500000000002 0.26037527687719997
trans_fromgood 0.9615996486441867 0.8953745302103928
trans_frombad 0.20597666978044457 0.44235281209263155
grad2 1.177712992763826 1.2841687453493031
grad3 1.2223556346247508 1.4335888437643267
grad4 1.2760806370630837 1.5058052023913153
f =  3063.8738739209402 , pars =  [ 2.01514775  0.27676405  0.35259509 -0.49428467  2.14361347]
- current state of moments (data, sim):
cshare 0.6808892149667144 0.5879697451572659
mshare 0.14422500000000002 0.26194677879435213
trans_fromgood 0.9615996486441867 0.8953254381581303
trans_frombad 0.20597666978044457 0.43431725060623655
grad2 1.177712992763826 1.281597680618535
grad3 1.2223556346247508 1.4350632880859173
grad4 1.2760806370630837 1.5124628535078626
f =  3046.519155726207 , pars =  [ 2.02081717  0.27329379  0.35214167 -0.48793362  2.14752161]
- current state of moments (data, sim):
cshare 0.6808892149667144 0.5880898500157931
mshare 0.14422500000000002 0.25840467049832133
trans_fromgood 0.9615996486441867 0.895318223851765
trans_frombad 0.20597666978044457 0.43502523716186947
grad2 1.177712992763826 1.278923358521821
grad3 1.2223556346247508 1.430789694533891
grad4 1.2760806370630837 1.5070244304083287
f =  3028.5804297593404 , pars =  [ 2.02703686  0.2707767   0.34950911 -0.48333263  2.15270623]
- current state of moments (data, sim):
cshare 0.6808892149667144 0.5882263394393236
mshare 0.14422500000000002 0.25775338731213787
trans_fromgood 0.9615996486441867 0.895622349977257
trans_frombad 0.20597666978044457 0.4320882848027998
grad2 1.177712992763826 1.2804488352021053
grad3 1.2223556346247508 1.4349529061824957
grad4 1.2760806370630837 1.5114281673935002
f =  3052.399181592395 , pars =  [ 2.0398217   0.26453422  0.34970256 -0.47244473  2.16159416]
- current state of moments (data, sim):
cshare 0.6808892149667144 0.5881552359414733
mshare 0.14422500000000002 0.25270547512085384
trans_fromgood 0.9615996486441867 0.8962719854895025
trans_frombad 0.20597666978044457 0.43005121489106024
grad2 1.177712992763826 1.2989348579411542
grad3 1.2223556346247508 1.4533854506252992
grad4 1.2760806370630837 1.5284852851090884
f =  3178.29110700373 , pars =  [ 2.03081089  0.2647529   0.34557519 -0.48286855  2.14689422]
- current state of moments (data, sim):
cshare 0.6808892149667144 0.588017083784196
mshare 0.14422500000000002 0.2574585490246242
trans_fromgood 0.9615996486441867 0.8946703488817402
trans_frombad 0.20597666978044457 0.42725712048680015
grad2 1.177712992763826 1.3030032183094191
grad3 1.2223556346247508 1.4624835319019243
grad4 1.2760806370630837 1.5402890795392985
f =  2964.6005881422416 , pars =  [ 2.02531277  0.27335534  0.3478534  -0.48224598  2.1620044 ]
- current state of moments (data, sim):
cshare 0.6808892149667144 0.5884884245880152
mshare 0.14422500000000002 0.25685976897091856
trans_fromgood 0.9615996486441867 0.8964269191336282
trans_frombad 0.20597666978044457 0.43386175676149297
grad2 1.177712992763826 1.2778197911262033
grad3 1.2223556346247508 1.4287780437668731
grad4 1.2760806370630837 1.5035113821305088
f =  2939.564468526865 , pars =  [ 2.03250686  0.27601916  0.34729603 -0.48463369  2.16793207]
- current state of moments (data, sim):
cshare 0.6808892149667144 0.5879348194132481
mshare 0.14422500000000002 0.2582917487270029
trans_fromgood 0.9615996486441867 0.8972382705990021
trans_frombad 0.20597666978044457 0.44029022669394946
grad2 1.177712992763826 1.27960108329633
grad3 1.2223556346247508 1.4268019433700567
grad4 1.2760806370630837 1.4964259772850346
f =  2940.257971890591 , pars =  [ 2.03442488  0.27741027  0.34131817 -0.47731948  2.17020219]
- current state of moments (data, sim):
cshare 0.6808892149667144 0.5873525577607392
mshare 0.14422500000000002 0.2596215463691359
trans_fromgood 0.9615996486441867 0.8971920738514135
trans_frombad 0.20597666978044457 0.43950220152923397
grad2 1.177712992763826 1.2795221683576803
grad3 1.2223556346247508 1.4267939010576296
grad4 1.2760806370630837 1.4961922398021585
f =  2838.884862636161 , pars =  [ 2.03191248  0.27758061  0.35058202 -0.48507237  2.17721746]
- current state of moments (data, sim):
cshare 0.6808892149667144 0.5878402488803649
mshare 0.14422500000000002 0.25512253612103486
trans_fromgood 0.9615996486441867 0.8982542107795669
trans_frombad 0.20597666978044457 0.43355583414215243
grad2 1.177712992763826 1.2746838174608635
grad3 1.2223556346247508 1.4233211953064435
grad4 1.2760806370630837 1.497224866380366
f =  2773.523293213742 , pars =  [ 2.03389327  0.27600693  0.35442086 -0.48433913  2.18606764]
- current state of moments (data, sim):
cshare 0.6808892149667144 0.5884466101535525
mshare 0.14422500000000002 0.25134431618090736
trans_fromgood 0.9615996486441867 0.8991482725597683
trans_frombad 0.20597666978044457 0.4356672816648
grad2 1.177712992763826 1.2715706906485016
grad3 1.2223556346247508 1.4178689598426888
grad4 1.2760806370630837 1.4899132364019225
f =  2735.776145906594 , pars =  [ 2.03388596  0.28145476  0.35609707 -0.48547816  2.19420484]
- current state of moments (data, sim):
cshare 0.6808892149667144 0.5885074929871
mshare 0.14422500000000002 0.2516679448297523
trans_fromgood 0.9615996486441867 0.9000330638718665
trans_frombad 0.20597666978044457 0.44447510987710265
grad2 1.177712992763826 1.268881897328866
grad3 1.2223556346247508 1.4098027774269482
grad4 1.2760806370630837 1.476121465885872
