current parameter status : 
sigma 2.053 False
beta 0.97 False
phi 0.3236 False
psi 0.1793 False
delta_h1 -1.0998 True
delta_h2 3.7863 True
eta 0.0 False
tfp 0.9221 True
price 0.6041 True
risk 0.0 False
-- 
number of parameters:  10
number of free parameters:  4
current parameter status : 
sigma 2.053 False
beta 0.97 False
phi 0.3236 False
psi 0.1793 False
delta_h1 -1.0998 True
delta_h2 3.7863 True
eta 0.0 False
tfp 0.9221 True
price 0.6041 True
risk 0.0 False
- using these moments:
mshare 0.10357350000000001 0.007025433700791045
trans_fromgood 0.9741003932232171 0.003529468368224344
trans_frombad 0.31490541932596394 0.03699727547036263
grad2 1.0297165928818917 0.02479245960059826
grad3 1.0561069195731547 0.02318462811819575
grad4 1.0901473987876726 0.021743261560458207
tfp 0.7352641707913572 0.012840695655929685
f =  91.77376928090564 , pars =  [-1.0998449   3.78628955  0.92211051  0.60405877]
- current state of moments (data, sim):
mshare 0.10357350000000001 0.08787931994585738
trans_fromgood 0.9741003932232171 0.9773204024684405
trans_frombad 0.31490541932596394 0.6436968692233137
grad2 1.0297165928818917 1.0426872360475252
grad3 1.0561069195731547 1.0482742213782739
grad4 1.0901473987876726 1.0494983745876951
tfp 0.7352641707913572 0.7578398968937805
f =  79.68644599865839 , pars =  [-0.9998449   3.78628955  0.92211051  0.60405877]
- current state of moments (data, sim):
mshare 0.10357350000000001 0.0860035315056301
trans_fromgood 0.9741003932232171 0.9773204024684409
trans_frombad 0.31490541932596394 0.6199412013400656
grad2 1.0297165928818917 1.0444943898046735
grad3 1.0561069195731547 1.0522374075514114
grad4 1.0901473987876726 1.053771261613744
tfp 0.7352641707913572 0.7506758766523859
f =  125.37870768734473 , pars =  [-1.0998449   3.88628955  0.92211051  0.60405877]
- current state of moments (data, sim):
mshare 0.10357350000000001 0.07676273986170712
trans_fromgood 0.9741003932232171 0.9794786515274496
trans_frombad 0.31490541932596394 0.6503616950048354
grad2 1.0297165928818917 1.0358756364759485
grad3 1.0561069195731547 1.0414219985151483
grad4 1.0901473987876726 1.0425501028923845
tfp 0.7352641707913572 0.7941449520322509
f =  201.39532968218134 , pars =  [-1.0998449   3.78628955  1.02211051  0.60405877]
- current state of moments (data, sim):
mshare 0.10357350000000001 0.08021957771301025
trans_fromgood 0.9741003932232171 0.9773241054050994
trans_frombad 0.31490541932596394 0.6318112369036705
grad2 1.0297165928818917 1.0486241152473774
grad3 1.0561069195731547 1.0545237336081779
grad4 1.0901473987876726 1.0557005485273079
tfp 0.7352641707913572 0.8717893682622271
f =  35.29432329730293 , pars =  [-1.0998449   3.78628955  0.92211051  0.70405877]
- current state of moments (data, sim):
mshare 0.10357350000000001 0.10349372394405859
trans_fromgood 0.9741003932232171 0.977320402468442
trans_frombad 0.31490541932596394 0.5123708986721845
grad2 1.0297165928818917 1.0501197991767661
grad3 1.0561069195731547 1.0721952638310233
grad4 1.0901473987876726 1.0756863154334493
tfp 0.7352641707913572 0.7621193039883511
f =  36.819996174804686 , pars =  [-1.1998449   3.78628955  0.92211051  0.60405877]
- current state of moments (data, sim):
mshare 0.10357350000000001 0.09586149854562785
trans_fromgood 0.9741003932232171 0.9773204024684425
trans_frombad 0.31490541932596394 0.5254615508828114
grad2 1.0297165928818917 1.0503130705629729
grad3 1.0561069195731547 1.071307126969947
grad4 1.0901473987876726 1.0740624255600653
tfp 0.7352641707913572 0.7462090239355755
f =  88.04297920314693 , pars =  [-1.0998449   3.68628955  0.92211051  0.60405877]
- current state of moments (data, sim):
mshare 0.10357350000000001 0.09614715848695363
trans_fromgood 0.9741003932232171 0.9749351683744607
trans_frombad 0.31490541932596394 0.6439030337141737
grad2 1.0297165928818917 1.0454377762301343
grad3 1.0561069195731547 1.0522342205918689
grad4 1.0901473987876726 1.053670886840134
tfp 0.7352641707913572 0.7626515095899351
f =  90.6312613247727 , pars =  [-1.0998449   3.78628955  0.82211051  0.60405877]
- current state of moments (data, sim):
mshare 0.10357350000000001 0.10693568124740462
trans_fromgood 0.9741003932232171 0.9773204024684405
trans_frombad 0.31490541932596394 0.45573972157619547
grad2 1.0297165928818917 1.0603538824498746
grad3 1.0561069195731547 1.089329571735185
grad4 1.0901473987876726 1.0944129071676205
tfp 0.7352641707913572 0.6267161119608435
f =  143.2249797021145 , pars =  [-1.0998449   3.78628955  0.92211051  0.50405877]
- current state of moments (data, sim):
mshare 0.10357350000000001 0.07646422037332709
trans_fromgood 0.9741003932232171 0.9773204024684415
trans_frombad 0.31490541932596394 0.7175373600200228
grad2 1.0297165928818917 1.0250170610378726
grad3 1.0561069195731547 1.0288795391629524
grad4 1.0901473987876726 1.0300127584933005
tfp 0.7352641707913572 0.7343868690518988
f =  29.274652292210916 , pars =  [-1.16552557  3.77577574  0.8900796   0.77150899]
- current state of moments (data, sim):
mshare 0.10357350000000001 0.12970521927542475
trans_fromgood 0.9741003932232171 0.9770806955894811
trans_frombad 0.31490541932596394 0.3813307141269649
grad2 1.0297165928818917 1.0659146725345656
grad3 1.0561069195731547 1.1053613137292828
grad4 1.0901473987876726 1.1186370360317837
tfp 0.7352641707913572 0.7125067859730048
f =  36.043406135990196 , pars =  [-1.13152711  3.7813802   0.90705455  0.86383746]
- current state of moments (data, sim):
mshare 0.10357350000000001 0.1377167041246792
trans_fromgood 0.9741003932232171 0.977208786707749
trans_frombad 0.31490541932596394 0.3748103206876099
grad2 1.0297165928818917 1.0668816162482566
grad3 1.0561069195731547 1.1068421761987375
grad4 1.0901473987876726 1.1206720322643182
tfp 0.7352641707913572 0.7334335181641922
f =  27.18824797111523 , pars =  [-1.25346692  3.77214183  0.89502357  0.7243002 ]
- current state of moments (data, sim):
mshare 0.10357350000000001 0.12697708042480102
trans_fromgood 0.9741003932232171 0.9769972574282009
trans_frombad 0.31490541932596394 0.38424037213283274
grad2 1.0297165928818917 1.0664036111912127
grad3 1.0561069195731547 1.105129454410551
grad4 1.0901473987876726 1.1183494652517691
tfp 0.7352641707913572 0.7110286352433862
f =  64.32825344406145 , pars =  [-1.28457009  3.76667432  0.87393251  0.81680894]
- current state of moments (data, sim):
mshare 0.10357350000000001 0.1473887414724942
trans_fromgood 0.9741003932232171 0.9768711452925961
trans_frombad 0.31490541932596394 0.35264558518151845
grad2 1.0297165928818917 1.0713616622545605
grad3 1.0561069195731547 1.115657711904601
grad4 1.0901473987876726 1.1326470013741465
tfp 0.7352641707913572 0.6935842900146749
f =  30.127864850033145 , pars =  [-1.32304278  3.77669408  0.88844384  0.65291963]
- current state of moments (data, sim):
mshare 0.10357350000000001 0.11410894760218596
trans_fromgood 0.9741003932232171 0.9771017337274343
trans_frombad 0.31490541932596394 0.4353508746719864
grad2 1.0297165928818917 1.070905617921708
grad3 1.0561069195731547 1.1039363640417728
grad4 1.0901473987876726 1.1090262296978763
tfp 0.7352641707913572 0.6971993375253367
f =  42.50331949364756 , pars =  [-1.24921433  3.67255149  0.90002339  0.71808065]
- current state of moments (data, sim):
mshare 0.10357350000000001 0.13744399657897527
trans_fromgood 0.9741003932232171 0.9745884502751891
trans_frombad 0.31490541932596394 0.39169588891296453
grad2 1.0297165928818917 1.0718097212416493
grad3 1.0561069195731547 1.113830943695903
grad4 1.0901473987876726 1.127670957528646
tfp 0.7352641707913572 0.713498328589194
f =  38.40463537422016 , pars =  [-1.30803725  3.74516506  0.92945447  0.65282401]
- current state of moments (data, sim):
mshare 0.10357350000000001 0.10700473680231275
trans_fromgood 0.9741003932232171 0.9763682718206892
trans_frombad 0.31490541932596394 0.5155109292326164
grad2 1.0297165928818917 1.052110748747058
grad3 1.0561069195731547 1.0751909124958217
grad4 1.0901473987876726 1.0787546791613407
tfp 0.7352641707913572 0.7682158171259784
f =  147.7939102537393 , pars =  [-1.2011309   3.76962467  0.81371985  0.69891696]
- current state of moments (data, sim):
mshare 0.10357350000000001 0.14829722065982845
trans_fromgood 0.9741003932232171 0.9769392828459503
trans_frombad 0.31490541932596394 0.30539468368885064
grad2 1.0297165928818917 1.073243353040054
grad3 1.0561069195731547 1.1305010912811908
grad4 1.0901473987876726 1.1553829848036614
tfp 0.7352641707913572 0.617454619288624
f =  31.226254935017877 , pars =  [-1.18757706  3.74057169  0.94325785  0.77262521]
- current state of moments (data, sim):
mshare 0.10357350000000001 0.12161042490148867
trans_fromgood 0.9741003932232171 0.976259472866522
trans_frombad 0.31490541932596394 0.441160828104869
grad2 1.0297165928818917 1.0726359045410032
grad3 1.0561069195731547 1.1050988407318616
grad4 1.0901473987876726 1.1103729210597824
tfp 0.7352641707913572 0.761852962214652
f =  25.688645712502208 , pars =  [-1.22603641  3.80062335  0.91846888  0.70463583]
- current state of moments (data, sim):
mshare 0.10357350000000001 0.10724208905951128
trans_fromgood 0.9741003932232171 0.977643168573906
trans_frombad 0.31490541932596394 0.4717047069115101
grad2 1.0297165928818917 1.060066510121773
grad3 1.0561069195731547 1.0866078459597714
grad4 1.0901473987876726 1.0907316882018456
tfp 0.7352641707913572 0.7582940098780558
f =  26.15113115770234 , pars =  [-1.21530033  3.75265287  0.91015212  0.70084095]
- current state of moments (data, sim):
mshare 0.10357350000000001 0.11304141656868921
trans_fromgood 0.9741003932232171 0.9765445608980008
trans_frombad 0.31490541932596394 0.483547898374986
grad2 1.0297165928818917 1.0585570662426043
grad3 1.0561069195731547 1.0847838092304136
grad4 1.0901473987876726 1.0889805246762725
tfp 0.7352641707913572 0.7408881181533702
f =  22.32219598199472 , pars =  [-1.22759518  3.79826042  0.92848723  0.709852  ]
- current state of moments (data, sim):
mshare 0.10357350000000001 0.11106028342890864
trans_fromgood 0.9741003932232171 0.9775902784432822
trans_frombad 0.31490541932596394 0.4528236035679616
grad2 1.0297165928818917 1.0660063436309548
grad3 1.0561069195731547 1.094941834812177
grad4 1.0901473987876726 1.099405645342585
tfp 0.7352641707913572 0.7492295486206492
f =  32.58981143102037 , pars =  [-1.22993913  3.78967982  0.92741648  0.73319151]
- current state of moments (data, sim):
mshare 0.10357350000000001 0.11298559115511803
trans_fromgood 0.9741003932232171 0.9773971622856852
trans_frombad 0.31490541932596394 0.42908689168694203
grad2 1.0297165928818917 1.0543701994058645
grad3 1.0561069195731547 1.0858284329443368
grad4 1.0901473987876726 1.0959377597042936
tfp 0.7352641707913572 0.789278540348843
f =  28.809467355149994 , pars =  [-1.23653798  3.79485675  0.92781756  0.70702481]
- current state of moments (data, sim):
mshare 0.10357350000000001 0.10774353617156225
trans_fromgood 0.9741003932232171 0.9775138731721997
trans_frombad 0.31490541932596394 0.4725369102232138
grad2 1.0297165928818917 1.0605706126872028
grad3 1.0561069195731547 1.0871776895900007
grad4 1.0901473987876726 1.0912820316520706
tfp 0.7352641707913572 0.7667733746876436
f =  30.777712048369114 , pars =  [-1.21974539  3.79944156  0.93361685  0.70658509]
- current state of moments (data, sim):
mshare 0.10357350000000001 0.10688981735017435
trans_fromgood 0.9741003932232171 0.9776167318697486
trans_frombad 0.31490541932596394 0.4905673227356106
grad2 1.0297165928818917 1.0547485581509513
grad3 1.0561069195731547 1.0791491872910606
grad4 1.0901473987876726 1.0829455371597294
tfp 0.7352641707913572 0.7636947189441863
f =  25.122656313207756 , pars =  [-1.22103626  3.79935045  0.92316579  0.71509362]
- current state of moments (data, sim):
mshare 0.10357350000000001 0.10897989533134748
trans_fromgood 0.9741003932232171 0.9776146923837297
trans_frombad 0.31490541932596394 0.46826404060139354
grad2 1.0297165928818917 1.0624097558002588
grad3 1.0561069195731547 1.0894426430641861
grad4 1.0901473987876726 1.093325480489276
tfp 0.7352641707913572 0.7556855842375018
f =  35.11079378865512 , pars =  [-1.23086689  3.80750884  0.92956414  0.71146535]
- current state of moments (data, sim):
mshare 0.10357350000000001 0.10548497254499857
trans_fromgood 0.9741003932232171 0.9777965776025421
trans_frombad 0.31490541932596394 0.480827997660722
grad2 1.0297165928818917 1.0579919044336887
grad3 1.0561069195731547 1.08345272439841
grad4 1.0901473987876726 1.0871521426372628
tfp 0.7352641707913572 0.7780768068333581
f =  22.63154776446309 , pars =  [-1.23222655  3.79469799  0.92154163  0.71404939]
- current state of moments (data, sim):
mshare 0.10357350000000001 0.11192500329602473
trans_fromgood 0.9741003932232171 0.9775103031595097
trans_frombad 0.31490541932596394 0.4594718976064691
grad2 1.0297165928818917 1.0650684665446588
grad3 1.0561069195731547 1.0933822227203844
grad4 1.0901473987876726 1.0974666654318854
tfp 0.7352641707913572 0.7421205295631487
f =  25.608398490315224 , pars =  [-1.2250113   3.78918769  0.92663712  0.71260631]
- current state of moments (data, sim):
mshare 0.10357350000000001 0.11167753122950498
trans_fromgood 0.9741003932232171 0.9773860359621036
trans_frombad 0.31490541932596394 0.4422886382786747
grad2 1.0297165928818917 1.051293458734961
grad3 1.0561069195731547 1.0808768094514023
grad4 1.0901473987876726 1.0903374579809457
tfp 0.7352641707913572 0.7751689856749827
f =  28.18383698875331 , pars =  [-1.22907021  3.7959512   0.93225536  0.71870033]
- current state of moments (data, sim):
mshare 0.10357350000000001 0.10824452940017998
trans_fromgood 0.9741003932232171 0.9775384696814434
trans_frombad 0.31490541932596394 0.4646020507301089
grad2 1.0297165928818917 1.061961218658051
grad3 1.0561069195731547 1.0895083932594205
grad4 1.0901473987876726 1.0938589179728766
tfp 0.7352641707913572 0.7683158156338468
f =  22.001980104020568 , pars =  [-1.22753843  3.79588811  0.9219351   0.7122577 ]
- current state of moments (data, sim):
mshare 0.10357350000000001 0.11151419531067111
trans_fromgood 0.9741003932232171 0.9775370525087145
trans_frombad 0.31490541932596394 0.4551554104056127
grad2 1.0297165928818917 1.0664790955282386
grad3 1.0561069195731547 1.0953840170809057
grad4 1.0901473987876726 1.0995121814208821
tfp 0.7352641707913572 0.740267678991354
f =  15.774495382638133 , pars =  [-1.22828298  3.79458165  0.92025296  0.71542156]
- current state of moments (data, sim):
mshare 0.10357350000000001 0.11637068243128976
trans_fromgood 0.9741003932232171 0.9775076864306768
trans_frombad 0.31490541932596394 0.3957369871018521
grad2 1.0297165928818917 1.0619468558535758
grad3 1.0561069195731547 1.0989477343085718
grad4 1.0901473987876726 1.1107852427216618
tfp 0.7352641707913572 0.7463535232777614
f =  27.086908975325688 , pars =  [-1.22555271  3.79208379  0.91520914  0.72003345]
- current state of moments (data, sim):
mshare 0.10357350000000001 0.10961246042196776
trans_fromgood 0.9741003932232171 0.9774514336350207
trans_frombad 0.31490541932596394 0.47148585430000833
grad2 1.0297165928818917 1.0597041335308006
grad3 1.0561069195731547 1.086453180618538
grad4 1.0901473987876726 1.0907993345970155
tfp 0.7352641707913572 0.7620696470598431
f =  23.006473888460306 , pars =  [-1.22880535  3.79604796  0.92055416  0.71591928]
- current state of moments (data, sim):
mshare 0.10357350000000001 0.11088118278730506
trans_fromgood 0.9741003932232171 0.9775406429689867
trans_frombad 0.31490541932596394 0.4610149244436434
grad2 1.0297165928818917 1.0643801068515069
grad3 1.0561069195731547 1.0924232789688637
grad4 1.0901473987876726 1.096526737414341
tfp 0.7352641707913572 0.7473356222545211
f =  24.552626305712927 , pars =  [-1.22834823  3.79096302  0.91900494  0.71475479]
- current state of moments (data, sim):
mshare 0.10357350000000001 0.11009022164382408
trans_fromgood 0.9741003932232171 0.9774261477688686
trans_frombad 0.31490541932596394 0.463894159409887
grad2 1.0297165928818917 1.062584191852739
grad3 1.0561069195731547 1.0903354046305331
grad4 1.0901473987876726 1.0947371835876432
tfp 0.7352641707913572 0.7559921236275041
f =  23.49191516756928 , pars =  [-1.22827929  3.7943922   0.92116412  0.71578744]
- current state of moments (data, sim):
mshare 0.10357350000000001 0.11083192080769685
trans_fromgood 0.9741003932232171 0.9775034248141422
trans_frombad 0.31490541932596394 0.46334493769692425
grad2 1.0297165928818917 1.0624518069522972
grad3 1.0561069195731547 1.0901573635645914
grad4 1.0901473987876726 1.0945442683645772
tfp 0.7352641707913572 0.7507587183974315
f =  21.634019915565197 , pars =  [-1.22777938  3.79505555  0.91862467  0.714618  ]
- current state of moments (data, sim):
mshare 0.10357350000000001 0.11219014765574592
trans_fromgood 0.9741003932232171 0.977518343068854
trans_frombad 0.31490541932596394 0.4549290498203962
grad2 1.0297165928818917 1.0647509238892465
grad3 1.0561069195731547 1.093483780760589
grad4 1.0901473987876726 1.0980816107718039
tfp 0.7352641707913572 0.7400507056852463
f =  22.90106407715988 , pars =  [-1.22736305  3.79491403  0.92036763  0.71559508]
- current state of moments (data, sim):
mshare 0.10357350000000001 0.11061221154544593
trans_fromgood 0.9741003932232171 0.9775151612643026
trans_frombad 0.31490541932596394 0.4599450527742111
grad2 1.0297165928818917 1.0634595660496473
grad3 1.0561069195731547 1.0915065077169204
grad4 1.0901473987876726 1.0959327077430603
tfp 0.7352641707913572 0.7501182609301258
f =  21.586497109869345 , pars =  [-1.22902116  3.79433181  0.91965719  0.71561579]
- current state of moments (data, sim):
mshare 0.10357350000000001 0.11148384550750956
trans_fromgood 0.9741003932232171 0.9775020662058496
trans_frombad 0.31490541932596394 0.4547192852837902
grad2 1.0297165928818917 1.0644841692923033
grad3 1.0561069195731547 1.0935661610327922
grad4 1.0901473987876726 1.0981369011549917
tfp 0.7352641707913572 0.7433516637538417
f =  25.22863892834714 , pars =  [-1.22906874  3.79460194  0.92058936  0.71490291]
- current state of moments (data, sim):
mshare 0.10357350000000001 0.10949406331400682
trans_fromgood 0.9741003932232171 0.977508142870889
trans_frombad 0.31490541932596394 0.46613795084354503
grad2 1.0297165928818917 1.0616868480332362
grad3 1.0561069195731547 1.0891155259897838
grad4 1.0901473987876726 1.0934282430010391
tfp 0.7352641707913572 0.7581068465138997
f =  25.292400051161156 , pars =  [-1.22784165  3.79390508  0.91997637  0.71490099]
- current state of moments (data, sim):
mshare 0.10357350000000001 0.10982414366295337
trans_fromgood 0.9741003932232171 0.9774924637701773
trans_frombad 0.31490541932596394 0.46762949352560845
grad2 1.0297165928818917 1.0612355979503836
grad3 1.0561069195731547 1.0884659570149025
grad4 1.0901473987876726 1.0927708131406106
tfp 0.7352641707913572 0.7573490787457952
f =  21.601074004447216 , pars =  [-1.22804585  3.79498859  0.92067015  0.71464431]
- current state of moments (data, sim):
mshare 0.10357350000000001 0.1105097802511783
trans_fromgood 0.9741003932232171 0.9775168376048661
trans_frombad 0.31490541932596394 0.4533043334333135
grad2 1.0297165928818917 1.0648874865935132
grad3 1.0561069195731547 1.0939638749353475
grad4 1.0901473987876726 1.0985845277755732
tfp 0.7352641707913572 0.7472177949923835
f =  21.299933304262 , pars =  [-1.22822149  3.7950272   0.91960072  0.71603172]
- current state of moments (data, sim):
mshare 0.10357350000000001 0.11214797476252425
trans_fromgood 0.9741003932232171 0.9775177056012833
trans_frombad 0.31490541932596394 0.4506259445326785
grad2 1.0297165928818917 1.0661178305852228
grad3 1.0561069195731547 1.0954846296877412
grad4 1.0901473987876726 1.1001699387095734
tfp 0.7352641707913572 0.7404464674438334
f =  15.670291572234266 , pars =  [-1.22839027  3.79497647  0.92023492  0.7155105 ]
- current state of moments (data, sim):
mshare 0.10357350000000001 0.11634256459126545
trans_fromgood 0.9741003932232171 0.977516565261921
trans_frombad 0.31490541932596394 0.3965728044938166
grad2 1.0297165928818917 1.0616919540784253
grad3 1.0561069195731547 1.0985153301089472
grad4 1.0901473987876726 1.1103028802015462
tfp 0.7352641707913572 0.7459220928391983
f =  21.77672192589454 , pars =  [-1.22833281  3.79470122  0.92020202  0.71559243]
- current state of moments (data, sim):
mshare 0.10357350000000001 0.1116548976630541
trans_fromgood 0.9741003932232171 0.9775103757708669
trans_frombad 0.31490541932596394 0.4544006139008945
grad2 1.0297165928818917 1.0651088556543806
grad3 1.0561069195731547 1.0940328078516082
grad4 1.0901473987876726 1.098589255764646
tfp 0.7352641707913572 0.7437769357180304
f =  22.0548483752399 , pars =  [-1.22842457  3.79502898  0.92027816  0.71557528]
- current state of moments (data, sim):
mshare 0.10357350000000001 0.11121390769168092
trans_fromgood 0.9741003932232171 0.9775177456880111
trans_frombad 0.31490541932596394 0.45550601487880865
grad2 1.0297165928818917 1.0647258714161827
grad3 1.0561069195731547 1.0933259189768483
grad4 1.0901473987876726 1.0978757571278424
tfp 0.7352641707913572 0.7467129793139236
f =  21.2221763632329 , pars =  [-1.22836556  3.79498739  0.92018578  0.7154277 ]
- current state of moments (data, sim):
mshare 0.10357350000000001 0.11160632217746887
trans_fromgood 0.9741003932232171 0.9775168107445437
trans_frombad 0.31490541932596394 0.4526131674485935
grad2 1.0297165928818917 1.0648698729953394
grad3 1.0561069195731547 1.0941938717007682
grad4 1.0901473987876726 1.0988549365152545
tfp 0.7352641707913572 0.741739405524436
f =  22.116454929692388 , pars =  [-1.22847023  3.79495849  0.9201779   0.71551619]
- current state of moments (data, sim):
mshare 0.10357350000000001 0.11119929417306439
trans_fromgood 0.9741003932232171 0.97751616082754
trans_frombad 0.31490541932596394 0.45649377697254107
grad2 1.0297165928818917 1.0642471741349453
grad3 1.0561069195731547 1.0929094540756936
grad4 1.0901473987876726 1.0974675827121547
tfp 0.7352641707913572 0.7466252286101539
f =  21.293056353975675 , pars =  [-1.2283584   3.79493185  0.92031374  0.71548257]
- current state of moments (data, sim):
mshare 0.10357350000000001 0.11342615688486896
trans_fromgood 0.9741003932232171 0.9775155618661583
trans_frombad 0.31490541932596394 0.44327567295750353
grad2 1.0297165928818917 1.06862690423068
grad3 1.0561069195731547 1.0990916525203227
grad4 1.0901473987876726 1.1038637970538803
tfp 0.7352641707913572 0.7323213681579127
f =  16.272920697850928 , pars =  [-1.22829235  3.79497938  0.92023502  0.71553059]
- current state of moments (data, sim):
mshare 0.10357350000000001 0.1162988365509502
trans_fromgood 0.9741003932232171 0.9775166306168728
trans_frombad 0.31490541932596394 0.402365637617365
grad2 1.0297165928818917 1.060923830209529
grad3 1.0561069195731547 1.0964757856329608
grad4 1.0901473987876726 1.1078808476123485
tfp 0.7352641707913572 0.7492451387573889
f =  24.62110437692346 , pars =  [-1.22835776  3.79499961  0.92015998  0.71556334]
- current state of moments (data, sim):
mshare 0.10357350000000001 0.10991109698662375
trans_fromgood 0.9741003932232171 0.9775170854631252
trans_frombad 0.31490541932596394 0.4643334753906749
grad2 1.0297165928818917 1.0637116561006748
grad3 1.0561069195731547 1.0911900971942272
grad4 1.0901473987876726 1.0952124935204237
tfp 0.7352641707913572 0.7548786846385488
f =  23.457398004427972 , pars =  [-1.228401    3.79494024  0.92026951  0.71559637]
- current state of moments (data, sim):
mshare 0.10357350000000001 0.1103713583349133
trans_fromgood 0.9741003932232171 0.9775157505492543
trans_frombad 0.31490541932596394 0.4616130655218529
grad2 1.0297165928818917 1.0629515808161978
grad3 1.0561069195731547 1.0909511048198257
grad4 1.0901473987876726 1.0953553195789314
tfp 0.7352641707913572 0.7522389171051027
f =  21.625871814352323 , pars =  [-1.2283504   3.79488671  0.92022874  0.71549277]
- current state of moments (data, sim):
mshare 0.10357350000000001 0.11073869076104206
trans_fromgood 0.9741003932232171 0.9775145469575761
trans_frombad 0.31490541932596394 0.45309337322015586
grad2 1.0297165928818917 1.0651480423356556
grad3 1.0561069195731547 1.0944429039623174
grad4 1.0901473987876726 1.0990233335538866
tfp 0.7352641707913572 0.7464288508486362
f =  21.175510156645597 , pars =  [-1.22836158  3.79501253  0.92025058  0.71549902]
- current state of moments (data, sim):
mshare 0.10357350000000001 0.1111243611701838
trans_fromgood 0.9741003932232171 0.977517375915168
trans_frombad 0.31490541932596394 0.4513692794376703
grad2 1.0297165928818917 1.065285477496712
grad3 1.0561069195731547 1.0948326125664478
grad4 1.0901473987876726 1.099516677436819
tfp 0.7352641707913572 0.7438227016452282
f =  21.35937718760277 , pars =  [-1.22838682  3.79497185  0.92023678  0.71551845]
- current state of moments (data, sim):
mshare 0.10357350000000001 0.11203467881931536
trans_fromgood 0.9741003932232171 0.9775164612704302
trans_frombad 0.31490541932596394 0.45125883905586506
grad2 1.0297165928818917 1.0660295288692219
grad3 1.0561069195731547 1.0951877711490121
grad4 1.0901473987876726 1.0998215203854402
tfp 0.7352641707913572 0.7410724158931987
f =  21.563566802397585 , pars =  [-1.22840708  3.79498584  0.92023842  0.71549493]
- current state of moments (data, sim):
mshare 0.10357350000000001 0.11066971809758075
trans_fromgood 0.9741003932232171 0.9775167758799833
trans_frombad 0.31490541932596394 0.4537661165339026
grad2 1.0297165928818917 1.064428726857122
grad3 1.0561069195731547 1.0935127268553388
grad4 1.0901473987876726 1.0982273516972432
tfp 0.7352641707913572 0.7468772225137311
f =  21.74725208071501 , pars =  [-1.22838929  3.79497302  0.92024358  0.71550702]
- current state of moments (data, sim):
mshare 0.10357350000000001 0.11220951747642784
trans_fromgood 0.9741003932232171 0.9775164875208623
trans_frombad 0.31490541932596394 0.4547891795768847
grad2 1.0297165928818917 1.064945908858739
grad3 1.0561069195731547 1.0937647667482855
grad4 1.0901473987876726 1.098318523760045
tfp 0.7352641707913572 0.74108442815495
f =  21.99864847122529 , pars =  [-1.22838799  3.7949798   0.92022656  0.71550676]
- current state of moments (data, sim):
mshare 0.10357350000000001 0.11120951664718294
trans_fromgood 0.9741003932232171 0.9775166399326752
trans_frombad 0.31490541932596394 0.45588744385712093
grad2 1.0297165928818917 1.0642937438956728
grad3 1.0561069195731547 1.0928961375413015
grad4 1.0901473987876726 1.097547503440706
tfp 0.7352641707913572 0.7466109833002341
f =  22.220362695231287 , pars =  [-1.22838879  3.79496745  0.92023229  0.7155074 ]
- current state of moments (data, sim):
mshare 0.10357350000000001 0.11124337009562216
trans_fromgood 0.9741003932232171 0.9775163624498155
trans_frombad 0.31490541932596394 0.4575382268241841
grad2 1.0297165928818917 1.0641918311006953
grad3 1.0561069195731547 1.0927109163520834
grad4 1.0901473987876726 1.097178096184114
tfp 0.7352641707913572 0.7459936175701807
f =  22.16381769085332 , pars =  [-1.22839798  3.79498121  0.92023418  0.71551468]
- current state of moments (data, sim):
mshare 0.10357350000000001 0.11109158359747805
trans_fromgood 0.9741003932232171 0.9775166717728367
trans_frombad 0.31490541932596394 0.45672115687945836
grad2 1.0297165928818917 1.0642035501692424
grad3 1.0561069195731547 1.0927047560341752
grad4 1.0901473987876726 1.0972376945341447
tfp 0.7352641707913572 0.7471425259644491
f =  20.9951375582142 , pars =  [-1.22838972  3.79498324  0.92024031  0.71551548]
- current state of moments (data, sim):
mshare 0.10357350000000001 0.11143242227040592
trans_fromgood 0.9741003932232171 0.9775167173870717
trans_frombad 0.31490541932596394 0.449642746892561
grad2 1.0297165928818917 1.0661191385312794
grad3 1.0561069195731547 1.0957656476023534
grad4 1.0901473987876726 1.1004630215524196
tfp 0.7352641707913572 0.7415160895439932
f =  21.62170153808156 , pars =  [-1.2283855   3.79498227  0.92023733  0.71550435]
- current state of moments (data, sim):
mshare 0.10357350000000001 0.11197248024700558
trans_fromgood 0.9741003932232171 0.9775166956694696
trans_frombad 0.31490541932596394 0.45385505725043773
grad2 1.0297165928818917 1.0653241464039382
grad3 1.0561069195731547 1.0943337553789152
grad4 1.0901473987876726 1.098872312358924
tfp 0.7352641707913572 0.7411229111934172
f =  22.461016878205736 , pars =  [-1.2283972   3.79497889  0.92023652  0.71550389]
- current state of moments (data, sim):
mshare 0.10357350000000001 0.11080963379074275
trans_fromgood 0.9741003932232171 0.9775166194901553
trans_frombad 0.31490541932596394 0.4570072730797333
grad2 1.0297165928818917 1.0641289614043077
grad3 1.0561069195731547 1.0926007099430637
grad4 1.0901473987876726 1.0971985435637797
tfp 0.7352641707913572 0.7493396588534509
f =  22.870605583036415 , pars =  [-1.22838833  3.79497711  0.92023418  0.71551192]
- current state of moments (data, sim):
mshare 0.10357350000000001 0.11101608473354327
trans_fromgood 0.9741003932232171 0.9775165795329682
trans_frombad 0.31490541932596394 0.4597215608912199
grad2 1.0297165928818917 1.0635389557654031
grad3 1.0561069195731547 1.0916496781703493
grad4 1.0901473987876726 1.0960686658229162
tfp 0.7352641707913572 0.7493584724365411
f =  21.674608903971812 , pars =  [-1.22839046  3.79497589  0.92023516  0.71551125]
- current state of moments (data, sim):
mshare 0.10357350000000001 0.11120638600718707
trans_fromgood 0.9741003932232171 0.9775165520800513
trans_frombad 0.31490541932596394 0.45507797064006783
grad2 1.0297165928818917 1.0643657043476322
grad3 1.0561069195731547 1.0933846640057987
grad4 1.0901473987876726 1.0979415723440509
tfp 0.7352641707913572 0.7446652427554964
f =  21.919154173224133 , pars =  [-1.22839041  3.79497695  0.92023492  0.71550962]
- current state of moments (data, sim):
mshare 0.10357350000000001 0.1114983520319915
trans_fromgood 0.9741003932232171 0.97751657584868
trans_frombad 0.31490541932596394 0.4554272988232965
grad2 1.0297165928818917 1.0648347176689978
grad3 1.0561069195731547 1.0936477795402375
grad4 1.0901473987876726 1.0981582972373733
tfp 0.7352641707913572 0.7445217560997885
f =  21.123205118612425 , pars =  [-1.22839029  3.79497715  0.92023557  0.71551084]
- current state of moments (data, sim):
mshare 0.10357350000000001 0.11167567962828692
trans_fromgood 0.9741003932232171 0.9775165804450484
trans_frombad 0.31490541932596394 0.45095362571108133
grad2 1.0297165928818917 1.0655285199087332
grad3 1.0561069195731547 1.0950566377155189
grad4 1.0901473987876726 1.099745835663819
tfp 0.7352641707913572 0.7414289105742893
f =  24.17877718626701 , pars =  [-1.22839039  3.79497653  0.92023393  0.71551061]
- current state of moments (data, sim):
mshare 0.10357350000000001 0.10997790214445316
trans_fromgood 0.9741003932232171 0.9775165665265005
trans_frombad 0.31490541932596394 0.4636502565895657
grad2 1.0297165928818917 1.0623541233558862
grad3 1.0561069195731547 1.0900898547267588
grad4 1.0901473987876726 1.0944558337132047
tfp 0.7352641707913572 0.7548495515765402
f =  21.94828943962621 , pars =  [-1.22839116  3.79497684  0.92023484  0.71551076]
- current state of moments (data, sim):
mshare 0.10357350000000001 0.1114732346432438
trans_fromgood 0.9741003932232171 0.9775165735843535
trans_frombad 0.31490541932596394 0.45567034610302154
grad2 1.0297165928818917 1.0647560207163056
grad3 1.0561069195731547 1.0935331743220302
grad4 1.0901473987876726 1.0980363081555844
tfp 0.7352641707913572 0.7446658995660073
f =  21.235173565961905 , pars =  [-1.22838961  3.79497594  0.92023521  0.71551005]
- current state of moments (data, sim):
mshare 0.10357350000000001 0.11106987685152458
trans_fromgood 0.9741003932232171 0.9775165532391822
trans_frombad 0.31490541932596394 0.4525022986643085
grad2 1.0297165928818917 1.0648900145961717
grad3 1.0561069195731547 1.0942222929499106
grad4 1.0901473987876726 1.0989058929027444
tfp 0.7352641707913572 0.7438808107049679
f =  22.237265346723312 , pars =  [-1.22839039  3.79497562  0.92023455  0.71551015]
- current state of moments (data, sim):
mshare 0.10357350000000001 0.11086530742244008
trans_fromgood 0.9741003932232171 0.9775165460076404
trans_frombad 0.31490541932596394 0.45857245552213943
grad2 1.0297165928818917 1.06334318662201
grad3 1.0561069195731547 1.0917904953942226
grad4 1.0901473987876726 1.0963056791365449
tfp 0.7352641707913572 0.7471404213900135
f =  22.100241340845308 , pars =  [-1.22838964  3.79497689  0.92023472  0.71551083]
- current state of moments (data, sim):
mshare 0.10357350000000001 0.11125585267543084
trans_fromgood 0.9741003932232171 0.977516574677865
trans_frombad 0.31490541932596394 0.4569933344469963
grad2 1.0297165928818917 1.064188511801444
grad3 1.0561069195731547 1.092640813839287
grad4 1.0901473987876726 1.097207796262439
tfp 0.7352641707913572 0.7459801392374612
f =  22.116886309910758 , pars =  [-1.2283904   3.79497638  0.92023522  0.71551041]
- current state of moments (data, sim):
mshare 0.10357350000000001 0.110872355918396
trans_fromgood 0.9741003932232171 0.9775165631276165
trans_frombad 0.31490541932596394 0.4569258108242862
grad2 1.0297165928818917 1.0650691708611066
grad3 1.0561069195731547 1.0939228274104629
grad4 1.0901473987876726 1.0981336510423254
tfp 0.7352641707913572 0.7446710557352596
f =  20.86884223877635 , pars =  [-1.22839028  3.79497653  0.9202349   0.71551041]
- current state of moments (data, sim):
mshare 0.10357350000000001 0.11180058256564769
trans_fromgood 0.9741003932232171 0.9775165663982678
trans_frombad 0.31490541932596394 0.44867126048624767
grad2 1.0297165928818917 1.0662963587650351
grad3 1.0561069195731547 1.0961126976503142
grad4 1.0901473987876726 1.1008401425490795
tfp 0.7352641707913572 0.7391628804738125
f =  21.005258699764415 , pars =  [-1.22839024  3.7949764   0.9202349   0.71551065]
- current state of moments (data, sim):
mshare 0.10357350000000001 0.1115111090098529
trans_fromgood 0.9741003932232171 0.9775165636146202
trans_frombad 0.31490541932596394 0.4503647720928277
grad2 1.0297165928818917 1.0657553458309044
grad3 1.0561069195731547 1.0953385194627507
grad4 1.0901473987876726 1.1000330549848447
tfp 0.7352641707913572 0.7410565370498408
f =  20.993045684504303 , pars =  [-1.22839031  3.79497641  0.92023486  0.71551047]
- current state of moments (data, sim):
mshare 0.10357350000000001 0.11144198177166152
trans_fromgood 0.9741003932232171 0.9775165637008868
trans_frombad 0.31490541932596394 0.4497111508647624
grad2 1.0297165928818917 1.0660676471837467
grad3 1.0561069195731547 1.095718314678117
grad4 1.0901473987876726 1.100352116884361
tfp 0.7352641707913572 0.7415077095739822
f =  22.17629364909204 , pars =  [-1.22839022  3.79497652  0.92023499  0.71551054]
- current state of moments (data, sim):
mshare 0.10357350000000001 0.11123649473100151
trans_fromgood 0.9741003932232171 0.9775165662132522
trans_frombad 0.31490541932596394 0.45672013376208964
grad2 1.0297165928818917 1.064413816413513
grad3 1.0561069195731547 1.093058269514496
grad4 1.0901473987876726 1.0975519225398442
tfp 0.7352641707913572 0.746326787946204
f =  21.9304660797266 , pars =  [-1.22839035  3.79497652  0.92023491  0.71551053]
- current state of moments (data, sim):
mshare 0.10357350000000001 0.11150749993657125
trans_fromgood 0.9741003932232171 0.977516566226134
trans_frombad 0.31490541932596394 0.45560320120562403
grad2 1.0297165928818917 1.0647834639898577
grad3 1.0561069195731547 1.0935731503437718
grad4 1.0901473987876726 1.0980823053696613
tfp 0.7352641707913572 0.744441869044799
f =  22.120059270636933 , pars =  [-1.2283902   3.79497649  0.92023486  0.71551051]
- current state of moments (data, sim):
mshare 0.10357350000000001 0.11118887030780146
trans_fromgood 0.9741003932232171 0.9775165655834306
trans_frombad 0.31490541932596394 0.4565038179975405
grad2 1.0297165928818917 1.0642422884951632
grad3 1.0561069195731547 1.0928999993327984
grad4 1.0901473987876726 1.0974523668431784
tfp 0.7352641707913572 0.7466747403734965
f =  22.375241412515024 , pars =  [-1.2283902   3.79497642  0.92023495  0.71551045]
- current state of moments (data, sim):
mshare 0.10357350000000001 0.11112850774477855
trans_fromgood 0.9741003932232171 0.9775165640459461
trans_frombad 0.31490541932596394 0.45844893839557915
grad2 1.0297165928818917 1.063918733863828
grad3 1.0561069195731547 1.0923141672006946
grad4 1.0901473987876726 1.096767612903902
tfp 0.7352641707913572 0.7467068087476748
f =  22.743874802495082 , pars =  [-1.22839031  3.79497641  0.92023498  0.7155105 ]
- current state of moments (data, sim):
mshare 0.10357350000000001 0.11079274327664047
trans_fromgood 0.9741003932232171 0.977516563829427
trans_frombad 0.31490541932596394 0.4591896835093792
grad2 1.0297165928818917 1.0636666318407246
grad3 1.0561069195731547 1.0919832509696776
grad4 1.0901473987876726 1.0964329824820938
tfp 0.7352641707913572 0.7492654848407969
f =  22.28682911666755 , pars =  [-1.22839027  3.79497647  0.9202349   0.71551054]
- current state of moments (data, sim):
mshare 0.10357350000000001 0.11114904759058089
trans_fromgood 0.9741003932232171 0.9775165650859943
trans_frombad 0.31490541932596394 0.4573272893286241
grad2 1.0297165928818917 1.0642344467432852
grad3 1.0561069195731547 1.0927957951281042
grad4 1.0901473987876726 1.0972791396830184
tfp 0.7352641707913572 0.7468793632360423
f =  22.24355422646371 , pars =  [-1.22839028  3.79497648  0.92023492  0.7155105 ]
- current state of moments (data, sim):
mshare 0.10357350000000001 0.11152383152879206
trans_fromgood 0.9741003932232171 0.9775165653955655
trans_frombad 0.31490541932596394 0.4577381053160064
grad2 1.0297165928818917 1.0639278635046665
grad3 1.0561069195731547 1.0922697049034245
grad4 1.0901473987876726 1.0968335976015315
tfp 0.7352641707913572 0.7459308641671291
f =  21.256908135292726 , pars =  [-1.22839025  3.79497646  0.92023492  0.7155105 ]
- current state of moments (data, sim):
mshare 0.10357350000000001 0.11099207444229803
trans_fromgood 0.9741003932232171 0.9775165648603656
trans_frombad 0.31490541932596394 0.45126561882467275
grad2 1.0297165928818917 1.0654704636064936
grad3 1.0561069195731547 1.0949961596688857
grad4 1.0901473987876726 1.0996716539964173
tfp 0.7352641707913572 0.7446615597723883
f =  22.908446540586617 , pars =  [-1.22839027  3.79497648  0.92023492  0.7155105 ]
- current state of moments (data, sim):
mshare 0.10357350000000001 0.11104761640045847
trans_fromgood 0.9741003932232171 0.9775165653774793
trans_frombad 0.31490541932596394 0.46004855703063996
grad2 1.0297165928818917 1.064826911045161
grad3 1.0561069195731547 1.0929444771852228
grad4 1.0901473987876726 1.097026461587405
tfp 0.7352641707913572 0.7468856298374564
f =  22.51383510220483 , pars =  [-1.22839027  3.79497647  0.92023491  0.71551049]
- current state of moments (data, sim):
mshare 0.10357350000000001 0.1113927502606581
trans_fromgood 0.9741003932232171 0.9775165651673984
trans_frombad 0.31490541932596394 0.4590833737926365
grad2 1.0297165928818917 1.0637081854145924
grad3 1.0561069195731547 1.0920090040099966
grad4 1.0901473987876726 1.096456354795301
tfp 0.7352641707913572 0.7466760329845745
f =  22.93938672937346 , pars =  [-1.22839026  3.79497648  0.92023491  0.7155105 ]
- current state of moments (data, sim):
mshare 0.10357350000000001 0.11062460720764337
trans_fromgood 0.9741003932232171 0.9775165653604806
trans_frombad 0.31490541932596394 0.46009723509085715
grad2 1.0297165928818917 1.06351981343471
grad3 1.0561069195731547 1.0916283440530294
grad4 1.0901473987876726 1.0960649542544567
tfp 0.7352641707913572 0.7499832072484426
f =  21.04582080131578 , pars =  [-1.22839027  3.79497647  0.92023492  0.7155105 ]
- current state of moments (data, sim):
mshare 0.10357350000000001 0.11148917737943076
trans_fromgood 0.9741003932232171 0.9775165651030621
trans_frombad 0.31490541932596394 0.45058014250894274
grad2 1.0297165928818917 1.0657526802471793
grad3 1.0561069195731547 1.0953636349998321
grad4 1.0901473987876726 1.10001856291331
tfp 0.7352641707913572 0.7410877027014954
f =  22.37661586139518 , pars =  [-1.22839027  3.79497648  0.92023492  0.71551049]
- current state of moments (data, sim):
mshare 0.10357350000000001 0.11112387783083666
trans_fromgood 0.9741003932232171 0.9775165653731436
trans_frombad 0.31490541932596394 0.4584683327000681
grad2 1.0297165928818917 1.0639127534798347
grad3 1.0561069195731547 1.0923038906797027
grad4 1.0901473987876726 1.0967544317446074
tfp 0.7352641707913572 0.7467150280025744
f =  21.497991655562362 , pars =  [-1.22839026  3.79497647  0.92023492  0.7155105 ]
- current state of moments (data, sim):
mshare 0.10357350000000001 0.1118900807686144
trans_fromgood 0.9741003932232171 0.9775165651493664
trans_frombad 0.31490541932596394 0.4523197343861502
grad2 1.0297165928818917 1.0658167940968661
grad3 1.0561069195731547 1.0949089236429244
grad4 1.0901473987876726 1.0995321372769131
tfp 0.7352641707913572 0.7417770633511235
f =  21.92356013257948 , pars =  [-1.22839026  3.79497647  0.92023492  0.71551049]
- current state of moments (data, sim):
mshare 0.10357350000000001 0.11059427556994117
trans_fromgood 0.9741003932232171 0.9775165651337755
trans_frombad 0.31490541932596394 0.4563078190053527
grad2 1.0297165928818917 1.0640233150545566
grad3 1.0561069195731547 1.0928850799884682
grad4 1.0901473987876726 1.097410659278266
tfp 0.7352641707913572 0.7470177780239423
f =  21.140958774428093 , pars =  [-1.22839027  3.79497647  0.92023492  0.71551049]
- current state of moments (data, sim):
mshare 0.10357350000000001 0.11137524028583223
trans_fromgood 0.9741003932232171 0.9775165652335432
trans_frombad 0.31490541932596394 0.4514702071392901
grad2 1.0297165928818917 1.0654923960279383
grad3 1.0561069195731547 1.095012181769873
grad4 1.0901473987876726 1.0996315149649845
tfp 0.7352641707913572 0.7417793268924576
f =  22.025204016987704 , pars =  [-1.22839027  3.79497647  0.92023492  0.7155105 ]
- current state of moments (data, sim):
mshare 0.10357350000000001 0.11183522019968269
trans_fromgood 0.9741003932232171 0.9775165652527069
trans_frombad 0.31490541932596394 0.45630953684272313
grad2 1.0297165928818917 1.064537464802689
grad3 1.0561069195731547 1.09320956984991
grad4 1.0901473987876726 1.0977106708355193
tfp 0.7352641707913572 0.7438113609981272
f =  20.918981809102153 , pars =  [-1.22839027  3.79497648  0.92023492  0.7155105 ]
- current state of moments (data, sim):
mshare 0.10357350000000001 0.11178305377605713
trans_fromgood 0.9741003932232171 0.9775165652788332
trans_frombad 0.31490541932596394 0.4489054287401737
grad2 1.0297165928818917 1.0663001058402635
grad3 1.0561069195731547 1.0961767515081422
grad4 1.0901473987876726 1.1008429749156474
tfp 0.7352641707913572 0.7391640019422113
f =  22.21643519530877 , pars =  [-1.22839027  3.79497648  0.92023492  0.71551049]
- current state of moments (data, sim):
mshare 0.10357350000000001 0.11139508035588554
trans_fromgood 0.9741003932232171 0.977516565272727
trans_frombad 0.31490541932596394 0.4568562922870907
grad2 1.0297165928818917 1.0641234878147308
grad3 1.0561069195731547 1.0925620540391512
grad4 1.0901473987876726 1.0971161213343048
tfp 0.7352641707913572 0.746878060706406
f =  21.508723418536892 , pars =  [-1.22839027  3.79497647  0.92023492  0.7155105 ]
- current state of moments (data, sim):
mshare 0.10357350000000001 0.1119899434408384
trans_fromgood 0.9741003932232171 0.9775165652563508
trans_frombad 0.31490541932596394 0.45282142983062834
grad2 1.0297165928818917 1.0655784436823124
grad3 1.0561069195731547 1.0946908665433834
grad4 1.0901473987876726 1.0992738261954629
tfp 0.7352641707913572 0.7410443710356369
f =  23.152840811466614 , pars =  [-1.22839027  3.79497648  0.92023492  0.7155105 ]
- current state of moments (data, sim):
mshare 0.10357350000000001 0.11055810670911934
trans_fromgood 0.9741003932232171 0.9775165652771348
trans_frombad 0.31490541932596394 0.46181574528369307
grad2 1.0297165928818917 1.0628642112222175
grad3 1.0561069195731547 1.090769665852711
grad4 1.0901473987876726 1.0951798655588147
tfp 0.7352641707913572 0.7503683383216851
f =  22.283281138083105 , pars =  [-1.22839027  3.79497647  0.92023492  0.7155105 ]
- current state of moments (data, sim):
mshare 0.10357350000000001 0.11174533902174211
trans_fromgood 0.9741003932232171 0.9775165652488437
trans_frombad 0.31490541932596394 0.45677583235159513
grad2 1.0297165928818917 1.0659009401050414
grad3 1.0561069195731547 1.094468906903855
grad4 1.0901473987876726 1.0986399083645204
tfp 0.7352641707913572 0.7419203680823092
f =  23.50094468366267 , pars =  [-1.22839027  3.79497648  0.92023492  0.7155105 ]
- current state of moments (data, sim):
mshare 0.10357350000000001 0.11062310318014192
trans_fromgood 0.9741003932232171 0.97751656527237
trans_frombad 0.31490541932596394 0.46179950424616534
grad2 1.0297165928818917 1.063005388505303
grad3 1.0561069195731547 1.090926437886148
grad4 1.0901473987876726 1.0953244069802812
tfp 0.7352641707913572 0.7518981121005073
f =  24.182685727763403 , pars =  [-1.22839027  3.79497647  0.92023492  0.7155105 ]
- current state of moments (data, sim):
mshare 0.10357350000000001 0.11065289099015052
trans_fromgood 0.9741003932232171 0.9775165652567722
trans_frombad 0.31490541932596394 0.467406754028541
grad2 1.0297165928818917 1.0623904788302645
grad3 1.0561069195731547 1.0896369001987674
grad4 1.0901473987876726 1.0936468940817377
tfp 0.7352641707913572 0.7503790228542331
f =  22.582976391473036 , pars =  [-1.22839027  3.79497647  0.92023492  0.7155105 ]
- current state of moments (data, sim):
mshare 0.10357350000000001 0.11081988518699797
trans_fromgood 0.9741003932232171 0.9775165652661797
trans_frombad 0.31490541932596394 0.4583199314028367
grad2 1.0297165928818917 1.0636934212500166
grad3 1.0561069195731547 1.0921131554735233
grad4 1.0901473987876726 1.0966338675554532
tfp 0.7352641707913572 0.7491957963784205
f =  22.215337770690965 , pars =  [-1.22839027  3.79497647  0.92023492  0.7155105 ]
- current state of moments (data, sim):
mshare 0.10357350000000001 0.11115376680581225
trans_fromgood 0.9741003932232171 0.9775165652604786
trans_frombad 0.31490541932596394 0.45702219018033124
grad2 1.0297165928818917 1.0642305598916264
grad3 1.0561069195731547 1.092731377520101
grad4 1.0901473987876726 1.0972778975524184
tfp 0.7352641707913572 0.746877530263479
f =  22.901096346287595 , pars =  [-1.22839027  3.79497647  0.92023492  0.7155105 ]
- current state of moments (data, sim):
mshare 0.10357350000000001 0.11071640970771383
trans_fromgood 0.9741003932232171 0.9775165652636216
trans_frombad 0.31490541932596394 0.46065055257381465
grad2 1.0297165928818917 1.0631884186560088
grad3 1.0561069195731547 1.0912338246178912
grad4 1.0901473987876726 1.095683908485436
tfp 0.7352641707913572 0.7494994929435931
f =  21.55776284964215 , pars =  [-1.22839027  3.79497647  0.92023492  0.7155105 ]
- current state of moments (data, sim):
mshare 0.10357350000000001 0.11287929709204607
trans_fromgood 0.9741003932232171 0.9775165652609399
trans_frombad 0.31490541932596394 0.4454200549278826
grad2 1.0297165928818917 1.0689527124224687
grad3 1.0561069195731547 1.0993142431116856
grad4 1.0901473987876726 1.1037147901975521
tfp 0.7352641707913572 0.7322565650622789
f =  21.858698211581245 , pars =  [-1.22839027  3.79497647  0.92023492  0.7155105 ]
- current state of moments (data, sim):
mshare 0.10357350000000001 0.11130184936013864
trans_fromgood 0.9741003932232171 0.9775165652636589
trans_frombad 0.31490541932596394 0.4554314851023851
grad2 1.0297165928818917 1.0657106422840976
grad3 1.0561069195731547 1.094731562997347
grad4 1.0901473987876726 1.0989275049801999
tfp 0.7352641707913572 0.7415359457324314
f =  22.431812527110225 , pars =  [-1.22839027  3.79497647  0.92023492  0.7155105 ]
- current state of moments (data, sim):
mshare 0.10357350000000001 0.11056358592031999
trans_fromgood 0.9741003932232171 0.9775165652613859
trans_frombad 0.31490541932596394 0.4583279484159002
grad2 1.0297165928818917 1.0633789138539593
grad3 1.0561069195731547 1.091967954639494
grad4 1.0901473987876726 1.0964660488791473
tfp 0.7352641707913572 0.7490748543366379
f =  21.52743580291949 , pars =  [-1.22839027  3.79497647  0.92023492  0.7155105 ]
- current state of moments (data, sim):
mshare 0.10357350000000001 0.11188807288462257
trans_fromgood 0.9741003932232171 0.9775165652606778
trans_frombad 0.31490541932596394 0.4534112639567256
grad2 1.0297165928818917 1.0652789474066786
grad3 1.0561069195731547 1.094204263071725
grad4 1.0901473987876726 1.0988429470980958
tfp 0.7352641707913572 0.7417766190967207
f =  21.496873802937273 , pars =  [-1.22839027  3.79497647  0.92023492  0.7155105 ]
- current state of moments (data, sim):
mshare 0.10357350000000001 0.11192381491771837
trans_fromgood 0.9741003932232171 0.977516565262901
trans_frombad 0.31490541932596394 0.45217318653039396
grad2 1.0297165928818917 1.065902997372598
grad3 1.0561069195731547 1.0950509420395511
grad4 1.0901473987876726 1.099650086457291
tfp 0.7352641707913572 0.7415386228799914
f =  21.94919412107774 , pars =  [-1.22839027  3.79497647  0.92023492  0.7155105 ]
- current state of moments (data, sim):
mshare 0.10357350000000001 0.11147612680386929
trans_fromgood 0.9741003932232171 0.9775165652628199
trans_frombad 0.31490541932596394 0.45566283827205967
grad2 1.0297165928818917 1.064763310357604
grad3 1.0561069195731547 1.0935449072421768
grad4 1.0901473987876726 1.0980531440784032
tfp 0.7352641707913572 0.7446527341508685
f =  23.928253158381374 , pars =  [-1.22839027  3.79497647  0.92023492  0.7155105 ]
- current state of moments (data, sim):
mshare 0.10357350000000001 0.10998179984449644
trans_fromgood 0.9741003932232171 0.977516565261916
trans_frombad 0.31490541932596394 0.4617296899275729
grad2 1.0297165928818917 1.0628262041024532
grad3 1.0561069195731547 1.0907710571677671
grad4 1.0901473987876726 1.095216240162218
tfp 0.7352641707913572 0.7548941418521729
f =  21.155684759454388 , pars =  [-1.22839027  3.79497647  0.92023492  0.7155105 ]
- current state of moments (data, sim):
mshare 0.10357350000000001 0.11111874859600629
trans_fromgood 0.9741003932232171 0.9775165652617439
trans_frombad 0.31490541932596394 0.4513274525756627
grad2 1.0297165928818917 1.0652569247618584
grad3 1.0561069195731547 1.094771295623865
grad4 1.0901473987876726 1.0994822649509908
tfp 0.7352641707913572 0.7438627503764206
f =  22.494575754225174 , pars =  [-1.22839027  3.79497647  0.92023492  0.7155105 ]
- current state of moments (data, sim):
mshare 0.10357350000000001 0.11137193871803681
trans_fromgood 0.9741003932232171 0.9775165652621647
trans_frombad 0.31490541932596394 0.4589579766977309
grad2 1.0297165928818917 1.063677134981352
grad3 1.0561069195731547 1.0919345872452264
grad4 1.0901473987876726 1.0964158721919506
tfp 0.7352641707913572 0.7468777641498021
f =  16.320748197617167 , pars =  [-1.22839027  3.79497647  0.92023492  0.7155105 ]
- current state of moments (data, sim):
mshare 0.10357350000000001 0.11800989071713759
trans_fromgood 0.9741003932232171 0.977516565261793
trans_frombad 0.31490541932596394 0.3921621128439308
grad2 1.0297165928818917 1.063655940921745
grad3 1.0561069195731547 1.1008953203165306
grad4 1.0901473987876726 1.1129702153904313
tfp 0.7352641707913572 0.7391858642463054
f =  21.830549129934 , pars =  [-1.22839027  3.79497647  0.92023492  0.7155105 ]
- current state of moments (data, sim):
mshare 0.10357350000000001 0.1109179977581293
trans_fromgood 0.9741003932232171 0.9775165652620279
trans_frombad 0.31490541932596394 0.4558408848957117
grad2 1.0297165928818917 1.0638556749821446
grad3 1.0561069195731547 1.0927253860036934
grad4 1.0901473987876726 1.0973506684297405
tfp 0.7352641707913572 0.7466717341225005
f =  21.726309550292342 , pars =  [-1.22839027  3.79497647  0.92023492  0.7155105 ]
- current state of moments (data, sim):
mshare 0.10357350000000001 0.11213254609952059
trans_fromgood 0.9741003932232171 0.9775165652618457
trans_frombad 0.31490541932596394 0.45409880470238156
grad2 1.0297165928818917 1.0652992752104944
grad3 1.0561069195731547 1.0941759982408714
grad4 1.0901473987876726 1.098728759397536
tfp 0.7352641707913572 0.7415398118952506
f =  21.423415675197315 , pars =  [-1.22839027  3.79497647  0.92023492  0.7155105 ]
- current state of moments (data, sim):
mshare 0.10357350000000001 0.11100105515202496
trans_fromgood 0.9741003932232171 0.9775165652619942
trans_frombad 0.31490541932596394 0.4530699426524109
grad2 1.0297165928818917 1.0650044687554086
grad3 1.0561069195731547 1.0943235744349493
grad4 1.0901473987876726 1.0989124163157524
tfp 0.7352641707913572 0.7444991059796028
f =  22.976963635522615 , pars =  [-1.22839027  3.79497647  0.92023492  0.7155105 ]
- current state of moments (data, sim):
mshare 0.10357350000000001 0.11062881999799022
trans_fromgood 0.9741003932232171 0.9775165652620049
trans_frombad 0.31490541932596394 0.4602580483613229
grad2 1.0297165928818917 1.0635210202637073
grad3 1.0561069195731547 1.091645425780778
grad4 1.0901473987876726 1.0960528651461552
tfp 0.7352641707913572 0.7499840458375263
f =  21.938669419256552 , pars =  [-1.22839027  3.79497647  0.92023492  0.7155105 ]
- current state of moments (data, sim):
mshare 0.10357350000000001 0.11440130976721227
trans_fromgood 0.9741003932232171 0.9775165652618504
trans_frombad 0.31490541932596394 0.4365397273005895
grad2 1.0297165928818917 1.0709146646284478
grad3 1.0561069195731547 1.1024243836968868
grad4 1.0901473987876726 1.107313367391934
tfp 0.7352641707913572 0.7267262478112285
f =  21.54499704857319 , pars =  [-1.22839027  3.79497647  0.92023492  0.7155105 ]
- current state of moments (data, sim):
mshare 0.10357350000000001 0.11199723335652062
trans_fromgood 0.9741003932232171 0.977516565261911
trans_frombad 0.31490541932596394 0.45300934619180505
grad2 1.0297165928818917 1.0655631935171943
grad3 1.0561069195731547 1.0946867036549892
grad4 1.0901473987876726 1.0992403406925477
tfp 0.7352641707913572 0.7410380912958684
f =  21.772626960041606 , pars =  [-1.22839027  3.79497647  0.92023492  0.7155105 ]
- current state of moments (data, sim):
mshare 0.10357350000000001 0.11076695545509276
trans_fromgood 0.9741003932232171 0.977516565261913
trans_frombad 0.31490541932596394 0.454921001023517
grad2 1.0297165928818917 1.0644350383505015
grad3 1.0561069195731547 1.093381392338019
grad4 1.0901473987876726 1.0979811427224202
tfp 0.7352641707913572 0.7466734749332549
f =  21.35373703024484 , pars =  [-1.22839027  3.79497647  0.92023492  0.7155105 ]
- current state of moments (data, sim):
mshare 0.10357350000000001 0.1135277523618959
trans_fromgood 0.9741003932232171 0.9775165652619344
trans_frombad 0.31490541932596394 0.4426663793579369
grad2 1.0297165928818917 1.0688699842315612
grad3 1.0561069195731547 1.099471485228595
grad4 1.0901473987876726 1.1042366358854496
tfp 0.7352641707913572 0.7318167995238687
f =  22.14363659460897 , pars =  [-1.22839027  3.79497647  0.92023492  0.7155105 ]
- current state of moments (data, sim):
mshare 0.10357350000000001 0.11150456408475304
trans_fromgood 0.9741003932232171 0.9775165652619031
trans_frombad 0.31490541932596394 0.45695040685088006
grad2 1.0297165928818917 1.0641090142375738
grad3 1.0561069195731547 1.092559436268783
grad4 1.0901473987876726 1.0970905570984162
tfp 0.7352641707913572 0.745957520939228
f =  21.327976127675896 , pars =  [-1.22839027  3.79497647  0.92023492  0.7155105 ]
- current state of moments (data, sim):
mshare 0.10357350000000001 0.11164577904191704
trans_fromgood 0.9741003932232171 0.977516565261941
trans_frombad 0.31490541932596394 0.4530504609418543
grad2 1.0297165928818917 1.0649757801028201
grad3 1.0561069195731547 1.0942538726023228
grad4 1.0901473987876726 1.0988473922985946
tfp 0.7352641707913572 0.7415398579924881
f =  23.10706042463117 , pars =  [-1.22839027  3.79497647  0.92023492  0.7155105 ]
- current state of moments (data, sim):
mshare 0.10357350000000001 0.11057789623475979
trans_fromgood 0.9741003932232171 0.9775165652619313
trans_frombad 0.31490541932596394 0.4615988853833913
grad2 1.0297165928818917 1.0628668263910095
grad3 1.0561069195731547 1.090745989653755
grad4 1.0901473987876726 1.0951932845804806
tfp 0.7352641707913572 0.7503552931050921
f =  22.59516936266054 , pars =  [-1.22839027  3.79497647  0.92023492  0.7155105 ]
- current state of moments (data, sim):
mshare 0.10357350000000001 0.11147301451641077
trans_fromgood 0.9741003932232171 0.9775165652619148
trans_frombad 0.31490541932596394 0.4587701241595404
grad2 1.0297165928818917 1.065248674497131
grad3 1.0561069195731547 1.0936887326287952
grad4 1.0901473987876726 1.0977865429346885
tfp 0.7352641707913572 0.7440523821751981
f =  22.4760897452839 , pars =  [-1.22839027  3.79497647  0.92023492  0.7155105 ]
- current state of moments (data, sim):
mshare 0.10357350000000001 0.11104908020386639
trans_fromgood 0.9741003932232171 0.9775165652619268
trans_frombad 0.31490541932596394 0.4590270318571544
grad2 1.0297165928818917 1.0637426567465071
grad3 1.0561069195731547 1.0920572163413778
grad4 1.0901473987876726 1.0964996549643988
tfp 0.7352641707913572 0.7471654560216098
f =  22.470913324595003 , pars =  [-1.22839027  3.79497647  0.92023492  0.7155105 ]
- current state of moments (data, sim):
mshare 0.10357350000000001 0.11081407126016056
trans_fromgood 0.9741003932232171 0.9775165652619181
trans_frombad 0.31490541932596394 0.45712281812429484
grad2 1.0297165928818917 1.0640805826310615
grad3 1.0561069195731547 1.0925511188291868
grad4 1.0901473987876726 1.09707779210705
tfp 0.7352641707913572 0.7493416363551865
f =  21.48466912719516 , pars =  [-1.22839027  3.79497647  0.92023492  0.7155105 ]
- current state of moments (data, sim):
mshare 0.10357350000000001 0.11190731372910011
trans_fromgood 0.9741003932232171 0.9775165652619294
trans_frombad 0.31490541932596394 0.45305454532374667
grad2 1.0297165928818917 1.0652861188014728
grad3 1.0561069195731547 1.0943912710619916
grad4 1.0901473987876726 1.0990149427135272
tfp 0.7352641707913572 0.741636475601754
f =  23.421023389244244 , pars =  [-1.22839027  3.79497647  0.92023492  0.7155105 ]
- current state of moments (data, sim):
mshare 0.10357350000000001 0.11037848089528268
trans_fromgood 0.9741003932232171 0.9775165652619228
trans_frombad 0.31490541932596394 0.4615241301471385
grad2 1.0297165928818917 1.062978790708021
grad3 1.0561069195731547 1.090989997084251
grad4 1.0901473987876726 1.095395473631032
tfp 0.7352641707913572 0.752099427883557
f =  22.270277160424392 , pars =  [-1.22839027  3.79497647  0.92023492  0.7155105 ]
- current state of moments (data, sim):
mshare 0.10357350000000001 0.11019112943608234
trans_fromgood 0.9741003932232171 0.9775165652619223
trans_frombad 0.31490541932596394 0.4556294339840565
grad2 1.0297165928818917 1.0644968136342943
grad3 1.0561069195731547 1.0932939897497056
grad4 1.0901473987876726 1.0978032390129095
tfp 0.7352641707913572 0.7499829434209574
f =  21.52572218994285 , pars =  [-1.22839027  3.79497647  0.92023492  0.7155105 ]
- current state of moments (data, sim):
mshare 0.10357350000000001 0.11141325259610281
trans_fromgood 0.9741003932232171 0.9775165652619211
trans_frombad 0.31490541932596394 0.4524995720499317
grad2 1.0297165928818917 1.0664200126029324
grad3 1.0561069195731547 1.0957195319129867
grad4 1.0901473987876726 1.1000068850308082
tfp 0.7352641707913572 0.7409477952584235
f =  21.653850419360662 , pars =  [-1.22839027  3.79497647  0.92023492  0.7155105 ]
- current state of moments (data, sim):
mshare 0.10357350000000001 0.11185148112967114
trans_fromgood 0.9741003932232171 0.9775165652619224
trans_frombad 0.31490541932596394 0.4540627947310408
grad2 1.0297165928818917 1.0652450074096234
grad3 1.0561069195731547 1.094222009786878
grad4 1.0901473987876726 1.098757095351137
tfp 0.7352641707913572 0.7419156937142328
