current parameter status : 
sigma 1.2725 False
beta 0.95 False
phi 0.4238 False
psi 0.2132 False
delta_h1 -1.3948 True
delta_h2 4.311 True
eta 0.0 False
tfp 0.7954 True
price 0.8917 True
risk 0.0 False
-- 
number of parameters:  10
number of free parameters:  4
current parameter status : 
sigma 1.2725 False
beta 0.95 False
phi 0.4238 False
psi 0.2132 False
delta_h1 -1.3948 True
delta_h2 4.311 True
eta 0.0 False
tfp 0.7954 True
price 0.8917 True
risk 0.0 False
- using these moments:
mshare 0.08578499999999999 0.013101374576336398
trans_fromgood 0.9723390018150373 0.0037066222809843635
trans_frombad 0.3026081404309771 0.0426876519919813
grad2 1.052746111390315 0.019814154849871025
grad3 1.0638124877813422 0.0214107447884876
grad4 1.076430849334293 0.01918790103235455
tfp 0.7979621824232888 0.03225769326665664
f =  1525.4550581313313 , pars =  [-1.39479202  4.31099113  0.7954149   0.89168889]
- current state of moments (data, sim):
mshare 0.08578499999999999 0.515081767182555
trans_fromgood 0.9723390018150373 0.9865797581478807
trans_frombad 0.3026081404309771 0.309782106536814
grad2 1.052746111390315 1.0397999242313525
grad3 1.0638124877813422 1.0537404843457638
grad4 1.076430849334293 1.0662662812433221
tfp 0.7979621824232888 0.12437027490104043
f =  46.32967190067191 , pars =  [-1.29479202  4.31099113  0.7954149   0.89168889]
- current state of moments (data, sim):
mshare 0.08578499999999999 0.08438646827901308
trans_fromgood 0.9723390018150373 0.9865797581478806
trans_frombad 0.3026081404309771 0.43476887054058994
grad2 1.052746111390315 1.0074549244834472
grad3 1.0638124877813422 1.0144838489613657
grad4 1.076430849334293 1.0233644224291842
tfp 0.7979621824232888 0.7351570619707707
f =  44.38917099164018 , pars =  [-1.39479202  4.41099113  0.7954149   0.89168889]
- current state of moments (data, sim):
mshare 0.08578499999999999 0.0790867170565531
trans_fromgood 0.9723390018150373 0.9878568630131093
trans_frombad 0.3026081404309771 0.39193507077271855
grad2 1.052746111390315 1.0053112540862579
grad3 1.0638124877813422 1.0101979757448831
grad4 1.076430849334293 1.0175797286700239
tfp 0.7979621824232888 0.7688728262403485
f =  116.28837776038137 , pars =  [-1.39479202  4.31099113  0.8954149   0.89168889]
- current state of moments (data, sim):
mshare 0.08578499999999999 0.0640706163863519
trans_fromgood 0.9723390018150373 0.98657975814788
trans_frombad 0.3026081404309771 0.6044015694033461
grad2 1.052746111390315 1.006396783905809
grad3 1.0638124877813422 1.01106165955815
grad4 1.076430849334293 1.0143556116565076
tfp 0.7979621824232888 0.9649263038283741
f =  2135.8977773991724 , pars =  [-1.39479202  4.31099113  0.7954149   0.99168889]
- current state of moments (data, sim):
mshare 0.08578499999999999 0.6241160591546008
trans_fromgood 0.9723390018150373 0.9865797581478805
trans_frombad 0.3026081404309771 0.21883545087141154
grad2 1.052746111390315 1.0557011203312876
grad3 1.0638124877813422 1.0899002648315093
grad4 1.076430849334293 1.1127030843256878
tfp 0.7979621824232888 0.13385700688578792
f =  1916.1249099156496 , pars =  [-1.49479202  4.31099113  0.7954149   0.89168889]
- current state of moments (data, sim):
mshare 0.08578499999999999 0.5875523828227127
trans_fromgood 0.9723390018150373 0.9865797581478801
trans_frombad 0.3026081404309771 0.24493040528020713
grad2 1.052746111390315 1.0523853435769748
grad3 1.0638124877813422 1.083475915548744
grad4 1.076430849334293 1.1023067906302024
tfp 0.7979621824232888 0.12899380134981575
f =  1692.436194308245 , pars =  [-1.39479202  4.21099113  0.7954149   0.89168889]
- current state of moments (data, sim):
mshare 0.08578499999999999 0.5488452292330669
trans_fromgood 0.9723390018150373 0.9851683389914949
trans_frombad 0.3026081404309771 0.31125117380019357
grad2 1.052746111390315 1.043954735174568
grad3 1.0638124877813422 1.0594592936840643
grad4 1.076430849334293 1.0732534560153923
tfp 0.7979621824232888 0.12833483309363317
f =  2713.137456920489 , pars =  [-1.39479202  4.31099113  0.6954149   0.89168889]
- current state of moments (data, sim):
mshare 0.08578499999999999 0.7031851753070406
trans_fromgood 0.9723390018150373 0.9865797581478797
trans_frombad 0.3026081404309771 0.17757839921656787
grad2 1.052746111390315 1.0594641712973343
grad3 1.0638124877813422 1.0961274582560803
grad4 1.076430849334293 1.1207848636863915
tfp 0.7979621824232888 0.10512638056375379
f =  70.48393233169718 , pars =  [-1.39479202  4.31099113  0.7954149   0.79168889]
- current state of moments (data, sim):
mshare 0.08578499999999999 0.07368684731245127
trans_fromgood 0.9723390018150373 0.9865797581478798
trans_frombad 0.3026081404309771 0.544535308565863
grad2 1.052746111390315 1.0070058701445934
grad3 1.0638124877813422 1.0131175729916817
grad4 1.076430849334293 1.0177919812734662
tfp 0.7979621824232888 0.7471962078630694
f =  91.30242892427998 , pars =  [-1.36213986  4.48566653  0.84076358  0.85562065]
- current state of moments (data, sim):
mshare 0.08578499999999999 0.05688528899995442
trans_fromgood 0.9723390018150373 0.9887306263534429
trans_frombad 0.3026081404309771 0.5710078641097229
grad2 1.052746111390315 1.0056373397289513
grad3 1.0638124877813422 1.0100515140314466
grad4 1.076430849334293 1.0133935569789296
tfp 0.7979621824232888 0.8671241482619897
f =  47.6396788470454 , pars =  [-1.4056371   4.45536714  0.77919311  0.9039366 ]
- current state of moments (data, sim):
mshare 0.08578499999999999 0.08002076735626291
trans_fromgood 0.9723390018150373 0.9883839456803699
trans_frombad 0.3026081404309771 0.38695518936829626
grad2 1.052746111390315 1.0055332015892153
grad3 1.0638124877813422 1.0106010853808294
grad4 1.076430849334293 1.018043954410817
tfp 0.7979621824232888 0.7359925303271382
f =  1428.987159301134 , pars =  [-1.38271458  4.40991271  0.79300137  0.89353206]
- current state of moments (data, sim):
mshare 0.08578499999999999 0.49314005027837093
trans_fromgood 0.9723390018150373 0.9878437606058398
trans_frombad 0.3026081404309771 0.30431137175959966
grad2 1.052746111390315 1.0365179958966784
grad3 1.0638124877813422 1.0508108835307814
grad4 1.076430849334293 1.0633586888250373
tfp 0.7979621824232888 0.11883370503480455
f =  43.436602042543754 , pars =  [-1.41509876  4.41664478  0.80603882  0.88345452]
- current state of moments (data, sim):
mshare 0.08578499999999999 0.07790633094496656
trans_fromgood 0.9723390018150373 0.9879253223945942
trans_frombad 0.3026081404309771 0.3955184207851752
grad2 1.052746111390315 1.0065514521692402
grad3 1.0638124877813422 1.0122260894397175
grad4 1.076430849334293 1.0197368596103635
tfp 0.7979621824232888 0.7712600054047176
f =  55.68413712278774 , pars =  [-1.41728117  4.41733705  0.80987604  0.89240067]
- current state of moments (data, sim):
mshare 0.08578499999999999 0.07354663235388033
trans_fromgood 0.9723390018150373 0.9879336784798917
trans_frombad 0.3026081404309771 0.470406565130363
grad2 1.052746111390315 1.0062308691209707
grad3 1.0638124877813422 1.0110070528834407
grad4 1.076430849334293 1.0162244874560011
tfp 0.7979621824232888 0.7828322077543867
f =  45.85354268648119 , pars =  [-1.41504165  4.41173968  0.79813956  0.88713397]
- current state of moments (data, sim):
mshare 0.08578499999999999 0.0775812349193344
trans_fromgood 0.9723390018150373 0.9878659494680533
trans_frombad 0.3026081404309771 0.4092885131434812
grad2 1.052746111390315 1.005707145932973
grad3 1.0638124877813422 1.0107924658968863
grad4 1.076430849334293 1.0178155029925233
tfp 0.7979621824232888 0.7736399885184855
f =  59.94016943029163 , pars =  [-1.41362031  4.40862593  0.80667751  0.87770088]
- current state of moments (data, sim):
mshare 0.08578499999999999 0.07339341702450142
trans_fromgood 0.9723390018150373 0.9878281081517765
trans_frombad 0.3026081404309771 0.4941339514269528
grad2 1.052746111390315 1.006638893396775
grad3 1.0638124877813422 1.0119452206000505
grad4 1.076430849334293 1.017541383373311
tfp 0.7979621824232888 0.7700154870354216
f =  67.27393942213372 , pars =  [-1.40649344  4.41815816  0.81068597  0.88489055]
- current state of moments (data, sim):
mshare 0.08578499999999999 0.07097359791619584
trans_fromgood 0.9723390018150373 0.9879435821431507
trans_frombad 0.3026081404309771 0.5206436581337845
grad2 1.052746111390315 1.0058258539776805
grad3 1.0638124877813422 1.010303627213032
grad4 1.076430849334293 1.015131774537358
tfp 0.7979621824232888 0.7865734389922456
f =  68.97508031457912 , pars =  [-1.41384743  4.4090951   0.81244998  0.88403211]
- current state of moments (data, sim):
mshare 0.08578499999999999 0.07047214398161675
trans_fromgood 0.9723390018150373 0.9878338174791508
trans_frombad 0.3026081404309771 0.5279151597672012
grad2 1.052746111390315 1.0056921386197673
grad3 1.0638124877813422 1.0100705420255844
grad4 1.076430849334293 1.01479148658857
tfp 0.7979621824232888 0.8021620599421845
f =  62.98474399000545 , pars =  [-1.41363751  4.42450215  0.80901114  0.87823036]
- current state of moments (data, sim):
mshare 0.08578499999999999 0.07117628981653187
trans_fromgood 0.9723390018150373 0.9880198258372442
trans_frombad 0.3026081404309771 0.5041811316267392
grad2 1.052746111390315 1.0063179424547442
grad3 1.0638124877813422 1.0112384554325227
grad4 1.076430849334293 1.0164517564038973
tfp 0.7979621824232888 0.7816548700637883
f =  45.83945486065054 , pars =  [-1.41324201  4.4239755   0.80075427  0.88731284]
- current state of moments (data, sim):
mshare 0.08578499999999999 0.07647836204832349
trans_fromgood 0.9723390018150373 0.9880135148003312
trans_frombad 0.3026081404309771 0.40885491397868934
grad2 1.052746111390315 1.006006385316236
grad3 1.0638124877813422 1.0112398603406476
grad4 1.076430849334293 1.0182505724404645
tfp 0.7979621824232888 0.77584729832953
f =  41.90459527408008 , pars =  [-1.40817014  4.41320831  0.79975834  0.88259405]
- current state of moments (data, sim):
mshare 0.08578499999999999 0.08051188069435242
trans_fromgood 0.9723390018150373 0.9878837568083197
trans_frombad 0.3026081404309771 0.3770714157402256
grad2 1.052746111390315 1.006995056009718
grad3 1.0638124877813422 1.0132484068852805
grad4 1.076430849334293 1.0217776384379231
tfp 0.7979621824232888 0.7513245526903503
f =  45.991663586533 , pars =  [-1.40677261  4.40960485  0.79707395  0.89141766]
- current state of moments (data, sim):
mshare 0.08578499999999999 0.07839393082808632
trans_fromgood 0.9723390018150373 0.9878400176395342
trans_frombad 0.3026081404309771 0.41041039178019245
grad2 1.052746111390315 1.0058730697977156
grad3 1.0638124877813422 1.0109849243304243
grad4 1.076430849334293 1.0179373355695858
tfp 0.7979621824232888 0.7685764222623757
f =  45.4512792394693 , pars =  [-1.4078324   4.41077247  0.79540501  0.88262744]
- current state of moments (data, sim):
mshare 0.08578499999999999 0.07783988335405817
trans_fromgood 0.9723390018150373 0.9878542076060738
trans_frombad 0.3026081404309771 0.40190600217407174
grad2 1.052746111390315 1.0052154259171564
grad3 1.0638124877813422 1.0100053556458883
grad4 1.076430849334293 1.0172242029903031
tfp 0.7979621824232888 0.7738118042792969
f =  44.0681061893274 , pars =  [-1.40704256  4.41364628  0.79949494  0.88276684]
- current state of moments (data, sim):
mshare 0.08578499999999999 0.07804842266837969
trans_fromgood 0.9723390018150373 0.9878890621342032
trans_frombad 0.3026081404309771 0.3945121198542177
grad2 1.052746111390315 1.0059378800425356
grad3 1.0638124877813422 1.011253417261667
grad4 1.076430849334293 1.0188141409040616
tfp 0.7979621824232888 0.7680289641145387
f =  40.482128035693194 , pars =  [-1.4093032   4.41366389  0.79998863  0.88476329]
- current state of moments (data, sim):
mshare 0.08578499999999999 0.08379160351790811
trans_fromgood 0.9723390018150373 0.9878892754112126
trans_frombad 0.3026081404309771 0.3544492471537023
grad2 1.052746111390315 1.007994664250349
grad3 1.0638124877813422 1.0149268480671487
grad4 1.076430849334293 1.0242033305735712
tfp 0.7979621824232888 0.7362419125979782
f =  40.17021109499212 , pars =  [-1.41035709  4.41485149  0.80063562  0.88658272]
- current state of moments (data, sim):
mshare 0.08578499999999999 0.08342592606677483
trans_fromgood 0.9723390018150373 0.9879036495224996
trans_frombad 0.3026081404309771 0.35171490919132803
grad2 1.052746111390315 1.007745627500801
grad3 1.0638124877813422 1.014666483576011
grad4 1.076430849334293 1.024040594978661
tfp 0.7979621824232888 0.7393650221285066
f =  39.87287012552683 , pars =  [-1.41109316  4.41691793  0.80135367  0.88754315]
- current state of moments (data, sim):
mshare 0.08578499999999999 0.08432945526362207
trans_fromgood 0.9723390018150373 0.9879286201128857
trans_frombad 0.3026081404309771 0.34444816242994886
grad2 1.052746111390315 1.0083173044692442
grad3 1.0638124877813422 1.015525681398865
grad4 1.076430849334293 1.025289738999202
tfp 0.7979621824232888 0.7335058317236639
f =  40.05599214211779 , pars =  [-1.41113178  4.41861849  0.80188335  0.88929702]
- current state of moments (data, sim):
mshare 0.08578499999999999 0.08443178806702528
trans_fromgood 0.9723390018150373 0.9879491307859866
trans_frombad 0.3026081404309771 0.3441465985309509
grad2 1.052746111390315 1.0080113368807486
grad3 1.0638124877813422 1.0151855668931722
grad4 1.076430849334293 1.0249693083786588
tfp 0.7979621824232888 0.7341440067644257
f =  40.19835411261876 , pars =  [-1.41048639  4.4169624   0.80212433  0.88735362]
- current state of moments (data, sim):
mshare 0.08578499999999999 0.08403113414573858
trans_fromgood 0.9723390018150373 0.9879291569528503
trans_frombad 0.3026081404309771 0.34769355075810293
grad2 1.052746111390315 1.0079194997650882
grad3 1.0638124877813422 1.0150011228232372
grad4 1.076430849334293 1.0246351710501995
tfp 0.7979621824232888 0.7353124327770303
f =  40.282668324110496 , pars =  [-1.41124092  4.41741301  0.80151791  0.88670286]
- current state of moments (data, sim):
mshare 0.08578499999999999 0.08448141726225768
trans_fromgood 0.9723390018150373 0.9879345949569859
trans_frombad 0.3026081404309771 0.34535391300619595
grad2 1.052746111390315 1.007995302697211
grad3 1.0638124877813422 1.0151503020968127
grad4 1.076430849334293 1.0249115774197706
tfp 0.7979621824232888 0.7327143238900674
f =  40.09262519564169 , pars =  [-1.41034521  4.41705041  0.80074337  0.88776798]
- current state of moments (data, sim):
mshare 0.08578499999999999 0.08328111054802413
trans_fromgood 0.9723390018150373 0.987930219208698
trans_frombad 0.3026081404309771 0.35198161370594044
grad2 1.052746111390315 1.0077929558506624
grad3 1.0638124877813422 1.0148704969092697
grad4 1.076430849334293 1.0244984649680824
tfp 0.7979621824232888 0.7391179976266
f =  39.60774297547196 , pars =  [-1.41097969  4.4166075   0.80091028  0.88837631]
- current state of moments (data, sim):
mshare 0.08578499999999999 0.0842526593705983
trans_fromgood 0.9723390018150373 0.9879248722008901
trans_frombad 0.3026081404309771 0.34198724907823225
grad2 1.052746111390315 1.0079476545036758
grad3 1.0638124877813422 1.015099051178672
grad4 1.076430849334293 1.0248974059989289
tfp 0.7979621824232888 0.7370923957123965
f =  45.0995770187937 , pars =  [-1.41031816  4.41626615  0.79991515  0.88994335]
- current state of moments (data, sim):
mshare 0.08578499999999999 0.07732641597934196
trans_fromgood 0.9723390018150373 0.9879207496697934
trans_frombad 0.3026081404309771 0.40616782273968477
grad2 1.052746111390315 1.0060653709663612
grad3 1.0638124877813422 1.0115046104129632
grad4 1.076430849334293 1.0188400139300857
tfp 0.7979621824232888 0.7730113622252329
f =  40.37557417499226 , pars =  [-1.41159818  4.41608452  0.80038145  0.88812272]
- current state of moments (data, sim):
mshare 0.08578499999999999 0.08395805658424695
trans_fromgood 0.9723390018150373 0.9879185555133978
trans_frombad 0.3026081404309771 0.35218870418368436
grad2 1.052746111390315 1.0079539925942913
grad3 1.0638124877813422 1.0149177138560257
grad4 1.076430849334293 1.024268850521999
tfp 0.7979621824232888 0.7365463193745174
f =  40.71692274767438 , pars =  [-1.41107968  4.41595601  0.80135154  0.88898529]
- current state of moments (data, sim):
mshare 0.08578499999999999 0.08455939244066892
trans_fromgood 0.9723390018150373 0.987917002872385
trans_frombad 0.3026081404309771 0.3508665320956641
grad2 1.052746111390315 1.0080291369947283
grad3 1.0638124877813422 1.0150381887873556
grad4 1.076430849334293 1.0244455598706166
tfp 0.7979621824232888 0.7322939854865776
f =  40.23577279495759 , pars =  [-1.41055181  4.41588234  0.80089285  0.88783708]
- current state of moments (data, sim):
mshare 0.08578499999999999 0.08491979899210826
trans_fromgood 0.9723390018150373 0.9879161127110907
trans_frombad 0.3026081404309771 0.3432176496037704
grad2 1.052746111390315 1.0080442824335578
grad3 1.0638124877813422 1.0152725893286212
grad4 1.076430849334293 1.0251339003282403
tfp 0.7979621824232888 0.731158250574094
f =  39.49308256694711 , pars =  [-1.41159625  4.41732622  0.80065492  0.88857145]
- current state of moments (data, sim):
mshare 0.08578499999999999 0.08399058554006376
trans_fromgood 0.9723390018150373 0.9879335478011122
trans_frombad 0.3026081404309771 0.34261611157372474
grad2 1.052746111390315 1.0080564301777029
grad3 1.0638124877813422 1.0153346292039402
grad4 1.076430849334293 1.0252210171048919
tfp 0.7979621824232888 0.7371076024678362
f =  46.05326852971986 , pars =  [-1.41124684  4.41719046  0.80007836  0.88929743]
- current state of moments (data, sim):
mshare 0.08578499999999999 0.07736825378513358
trans_fromgood 0.9723390018150373 0.9879319095607505
trans_frombad 0.3026081404309771 0.4108152215962169
grad2 1.052746111390315 1.0059105812688345
grad3 1.0638124877813422 1.0110586701362827
grad4 1.076430849334293 1.0180401183931909
tfp 0.7979621824232888 0.7729833669505447
f =  39.83358651594706 , pars =  [-1.41206489  4.41801084  0.80116068  0.88833507]
- current state of moments (data, sim):
mshare 0.08578499999999999 0.08392289217799606
trans_fromgood 0.9723390018150373 0.9879418059282317
trans_frombad 0.3026081404309771 0.3460743480597318
grad2 1.052746111390315 1.0079129091368386
grad3 1.0638124877813422 1.01502128223102
grad4 1.076430849334293 1.0247218562384823
tfp 0.7979621824232888 0.737768261120943
f =  39.67715895299089 , pars =  [-1.41146889  4.4172999   0.8011108   0.8884125 ]
- current state of moments (data, sim):
mshare 0.08578499999999999 0.08398288822142062
trans_fromgood 0.9723390018150373 0.9879332301747269
trans_frombad 0.3026081404309771 0.344932673378991
grad2 1.052746111390315 1.0079993779781642
grad3 1.0638124877813422 1.015170292490044
grad4 1.076430849334293 1.024933028696666
tfp 0.7979621824232888 0.7375209431718851
f =  39.843362953244345 , pars =  [-1.41154727  4.41742551  0.80066353  0.88862884]
- current state of moments (data, sim):
mshare 0.08578499999999999 0.0844427142394544
trans_fromgood 0.9723390018150373 0.9879347458115861
trans_frombad 0.3026081404309771 0.34311660846594066
grad2 1.052746111390315 1.0080713585255032
grad3 1.0638124877813422 1.0153083246401624
grad4 1.076430849334293 1.0251714593869503
tfp 0.7979621824232888 0.7344490653595714
f =  40.4404748204285 , pars =  [-1.41178567  4.4173309   0.8005953   0.88841965]
- current state of moments (data, sim):
mshare 0.08578499999999999 0.08382692076020472
trans_fromgood 0.9723390018150373 0.98793360425355
trans_frombad 0.3026081404309771 0.35189449229550396
grad2 1.052746111390315 1.0077014304147087
grad3 1.0638124877813422 1.0145694175790587
grad4 1.076430849334293 1.0239795507446317
tfp 0.7979621824232888 0.7380100967812356
f =  39.72223409905936 , pars =  [-1.41153479  4.41734213  0.80062033  0.88850236]
- current state of moments (data, sim):
mshare 0.08578499999999999 0.0840405634847904
trans_fromgood 0.9723390018150373 0.9879337397121747
trans_frombad 0.3026081404309771 0.3448924324496752
grad2 1.052746111390315 1.0080004430283087
grad3 1.0638124877813422 1.0151745152853338
grad4 1.076430849334293 1.0249511951361971
tfp 0.7979621824232888 0.7370647307526463
f =  39.8509955921642 , pars =  [-1.4116019   4.41725591  0.80071152  0.88861413]
- current state of moments (data, sim):
mshare 0.08578499999999999 0.08353417512163874
trans_fromgood 0.9723390018150373 0.9879326994009361
trans_frombad 0.3026081404309771 0.34794635436883636
grad2 1.052746111390315 1.0078623168057983
grad3 1.0638124877813422 1.0149424134761553
grad4 1.076430849334293 1.0245757002203604
tfp 0.7979621824232888 0.73891962217842
f =  40.12580614627355 , pars =  [-1.41163318  4.41738356  0.80072016  0.8885384 ]
- current state of moments (data, sim):
mshare 0.08578499999999999 0.08358209502540538
trans_fromgood 0.9723390018150373 0.9879342396614885
trans_frombad 0.3026081404309771 0.34910872652440084
grad2 1.052746111390315 1.0077821722966624
grad3 1.0638124877813422 1.01474835506144
grad4 1.076430849334293 1.024186517135791
tfp 0.7979621824232888 0.7385319623500053
f =  40.09471281053035 , pars =  [-1.4116248   4.41731515  0.80056769  0.88860955]
- current state of moments (data, sim):
mshare 0.08578499999999999 0.08367407819050626
trans_fromgood 0.9723390018150373 0.9879334142384089
trans_frombad 0.3026081404309771 0.349235091485734
grad2 1.052746111390315 1.0078079007943044
grad3 1.0638124877813422 1.014773256378137
grad4 1.076430849334293 1.024222763000035
tfp 0.7979621824232888 0.7386359002890223
f =  38.80144598153413 , pars =  [-1.4115324   4.41725344  0.80066568  0.88854885]
- current state of moments (data, sim):
mshare 0.08578499999999999 0.08506632559842445
trans_fromgood 0.9723390018150373 0.9879326695558049
trans_frombad 0.3026081404309771 0.33199838620610866
grad2 1.052746111390315 1.0084018077143675
grad3 1.0638124877813422 1.016028429511482
grad4 1.076430849334293 1.0264940721317435
tfp 0.7979621824232888 0.7345599389774037
f =  40.32764043259659 , pars =  [-1.41146338  4.41723092  0.8007293   0.88852273]
- current state of moments (data, sim):
mshare 0.08578499999999999 0.0831004406946114
trans_fromgood 0.9723390018150373 0.9879323977797922
trans_frombad 0.3026081404309771 0.3551222558757377
grad2 1.052746111390315 1.0078227757851594
grad3 1.0638124877813422 1.0148985494051603
grad4 1.076430849334293 1.0244699152690604
tfp 0.7979621824232888 0.7386445464137775
f =  39.79037783131301 , pars =  [-1.41160015  4.41721378  0.80065006  0.88848891]
- current state of moments (data, sim):
mshare 0.08578499999999999 0.08405528863489102
trans_fromgood 0.9723390018150373 0.9879321909440626
trans_frombad 0.3026081404309771 0.3451839110696293
grad2 1.052746111390315 1.0079462468099474
grad3 1.0638124877813422 1.0150970472192373
grad4 1.076430849334293 1.0248476576159926
tfp 0.7979621824232888 0.7370597111538502
f =  39.493301285049085 , pars =  [-1.41148321  4.417215    0.80060133  0.88859315]
- current state of moments (data, sim):
mshare 0.08578499999999999 0.0840155110342214
trans_fromgood 0.9723390018150373 0.9879322057093861
trans_frombad 0.3026081404309771 0.3425376390018958
grad2 1.052746111390315 1.0080601748965108
grad3 1.0638124877813422 1.015341803633892
grad4 1.076430849334293 1.0252332267279032
tfp 0.7979621824232888 0.7369966357448887
