current parameter status : 
sigma 2.053 False
beta 0.97 False
phi 0.3236 False
psi 0.1793 False
delta_h1 -0.8318 True
delta_h2 3.9174 True
eta 0.0 False
tfp 0.6132 True
price 0.6951 True
risk 0.0 False
-- 
number of parameters:  10
number of free parameters:  4
current parameter status : 
sigma 2.053 False
beta 0.97 False
phi 0.3236 False
psi 0.1793 False
delta_h1 -0.8318 True
delta_h2 3.9174 True
eta 0.0 False
tfp 0.6132 True
price 0.6951 True
risk 0.0 False
- using these moments:
mshare 0.0810895 0.007282124816432719
trans_fromgood 0.971979076994224 0.0038247869093696683
trans_frombad 0.3215039071814656 0.042802085057595626
grad2 1.0224902629343955 0.025640863777636667
grad3 1.01079964221033 0.026196331835739127
grad4 1.0392741459989943 0.023583406070423408
tfp 0.7399708689473028 0.04643018253844822
f =  15.251831390295196 , pars =  [-0.83184551  3.91740726  0.61321151  0.69507603]
- current state of moments (data, sim):
mshare 0.0810895 0.08046062812473663
trans_fromgood 0.971979076994224 0.9801073956153608
trans_frombad 0.3215039071814656 0.29188721209083934
grad2 1.0224902629343955 1.0339973203430157
grad3 1.01079964221033 1.0611760044560374
grad4 1.0392741459989943 1.0895390655788881
tfp 0.7399708689473028 0.6775561710895808
f =  22.42925088221463 , pars =  [-0.73184551  3.91740726  0.61321151  0.69507603]
- current state of moments (data, sim):
mshare 0.0810895 0.07799737404458572
trans_fromgood 0.971979076994224 0.980107395615359
trans_frombad 0.3215039071814656 0.2686393797918931
grad2 1.0224902629343955 1.0404986343247693
grad3 1.01079964221033 1.0721580784871552
grad4 1.0392741459989943 1.1046683505110462
tfp 0.7399708689473028 0.6659906186013103
f =  19.958196346305925 , pars =  [-0.83184551  4.01740726  0.61321151  0.69507603]
- current state of moments (data, sim):
mshare 0.0810895 0.07364381985175944
trans_fromgood 0.971979076994224 0.9820004272105931
trans_frombad 0.3215039071814656 0.26988957955446574
grad2 1.0224902629343955 1.0345240398530993
grad3 1.01079964221033 1.0618676435125634
grad4 1.0392741459989943 1.0903448992757505
tfp 0.7399708689473028 0.6762488866963456
f =  26.20879624763115 , pars =  [-0.83184551  3.91740726  0.71321151  0.69507603]
- current state of moments (data, sim):
mshare 0.0810895 0.06435451289941316
trans_fromgood 0.971979076994224 0.9801074290375515
trans_frombad 0.3215039071814656 0.3765918057871655
grad2 1.0224902629343955 1.0322108088644004
grad3 1.01079964221033 1.0581269197311651
grad4 1.0392741459989943 1.0752000282041785
tfp 0.7399708689473028 0.8794660174324691
f =  19.42521858695653 , pars =  [-0.83184551  3.91740726  0.61321151  0.79507603]
- current state of moments (data, sim):
mshare 0.0810895 0.09088946386725885
trans_fromgood 0.971979076994224 0.98010739561536
trans_frombad 0.3215039071814656 0.2576891396569881
grad2 1.0224902629343955 1.0351053196992963
grad3 1.01079964221033 1.0634338799649383
grad4 1.0392741459989943 1.0933974528764037
tfp 0.7399708689473028 0.6864446783305255
f =  16.80826741422062 , pars =  [-0.93184551  3.91740726  0.61321151  0.69507603]
- current state of moments (data, sim):
mshare 0.0810895 0.08554660004823343
trans_fromgood 0.971979076994224 0.9801073956153611
trans_frombad 0.3215039071814656 0.26949463303856236
grad2 1.0224902629343955 1.033853126213165
grad3 1.01079964221033 1.0614581058547174
grad4 1.0392741459989943 1.0901087314125477
tfp 0.7399708689473028 0.6766730136067849
f =  13.47869946543861 , pars =  [-0.83184551  3.81740726  0.61321151  0.69507603]
- current state of moments (data, sim):
mshare 0.0810895 0.08714481831020528
trans_fromgood 0.971979076994224 0.978015272149312
trans_frombad 0.3215039071814656 0.3082129053539351
grad2 1.0224902629343955 1.0340695853958715
grad3 1.01079964221033 1.0620138301373974
grad4 1.0392741459989943 1.090448055903431
tfp 0.7399708689473028 0.6837606366291316
f =  78.18239586716965 , pars =  [-0.83184551  3.91740726  0.51321151  0.69507603]
- current state of moments (data, sim):
mshare 0.0810895 0.10936609284139326
trans_fromgood 0.971979076994224 0.9801073956153615
trans_frombad 0.3215039071814656 0.17482245389491521
grad2 1.0224902629343955 1.0408242015287767
grad3 1.01079964221033 1.0747778099060639
grad4 1.0392741459989943 1.1216496055738816
tfp 0.7399708689473028 0.49355119479838166
f =  19.19877472536275 , pars =  [-0.83184551  3.91740726  0.61321151  0.59507603]
- current state of moments (data, sim):
mshare 0.0810895 0.06873631643683852
trans_fromgood 0.971979076994224 0.9801073956153602
trans_frombad 0.3215039071814656 0.32253448274892976
grad2 1.0224902629343955 1.038181686886518
grad3 1.01079964221033 1.0686515483841028
grad4 1.0392741459989943 1.0905084476381997
tfp 0.7399708689473028 0.6771095408436201
f =  20.680310722395383 , pars =  [-0.86429226  3.81359046  0.64838198  0.69375803]
- current state of moments (data, sim):
mshare 0.0810895 0.08525052575061466
trans_fromgood 0.971979076994224 0.9779312006367766
trans_frombad 0.3215039071814656 0.26753809454414784
grad2 1.0224902629343955 1.0414986176397047
grad3 1.01079964221033 1.0751107250859684
grad4 1.0392741459989943 1.112906106644413
tfp 0.7399708689473028 0.7461773731801223
f =  14.97617013251029 , pars =  [-0.82039774  3.81742354  0.61682508  0.69493849]
- current state of moments (data, sim):
mshare 0.0810895 0.08651458684113805
trans_fromgood 0.971979076994224 0.9780156300875337
trans_frombad 0.3215039071814656 0.300003909371503
grad2 1.0224902629343955 1.0360286054824972
grad3 1.01079964221033 1.0655597364079863
grad4 1.0392741459989943 1.095452551646658
tfp 0.7399708689473028 0.6859242685050913
f =  20.32612195055411 , pars =  [-0.85092931  3.81001765  0.6014401   0.69945221]
- current state of moments (data, sim):
mshare 0.0810895 0.09169340452684374
trans_fromgood 0.971979076994224 0.9778522119737306
trans_frombad 0.3215039071814656 0.28777542002743367
grad2 1.0224902629343955 1.0383116274548285
grad3 1.01079964221033 1.0690698364540008
grad4 1.0392741459989943 1.1007590614705094
tfp 0.7399708689473028 0.6582058398115138
f =  17.62695168536369 , pars =  [-0.83181024  3.81943398  0.61397864  0.70483834]
- current state of moments (data, sim):
mshare 0.0810895 0.08934603184147152
trans_fromgood 0.971979076994224 0.9780597839709552
trans_frombad 0.3215039071814656 0.29067203235264544
grad2 1.0224902629343955 1.0375315744849798
grad3 1.01079964221033 1.067564680817448
grad4 1.0392741459989943 1.099029309655407
tfp 0.7399708689473028 0.6770689452309868
f =  13.001839306492924 , pars =  [-0.83315531  3.82353176  0.6134139   0.68728284]
- current state of moments (data, sim):
mshare 0.0810895 0.08577772341479753
trans_fromgood 0.971979076994224 0.9781495062804568
trans_frombad 0.3215039071814656 0.30770102271911537
grad2 1.0224902629343955 1.0341701054942136
grad3 1.01079964221033 1.061303415589984
grad4 1.0392741459989943 1.0898884378151465
tfp 0.7399708689473028 0.6860170412122973
f =  14.580226320407213 , pars =  [-0.83095063  3.82630756  0.60406533  0.68747912]
- current state of moments (data, sim):
mshare 0.0810895 0.08745071267563508
trans_fromgood 0.971979076994224 0.9782100746681357
trans_frombad 0.3215039071814656 0.30783895152153506
grad2 1.0224902629343955 1.033498821650762
grad3 1.01079964221033 1.0607612525372727
grad4 1.0392741459989943 1.0887970290840854
tfp 0.7399708689473028 0.6618645900312203
f =  13.26907407189221 , pars =  [-0.83350825  3.81629046  0.61391148  0.68041323]
- current state of moments (data, sim):
mshare 0.0810895 0.0853806417368599
trans_fromgood 0.971979076994224 0.977990706051896
trans_frombad 0.3215039071814656 0.31024302932156617
grad2 1.0224902629343955 1.0346458238226697
grad3 1.01079964221033 1.062811966410378
grad4 1.0392741459989943 1.0910235153650818
tfp 0.7399708689473028 0.6850277383218608
f =  18.782387111193724 , pars =  [-0.83288591  3.83341506  0.61430669  0.68848734]
- current state of moments (data, sim):
mshare 0.0810895 0.08653330241461965
trans_fromgood 0.971979076994224 0.9783643974943063
trans_frombad 0.3215039071814656 0.2814549386545562
grad2 1.0224902629343955 1.0390378578435837
grad3 1.01079964221033 1.0700160933515794
grad4 1.0392741459989943 1.1023827018800982
tfp 0.7399708689473028 0.676413333308833
f =  14.613859488014189 , pars =  [-0.84035684  3.81962216  0.61514304  0.68652329]
- current state of moments (data, sim):
mshare 0.0810895 0.08636608605862486
trans_fromgood 0.971979076994224 0.9780639122763906
trans_frombad 0.3215039071814656 0.3034318032279365
grad2 1.0224902629343955 1.0359819317482455
grad3 1.01079964221033 1.0646491550487658
grad4 1.0392741459989943 1.0945070512895372
tfp 0.7399708689473028 0.6851888235164113
f =  14.291490789461402 , pars =  [-0.82660528  3.82828326  0.6169501   0.68259075]
- current state of moments (data, sim):
mshare 0.0810895 0.08470356423330741
trans_fromgood 0.971979076994224 0.9782530826562283
trans_frombad 0.3215039071814656 0.3032212815062926
grad2 1.0224902629343955 1.0357728377460045
grad3 1.01079964221033 1.0642379472257557
grad4 1.0392741459989943 1.0939331407641324
tfp 0.7399708689473028 0.685612135624052
f =  15.408897562396245 , pars =  [-0.82603213  3.81885073  0.61172933  0.68299435]
- current state of moments (data, sim):
mshare 0.0810895 0.08683406527378636
trans_fromgood 0.971979076994224 0.9780469835882504
trans_frombad 0.3215039071814656 0.30057955337520875
grad2 1.0224902629343955 1.036045987565453
grad3 1.01079964221033 1.0645965657665275
grad4 1.0392741459989943 1.0945043644720305
tfp 0.7399708689473028 0.6735028237214509
f =  19.73989523482844 , pars =  [-0.83235498  3.82185089  0.61687227  0.68418867]
- current state of moments (data, sim):
mshare 0.0810895 0.08648534940820797
trans_fromgood 0.971979076994224 0.9781127476110586
trans_frombad 0.3215039071814656 0.28269943888998733
grad2 1.0224902629343955 1.0404213691227748
grad3 1.01079964221033 1.0725580594011777
grad4 1.0392741459989943 1.1061596544893555
tfp 0.7399708689473028 0.6793154005076357
f =  14.532241019531828 , pars =  [-0.83334843  3.82427595  0.61389234  0.6877071 ]
- current state of moments (data, sim):
mshare 0.0810895 0.0860437713460761
trans_fromgood 0.971979076994224 0.9781657610087198
trans_frombad 0.3215039071814656 0.29993420678224514
grad2 1.0224902629343955 1.0356747731256097
grad3 1.01079964221033 1.0640234078409057
grad4 1.0392741459989943 1.0939071604394595
tfp 0.7399708689473028 0.6842515208065588
f =  13.101447713001628 , pars =  [-0.83380698  3.82260068  0.61132834  0.68650254]
- current state of moments (data, sim):
mshare 0.0810895 0.08724653991906332
trans_fromgood 0.971979076994224 0.9781291523107207
trans_frombad 0.3215039071814656 0.3141886035845987
grad2 1.0224902629343955 1.0331310500770727
grad3 1.01079964221033 1.059458657453275
grad4 1.0392741459989943 1.0869856458795424
tfp 0.7399708689473028 0.6733875486160653
f =  15.750506449934711 , pars =  [-0.83265136  3.82416621  0.61336102  0.68669913]
- current state of moments (data, sim):
mshare 0.0810895 0.0860430328529912
trans_fromgood 0.971979076994224 0.9781633649102222
trans_frombad 0.3215039071814656 0.2965982481582751
grad2 1.0224902629343955 1.0365490715863606
grad3 1.01079964221033 1.0664411885799163
grad4 1.0392741459989943 1.0966030347609155
tfp 0.7399708689473028 0.6809938389966668
f =  11.342643116696635 , pars =  [-0.83282273  3.82287348  0.61328661  0.68794605]
- current state of moments (data, sim):
mshare 0.0810895 0.08534910471846899
trans_fromgood 0.971979076994224 0.9781351177638241
trans_frombad 0.3215039071814656 0.3173614271594497
grad2 1.0224902629343955 1.0324541419991793
grad3 1.01079964221033 1.0582030686808308
grad4 1.0392741459989943 1.0853698844009014
tfp 0.7399708689473028 0.6900775506950347
f =  11.962639490306689 , pars =  [-0.83321096  3.82197966  0.61336959  0.68815456]
- current state of moments (data, sim):
mshare 0.0810895 0.08590613011814097
trans_fromgood 0.971979076994224 0.9781155657487142
trans_frombad 0.3215039071814656 0.31470652066167293
grad2 1.0224902629343955 1.0329279767574935
grad3 1.01079964221033 1.0590706274474264
grad4 1.0392741459989943 1.0866665484385696
tfp 0.7399708689473028 0.6864982782867888
f =  15.502004124392371 , pars =  [-0.83215608  3.82242435  0.61319575  0.68735817]
- current state of moments (data, sim):
mshare 0.0810895 0.08715701123830884
trans_fromgood 0.971979076994224 0.9781252954104811
trans_frombad 0.3215039071814656 0.2985785415261558
grad2 1.0224902629343955 1.0359645732842087
grad3 1.01079964221033 1.0645520751222894
grad4 1.0392741459989943 1.0946788133162817
tfp 0.7399708689473028 0.6754195080725072
f =  12.294109197530751 , pars =  [-0.83310462  3.82307757  0.612682    0.68866252]
- current state of moments (data, sim):
mshare 0.0810895 0.08720966607528001
trans_fromgood 0.971979076994224 0.9781395797943389
trans_frombad 0.3215039071814656 0.31822133137033015
grad2 1.0224902629343955 1.0321458854023642
grad3 1.01079964221033 1.0576843412310444
grad4 1.0392741459989943 1.0847088167301593
tfp 0.7399708689473028 0.67545100507219
f =  11.215720817407561 , pars =  [-0.83265448  3.82277152  0.61423699  0.68770508]
- current state of moments (data, sim):
mshare 0.0810895 0.08541706930938825
trans_fromgood 0.971979076994224 0.9781328882878755
trans_frombad 0.3215039071814656 0.3215880490296671
grad2 1.0224902629343955 1.0321793894784907
grad3 1.01079964221033 1.0577608254159583
grad4 1.0392741459989943 1.0846841068924251
tfp 0.7399708689473028 0.6888996968800246
f =  18.83268795198733 , pars =  [-0.83253329  3.8228487   0.61463667  0.68861041]
- current state of moments (data, sim):
mshare 0.0810895 0.08698500535420813
trans_fromgood 0.971979076994224 0.9781345759912718
trans_frombad 0.3215039071814656 0.2832565773274946
grad2 1.0224902629343955 1.0393088052481616
grad3 1.01079964221033 1.0706014689225067
grad4 1.0392741459989943 1.10357252247194
tfp 0.7399708689473028 0.6791892281004948
f =  19.07531686974013 , pars =  [-0.83283211  3.82297134  0.61437582  0.68730603]
- current state of moments (data, sim):
mshare 0.0810895 0.08797681314459568
trans_fromgood 0.971979076994224 0.9781372574439139
trans_frombad 0.3215039071814656 0.2848285346728848
grad2 1.0224902629343955 1.0387820955059162
grad3 1.01079964221033 1.0697053317521186
grad4 1.0392741459989943 1.102209292760582
tfp 0.7399708689473028 0.6699748905667569
f =  12.835675254361739 , pars =  [-0.83254913  3.82283687  0.61422865  0.68769142]
- current state of moments (data, sim):
mshare 0.0810895 0.08611559743379661
trans_fromgood 0.971979076994224 0.9781343171801159
trans_frombad 0.3215039071814656 0.3095990881302859
grad2 1.0224902629343955 1.0336737660372923
grad3 1.01079964221033 1.0605581222472424
grad4 1.0392741459989943 1.0890096542288659
tfp 0.7399708689473028 0.6841305488060733
f =  20.999463879678775 , pars =  [-0.83273856  3.82255171  0.61418376  0.68777052]
- current state of moments (data, sim):
mshare 0.0810895 0.0877664841477203
trans_fromgood 0.971979076994224 0.9781280811962022
trans_frombad 0.3215039071814656 0.27749687831689923
grad2 1.0224902629343955 1.040638388361318
grad3 1.01079964221033 1.0729941866128858
grad4 1.0392741459989943 1.1070919397265915
tfp 0.7399708689473028 0.67252699044941
f =  12.989631978821157 , pars =  [-0.83269132  3.82284552  0.61424679  0.68776049]
- current state of moments (data, sim):
mshare 0.0810895 0.08620326543011433
trans_fromgood 0.971979076994224 0.9781345064856589
trans_frombad 0.3215039071814656 0.30865798872382083
grad2 1.0224902629343955 1.033883687459184
grad3 1.01079964221033 1.0608808878837395
grad4 1.0392741459989943 1.0893002897016644
tfp 0.7399708689473028 0.683783752393673
f =  12.823989618394704 , pars =  [-0.83264929  3.8227412   0.61431693  0.68765347]
- current state of moments (data, sim):
mshare 0.0810895 0.08616646753776729
trans_fromgood 0.971979076994224 0.9781322253770872
trans_frombad 0.3215039071814656 0.3101950972548846
grad2 1.0224902629343955 1.0337033853183737
grad3 1.01079964221033 1.0605273333720124
grad4 1.0392741459989943 1.088843366119313
tfp 0.7399708689473028 0.6837251197919726
f =  11.552573187727926 , pars =  [-0.83262577  3.82274367  0.61416859  0.68764408]
- current state of moments (data, sim):
mshare 0.0810895 0.08573538520003493
trans_fromgood 0.971979076994224 0.9781322791969295
trans_frombad 0.3215039071814656 0.317161064229685
grad2 1.0224902629343955 1.0324520318192505
grad3 1.01079964221033 1.0582153021585616
grad4 1.0392741459989943 1.0852986633188466
tfp 0.7399708689473028 0.6868001002147464
f =  11.523823105668205 , pars =  [-0.83260566  3.82275754  0.61419457  0.68778005]
- current state of moments (data, sim):
mshare 0.0810895 0.08572011667647471
trans_fromgood 0.971979076994224 0.9781325826099405
trans_frombad 0.3215039071814656 0.31755846663093207
grad2 1.0224902629343955 1.0324128378887378
grad3 1.01079964221033 1.0581411610980758
grad4 1.0392741459989943 1.085267937562418
tfp 0.7399708689473028 0.6869631382122967
f =  20.80159078176603 , pars =  [-0.83268498  3.82279752  0.61414643  0.68771894]
- current state of moments (data, sim):
mshare 0.0810895 0.08768036149420341
trans_fromgood 0.971979076994224 0.9781334567635337
trans_frombad 0.3215039071814656 0.27917522546282997
grad2 1.0224902629343955 1.040661521393597
grad3 1.01079964221033 1.0729890506978925
grad4 1.0392741459989943 1.1066912313619428
tfp 0.7399708689473028 0.6726016200411931
f =  13.169034496291445 , pars =  [-0.83261311  3.82274167  0.61428137  0.68777876]
- current state of moments (data, sim):
mshare 0.0810895 0.08634084954440871
trans_fromgood 0.971979076994224 0.9781322354858105
trans_frombad 0.3215039071814656 0.30847397842302654
grad2 1.0224902629343955 1.0339787056171554
grad3 1.01079964221033 1.0610517042159513
grad4 1.0392741459989943 1.0896562145894533
tfp 0.7399708689473028 0.6826577316187039
f =  15.413120179410496 , pars =  [-0.83270637  3.82269013  0.61422548  0.68772856]
- current state of moments (data, sim):
mshare 0.0810895 0.08622594603694073
trans_fromgood 0.971979076994224 0.9781311084417926
trans_frombad 0.3215039071814656 0.2959536753860298
grad2 1.0224902629343955 1.0365644421201115
grad3 1.01079964221033 1.0656247285544749
grad4 1.0392741459989943 1.0962374920120879
tfp 0.7399708689473028 0.6839338160803603
f =  20.949322390119168 , pars =  [-0.83265057  3.82277539  0.61425709  0.68760728]
- current state of moments (data, sim):
mshare 0.0810895 0.08770683904635701
trans_fromgood 0.971979076994224 0.9781329729160553
trans_frombad 0.3215039071814656 0.27761231705140804
grad2 1.0224902629343955 1.0406188225651931
grad3 1.01079964221033 1.072955193303461
grad4 1.0392741459989943 1.1070248924246062
tfp 0.7399708689473028 0.6726753978252145
f =  11.155196705069304 , pars =  [-0.83264308  3.822774    0.61425062  0.68765841]
- current state of moments (data, sim):
mshare 0.0810895 0.08544029685476008
trans_fromgood 0.971979076994224 0.9781329425631935
trans_frombad 0.3215039071814656 0.31931669746370955
grad2 1.0224902629343955 1.0321232727087937
grad3 1.01079964221033 1.0576023018194616
grad4 1.0392741459989943 1.084447898603042
tfp 0.7399708689473028 0.6890095380222203
f =  18.760128593394388 , pars =  [-0.83265092  3.822783    0.6142538   0.68765649]
- current state of moments (data, sim):
mshare 0.0810895 0.08685369399958479
trans_fromgood 0.971979076994224 0.978133139241816
trans_frombad 0.3215039071814656 0.28560715429345174
grad2 1.0224902629343955 1.0393302087414968
grad3 1.01079964221033 1.0706967942257526
grad4 1.0392741459989943 1.1036687966031011
tfp 0.7399708689473028 0.6789652652483057
f =  22.266344196981628 , pars =  [-0.83262494  3.82275728  0.61424786  0.68766136]
- current state of moments (data, sim):
mshare 0.0810895 0.0885624265096955
trans_fromgood 0.971979076994224 0.9781325768759378
trans_frombad 0.3215039071814656 0.26735863430023704
grad2 1.0224902629343955 1.0416553626604639
grad3 1.01079964221033 1.0741610781684405
grad4 1.0392741459989943 1.1072467115146705
tfp 0.7399708689473028 0.6694251105591499
f =  22.81339467286781 , pars =  [-0.83264539  3.82277249  0.6142576   0.68766501]
- current state of moments (data, sim):
mshare 0.0810895 0.08803801295214106
trans_fromgood 0.971979076994224 0.9781329095136214
trans_frombad 0.3215039071814656 0.2737836095879982
grad2 1.0224902629343955 1.041732046477956
grad3 1.01079964221033 1.075242012485513
grad4 1.0392741459989943 1.1106437966270697
tfp 0.7399708689473028 0.669581835267876
f =  14.731033079146771 , pars =  [-0.83264577  3.82277036  0.61424337  0.68765322]
- current state of moments (data, sim):
mshare 0.0810895 0.08615661667746881
trans_fromgood 0.971979076994224 0.9781328630038898
trans_frombad 0.3215039071814656 0.3017506511032104
grad2 1.0224902629343955 1.0359164064252702
grad3 1.01079964221033 1.0645046971024719
grad4 1.0392741459989943 1.0945609635149076
tfp 0.7399708689473028 0.6836320079137641
f =  11.657812048072486 , pars =  [-0.83263679  3.82277956  0.61424738  0.68766278]
- current state of moments (data, sim):
mshare 0.0810895 0.08579809081424465
trans_fromgood 0.971979076994224 0.9781330640828751
trans_frombad 0.3215039071814656 0.3170819556270824
grad2 1.0224902629343955 1.0325182039611998
grad3 1.01079964221033 1.0583306911529435
grad4 1.0392741459989943 1.0855615968392656
tfp 0.7399708689473028 0.6861648923971051
f =  20.474306567665433 , pars =  [-0.83263823  3.82277555  0.61425407  0.68765053]
- current state of moments (data, sim):
mshare 0.0810895 0.08731834970614694
trans_fromgood 0.971979076994224 0.9781329764245106
trans_frombad 0.3215039071814656 0.2781434663647086
grad2 1.0224902629343955 1.040471954739824
grad3 1.01079964221033 1.0726878586380173
grad4 1.0392741459989943 1.1066009476651522
tfp 0.7399708689473028 0.6758959891280073
f =  18.60154195953332 , pars =  [-0.83264547  3.82276854  0.61425845  0.68765664]
- current state of moments (data, sim):
mshare 0.0810895 0.08681384912713148
trans_fromgood 0.971979076994224 0.9781328231727636
trans_frombad 0.3215039071814656 0.2869928729324329
grad2 1.0224902629343955 1.0393752252773483
grad3 1.01079964221033 1.0707313462924801
grad4 1.0392741459989943 1.1032273880329717
tfp 0.7399708689473028 0.679016743504283
f =  12.517178176451845 , pars =  [-0.83264353  3.82277434  0.6142421   0.68766362]
- current state of moments (data, sim):
mshare 0.0810895 0.08548488500108485
trans_fromgood 0.971979076994224 0.978132949872046
trans_frombad 0.3215039071814656 0.3120044950762726
grad2 1.0224902629343955 1.0335778116317635
grad3 1.01079964221033 1.0609648278705324
grad4 1.0392741459989943 1.088495738560356
tfp 0.7399708689473028 0.6869366463181683
f =  15.46323255279451 , pars =  [-0.83263606  3.82276709  0.61424974  0.68765992]
- current state of moments (data, sim):
mshare 0.0810895 0.08623265908162422
trans_fromgood 0.971979076994224 0.9781327914280968
trans_frombad 0.3215039071814656 0.2959219034476563
grad2 1.0224902629343955 1.0366063579492586
grad3 1.01079964221033 1.0656940240431108
grad4 1.0392741459989943 1.0963483899167255
tfp 0.7399708689473028 0.6837246620129328
f =  16.420775592819588 , pars =  [-0.83264083  3.82277975  0.61424283  0.6876595 ]
- current state of moments (data, sim):
mshare 0.0810895 0.08637341554702456
trans_fromgood 0.971979076994224 0.9781330683090138
trans_frombad 0.3215039071814656 0.29405632327408654
grad2 1.0224902629343955 1.0374759303693069
grad3 1.01079964221033 1.0673306799924254
grad4 1.0392741459989943 1.0987291300894957
tfp 0.7399708689473028 0.6823503551806461
f =  12.846303074052008 , pars =  [-0.83264192  3.82277645  0.61424642  0.68765864]
- current state of moments (data, sim):
mshare 0.0810895 0.0861732504934874
trans_fromgood 0.971979076994224 0.9781329960219486
trans_frombad 0.3215039071814656 0.30986365077633515
grad2 1.0224902629343955 1.0337354779341064
grad3 1.01079964221033 1.0605864154498048
grad4 1.0392741459989943 1.0889032731845472
tfp 0.7399708689473028 0.6838044221304895
f =  11.65911809733284 , pars =  [-0.83264401  3.82277479  0.61425081  0.68765819]
- current state of moments (data, sim):
mshare 0.0810895 0.08550951203607536
trans_fromgood 0.971979076994224 0.9781329597013433
trans_frombad 0.3215039071814656 0.31581134369731256
grad2 1.0224902629343955 1.0327553899884026
grad3 1.01079964221033 1.0587371877905438
grad4 1.0392741459989943 1.0861245108828843
tfp 0.7399708689473028 0.6885009797242118
f =  18.700171243164014 , pars =  [-0.83264343  3.82277206  0.61424912  0.68765875]
- current state of moments (data, sim):
mshare 0.0810895 0.08679561928583447
trans_fromgood 0.971979076994224 0.9781329000700856
trans_frombad 0.3215039071814656 0.28649745564771784
grad2 1.0224902629343955 1.0393637743062212
grad3 1.01079964221033 1.0707958117196035
grad4 1.0392741459989943 1.10353517312862
tfp 0.7399708689473028 0.6789802547614434
f =  15.910782454804407 , pars =  [-0.83264216  3.82277362  0.61425072  0.68765846]
- current state of moments (data, sim):
mshare 0.0810895 0.08570384271421158
trans_fromgood 0.971979076994224 0.978132934315623
trans_frombad 0.3215039071814656 0.2966631422851218
grad2 1.0224902629343955 1.0369863706298543
grad3 1.01079964221033 1.067364741640555
grad4 1.0392741459989943 1.098055434741929
tfp 0.7399708689473028 0.6852467062151533
f =  20.96069161739213 , pars =  [-0.83264355  3.82277394  0.61425033  0.68765758]
- current state of moments (data, sim):
mshare 0.0810895 0.0877196315477295
trans_fromgood 0.971979076994224 0.9781329411188622
trans_frombad 0.3215039071814656 0.27748383627632334
grad2 1.0224902629343955 1.040624363473133
grad3 1.01079964221033 1.0729639242872953
grad4 1.0392741459989943 1.1070151770971506
tfp 0.7399708689473028 0.6726351364977595
f =  22.772824879685693 , pars =  [-0.83264261  3.8227744   0.61425097  0.68765771]
- current state of moments (data, sim):
mshare 0.0810895 0.08813708141571261
trans_fromgood 0.971979076994224 0.9781329513010247
trans_frombad 0.3215039071814656 0.27224621932131293
grad2 1.0224902629343955 1.0417232388816942
grad3 1.01079964221033 1.0750350769107782
grad4 1.0392741459989943 1.1101867534026733
tfp 0.7399708689473028 0.6694578250934728
f =  11.248396629551396 , pars =  [-0.83264338  3.82277409  0.61425061  0.68765936]
- current state of moments (data, sim):
mshare 0.0810895 0.08538581455010677
trans_fromgood 0.971979076994224 0.9781329445800181
trans_frombad 0.3215039071814656 0.3211697865974265
grad2 1.0224902629343955 1.0321984322644988
grad3 1.01079964221033 1.057849657528843
grad4 1.0392741459989943 1.0848612689654131
tfp 0.7399708689473028 0.6889855169136295
f =  14.53239723748626 , pars =  [-0.83264336  3.82277347  0.61425141  0.68765833]
- current state of moments (data, sim):
mshare 0.0810895 0.08601805993719344
trans_fromgood 0.971979076994224 0.9781329309178561
trans_frombad 0.3215039071814656 0.2996057643850276
grad2 1.0224902629343955 1.0357068310514503
grad3 1.01079964221033 1.0641474929610064
grad4 1.0392741459989943 1.094166364233512
tfp 0.7399708689473028 0.6851633830108068
f =  16.25230372219743 , pars =  [-0.83264326  3.82277455  0.61424994  0.68765888]
- current state of moments (data, sim):
mshare 0.0810895 0.08597880948664288
trans_fromgood 0.971979076994224 0.9781329544839021
trans_frombad 0.3215039071814656 0.29363500240989393
grad2 1.0224902629343955 1.0371296082823187
grad3 1.01079964221033 1.0675643887708983
grad4 1.0392741459989943 1.0983760930791246
tfp 0.7399708689473028 0.6833527608949124
f =  15.831768994168002 , pars =  [-0.8326432   3.82277323  0.61425002  0.68765856]
- current state of moments (data, sim):
mshare 0.0810895 0.08642084360092857
trans_fromgood 0.971979076994224 0.9781329256118453
trans_frombad 0.3215039071814656 0.2943264873993473
grad2 1.0224902629343955 1.0367559615816857
grad3 1.01079964221033 1.0660539685920938
grad4 1.0392741459989943 1.096993249678795
tfp 0.7399708689473028 0.6820632326919187
f =  14.843931745932956 , pars =  [-0.8326436   3.82277443  0.6142512   0.68765886]
- current state of moments (data, sim):
mshare 0.0810895 0.08616089242589353
trans_fromgood 0.971979076994224 0.9781329518604485
trans_frombad 0.3215039071814656 0.3008923734754781
grad2 1.0224902629343955 1.0359520216981992
grad3 1.01079964221033 1.0646527208193401
grad4 1.0392741459989943 1.0948938280518146
tfp 0.7399708689473028 0.6835925497349904
f =  15.466006935056498 , pars =  [-0.83264307  3.82277382  0.61425073  0.68765886]
- current state of moments (data, sim):
mshare 0.0810895 0.08622791695851803
trans_fromgood 0.971979076994224 0.9781329386249765
trans_frombad 0.3215039071814656 0.2957553139225566
grad2 1.0224902629343955 1.0366032216370538
grad3 1.01079964221033 1.0656954114693986
grad4 1.0392741459989943 1.0963506125384892
tfp 0.7399708689473028 0.6837561205563495
f =  18.82090479435186 , pars =  [-0.8326431   3.82277392  0.61425056  0.68765841]
- current state of moments (data, sim):
mshare 0.0810895 0.08692565221686221
trans_fromgood 0.971979076994224 0.9781329408828093
trans_frombad 0.3215039071814656 0.2833689301008514
grad2 1.0224902629343955 1.0393007675075743
grad3 1.01079964221033 1.0705798165335256
grad4 1.0392741459989943 1.1035410424164271
tfp 0.7399708689473028 0.6788555324085972
f =  18.281235279709133 , pars =  [-0.83264298  3.82277418  0.61425074  0.68765848]
- current state of moments (data, sim):
mshare 0.0810895 0.08629920342199027
trans_fromgood 0.971979076994224 0.9781329465297204
trans_frombad 0.3215039071814656 0.28835223535114285
grad2 1.0224902629343955 1.0389375480671807
grad3 1.01079964221033 1.0708353106713786
grad4 1.0392741459989943 1.1029672342771315
tfp 0.7399708689473028 0.6808182250088873
f =  11.274251847772415 , pars =  [-0.83264317  3.82277403  0.61425064  0.68765844]
- current state of moments (data, sim):
mshare 0.0810895 0.08554518027371183
trans_fromgood 0.971979076994224 0.9781329431071121
trans_frombad 0.3215039071814656 0.3188892183628184
grad2 1.0224902629343955 1.0322018381053963
grad3 1.01079964221033 1.057748101723496
grad4 1.0392741459989943 1.0846846318276138
tfp 0.7399708689473028 0.6881760300586452
f =  22.829649121326085 , pars =  [-0.83264308  3.82277404  0.61425066  0.68765833]
- current state of moments (data, sim):
mshare 0.0810895 0.08831077722745387
trans_fromgood 0.971979076994224 0.9781329433794484
trans_frombad 0.3215039071814656 0.27023082795356546
grad2 1.0224902629343955 1.0417167219242007
grad3 1.01079964221033 1.0748469837029253
grad4 1.0392741459989943 1.1098460569844029
tfp 0.7399708689473028 0.6691267131099409
f =  29.395554532687346 , pars =  [-0.832643    3.82277395  0.61425065  0.68765841]
- current state of moments (data, sim):
mshare 0.0810895 0.0891094726286547
trans_fromgood 0.971979076994224 0.9781329414304651
trans_frombad 0.3215039071814656 0.2584982992371248
grad2 1.0224902629343955 1.04574995452964
grad3 1.01079964221033 1.0832141537139954
grad4 1.0392741459989943 1.120952982739666
tfp 0.7399708689473028 0.6599856426128794
f =  20.95277070362811 , pars =  [-0.83264306  3.82277406  0.61425054  0.68765843]
- current state of moments (data, sim):
mshare 0.0810895 0.08771224893256482
trans_fromgood 0.971979076994224 0.9781329439207621
trans_frombad 0.3215039071814656 0.2775976549221611
grad2 1.0224902629343955 1.0406203981425073
grad3 1.01079964221033 1.0729575962126583
grad4 1.0392741459989943 1.1070294946897798
tfp 0.7399708689473028 0.6726789880243811
f =  29.389190254178356 , pars =  [-0.83264311  3.82277395  0.6142507   0.68765841]
- current state of moments (data, sim):
mshare 0.0810895 0.08910238871471002
trans_fromgood 0.971979076994224 0.9781329413880172
trans_frombad 0.3215039071814656 0.25858867995801244
grad2 1.0224902629343955 1.0457465903777523
grad3 1.01079964221033 1.0832092409352083
grad4 1.0392741459989943 1.12096942521144
tfp 0.7399708689473028 0.66000674090115
f =  12.955070252323477 , pars =  [-0.83264309  3.82277402  0.61425065  0.6876585 ]
- current state of moments (data, sim):
mshare 0.0810895 0.08620000796012861
trans_fromgood 0.971979076994224 0.9781329430573326
trans_frombad 0.3215039071814656 0.3089732230130658
grad2 1.0224902629343955 1.0338501102779247
grad3 1.01079964221033 1.060820761227708
grad4 1.0392741459989943 1.0892058376807494
tfp 0.7399708689473028 0.6838095364363075
f =  11.226477390769816 , pars =  [-0.83264304  3.82277407  0.61425067  0.68765843]
- current state of moments (data, sim):
mshare 0.0810895 0.08550299884704936
trans_fromgood 0.971979076994224 0.9781329441689669
trans_frombad 0.3215039071814656 0.31920307457393193
grad2 1.0224902629343955 1.0321670618268852
grad3 1.01079964221033 1.0576838420398973
grad4 1.0392741459989943 1.084598614677551
tfp 0.7399708689473028 0.6885107790157761
f =  13.644852751273646 , pars =  [-0.8326431   3.82277404  0.61425063  0.68765843]
- current state of moments (data, sim):
mshare 0.0810895 0.08585396359315692
trans_fromgood 0.971979076994224 0.978132943443548
trans_frombad 0.3215039071814656 0.3041983748997812
grad2 1.0224902629343955 1.0349311085483506
grad3 1.01079964221033 1.0626686938268017
grad4 1.0392741459989943 1.0918741183741483
tfp 0.7399708689473028 0.6863413980256168
f =  13.086185600395607 , pars =  [-0.83264311  3.82277404  0.61425063  0.68765843]
- current state of moments (data, sim):
mshare 0.0810895 0.0862322541997947
trans_fromgood 0.971979076994224 0.9781329433807098
trans_frombad 0.3215039071814656 0.3081933080052347
grad2 1.0224902629343955 1.033885028272597
grad3 1.01079964221033 1.0609533607451263
grad4 1.0392741459989943 1.0895776350012418
tfp 0.7399708689473028 0.6833068559648696
f =  22.38347488011631 , pars =  [-0.83264308  3.82277401  0.61425061  0.68765841]
- current state of moments (data, sim):
mshare 0.0810895 0.08802403455763638
trans_fromgood 0.971979076994224 0.9781329426670665
trans_frombad 0.3215039071814656 0.2765606331663127
grad2 1.0224902629343955 1.0418065185468093
grad3 1.01079964221033 1.0751124280802071
grad4 1.0392741459989943 1.10962199373398
tfp 0.7399708689473028 0.6696663985869827
f =  15.825007741986099 , pars =  [-0.83264309  3.82277399  0.61425064  0.68765841]
- current state of moments (data, sim):
mshare 0.0810895 0.08641952921386928
trans_fromgood 0.971979076994224 0.9781329423715505
trans_frombad 0.3215039071814656 0.29434789183358406
grad2 1.0224902629343955 1.0367501889592776
grad3 1.01079964221033 1.0660428225086487
grad4 1.0392741459989943 1.0969742603148231
tfp 0.7399708689473028 0.6820611927196435
f =  20.470695391345764 , pars =  [-0.83264308  3.822774    0.61425062  0.68765842]
- current state of moments (data, sim):
mshare 0.0810895 0.08732388490387445
trans_fromgood 0.971979076994224 0.9781329425221995
trans_frombad 0.3215039071814656 0.2781964616780459
grad2 1.0224902629343955 1.0404685961278084
grad3 1.01079964221033 1.0726812565356387
grad4 1.0392741459989943 1.1065985426301668
tfp 0.7399708689473028 0.6759030514175616
f =  20.468656973483874 , pars =  [-0.83264308  3.822774    0.61425062  0.6876584 ]
- current state of moments (data, sim):
mshare 0.0810895 0.0873188491135956
trans_fromgood 0.971979076994224 0.9781329425203075
trans_frombad 0.3215039071814656 0.27830405035370104
grad2 1.0224902629343955 1.0404671833593955
grad3 1.01079964221033 1.0726796499974984
grad4 1.0392741459989943 1.1066210597747232
tfp 0.7399708689473028 0.6759175180460782
f =  22.629599478980953 , pars =  [-0.83264308  3.822774    0.61425061  0.68765841]
- current state of moments (data, sim):
mshare 0.0810895 0.08811018318263139
trans_fromgood 0.971979076994224 0.9781329424311058
trans_frombad 0.3215039071814656 0.2738051616737127
grad2 1.0224902629343955 1.0417823515839597
grad3 1.01079964221033 1.0750938785822552
grad4 1.0392741459989943 1.109866101000604
tfp 0.7399708689473028 0.6692513528202769
f =  20.46879718031358 , pars =  [-0.83264308  3.82277401  0.61425062  0.68765841]
- current state of moments (data, sim):
mshare 0.0810895 0.08731890902419182
trans_fromgood 0.971979076994224 0.978132942707392
trans_frombad 0.3215039071814656 0.27829590708171
grad2 1.0224902629343955 1.0404671329221902
grad3 1.01079964221033 1.0726795111666438
grad4 1.0392741459989943 1.1066188418972485
tfp 0.7399708689473028 0.6759123554488469
f =  11.492252224240543 , pars =  [-0.83264307  3.822774    0.61425062  0.68765841]
- current state of moments (data, sim):
mshare 0.0810895 0.08566167181223769
trans_fromgood 0.971979076994224 0.978132942502656
trans_frombad 0.3215039071814656 0.317542914266474
grad2 1.0224902629343955 1.0324039381250878
grad3 1.01079964221033 1.0581330353147334
grad4 1.0392741459989943 1.0852562101190544
tfp 0.7399708689473028 0.6873400391326707
f =  22.537000494509407 , pars =  [-0.83264308  3.82277399  0.61425062  0.68765841]
- current state of moments (data, sim):
mshare 0.0810895 0.0881283335294683
trans_fromgood 0.971979076994224 0.9781329423719846
trans_frombad 0.3215039071814656 0.27442029787568223
grad2 1.0224902629343955 1.0417993670401655
grad3 1.01079964221033 1.0750330952149107
grad4 1.0392741459989943 1.1096465418825625
tfp 0.7399708689473028 0.6692445426783038
f =  12.810476117256592 , pars =  [-0.83264309  3.822774    0.61425062  0.68765841]
- current state of moments (data, sim):
mshare 0.0810895 0.0860366932394083
trans_fromgood 0.971979076994224 0.9781329425241526
trans_frombad 0.3215039071814656 0.31317651917126815
grad2 1.0224902629343955 1.0337899591998734
grad3 1.01079964221033 1.060788410755576
grad4 1.0392741459989943 1.0889962675627616
tfp 0.7399708689473028 0.6842222621490106
f =  20.410161773736313 , pars =  [-0.83264309  3.822774    0.61425062  0.68765841]
- current state of moments (data, sim):
mshare 0.0810895 0.08724960043621732
trans_fromgood 0.971979076994224 0.9781329426092975
trans_frombad 0.3215039071814656 0.2804295139243433
grad2 1.0224902629343955 1.0405049577430197
grad3 1.01079964221033 1.0728132513425515
grad4 1.0392741459989943 1.106757121345964
tfp 0.7399708689473028 0.6759800791370077
f =  11.73239968117151 , pars =  [-0.83264307  3.822774    0.61425062  0.68765841]
- current state of moments (data, sim):
mshare 0.0810895 0.08557447074113946
trans_fromgood 0.971979076994224 0.9781329425408941
trans_frombad 0.3215039071814656 0.3154710913466871
grad2 1.0224902629343955 1.0328046215395135
grad3 1.01079964221033 1.0588289105553936
grad4 1.0392741459989943 1.0862543602938775
tfp 0.7399708689473028 0.6880021327819933
f =  14.478654155280932 , pars =  [-0.83264308  3.822774    0.61425062  0.68765841]
- current state of moments (data, sim):
mshare 0.0810895 0.08602465232126691
trans_fromgood 0.971979076994224 0.9781329425593739
trans_frombad 0.3215039071814656 0.30029376179528305
grad2 1.0224902629343955 1.0357226030039262
grad3 1.01079964221033 1.0640994272255768
grad4 1.0392741459989943 1.0940060898213524
tfp 0.7399708689473028 0.685170549193022
f =  16.14097151289012 , pars =  [-0.83264308  3.822774    0.61425062  0.68765841]
- current state of moments (data, sim):
mshare 0.0810895 0.08607062840427411
trans_fromgood 0.971979076994224 0.9781329425841063
trans_frombad 0.3215039071814656 0.2922139581616929
grad2 1.0224902629343955 1.0370841274395568
grad3 1.01079964221033 1.0672894708796525
grad4 1.0392741459989943 1.0978068691591414
tfp 0.7399708689473028 0.6834472996313817
f =  15.66733748052118 , pars =  [-0.83264308  3.822774    0.61425062  0.68765841]
- current state of moments (data, sim):
mshare 0.0810895 0.08638164229628041
trans_fromgood 0.971979076994224 0.9781329425756239
trans_frombad 0.3215039071814656 0.2952666360294672
grad2 1.0224902629343955 1.0367044595390644
grad3 1.01079964221033 1.0658793109255789
grad4 1.0392741459989943 1.0966198200028308
tfp 0.7399708689473028 0.6824669224760269
f =  15.141424983157496 , pars =  [-0.83264308  3.822774    0.61425062  0.68765841]
- current state of moments (data, sim):
mshare 0.0810895 0.08560485783228128
trans_fromgood 0.971979076994224 0.9781329425516795
trans_frombad 0.3215039071814656 0.3001058713218615
grad2 1.0224902629343955 1.0362839225267844
grad3 1.01079964221033 1.0660766685054763
grad4 1.0392741459989943 1.0961714097027406
tfp 0.7399708689473028 0.6859090485057933
f =  12.218730182517545 , pars =  [-0.83264308  3.822774    0.61425062  0.68765841]
- current state of moments (data, sim):
mshare 0.0810895 0.08602315105173297
trans_fromgood 0.971979076994224 0.9781329425660471
trans_frombad 0.3215039071814656 0.3135046543510263
grad2 1.0224902629343955 1.0330513825401906
grad3 1.01079964221033 1.0593624815007858
grad4 1.0392741459989943 1.0871426683353511
tfp 0.7399708689473028 0.6848389328300281
f =  12.937575362981299 , pars =  [-0.83264308  3.822774    0.61425062  0.68765841]
- current state of moments (data, sim):
mshare 0.0810895 0.08619779290456862
trans_fromgood 0.971979076994224 0.9781329425787043
trans_frombad 0.3215039071814656 0.3094030607524137
grad2 1.0224902629343955 1.0338249014478678
grad3 1.01079964221033 1.0607616911519446
grad4 1.0392741459989943 1.0891860184706128
tfp 0.7399708689473028 0.6837760390778042
f =  14.36340663382154 , pars =  [-0.83264308  3.822774    0.61425062  0.68765841]
- current state of moments (data, sim):
mshare 0.0810895 0.08596811783513497
trans_fromgood 0.971979076994224 0.9781329425483182
trans_frombad 0.3215039071814656 0.3019569657527947
grad2 1.0224902629343955 1.0357461645117714
grad3 1.01079964221033 1.0641034376271645
grad4 1.0392741459989943 1.0936858433889436
tfp 0.7399708689473028 0.6852987661589527
f =  29.54022339935514 , pars =  [-0.83264308  3.822774    0.61425062  0.68765841]
- current state of moments (data, sim):
mshare 0.0810895 0.08908635757405156
trans_fromgood 0.971979076994224 0.978132942562623
trans_frombad 0.3215039071814656 0.2579642761487983
grad2 1.0224902629343955 1.0457268895345053
grad3 1.01079964221033 1.083299807340116
grad4 1.0392741459989943 1.1212947284496972
tfp 0.7399708689473028 0.6600163719359451
f =  29.93084754903287 , pars =  [-0.83264308  3.822774    0.61425062  0.68765841]
- current state of moments (data, sim):
mshare 0.0810895 0.08920602020416867
trans_fromgood 0.971979076994224 0.97813294257175
trans_frombad 0.3215039071814656 0.25423040767319116
grad2 1.0224902629343955 1.04565059555417
grad3 1.01079964221033 1.0832681349779576
grad4 1.0392741459989943 1.1215914347660092
tfp 0.7399708689473028 0.6598540077631274
f =  15.451215817380039 , pars =  [-0.83264308  3.822774    0.61425062  0.68765841]
- current state of moments (data, sim):
mshare 0.0810895 0.08622628034340962
trans_fromgood 0.971979076994224 0.9781329425687917
trans_frombad 0.3215039071814656 0.29579370012969286
grad2 1.0224902629343955 1.0365934059375903
grad3 1.01079964221033 1.0656768623016462
grad4 1.0392741459989943 1.0963148426336846
tfp 0.7399708689473028 0.6838073658190925
f =  22.48977869667347 , pars =  [-0.83264308  3.822774    0.61425062  0.68765841]
- current state of moments (data, sim):
mshare 0.0810895 0.08809180305628127
trans_fromgood 0.971979076994224 0.9781329425648192
trans_frombad 0.3215039071814656 0.27436592338564664
grad2 1.0224902629343955 1.0417820717094888
grad3 1.01079964221033 1.0750021521928534
grad4 1.0392741459989943 1.1095854602308073
tfp 0.7399708689473028 0.6695207582113724
f =  29.389660571640604 , pars =  [-0.83264308  3.822774    0.61425062  0.68765841]
- current state of moments (data, sim):
mshare 0.0810895 0.08910538450386377
trans_fromgood 0.971979076994224 0.9781329425622987
trans_frombad 0.3215039071814656 0.2586774293374221
grad2 1.0224902629343955 1.0457463772798175
grad3 1.01079964221033 1.083209549810295
grad4 1.0392741459989943 1.120989366723795
tfp 0.7399708689473028 0.6600101640196454
f =  22.793014860574903 , pars =  [-0.83264308  3.822774    0.61425062  0.68765841]
- current state of moments (data, sim):
mshare 0.0810895 0.08828758855933226
trans_fromgood 0.971979076994224 0.9781329425654802
trans_frombad 0.3215039071814656 0.2700552372902105
grad2 1.0224902629343955 1.041702855371384
grad3 1.01079964221033 1.0748195972656756
grad4 1.0392741459989943 1.1097607240403153
tfp 0.7399708689473028 0.6693188300253753
f =  14.736462272069193 , pars =  [-0.83264308  3.822774    0.61425062  0.68765841]
- current state of moments (data, sim):
mshare 0.0810895 0.08618677524840894
trans_fromgood 0.971979076994224 0.978132942564744
trans_frombad 0.3215039071814656 0.3002835148619714
grad2 1.0224902629343955 1.0359195902282226
grad3 1.01079964221033 1.0644947015377775
grad4 1.0392741459989943 1.0943480189739794
tfp 0.7399708689473028 0.6834322981876545
f =  18.665902504090713 , pars =  [-0.83264308  3.822774    0.61425062  0.68765841]
- current state of moments (data, sim):
mshare 0.0810895 0.08686810098390113
trans_fromgood 0.971979076994224 0.9781329425628477
trans_frombad 0.3215039071814656 0.2850007574273744
grad2 1.0224902629343955 1.0393405294420943
grad3 1.01079964221033 1.0706068419493449
grad4 1.0392741459989943 1.1032004398975965
tfp 0.7399708689473028 0.6789288791281615
f =  20.309383090785133 , pars =  [-0.83264308  3.822774    0.61425062  0.68765841]
- current state of moments (data, sim):
mshare 0.0810895 0.08726601040595046
trans_fromgood 0.971979076994224 0.9781329425619963
trans_frombad 0.3215039071814656 0.2798896694788266
grad2 1.0224902629343955 1.0405130073416917
grad3 1.01079964221033 1.072717454735155
grad4 1.0392741459989943 1.1062864847725038
tfp 0.7399708689473028 0.6759513400363868
f =  14.825488464647668 , pars =  [-0.83264308  3.822774    0.61425062  0.68765841]
- current state of moments (data, sim):
mshare 0.0810895 0.08617686095334172
trans_fromgood 0.971979076994224 0.9781329425642209
trans_frombad 0.3215039071814656 0.300947988244136
grad2 1.0224902629343955 1.0359272904332788
grad3 1.01079964221033 1.064598923576438
grad4 1.0392741459989943 1.094786337421292
tfp 0.7399708689473028 0.6833886467998147
f =  14.444858588185692 , pars =  [-0.83264308  3.822774    0.61425062  0.68765841]
- current state of moments (data, sim):
mshare 0.0810895 0.08600567592723835
trans_fromgood 0.971979076994224 0.9781329425616034
trans_frombad 0.3215039071814656 0.3016275458735115
grad2 1.0224902629343955 1.035808971760103
grad3 1.01079964221033 1.0642168902443698
grad4 1.0392741459989943 1.0938508488208603
tfp 0.7399708689473028 0.6850056084792766
f =  22.58340445639229 , pars =  [-0.83264308  3.822774    0.61425062  0.68765841]
- current state of moments (data, sim):
mshare 0.0810895 0.08806550804269023
trans_fromgood 0.971979076994224 0.9781329425639637
trans_frombad 0.3215039071814656 0.2750502392615204
grad2 1.0224902629343955 1.0417654628767634
grad3 1.01079964221033 1.075087234424823
grad4 1.0392741459989943 1.1100795191854147
tfp 0.7399708689473028 0.6695941661917179
f =  15.375316319061188 , pars =  [-0.83264308  3.822774    0.61425062  0.68765841]
- current state of moments (data, sim):
mshare 0.0810895 0.08619418376658664
trans_fromgood 0.971979076994224 0.9781329425634987
trans_frombad 0.3215039071814656 0.2972230770108733
grad2 1.0224902629343955 1.036658014775319
grad3 1.01079964221033 1.0657530461611187
grad4 1.0392741459989943 1.0960690976322807
tfp 0.7399708689473028 0.6837185761091102
f =  11.477500746255043 , pars =  [-0.83264308  3.822774    0.61425062  0.68765841]
- current state of moments (data, sim):
mshare 0.0810895 0.08577376076281429
trans_fromgood 0.971979076994224 0.9781329425636625
trans_frombad 0.3215039071814656 0.31627785833056443
grad2 1.0224902629343955 1.0324330320052657
grad3 1.01079964221033 1.0580771480414615
grad4 1.0392741459989943 1.0849072909169537
tfp 0.7399708689473028 0.6868580880014027
f =  14.345930353851218 , pars =  [-0.83264308  3.822774    0.61425062  0.68765841]
- current state of moments (data, sim):
mshare 0.0810895 0.08655005937156168
trans_fromgood 0.971979076994224 0.9781329425637226
trans_frombad 0.3215039071814656 0.29470190486727504
grad2 1.0224902629343955 1.0358110780498877
grad3 1.01079964221033 1.0636168474074759
grad4 1.0392741459989943 1.0919534320933224
tfp 0.7399708689473028 0.6835196474876155
f =  20.964839735705148 , pars =  [-0.83264308  3.822774    0.61425062  0.68765841]
- current state of moments (data, sim):
mshare 0.0810895 0.08771758469124599
trans_fromgood 0.971979076994224 0.9781329425631266
trans_frombad 0.3215039071814656 0.2775666825081592
grad2 1.0224902629343955 1.0406264131686749
grad3 1.01079964221033 1.072968848197036
grad4 1.0392741459989943 1.1070467256387075
tfp 0.7399708689473028 0.6726360305968633
f =  22.722170802802534 , pars =  [-0.83264308  3.822774    0.61425062  0.68765841]
- current state of moments (data, sim):
mshare 0.0810895 0.08818561387252145
trans_fromgood 0.971979076994224 0.9781329425632312
trans_frombad 0.3215039071814656 0.2728137188062216
grad2 1.0224902629343955 1.0417564233790466
grad3 1.01079964221033 1.0750023021971156
grad4 1.0392741459989943 1.1100038119832467
tfp 0.7399708689473028 0.669190351595306
f =  20.469970755553646 , pars =  [-0.83264308  3.822774    0.61425062  0.68765841]
- current state of moments (data, sim):
mshare 0.0810895 0.08732321681182047
trans_fromgood 0.971979076994224 0.9781329425630523
trans_frombad 0.3215039071814656 0.27819948539029377
grad2 1.0224902629343955 1.0404684633753276
grad3 1.01079964221033 1.0726808918240918
grad4 1.0392741459989943 1.1065975598032338
tfp 0.7399708689473028 0.6759049637756878
f =  11.517008145524944 , pars =  [-0.83264308  3.822774    0.61425062  0.68765841]
- current state of moments (data, sim):
mshare 0.0810895 0.08581929232346167
trans_fromgood 0.971979076994224 0.9781329425633608
trans_frombad 0.3215039071814656 0.31493498005409737
grad2 1.0224902629343955 1.032386976630886
grad3 1.01079964221033 1.058015436536441
grad4 1.0392741459989943 1.0850561809273334
tfp 0.7399708689473028 0.6866920625113012
f =  15.124298505517277 , pars =  [-0.83264308  3.822774    0.61425062  0.68765841]
- current state of moments (data, sim):
mshare 0.0810895 0.08565724419870506
trans_fromgood 0.971979076994224 0.9781329425631304
trans_frombad 0.3215039071814656 0.298043250508001
grad2 1.0224902629343955 1.0362104761220692
grad3 1.01079964221033 1.0658900512077734
grad4 1.0392741459989943 1.0959461317045163
tfp 0.7399708689473028 0.6858595634752813
f =  15.484474364615725 , pars =  [-0.83264308  3.822774    0.61425062  0.68765841]
- current state of moments (data, sim):
mshare 0.0810895 0.08623692792237628
trans_fromgood 0.971979076994224 0.9781329425630813
trans_frombad 0.3215039071814656 0.2956981557473746
grad2 1.0224902629343955 1.0366165574464172
grad3 1.01079964221033 1.0657198119406954
grad4 1.0392741459989943 1.0963860457210288
tfp 0.7399708689473028 0.6836918158095203
f =  20.46787387975186 , pars =  [-0.83264308  3.822774    0.61425062  0.68765841]
- current state of moments (data, sim):
mshare 0.0810895 0.08731901270441556
trans_fromgood 0.971979076994224 0.9781329425633452
trans_frombad 0.3215039071814656 0.27829769071839666
grad2 1.0224902629343955 1.0404660575683886
grad3 1.01079964221033 1.0726780753396385
grad4 1.0392741459989943 1.1066176880394196
tfp 0.7399708689473028 0.6759168354226233
f =  29.39254455610744 , pars =  [-0.83264308  3.822774    0.61425062  0.68765841]
- current state of moments (data, sim):
mshare 0.0810895 0.08910597785857467
trans_fromgood 0.971979076994224 0.978132942563246
trans_frombad 0.3215039071814656 0.25866930812192995
grad2 1.0224902629343955 1.0457477599012737
grad3 1.01079964221033 1.0832121690646666
grad4 1.0392741459989943 1.120993020775062
tfp 0.7399708689473028 0.6600044591308865
f =  14.726560374490022 , pars =  [-0.83264308  3.822774    0.61425062  0.68765841]
- current state of moments (data, sim):
mshare 0.0810895 0.08616019522542862
trans_fromgood 0.971979076994224 0.9781329425632082
trans_frombad 0.3215039071814656 0.3016844653749569
grad2 1.0224902629343955 1.035913418903083
grad3 1.01079964221033 1.064497808201107
grad4 1.0392741459989943 1.0945309106804415
tfp 0.7399708689473028 0.6836220611990367
f =  15.799257821945753 , pars =  [-0.83264308  3.822774    0.61425062  0.68765841]
- current state of moments (data, sim):
mshare 0.0810895 0.08565926312904995
trans_fromgood 0.971979076994224 0.978132942563277
trans_frombad 0.3215039071814656 0.29820850074758587
grad2 1.0224902629343955 1.0370274305639378
grad3 1.01079964221033 1.0673963656645136
grad4 1.0392741459989943 1.0977346232028993
tfp 0.7399708689473028 0.6852980952206831
f =  18.907738197037716 , pars =  [-0.83264308  3.822774    0.61425062  0.68765841]
- current state of moments (data, sim):
mshare 0.0810895 0.08691182955795318
trans_fromgood 0.971979076994224 0.9781329425632334
trans_frombad 0.3215039071814656 0.2827318018881574
grad2 1.0224902629343955 1.0392890817182912
grad3 1.01079964221033 1.0706458404137067
grad4 1.0392741459989943 1.103761318181188
tfp 0.7399708689473028 0.6788340320262674
f =  14.555655501699842 , pars =  [-0.83264308  3.822774    0.61425062  0.68765841]
- current state of moments (data, sim):
mshare 0.0810895 0.08607141845524288
trans_fromgood 0.971979076994224 0.9781329425631908
trans_frombad 0.3215039071814656 0.29945057874676856
grad2 1.0224902629343955 1.0357999538393636
grad3 1.01079964221033 1.064235408756137
grad4 1.0392741459989943 1.0940517719928742
tfp 0.7399708689473028 0.6848748070786794
f =  11.532334985078226 , pars =  [-0.83264308  3.822774    0.61425062  0.68765841]
- current state of moments (data, sim):
mshare 0.0810895 0.08570575783854197
trans_fromgood 0.971979076994224 0.9781329425631703
trans_frombad 0.3215039071814656 0.3175525947228876
grad2 1.0224902629343955 1.0324245420438962
grad3 1.01079964221033 1.0581603610276589
grad4 1.0392741459989943 1.085299721911017
tfp 0.7399708689473028 0.686913835357162
f =  11.040750683799866 , pars =  [-0.83264308  3.822774    0.61425062  0.68765841]
- current state of moments (data, sim):
mshare 0.0810895 0.08562449165960231
trans_fromgood 0.971979076994224 0.9781329425631811
trans_frombad 0.3215039071814656 0.3209664172273237
grad2 1.0224902629343955 1.0318019649682324
grad3 1.01079964221033 1.0570582072009178
grad4 1.0392741459989943 1.0836933027556634
tfp 0.7399708689473028 0.6877199649356119
f =  14.334674512519513 , pars =  [-0.83264308  3.822774    0.61425062  0.68765841]
- current state of moments (data, sim):
mshare 0.0810895 0.08590553621811788
trans_fromgood 0.971979076994224 0.9781329425631905
trans_frombad 0.3215039071814656 0.3041728281543985
grad2 1.0224902629343955 1.0357710182407367
grad3 1.01079964221033 1.0642040792752285
grad4 1.0392741459989943 1.0937721616520153
tfp 0.7399708689473028 0.6854219611449209
f =  13.022190262319567 , pars =  [-0.83264308  3.822774    0.61425062  0.68765841]
- current state of moments (data, sim):
mshare 0.0810895 0.08610454817047808
trans_fromgood 0.971979076994224 0.9781329425631662
trans_frombad 0.3215039071814656 0.31076100806091933
grad2 1.0224902629343955 1.033892503868023
grad3 1.01079964221033 1.0610199940353608
grad4 1.0392741459989943 1.0896675980411594
tfp 0.7399708689473028 0.6839210516211371
f =  22.674699385118622 , pars =  [-0.83264308  3.822774    0.61425062  0.68765841]
- current state of moments (data, sim):
mshare 0.0810895 0.0881496857653983
trans_fromgood 0.971979076994224 0.9781329425631662
trans_frombad 0.3215039071814656 0.27284341854144895
grad2 1.0224902629343955 1.0417386969578994
grad3 1.01079964221033 1.0749712567126308
grad4 1.0392741459989943 1.109959931365428
tfp 0.7399708689473028 0.6694695666840116
f =  22.765546759580662 , pars =  [-0.83264308  3.822774    0.61425062  0.68765841]
- current state of moments (data, sim):
mshare 0.0810895 0.08812998800491995
trans_fromgood 0.971979076994224 0.9781329425631692
trans_frombad 0.3215039071814656 0.27235438660550504
grad2 1.0224902629343955 1.0417182192134191
grad3 1.01079964221033 1.0750279928192943
grad4 1.0392741459989943 1.1102013002322533
tfp 0.7399708689473028 0.6694832984305898
f =  12.38977712398934 , pars =  [-0.83264308  3.822774    0.61425062  0.68765841]
- current state of moments (data, sim):
mshare 0.0810895 0.08558076369624028
trans_fromgood 0.971979076994224 0.978132942563192
trans_frombad 0.3215039071814656 0.3133149415928755
grad2 1.0224902629343955 1.0335501675419714
grad3 1.01079964221033 1.0603124923120848
grad4 1.0392741459989943 1.088524541980563
tfp 0.7399708689473028 0.6877606084353423
f =  12.701600137852047 , pars =  [-0.83264308  3.822774    0.61425062  0.68765841]
- current state of moments (data, sim):
mshare 0.0810895 0.08528678423891138
trans_fromgood 0.971979076994224 0.978132942563177
trans_frombad 0.3215039071814656 0.3102973291764761
grad2 1.0224902629343955 1.0339204445591614
grad3 1.01079964221033 1.0615975924315257
grad4 1.0392741459989943 1.0894555656553073
tfp 0.7399708689473028 0.6885703201245247
f =  13.785448555554783 , pars =  [-0.83264308  3.822774    0.61425062  0.68765841]
- current state of moments (data, sim):
mshare 0.0810895 0.08597066588568127
trans_fromgood 0.971979076994224 0.9781329425631967
trans_frombad 0.3215039071814656 0.3039958982250859
grad2 1.0224902629343955 1.0350093170381613
grad3 1.01079964221033 1.0628076398288444
grad4 1.0392741459989943 1.0920907278625158
tfp 0.7399708689473028 0.6853365399901757
f =  13.076391635252918 , pars =  [-0.83264308  3.822774    0.61425062  0.68765841]
- current state of moments (data, sim):
mshare 0.0810895 0.08622570356855064
trans_fromgood 0.971979076994224 0.9781329425631832
trans_frombad 0.3215039071814656 0.3082752902654691
grad2 1.0224902629343955 1.0338792317348884
grad3 1.01079964221033 1.0609437419010856
grad4 1.0392741459989943 1.089577305952676
tfp 0.7399708689473028 0.6834148093096596
f =  14.560818916777656 , pars =  [-0.83264308  3.822774    0.61425062  0.68765841]
- current state of moments (data, sim):
mshare 0.0810895 0.08602583140881442
trans_fromgood 0.971979076994224 0.9781329425631806
trans_frombad 0.3215039071814656 0.2995823939603848
grad2 1.0224902629343955 1.035725543833264
grad3 1.01079964221033 1.0641833402330063
grad4 1.0392741459989943 1.0942421902662853
tfp 0.7399708689473028 0.6850631495219607
f =  14.479765107846232 , pars =  [-0.83264308  3.822774    0.61425062  0.68765841]
- current state of moments (data, sim):
mshare 0.0810895 0.08602517551263623
trans_fromgood 0.971979076994224 0.9781329425631804
trans_frombad 0.3215039071814656 0.3002088820007989
grad2 1.0224902629343955 1.0357244154726304
grad3 1.01079964221033 1.0641019843272939
grad4 1.0392741459989943 1.0939947271005204
tfp 0.7399708689473028 0.6851546159070113
f =  14.133397231825935 , pars =  [-0.83264308  3.822774    0.61425062  0.68765841]
- current state of moments (data, sim):
mshare 0.0810895 0.08614774690483687
trans_fromgood 0.971979076994224 0.9781329425631813
trans_frombad 0.3215039071814656 0.3025837354512413
grad2 1.0224902629343955 1.0352636902139698
grad3 1.01079964221033 1.0632806647556285
grad4 1.0392741459989943 1.0928017386716038
tfp 0.7399708689473028 0.6839933331302827
f =  22.575484767301727 , pars =  [-0.83264308  3.822774    0.61425062  0.68765841]
- current state of moments (data, sim):
mshare 0.0810895 0.08807166553311577
trans_fromgood 0.971979076994224 0.9781329425631791
trans_frombad 0.3215039071814656 0.2739708132719655
grad2 1.0224902629343955 1.0417600896876085
grad3 1.01079964221033 1.0750556542671112
grad4 1.0392741459989943 1.1098393089789558
tfp 0.7399708689473028 0.6695578738890912
f =  13.080595555899865 , pars =  [-0.83264308  3.822774    0.61425062  0.68765841]
- current state of moments (data, sim):
mshare 0.0810895 0.08622723116755902
trans_fromgood 0.971979076994224 0.9781329425631822
trans_frombad 0.3215039071814656 0.30829188124349727
grad2 1.0224902629343955 1.0338799292047778
grad3 1.01079964221033 1.0609445958089563
grad4 1.0392741459989943 1.089580724386883
tfp 0.7399708689473028 0.6833504263057286
f =  14.835869285782282 , pars =  [-0.83264308  3.822774    0.61425062  0.68765841]
- current state of moments (data, sim):
mshare 0.0810895 0.08626018695159356
trans_fromgood 0.971979076994224 0.9781329425631802
trans_frombad 0.3215039071814656 0.29914500844292674
grad2 1.0224902629343955 1.0359365691092493
grad3 1.01079964221033 1.0644929306043123
grad4 1.0392741459989943 1.0945931767328017
tfp 0.7399708689473028 0.6832603494849616
f =  22.889191375598188 , pars =  [-0.83264308  3.822774    0.61425062  0.68765841]
- current state of moments (data, sim):
mshare 0.0810895 0.08826929398858566
trans_fromgood 0.971979076994224 0.9781329425631783
trans_frombad 0.3215039071814656 0.2696534571033886
grad2 1.0224902629343955 1.0416845059730269
grad3 1.01079964221033 1.0748821872922831
grad4 1.0392741459989943 1.110032816090847
tfp 0.7399708689473028 0.6693375883547208
f =  11.640619592408 , pars =  [-0.83264308  3.822774    0.61425062  0.68765841]
- current state of moments (data, sim):
mshare 0.0810895 0.08550029813812318
trans_fromgood 0.971979076994224 0.9781329425631807
trans_frombad 0.3215039071814656 0.31590268239126107
grad2 1.0224902629343955 1.0327427368814321
grad3 1.01079964221033 1.0587171273825953
grad4 1.0392741459989943 1.0860737316309406
tfp 0.7399708689473028 0.688598230888341
f =  14.413970235427772 , pars =  [-0.83264308  3.822774    0.61425062  0.68765841]
- current state of moments (data, sim):
mshare 0.0810895 0.08599465850679273
trans_fromgood 0.971979076994224 0.9781329425631815
trans_frombad 0.3215039071814656 0.3017646491933331
grad2 1.0224902629343955 1.035782056861202
grad3 1.01079964221033 1.0641695018657642
grad4 1.0392741459989943 1.0937839605270112
tfp 0.7399708689473028 0.685090005485488
f =  29.778735010851992 , pars =  [-0.83264308  3.822774    0.61425062  0.68765841]
- current state of moments (data, sim):
mshare 0.0810895 0.08905962730595668
trans_fromgood 0.971979076994224 0.9781329425631785
trans_frombad 0.3215039071814656 0.2568966112878882
grad2 1.0224902629343955 1.045700852740921
grad3 1.01079964221033 1.0834463340591367
grad4 1.0392741459989943 1.121769125581169
tfp 0.7399708689473028 0.6599840097225245
f =  13.1229867526687 , pars =  [-0.83264308  3.822774    0.61425062  0.68765841]
- current state of moments (data, sim):
mshare 0.0810895 0.0862411206719968
trans_fromgood 0.971979076994224 0.978132942563182
trans_frombad 0.3215039071814656 0.3081463057568982
grad2 1.0224902629343955 1.0339179005652888
grad3 1.01079964221033 1.0610119656020158
grad4 1.0392741459989943 1.089695516484953
tfp 0.7399708689473028 0.6832434410860472
f =  22.660222797155228 , pars =  [-0.83264308  3.822774    0.61425062  0.68765841]
- current state of moments (data, sim):
mshare 0.0810895 0.08814112922036525
trans_fromgood 0.971979076994224 0.9781329425631796
trans_frombad 0.3215039071814656 0.2729034956779751
grad2 1.0224902629343955 1.0417313398029018
grad3 1.01079964221033 1.0749577699955497
grad4 1.0392741459989943 1.1099452812720978
tfp 0.7399708689473028 0.6695052585363831
f =  22.673604573402883 , pars =  [-0.83264308  3.822774    0.61425062  0.68765841]
- current state of moments (data, sim):
mshare 0.0810895 0.08814623722810991
trans_fromgood 0.971979076994224 0.97813294256318
trans_frombad 0.3215039071814656 0.27287874220631236
grad2 1.0224902629343955 1.04173745631789
grad3 1.01079964221033 1.0749694796018
grad4 1.0392741459989943 1.109967758600641
tfp 0.7399708689473028 0.6694678186010365
f =  18.816167051927675 , pars =  [-0.83264308  3.822774    0.61425062  0.68765841]
- current state of moments (data, sim):
mshare 0.0810895 0.08692231371367966
trans_fromgood 0.971979076994224 0.9781329425631795
trans_frombad 0.3215039071814656 0.2833783105506654
grad2 1.0224902629343955 1.0392990893167127
grad3 1.01079964221033 1.070576294818495
grad4 1.0392741459989943 1.103533069923868
tfp 0.7399708689473028 0.6788744480632584
f =  11.199547226583109 , pars =  [-0.83264308  3.822774    0.61425062  0.68765841]
- current state of moments (data, sim):
mshare 0.0810895 0.08541103273564574
trans_fromgood 0.971979076994224 0.9781329425631776
trans_frombad 0.3215039071814656 0.3210997099048947
grad2 1.0224902629343955 1.0321932013146846
grad3 1.01079964221033 1.0577856189316075
grad4 1.0392741459989943 1.0845937319832688
tfp 0.7399708689473028 0.6889921950373131
f =  15.841389873327946 , pars =  [-0.83264308  3.822774    0.61425062  0.68765841]
- current state of moments (data, sim):
mshare 0.0810895 0.0864282895902927
trans_fromgood 0.971979076994224 0.9781329425631807
trans_frombad 0.3215039071814656 0.2942974804118484
grad2 1.0224902629343955 1.036761145121071
grad3 1.01079964221033 1.0660614382387652
grad4 1.0392741459989943 1.0970006546771816
tfp 0.7399708689473028 0.6819835770433049
f =  12.918855812721501 , pars =  [-0.83264308  3.822774    0.61425062  0.68765841]
- current state of moments (data, sim):
mshare 0.0810895 0.08617937987327107
trans_fromgood 0.971979076994224 0.9781329425631796
trans_frombad 0.3215039071814656 0.3106386322023436
grad2 1.0224902629343955 1.033890735365376
grad3 1.01079964221033 1.060862587608624
grad4 1.0392741459989943 1.0890577699255266
tfp 0.7399708689473028 0.6836550128427595
f =  11.069642200081452 , pars =  [-0.83264308  3.822774    0.61425062  0.68765841]
- current state of moments (data, sim):
mshare 0.0810895 0.08541278201547166
trans_fromgood 0.971979076994224 0.9781329425631786
trans_frombad 0.3215039071814656 0.32014262959445566
grad2 1.0224902629343955 1.0320225332998945
grad3 1.01079964221033 1.05740516986309
grad4 1.0392741459989943 1.0841705674333277
tfp 0.7399708689473028 0.689110581897358
f =  14.58142473609082 , pars =  [-0.83264308  3.822774    0.61425062  0.68765841]
- current state of moments (data, sim):
mshare 0.0810895 0.08593443026193996
trans_fromgood 0.971979076994224 0.978132942563179
trans_frombad 0.3215039071814656 0.3011722656074939
grad2 1.0224902629343955 1.0357172233230527
grad3 1.01079964221033 1.0643258212864888
grad4 1.0392741459989943 1.0945585941879656
tfp 0.7399708689473028 0.6852686873977776
f =  13.643702915749982 , pars =  [-0.83264308  3.822774    0.61425062  0.68765841]
- current state of moments (data, sim):
mshare 0.0810895 0.08585200445376284
trans_fromgood 0.971979076994224 0.9781329425631796
trans_frombad 0.3215039071814656 0.304357919439349
grad2 1.0224902629343955 1.0349289650831643
grad3 1.01079964221033 1.0626656233614422
grad4 1.0392741459989943 1.0918984413205004
tfp 0.7399708689473028 0.6863786600302874
f =  20.951101406453628 , pars =  [-0.83264308  3.822774    0.61425062  0.68765841]
- current state of moments (data, sim):
mshare 0.0810895 0.0877176187386641
trans_fromgood 0.971979076994224 0.97813294256318
trans_frombad 0.3215039071814656 0.2775097823525785
grad2 1.0224902629343955 1.0406182749045818
grad3 1.01079964221033 1.072954015129134
grad4 1.0392741459989943 1.1070045481313633
tfp 0.7399708689473028 0.6726851272866814
f =  29.15004492222991 , pars =  [-0.83264308  3.822774    0.61425062  0.68765841]
- current state of moments (data, sim):
mshare 0.0810895 0.08904060257524872
trans_fromgood 0.971979076994224 0.9781329425631802
trans_frombad 0.3215039071814656 0.26018804226609665
grad2 1.0224902629343955 1.0457920886555097
grad3 1.01079964221033 1.0832420674629188
grad4 1.0392741459989943 1.1205708700525787
tfp 0.7399708689473028 0.6600801441456193
f =  21.57734379111036 , pars =  [-0.83264308  3.822774    0.61425062  0.68765841]
- current state of moments (data, sim):
mshare 0.0810895 0.0875552319907273
trans_fromgood 0.971979076994224 0.9781329425631798
trans_frombad 0.3215039071814656 0.27833289518478355
grad2 1.0224902629343955 1.0410626962454121
grad3 1.01079964221033 1.0746179016865955
grad4 1.0392741459989943 1.1081097254240466
tfp 0.7399708689473028 0.6710409895549506
f =  18.674761226394 , pars =  [-0.83264308  3.822774    0.61425062  0.68765841]
- current state of moments (data, sim):
mshare 0.0810895 0.08687069638316272
trans_fromgood 0.971979076994224 0.9781329425631808
trans_frombad 0.3215039071814656 0.284973424354611
grad2 1.0224902629343955 1.0393456952661686
grad3 1.01079964221033 1.0706177006856075
grad4 1.0392741459989943 1.1032198674734879
tfp 0.7399708689473028 0.6789186565400238
f =  13.69587035822803 , pars =  [-0.83264308  3.822774    0.61425062  0.68765841]
- current state of moments (data, sim):
mshare 0.0810895 0.08587609194172197
trans_fromgood 0.971979076994224 0.9781329425631795
trans_frombad 0.3215039071814656 0.3053616417227068
grad2 1.0224902629343955 1.0350729026268575
grad3 1.01079964221033 1.062888808411475
grad4 1.0392741459989943 1.0919067209877769
tfp 0.7399708689473028 0.6858739141925416
f =  22.71722975757274 , pars =  [-0.83264308  3.822774    0.61425062  0.68765841]
- current state of moments (data, sim):
mshare 0.0810895 0.08818111880238565
trans_fromgood 0.971979076994224 0.9781329425631801
trans_frombad 0.3215039071814656 0.27280345189733834
grad2 1.0224902629343955 1.041754224683343
grad3 1.01079964221033 1.0749983151134104
grad4 1.0392741459989943 1.109995104217396
tfp 0.7399708689473028 0.6692085477815285
f =  14.605873548943418 , pars =  [-0.83264308  3.822774    0.61425062  0.68765841]
- current state of moments (data, sim):
mshare 0.0810895 0.08614686075250853
trans_fromgood 0.971979076994224 0.9781329425631798
trans_frombad 0.3215039071814656 0.30122443993040365
grad2 1.0224902629343955 1.0358840462150094
grad3 1.01079964221033 1.0643529937603113
grad4 1.0392741459989943 1.0940512797115527
tfp 0.7399708689473028 0.683803853763636
f =  15.491007637767252 , pars =  [-0.83264308  3.822774    0.61425062  0.68765841]
- current state of moments (data, sim):
mshare 0.0810895 0.08623227535508779
trans_fromgood 0.971979076994224 0.9781329425631802
trans_frombad 0.3215039071814656 0.2969351671898306
grad2 1.0224902629343955 1.0367439928404039
grad3 1.01079964221033 1.065912885022955
grad4 1.0392741459989943 1.0963419322392352
tfp 0.7399708689473028 0.6834234090116027
f =  16.90062764256911 , pars =  [-0.83264308  3.822774    0.61425062  0.68765841]
- current state of moments (data, sim):
mshare 0.0810895 0.08590776535983796
trans_fromgood 0.971979076994224 0.9781329425631778
trans_frombad 0.3215039071814656 0.290569731886685
grad2 1.0224902629343955 1.0377786975856413
grad3 1.01079964221033 1.0687544791942327
grad4 1.0392741459989943 1.1001167345482783
tfp 0.7399708689473028 0.6841373443931545
f =  13.060328521506303 , pars =  [-0.83264308  3.822774    0.61425062  0.68765841]
- current state of moments (data, sim):
mshare 0.0810895 0.08626357365640129
trans_fromgood 0.971979076994224 0.9781329425631817
trans_frombad 0.3215039071814656 0.30826342105304866
grad2 1.0224902629343955 1.0339271260045255
grad3 1.01079964221033 1.0609563466964633
grad4 1.0392741459989943 1.0893627422635164
tfp 0.7399708689473028 0.6831936508611226
f =  11.163867643482856 , pars =  [-0.83264308  3.822774    0.61425062  0.68765841]
- current state of moments (data, sim):
mshare 0.0810895 0.08544985275723173
trans_fromgood 0.971979076994224 0.9781329425631802
trans_frombad 0.3215039071814656 0.3193354985185904
grad2 1.0224902629343955 1.0321276380113573
grad3 1.01079964221033 1.0576107404625101
grad4 1.0392741459989943 1.0844709141400686
tfp 0.7399708689473028 0.6889645675654759
f =  11.040750683799866 , pars =  [-0.83264308  3.822774    0.61425062  0.68765841]
- current state of moments (data, sim):
mshare 0.0810895 0.08562449165960231
trans_fromgood 0.971979076994224 0.9781329425631811
trans_frombad 0.3215039071814656 0.3209664172273237
grad2 1.0224902629343955 1.0318019649682324
grad3 1.01079964221033 1.0570582072009178
grad4 1.0392741459989943 1.0836933027556634
tfp 0.7399708689473028 0.6877199649356119
f =  21.80445792195204 , pars =  [-0.83264308  3.822774    0.61425062  0.68765841]
- current state of moments (data, sim):
mshare 0.0810895 0.0876298414968487
trans_fromgood 0.971979076994224 0.9781329425631804
trans_frombad 0.3215039071814656 0.2766385983589339
grad2 1.0224902629343955 1.0410499419518828
grad3 1.01079964221033 1.0746388857924423
grad4 1.0392741459989943 1.1085361105915574
tfp 0.7399708689473028 0.6707547418961312
f =  14.53500353000162 , pars =  [-0.83264308  3.822774    0.61425062  0.68765841]
- current state of moments (data, sim):
mshare 0.0810895 0.08602824253227583
trans_fromgood 0.971979076994224 0.9781329425631787
trans_frombad 0.3215039071814656 0.2993585384503815
grad2 1.0224902629343955 1.035717964906762
grad3 1.01079964221033 1.06416869532186
grad4 1.0392741459989943 1.094109557426762
tfp 0.7399708689473028 0.6851197278031758
f =  15.786869518401963 , pars =  [-0.83264308  3.822774    0.61425062  0.68765841]
- current state of moments (data, sim):
mshare 0.0810895 0.08639658201637528
trans_fromgood 0.971979076994224 0.9781329425631788
trans_frombad 0.3215039071814656 0.2944688385069115
grad2 1.0224902629343955 1.036728908126588
grad3 1.01079964221033 1.0660027333270072
grad4 1.0392741459989943 1.0969130983582822
tfp 0.7399708689473028 0.6822457505553997
f =  20.468314041988254 , pars =  [-0.83264308  3.822774    0.61425062  0.68765841]
- current state of moments (data, sim):
mshare 0.0810895 0.0873195846224849
trans_fromgood 0.971979076994224 0.9781329425631811
trans_frombad 0.3215039071814656 0.2783046496621623
grad2 1.0224902629343955 1.0404662712771944
grad3 1.01079964221033 1.0726784584774243
grad4 1.0392741459989943 1.106619922735982
tfp 0.7399708689473028 0.6759166327932759
f =  20.468314041988254 , pars =  [-0.83264308  3.822774    0.61425062  0.68765841]
- current state of moments (data, sim):
mshare 0.0810895 0.0873195846224849
trans_fromgood 0.971979076994224 0.9781329425631811
trans_frombad 0.3215039071814656 0.2783046496621623
grad2 1.0224902629343955 1.0404662712771944
grad3 1.01079964221033 1.0726784584774243
grad4 1.0392741459989943 1.106619922735982
tfp 0.7399708689473028 0.6759166327932759
f =  16.90062764256911 , pars =  [-0.83264308  3.822774    0.61425062  0.68765841]
- current state of moments (data, sim):
mshare 0.0810895 0.08590776535983796
trans_fromgood 0.971979076994224 0.9781329425631778
trans_frombad 0.3215039071814656 0.290569731886685
grad2 1.0224902629343955 1.0377786975856413
grad3 1.01079964221033 1.0687544791942327
grad4 1.0392741459989943 1.1001167345482783
tfp 0.7399708689473028 0.6841373443931545
f =  11.040750683799866 , pars =  [-0.83264308  3.822774    0.61425062  0.68765841]
- current state of moments (data, sim):
mshare 0.0810895 0.08562449165960231
trans_fromgood 0.971979076994224 0.9781329425631811
trans_frombad 0.3215039071814656 0.3209664172273237
grad2 1.0224902629343955 1.0318019649682324
grad3 1.01079964221033 1.0570582072009178
grad4 1.0392741459989943 1.0836933027556634
tfp 0.7399708689473028 0.6877199649356119
f =  11.040750683799866 , pars =  [-0.83264308  3.822774    0.61425062  0.68765841]
- current state of moments (data, sim):
mshare 0.0810895 0.08562449165960231
trans_fromgood 0.971979076994224 0.9781329425631811
trans_frombad 0.3215039071814656 0.3209664172273237
grad2 1.0224902629343955 1.0318019649682324
grad3 1.01079964221033 1.0570582072009178
grad4 1.0392741459989943 1.0836933027556634
tfp 0.7399708689473028 0.6877199649356119
f =  11.040750683799866 , pars =  [-0.83264308  3.822774    0.61425062  0.68765841]
- current state of moments (data, sim):
mshare 0.0810895 0.08562449165960231
trans_fromgood 0.971979076994224 0.9781329425631811
trans_frombad 0.3215039071814656 0.3209664172273237
grad2 1.0224902629343955 1.0318019649682324
grad3 1.01079964221033 1.0570582072009178
grad4 1.0392741459989943 1.0836933027556634
tfp 0.7399708689473028 0.6877199649356119
f =  11.040750683799866 , pars =  [-0.83264308  3.822774    0.61425062  0.68765841]
- current state of moments (data, sim):
mshare 0.0810895 0.08562449165960231
trans_fromgood 0.971979076994224 0.9781329425631811
trans_frombad 0.3215039071814656 0.3209664172273237
grad2 1.0224902629343955 1.0318019649682324
grad3 1.01079964221033 1.0570582072009178
grad4 1.0392741459989943 1.0836933027556634
tfp 0.7399708689473028 0.6877199649356119
f =  11.040750683799866 , pars =  [-0.83264308  3.822774    0.61425062  0.68765841]
- current state of moments (data, sim):
mshare 0.0810895 0.08562449165960231
trans_fromgood 0.971979076994224 0.9781329425631811
trans_frombad 0.3215039071814656 0.3209664172273237
grad2 1.0224902629343955 1.0318019649682324
grad3 1.01079964221033 1.0570582072009178
grad4 1.0392741459989943 1.0836933027556634
tfp 0.7399708689473028 0.6877199649356119
f =  11.040750683799866 , pars =  [-0.83264308  3.822774    0.61425062  0.68765841]
- current state of moments (data, sim):
mshare 0.0810895 0.08562449165960231
trans_fromgood 0.971979076994224 0.9781329425631811
trans_frombad 0.3215039071814656 0.3209664172273237
grad2 1.0224902629343955 1.0318019649682324
grad3 1.01079964221033 1.0570582072009178
grad4 1.0392741459989943 1.0836933027556634
tfp 0.7399708689473028 0.6877199649356119
f =  11.040750683799866 , pars =  [-0.83264308  3.822774    0.61425062  0.68765841]
- current state of moments (data, sim):
mshare 0.0810895 0.08562449165960231
trans_fromgood 0.971979076994224 0.9781329425631811
trans_frombad 0.3215039071814656 0.3209664172273237
grad2 1.0224902629343955 1.0318019649682324
grad3 1.01079964221033 1.0570582072009178
grad4 1.0392741459989943 1.0836933027556634
tfp 0.7399708689473028 0.6877199649356119
f =  11.040750683799866 , pars =  [-0.83264308  3.822774    0.61425062  0.68765841]
- current state of moments (data, sim):
mshare 0.0810895 0.08562449165960231
trans_fromgood 0.971979076994224 0.9781329425631811
trans_frombad 0.3215039071814656 0.3209664172273237
grad2 1.0224902629343955 1.0318019649682324
grad3 1.01079964221033 1.0570582072009178
grad4 1.0392741459989943 1.0836933027556634
tfp 0.7399708689473028 0.6877199649356119
f =  11.040750683799866 , pars =  [-0.83264308  3.822774    0.61425062  0.68765841]
- current state of moments (data, sim):
mshare 0.0810895 0.08562449165960231
trans_fromgood 0.971979076994224 0.9781329425631811
trans_frombad 0.3215039071814656 0.3209664172273237
grad2 1.0224902629343955 1.0318019649682324
grad3 1.01079964221033 1.0570582072009178
grad4 1.0392741459989943 1.0836933027556634
tfp 0.7399708689473028 0.6877199649356119
f =  11.040750683799866 , pars =  [-0.83264308  3.822774    0.61425062  0.68765841]
- current state of moments (data, sim):
mshare 0.0810895 0.08562449165960231
trans_fromgood 0.971979076994224 0.9781329425631811
trans_frombad 0.3215039071814656 0.3209664172273237
grad2 1.0224902629343955 1.0318019649682324
grad3 1.01079964221033 1.0570582072009178
grad4 1.0392741459989943 1.0836933027556634
tfp 0.7399708689473028 0.6877199649356119
f =  11.040750683799866 , pars =  [-0.83264308  3.822774    0.61425062  0.68765841]
- current state of moments (data, sim):
mshare 0.0810895 0.08562449165960231
trans_fromgood 0.971979076994224 0.9781329425631811
trans_frombad 0.3215039071814656 0.3209664172273237
grad2 1.0224902629343955 1.0318019649682324
grad3 1.01079964221033 1.0570582072009178
grad4 1.0392741459989943 1.0836933027556634
tfp 0.7399708689473028 0.6877199649356119
f =  11.040750683799866 , pars =  [-0.83264308  3.822774    0.61425062  0.68765841]
- current state of moments (data, sim):
mshare 0.0810895 0.08562449165960231
trans_fromgood 0.971979076994224 0.9781329425631811
trans_frombad 0.3215039071814656 0.3209664172273237
grad2 1.0224902629343955 1.0318019649682324
grad3 1.01079964221033 1.0570582072009178
grad4 1.0392741459989943 1.0836933027556634
tfp 0.7399708689473028 0.6877199649356119
f =  11.040750683799866 , pars =  [-0.83264308  3.822774    0.61425062  0.68765841]
- current state of moments (data, sim):
mshare 0.0810895 0.08562449165960231
trans_fromgood 0.971979076994224 0.9781329425631811
trans_frombad 0.3215039071814656 0.3209664172273237
grad2 1.0224902629343955 1.0318019649682324
grad3 1.01079964221033 1.0570582072009178
grad4 1.0392741459989943 1.0836933027556634
tfp 0.7399708689473028 0.6877199649356119
f =  11.040750683799866 , pars =  [-0.83264308  3.822774    0.61425062  0.68765841]
- current state of moments (data, sim):
mshare 0.0810895 0.08562449165960231
trans_fromgood 0.971979076994224 0.9781329425631811
trans_frombad 0.3215039071814656 0.3209664172273237
grad2 1.0224902629343955 1.0318019649682324
grad3 1.01079964221033 1.0570582072009178
grad4 1.0392741459989943 1.0836933027556634
tfp 0.7399708689473028 0.6877199649356119
f =  11.040750683799866 , pars =  [-0.83264308  3.822774    0.61425062  0.68765841]
- current state of moments (data, sim):
mshare 0.0810895 0.08562449165960231
trans_fromgood 0.971979076994224 0.9781329425631811
trans_frombad 0.3215039071814656 0.3209664172273237
grad2 1.0224902629343955 1.0318019649682324
grad3 1.01079964221033 1.0570582072009178
grad4 1.0392741459989943 1.0836933027556634
tfp 0.7399708689473028 0.6877199649356119
f =  11.040750683799866 , pars =  [-0.83264308  3.822774    0.61425062  0.68765841]
- current state of moments (data, sim):
mshare 0.0810895 0.08562449165960231
trans_fromgood 0.971979076994224 0.9781329425631811
trans_frombad 0.3215039071814656 0.3209664172273237
grad2 1.0224902629343955 1.0318019649682324
grad3 1.01079964221033 1.0570582072009178
grad4 1.0392741459989943 1.0836933027556634
tfp 0.7399708689473028 0.6877199649356119
