current parameter status : 
sigma 1.2725 False
beta 0.95 False
phi 0.4238 False
psi 0.2132 False
delta_h1 0.0024 True
delta_h2 3.4345 True
eta 0.0 False
tfp 0.7951 True
price 0.6426 True
risk 0.0 False
-- 
number of parameters:  10
number of free parameters:  4
current parameter status : 
sigma 1.2725 False
beta 0.95 False
phi 0.4238 False
psi 0.2132 False
delta_h1 0.0024 True
delta_h2 3.4345 True
eta 0.0 False
tfp 0.7951 True
price 0.6426 True
risk 0.0 False
- using these moments:
mshare 0.07812250000000001 0.00915476860209447
trans_fromgood 0.9651100411642269 0.005645375388549586
trans_frombad 0.3564022363556803 0.043019828949789674
grad2 1.0279812623162154 0.029936086881120663
grad3 1.0001852818307801 0.033832319484176684
grad4 1.0541937349759012 0.028219188682081696
tfp 0.6402592229336113 0.021693975149360317
f =  31.10947078907384 , pars =  [2.35301353e-03 3.43449440e+00 7.95094826e-01 6.42583926e-01]
- current state of moments (data, sim):
mshare 0.07812250000000001 0.07142128423201813
trans_fromgood 0.9651100411642269 0.9677582924509156
trans_frombad 0.3564022363556803 0.5614913675316014
grad2 1.0279812623162154 1.0206746096227595
grad3 1.0001852818307801 1.0286812173049218
grad4 1.0541937349759012 1.0350143649197237
tfp 0.6402592229336113 0.5853971629582525
f =  26.79051973182166 , pars =  [0.10235301 3.4344944  0.79509483 0.64258393]
- current state of moments (data, sim):
mshare 0.07812250000000001 0.061229397844440814
trans_fromgood 0.9651100411642269 0.9677582924509182
trans_frombad 0.3564022363556803 0.5239461644557787
grad2 1.0279812623162154 1.0271414628744513
grad3 1.0001852818307801 1.0386149978649801
grad4 1.0541937349759012 1.046337704657661
tfp 0.6402592229336113 0.5844033731929199
f =  32.97000945896349 , pars =  [2.35301353e-03 3.53449440e+00 7.95094826e-01 6.42583926e-01]
- current state of moments (data, sim):
mshare 0.07812250000000001 0.0656980494584014
trans_fromgood 0.9651100411642269 0.970826496588217
trans_frombad 0.3564022363556803 0.5534236039430117
grad2 1.0279812623162154 1.0216847413171253
grad3 1.0001852818307801 1.0294471775479854
grad4 1.0541937349759012 1.0354267646785988
tfp 0.6402592229336113 0.5793079615868347
f =  47.10380911881268 , pars =  [2.35301353e-03 3.43449440e+00 8.95094826e-01 6.42583926e-01]
- current state of moments (data, sim):
mshare 0.07812250000000001 0.061578463796600334
trans_fromgood 0.9651100411642269 0.9677582924509159
trans_frombad 0.3564022363556803 0.5895586433973108
grad2 1.0279812623162154 1.0232767316578764
grad3 1.0001852818307801 1.0315467480449645
grad4 1.0541937349759012 1.0368947872805667
tfp 0.6402592229336113 0.7184315943378157
f =  20.378599469655736 , pars =  [2.35301353e-03 3.43449440e+00 7.95094826e-01 7.42583926e-01]
- current state of moments (data, sim):
mshare 0.07812250000000001 0.07922710918549619
trans_fromgood 0.9651100411642269 0.9677582924509164
trans_frombad 0.3564022363556803 0.5105910026640603
grad2 1.0279812623162154 1.0255965615008766
grad3 1.0001852818307801 1.037710026358231
grad4 1.0541937349759012 1.045958839137366
tfp 0.6402592229336113 0.5872251688575253
f =  24.123842232255257 , pars =  [-0.09764699  3.4344944   0.79509483  0.64258393]
- current state of moments (data, sim):
mshare 0.07812250000000001 0.07939276424599881
trans_fromgood 0.9651100411642269 0.9677582924509169
trans_frombad 0.3564022363556803 0.5326118333550365
grad2 1.0279812623162154 1.0383346994600506
grad3 1.0001852818307801 1.048858709126515
grad4 1.0541937349759012 1.0550823008492072
tfp 0.6402592229336113 0.5921549200990817
f =  28.771668194326008 , pars =  [2.35301353e-03 3.33449440e+00 7.95094826e-01 6.42583926e-01]
- current state of moments (data, sim):
mshare 0.07812250000000001 0.07755277647611634
trans_fromgood 0.9651100411642269 0.9643674024676531
trans_frombad 0.3564022363556803 0.5598966256093101
grad2 1.0279812623162154 1.0212663691564048
grad3 1.0001852818307801 1.0310958694246624
grad4 1.0541937349759012 1.038098068104237
tfp 0.6402592229336113 0.5909567218078458
f =  72.74508768432773 , pars =  [2.35301353e-03 3.43449440e+00 6.95094826e-01 6.42583926e-01]
- current state of moments (data, sim):
mshare 0.07812250000000001 0.08272280198277561
trans_fromgood 0.9651100411642269 0.9677582924509165
trans_frombad 0.3564022363556803 0.4804095892712569
grad2 1.0279812623162154 1.0315139751787117
grad3 1.0001852818307801 1.0445258080858009
grad4 1.0541937349759012 1.0535017420607797
tfp 0.6402592229336113 0.46912254413625665
f =  42.63587931074082 , pars =  [2.35301353e-03 3.43449440e+00 7.95094826e-01 5.42583926e-01]
- current state of moments (data, sim):
mshare 0.07812250000000001 0.06276495461038202
trans_fromgood 0.9651100411642269 0.9677582924509168
trans_frombad 0.3564022363556803 0.5996605575738532
grad2 1.0279812623162154 1.0149110579250724
grad3 1.0001852818307801 1.0223039346974234
grad4 1.0541937349759012 1.0279341231736319
tfp 0.6402592229336113 0.5864879050748256
f =  15.997429050980102 , pars =  [-0.0595888   3.41327701  0.81607057  0.81519971]
- current state of moments (data, sim):
mshare 0.07812250000000001 0.09094752738268644
trans_fromgood 0.9651100411642269 0.967066898764969
trans_frombad 0.3564022363556803 0.4429717893527521
grad2 1.0279812623162154 1.0593325630029478
grad3 1.0001852818307801 1.081624071647206
grad4 1.0541937349759012 1.0916517114192374
tfp 0.6402592229336113 0.616373505913024
f =  13.658827727959478 , pars =  [-0.00842789  3.45595679  0.8088597   0.88942235]
- current state of moments (data, sim):
mshare 0.07812250000000001 0.08891530525467668
trans_fromgood 0.9651100411642269 0.9684429036673162
trans_frombad 0.3564022363556803 0.4534022845458397
grad2 1.0279812623162154 1.0444270170832703
grad3 1.0001852818307801 1.0598251605475142
grad4 1.0541937349759012 1.0698726361193922
tfp 0.6402592229336113 0.6019497557884468
f =  9.040039143106458 , pars =  [0.08934795 3.44977662 0.81097298 0.90935284]
- current state of moments (data, sim):
mshare 0.07812250000000001 0.0747206351990409
trans_fromgood 0.9651100411642269 0.9682472715749492
trans_frombad 0.3564022363556803 0.43168020343278807
grad2 1.0279812623162154 1.035691918146298
grad3 1.0001852818307801 1.0553449841817237
grad4 1.0541937349759012 1.0684124267734798
tfp 0.6402592229336113 0.6055976782472136
f =  12.059290229667047 , pars =  [0.18659149 3.4701189  0.80973729 0.92068241]
- current state of moments (data, sim):
mshare 0.07812250000000001 0.057885497170431906
trans_fromgood 0.9651100411642269 0.9688866689683477
trans_frombad 0.3564022363556803 0.421865808018102
grad2 1.0279812623162154 1.0230678887004898
grad3 1.0001852818307801 1.0423623369712767
grad4 1.0541937349759012 1.057147833172273
tfp 0.6402592229336113 0.6038441048209899
f =  28.214146906302958 , pars =  [0.09190027 3.44978322 0.75584115 0.99274328]
- current state of moments (data, sim):
mshare 0.07812250000000001 0.08158935569654638
trans_fromgood 0.9651100411642269 0.968247481046764
trans_frombad 0.3564022363556803 0.36583280252498007
grad2 1.0279812623162154 1.0417306110870126
grad3 1.0001852818307801 1.0697213112047979
grad4 1.0541937349759012 1.0877412471738697
tfp 0.6402592229336113 0.5388175187903235
f =  7.2858705401045345 , pars =  [0.11705605 3.35570095 0.82702388 0.9205062 ]
- current state of moments (data, sim):
mshare 0.07812250000000001 0.07563567494270068
trans_fromgood 0.9651100411642269 0.9651150909358005
trans_frombad 0.3564022363556803 0.4355525499994058
grad2 1.0279812623162154 1.0366312994938054
grad3 1.0001852818307801 1.0570659644028828
grad4 1.0541937349759012 1.0708804219017347
tfp 0.6402592229336113 0.6239203252892711
f =  8.497937821796533 , pars =  [0.14416915 3.34422808 0.82384076 0.86886525]
- current state of moments (data, sim):
mshare 0.07812250000000001 0.06956428831883506
trans_fromgood 0.9651100411642269 0.9647125564308512
trans_frombad 0.3564022363556803 0.43958345449088604
grad2 1.0279812623162154 1.0325351963948246
grad3 1.0001852818307801 1.054922643727065
grad4 1.0541937349759012 1.068813388566019
tfp 0.6402592229336113 0.618879075868769
f =  34.26064101845316 , pars =  [0.10801093 3.36042076 0.91774194 0.87968778]
- current state of moments (data, sim):
mshare 0.07812250000000001 0.0683741266154457
trans_fromgood 0.9651100411642269 0.9652793531810877
trans_frombad 0.3564022363556803 0.48606468974809
grad2 1.0279812623162154 1.0391496091812604
grad3 1.0001852818307801 1.0556853251243927
grad4 1.0541937349759012 1.0658365447331206
tfp 0.6402592229336113 0.7397707297354051
f =  9.679180828551086 , pars =  [0.07185345 3.34360085 0.85081844 1.00561866]
- current state of moments (data, sim):
mshare 0.07812250000000001 0.08722858543209547
trans_fromgood 0.9651100411642269 0.9646904160589332
trans_frombad 0.3564022363556803 0.4213830481103991
grad2 1.0279812623162154 1.0494856285480616
grad3 1.0001852818307801 1.0717389308335517
grad4 1.0541937349759012 1.0859689332882534
tfp 0.6402592229336113 0.648541742596709
f =  13.691594546043362 , pars =  [0.06218408 3.38433507 0.79857124 0.8472969 ]
- current state of moments (data, sim):
mshare 0.07812250000000001 0.08161439493978057
trans_fromgood 0.9651100411642269 0.9660998239031601
trans_frombad 0.3564022363556803 0.45912379351321825
grad2 1.0279812623162154 1.0370314699389727
grad3 1.0001852818307801 1.0541534580765344
grad4 1.0541937349759012 1.0651884540278012
tfp 0.6402592229336113 0.5916233033070347
f =  5.787874120335697 , pars =  [0.15092005 3.28147554 0.83048129 0.96930851]
- current state of moments (data, sim):
mshare 0.07812250000000001 0.07457953247343771
trans_fromgood 0.9651100411642269 0.9624272241978069
trans_frombad 0.3564022363556803 0.40875510962015915
grad2 1.0279812623162154 1.0331300217116721
grad3 1.0001852818307801 1.058698363258486
grad4 1.0541937349759012 1.0777447821740538
tfp 0.6402592229336113 0.6302230088801181
f =  8.20574105666923 , pars =  [0.21227292 3.11796782 0.83481392 1.04468412]
- current state of moments (data, sim):
mshare 0.07812250000000001 0.07115660842669394
trans_fromgood 0.9651100411642269 0.9557530052366296
trans_frombad 0.3564022363556803 0.378723380522299
grad2 1.0279812623162154 1.0275458851448263
grad3 1.0001852818307801 1.057096695921883
grad4 1.0541937349759012 1.085490853453647
tfp 0.6402592229336113 0.6241642269654327
f =  5.58212335905641 , pars =  [0.17138805 3.26365915 0.8323142  1.01143241]
- current state of moments (data, sim):
mshare 0.07812250000000001 0.07270168702041163
trans_fromgood 0.9651100411642269 0.9617518142962596
trans_frombad 0.3564022363556803 0.3979919600376418
grad2 1.0279812623162154 1.0311479806341413
grad3 1.0001852818307801 1.0582327864143022
grad4 1.0541937349759012 1.0789632993806366
tfp 0.6402592229336113 0.6301392628473387
f =  38.87669824566513 , pars =  [0.15173487 3.26751107 0.74376531 1.05336101]
- current state of moments (data, sim):
mshare 0.07812250000000001 0.07789510999000507
trans_fromgood 0.9651100411642269 0.9618988599191268
trans_frombad 0.3564022363556803 0.32464840078355495
grad2 1.0279812623162154 1.0362240929884285
grad3 1.0001852818307801 1.070680186099292
grad4 1.0541937349759012 1.101623065799928
tfp 0.6402592229336113 0.5199302745724054
f =  7.319358963159698 , pars =  [0.21607165 3.29850368 0.83955199 0.97447992]
- current state of moments (data, sim):
mshare 0.07812250000000001 0.06073346337612515
trans_fromgood 0.9651100411642269 0.9630616021560902
trans_frombad 0.3564022363556803 0.4129849113733581
grad2 1.0279812623162154 1.0222833930557178
grad3 1.0001852818307801 1.0441227902711794
grad4 1.0541937349759012 1.063730115389573
tfp 0.6402592229336113 0.6427170602393422
f =  10.24455148184767 , pars =  [0.17074834 3.35717409 0.80016779 1.02630368]
- current state of moments (data, sim):
mshare 0.07812250000000001 0.06801762225885949
trans_fromgood 0.9651100411642269 0.9651664436027855
trans_frombad 0.3564022363556803 0.37539536406853935
grad2 1.0279812623162154 1.0285737116851723
grad3 1.0001852818307801 1.0548459966756878
grad4 1.0541937349759012 1.0762143779887083
tfp 0.6402592229336113 0.5888688165039263
f =  5.211846272466605 , pars =  [0.15737998 3.3330614  0.83846876 0.99910006]
- current state of moments (data, sim):
mshare 0.07812250000000001 0.07110453496245661
trans_fromgood 0.9651100411642269 0.9643163043850922
trans_frombad 0.3564022363556803 0.40726464609282714
grad2 1.0279812623162154 1.0309691878415888
grad3 1.0001852818307801 1.0555876514582987
grad4 1.0541937349759012 1.073804420337223
tfp 0.6402592229336113 0.6363737206777258
f =  6.404001806307651 , pars =  [0.16445936 3.23623319 0.84589808 1.0218813 ]
- current state of moments (data, sim):
mshare 0.07812250000000001 0.07556207952454473
trans_fromgood 0.9651100411642269 0.9606883036384976
trans_frombad 0.3564022363556803 0.4077019435762439
grad2 1.0279812623162154 1.0321357019026727
grad3 1.0001852818307801 1.0588325229812596
grad4 1.0541937349759012 1.0787987137423465
tfp 0.6402592229336113 0.655689460901745
f =  5.505031293075341 , pars =  [0.15120384 3.36523449 0.83374772 0.97656295]
- current state of moments (data, sim):
mshare 0.07812250000000001 0.06994270374455491
trans_fromgood 0.9651100411642269 0.9654460875115392
trans_frombad 0.3564022363556803 0.41484577933166367
grad2 1.0279812623162154 1.0302309833207395
grad3 1.0001852818307801 1.0534136424752183
grad4 1.0541937349759012 1.0703239594342275
tfp 0.6402592229336113 0.6354130808407781
f =  5.8597450348359645 , pars =  [0.15791379 3.33334954 0.84827626 0.99718657]
- current state of moments (data, sim):
mshare 0.07812250000000001 0.0703294235848395
trans_fromgood 0.9651100411642269 0.9643265847160084
trans_frombad 0.3564022363556803 0.41431709531531796
grad2 1.0279812623162154 1.0300193938398012
grad3 1.0001852818307801 1.0538377876300165
grad4 1.0541937349759012 1.071659509109233
tfp 0.6402592229336113 0.6539951868078496
f =  5.298613618423911 , pars =  [0.15276976 3.31971054 0.83391761 0.99284068]
- current state of moments (data, sim):
mshare 0.07812250000000001 0.0726002648579688
trans_fromgood 0.9651100411642269 0.9638367019153231
trans_frombad 0.3564022363556803 0.40540683680322853
grad2 1.0279812623162154 1.0320389321503018
grad3 1.0001852818307801 1.0572435593751044
grad4 1.0541937349759012 1.0758642160527079
tfp 0.6402592229336113 0.6323206788733451
f =  5.141184227421027 , pars =  [0.1575602  3.3269123  0.84021842 1.00678737]
- current state of moments (data, sim):
mshare 0.07812250000000001 0.07158271813582086
trans_fromgood 0.9651100411642269 0.9640962058124009
trans_frombad 0.3564022363556803 0.4056568218750962
grad2 1.0279812623162154 1.0311910678305993
grad3 1.0001852818307801 1.0561759227707002
grad4 1.0541937349759012 1.0747033287672911
tfp 0.6402592229336113 0.638179171032553
f =  5.056461515844035 , pars =  [0.15775558 3.32840989 0.83746047 1.01628015]
- current state of moments (data, sim):
mshare 0.07812250000000001 0.07178163514888475
trans_fromgood 0.9651100411642269 0.9641499348320204
trans_frombad 0.3564022363556803 0.4008891721865745
grad2 1.0279812623162154 1.03124567115232
grad3 1.0001852818307801 1.056799980360896
grad4 1.0541937349759012 1.0758401757344689
tfp 0.6402592229336113 0.6342047326407799
f =  5.147154393711363 , pars =  [0.16275897 3.31979725 0.8369398  1.01556086]
- current state of moments (data, sim):
mshare 0.07812250000000001 0.07137348364202133
trans_fromgood 0.9651100411642269 0.9638398375776382
trans_frombad 0.3564022363556803 0.4015785411093103
grad2 1.0279812623162154 1.030932051151273
grad3 1.0001852818307801 1.0564960241900836
grad4 1.0541937349759012 1.075525084541161
tfp 0.6402592229336113 0.633436712474571
f =  5.129568244180288 , pars =  [0.14784173 3.32745936 0.83777558 1.01543597]
- current state of moments (data, sim):
mshare 0.07812250000000001 0.0736806092999028
trans_fromgood 0.9651100411642269 0.9641158419117704
trans_frombad 0.3564022363556803 0.40007213011799775
grad2 1.0279812623162154 1.03302919261417
grad3 1.0001852818307801 1.0590162679739323
grad4 1.0541937349759012 1.0780193674759395
tfp 0.6402592229336113 0.6346175818566668
f =  4.970629717292192 , pars =  [0.15738715 3.3382679  0.83790904 1.01785586]
- current state of moments (data, sim):
mshare 0.07812250000000001 0.0712973058166933
trans_fromgood 0.9651100411642269 0.9645016085719417
trans_frombad 0.3564022363556803 0.402326932565341
grad2 1.0279812623162154 1.0307798406233968
grad3 1.0001852818307801 1.0557901751720207
grad4 1.0541937349759012 1.0744457120179318
tfp 0.6402592229336113 0.6359989903332215
f =  4.954833411813839 , pars =  [0.15604182 3.35691318 0.83733479 1.02494202]
- current state of moments (data, sim):
mshare 0.07812250000000001 0.07088287529113296
trans_fromgood 0.9651100411642269 0.9651573538966366
trans_frombad 0.3564022363556803 0.400815909138594
grad2 1.0279812623162154 1.0306193451003853
grad3 1.0001852818307801 1.0554230208614965
grad4 1.0541937349759012 1.0738798741859419
tfp 0.6402592229336113 0.6332823750627599
f =  4.957450535642231 , pars =  [0.1593548  3.3561858  0.83933723 1.03413361]
- current state of moments (data, sim):
mshare 0.07812250000000001 0.0705809410925581
trans_fromgood 0.9651100411642269 0.9651320008920591
trans_frombad 0.3564022363556803 0.3990584993832883
grad2 1.0279812623162154 1.0305647626463115
grad3 1.0001852818307801 1.055630942329177
grad4 1.0541937349759012 1.0742664522467023
tfp 0.6402592229336113 0.6335221423522871
f =  4.930047688787543 , pars =  [0.1591002  3.35022322 0.83793286 1.02580736]
- current state of moments (data, sim):
mshare 0.07812250000000001 0.07055127108087401
trans_fromgood 0.9651100411642269 0.9649234766746088
trans_frombad 0.3564022363556803 0.40185990118191045
grad2 1.0279812623162154 1.0303051739673672
grad3 1.0001852818307801 1.0550371602083681
grad4 1.0541937349759012 1.0733474057974273
tfp 0.6402592229336113 0.636309666760571
f =  5.106148550383244 , pars =  [0.15839179 3.35053537 0.82839342 1.0287056 ]
- current state of moments (data, sim):
mshare 0.07812250000000001 0.07119364600371779
trans_fromgood 0.9651100411642269 0.9649344238551356
trans_frombad 0.3564022363556803 0.3965957821498155
grad2 1.0279812623162154 1.0302161574759416
grad3 1.0001852818307801 1.0554758626621292
grad4 1.0541937349759012 1.0745031557336857
tfp 0.6402592229336113 0.625464361546002
f =  5.5250407757850555 , pars =  [0.15823444 3.34740492 0.84682113 1.02229931]
- current state of moments (data, sim):
mshare 0.07812250000000001 0.07026863509624795
trans_fromgood 0.9651100411642269 0.9648244811026598
trans_frombad 0.3564022363556803 0.41005495347626675
grad2 1.0279812623162154 1.0296778644447337
grad3 1.0001852818307801 1.0535312482956476
grad4 1.0541937349759012 1.0712032682577475
tfp 0.6402592229336113 0.6536026887238697
f =  5.1154953922158555 , pars =  [0.16804174 3.35443196 0.83760624 1.02431444]
- current state of moments (data, sim):
mshare 0.07812250000000001 0.0685640868770264
trans_fromgood 0.9651100411642269 0.9650707942284529
trans_frombad 0.3564022363556803 0.40334061590132875
grad2 1.0279812623162154 1.0287241167720138
grad3 1.0001852818307801 1.0530527435511605
grad4 1.0541937349759012 1.0712708476919348
tfp 0.6402592229336113 0.6367479271968683
f =  4.902450464155742 , pars =  [0.15268687 3.34886767 0.83518073 1.02763436]
- current state of moments (data, sim):
mshare 0.07812250000000001 0.0720840007761119
trans_fromgood 0.9651100411642269 0.9648758962139693
trans_frombad 0.3564022363556803 0.3991929341889087
grad2 1.0279812623162154 1.0313771189876813
grad3 1.0001852818307801 1.0564931361709866
grad4 1.0541937349759012 1.0751685128662396
tfp 0.6402592229336113 0.6321137161463657
f =  4.922523969342385 , pars =  [0.14657392 3.35384255 0.83383701 1.03364076]
- current state of moments (data, sim):
mshare 0.07812250000000001 0.07319375573092166
trans_fromgood 0.9651100411642269 0.965050200658857
trans_frombad 0.3564022363556803 0.396780805649322
grad2 1.0279812623162154 1.0324007105346533
grad3 1.0001852818307801 1.0578776707634043
grad4 1.0541937349759012 1.0766239728328029
tfp 0.6402592229336113 0.6307998393230244
f =  4.829278882064958 , pars =  [0.15323689 3.3555115  0.83582045 1.03506051]
- current state of moments (data, sim):
mshare 0.07812250000000001 0.07177714858664314
trans_fromgood 0.9651100411642269 0.9651084814669086
trans_frombad 0.3564022363556803 0.39811546574427714
grad2 1.0279812623162154 1.031132577417711
grad3 1.0001852818307801 1.056199259345506
grad4 1.0541937349759012 1.0748645996497141
tfp 0.6402592229336113 0.6327472187814008
f =  4.62193993339391 , pars =  [0.14707958 3.3670147  0.83594116 1.050218  ]
- current state of moments (data, sim):
mshare 0.07812250000000001 0.0727002684481377
trans_fromgood 0.9651100411642269 0.9655075458296898
trans_frombad 0.3564022363556803 0.3950858028647384
grad2 1.0279812623162154 1.031695605136962
grad3 1.0001852818307801 1.056674063249517
grad4 1.0541937349759012 1.0754787560781973
tfp 0.6402592229336113 0.6339160491506529
f =  4.472932541756759 , pars =  [0.13421426 3.39139275 0.83700624 1.07918453]
- current state of moments (data, sim):
mshare 0.07812250000000001 0.07453429637445416
trans_fromgood 0.9651100411642269 0.9663382382878791
trans_frombad 0.3564022363556803 0.38761315712855243
grad2 1.0279812623162154 1.0328811611282083
grad3 1.0001852818307801 1.058553677520415
grad4 1.0541937349759012 1.0776134074063484
tfp 0.6402592229336113 0.6352337649690035
f =  4.631305198781374 , pars =  [0.13141886 3.38923039 0.83446167 1.11894676]
- current state of moments (data, sim):
mshare 0.07812250000000001 0.07648124449065179
trans_fromgood 0.9651100411642269 0.9662653704527379
trans_frombad 0.3564022363556803 0.3768248647157726
grad2 1.0279812623162154 1.0343024238500755
grad3 1.0001852818307801 1.0609492338589226
grad4 1.0541937349759012 1.0810868718761621
tfp 0.6402592229336113 0.6317632715990794
f =  4.702878300406226 , pars =  [0.13096207 3.39166274 0.82757651 1.07984073]
- current state of moments (data, sim):
mshare 0.07812250000000001 0.07541233185353782
trans_fromgood 0.9651100411642269 0.9663473251968373
trans_frombad 0.3564022363556803 0.384928768336066
grad2 1.0279812623162154 1.0334863012305253
grad3 1.0001852818307801 1.05938341285032
grad4 1.0541937349759012 1.078576180948049
tfp 0.6402592229336113 0.6286677683321023
f =  4.563839260224105 , pars =  [0.13135705 3.39637857 0.83501923 1.09823787]
- current state of moments (data, sim):
mshare 0.07812250000000001 0.07543647735431934
trans_fromgood 0.9651100411642269 0.9665056519105852
trans_frombad 0.3564022363556803 0.38184122331708725
grad2 1.0279812623162154 1.0335635086240849
grad3 1.0001852818307801 1.0599105749171407
grad4 1.0541937349759012 1.0795757611061179
tfp 0.6402592229336113 0.633170611138716
f =  4.504623840653385 , pars =  [0.12940185 3.38467592 0.84172289 1.07610586]
- current state of moments (data, sim):
mshare 0.07812250000000001 0.07567176600606514
trans_fromgood 0.9651100411642269 0.9661113768565075
trans_frombad 0.3564022363556803 0.3914002342600795
grad2 1.0279812623162154 1.0334766876307326
grad3 1.0001852818307801 1.0588608190580087
grad4 1.0541937349759012 1.077733147593112
tfp 0.6402592229336113 0.6413056794257295
f =  4.662972902352488 , pars =  [0.12478361 3.3937523  0.83557067 1.08103777]
- current state of moments (data, sim):
mshare 0.07812250000000001 0.07671082368136485
trans_fromgood 0.9651100411642269 0.9664175713268317
trans_frombad 0.3564022363556803 0.3884459015531562
grad2 1.0279812623162154 1.0350699463841806
grad3 1.0001852818307801 1.0597495973059174
grad4 1.0541937349759012 1.0787245701372794
tfp 0.6402592229336113 0.6327640172267234
f =  4.6591131132302905 , pars =  [0.13691675 3.38276082 0.83468372 1.08276114]
- current state of moments (data, sim):
mshare 0.07812250000000001 0.07481349539441771
trans_fromgood 0.9651100411642269 0.9660464144296419
trans_frombad 0.3564022363556803 0.38548421437114344
grad2 1.0279812623162154 1.0332871853479217
grad3 1.0001852818307801 1.0595185882754385
grad4 1.0541937349759012 1.0788927597669575
tfp 0.6402592229336113 0.6312923397876969
f =  4.581828496024063 , pars =  [0.13477644 3.38854602 0.83732955 1.06962024]
- current state of moments (data, sim):
mshare 0.07812250000000001 0.07437628424285485
trans_fromgood 0.9651100411642269 0.9662422758333473
trans_frombad 0.3564022363556803 0.39002016762559927
grad2 1.0279812623162154 1.033105960432208
grad3 1.0001852818307801 1.058615488855149
grad4 1.0541937349759012 1.0774837423163477
tfp 0.6402592229336113 0.634507004007527
f =  4.552331074598609 , pars =  [0.13671056 3.38980616 0.84624966 1.08159501]
- current state of moments (data, sim):
mshare 0.07812250000000001 0.0738666041950969
trans_fromgood 0.9651100411642269 0.9662847883734144
trans_frombad 0.3564022363556803 0.392507579724795
grad2 1.0279812623162154 1.0326704848980832
grad3 1.0001852818307801 1.057599295437649
grad4 1.0541937349759012 1.0763415049562872
tfp 0.6402592229336113 0.6459224371487123
f =  4.519568306212706 , pars =  [0.12994396 3.38649551 0.84162366 1.08522282]
- current state of moments (data, sim):
mshare 0.07812250000000001 0.07569835897646626
trans_fromgood 0.9651100411642269 0.9661729840904928
trans_frombad 0.3564022363556803 0.3889627652999924
grad2 1.0279812623162154 1.0336690921132763
grad3 1.0001852818307801 1.0593792190359668
grad4 1.0541937349759012 1.0784653272265414
tfp 0.6402592229336113 0.6416418130621996
f =  4.529035826679211 , pars =  [0.13579641 3.39587915 0.83549334 1.07946764]
- current state of moments (data, sim):
mshare 0.07812250000000001 0.07404371394404609
trans_fromgood 0.9651100411642269 0.9664889201534642
trans_frombad 0.3564022363556803 0.3866421009608421
grad2 1.0279812623162154 1.0327016486687617
grad3 1.0001852818307801 1.0584551088038685
grad4 1.0541937349759012 1.0775955835150415
tfp 0.6402592229336113 0.6334740649855699
f =  4.4950801978487425 , pars =  [0.13468166 3.39152634 0.83787893 1.07923038]
- current state of moments (data, sim):
mshare 0.07812250000000001 0.07449663018868767
trans_fromgood 0.9651100411642269 0.9663427348464219
trans_frombad 0.3564022363556803 0.38891809693834895
grad2 1.0279812623162154 1.03296474498106
grad3 1.0001852818307801 1.0585346840629632
grad4 1.0541937349759012 1.077443611285832
tfp 0.6402592229336113 0.6360162274724885
f =  4.509228778560905 , pars =  [0.13330532 3.38917273 0.83651949 1.07867622]
- current state of moments (data, sim):
mshare 0.07812250000000001 0.07482492812207024
trans_fromgood 0.9651100411642269 0.9662634253127603
trans_frombad 0.3564022363556803 0.3870379677951609
grad2 1.0279812623162154 1.0333145644680375
grad3 1.0001852818307801 1.0588669638106107
grad4 1.0541937349759012 1.078199530248289
tfp 0.6402592229336113 0.6346540826579926
f =  4.506304611392718 , pars =  [0.13491684 3.39100995 0.83669202 1.07969552]
- current state of moments (data, sim):
mshare 0.07812250000000001 0.07453106951696249
trans_fromgood 0.9651100411642269 0.9663253499614942
trans_frombad 0.3564022363556803 0.3882276814905383
grad2 1.0279812623162154 1.0330258119775366
grad3 1.0001852818307801 1.0586503842361725
grad4 1.0541937349759012 1.07751781578671
tfp 0.6402592229336113 0.6349033818944391
f =  4.524923645727256 , pars =  [0.13340584 3.39193696 0.8368627  1.07901219]
- current state of moments (data, sim):
mshare 0.07812250000000001 0.07479749009618168
trans_fromgood 0.9651100411642269 0.9663565521894658
trans_frombad 0.3564022363556803 0.38870692855942046
grad2 1.0279812623162154 1.0332782816692387
grad3 1.0001852818307801 1.0587216558274601
grad4 1.0541937349759012 1.0776384394578657
tfp 0.6402592229336113 0.6347174416521156
f =  4.593498542286852 , pars =  [0.13418418 3.39143202 0.83605116 1.07889234]
- current state of moments (data, sim):
mshare 0.07812250000000001 0.07458289470971659
trans_fromgood 0.9651100411642269 0.9663395602076708
trans_frombad 0.3564022363556803 0.38647296712820023
grad2 1.0279812623162154 1.0332477371940387
grad3 1.0001852818307801 1.0592174359975135
grad4 1.0541937349759012 1.0785173201562928
tfp 0.6402592229336113 0.6337661341008888
f =  4.5588086564583366 , pars =  [0.13378027 3.3911446  0.83734539 1.07998143]
- current state of moments (data, sim):
mshare 0.07812250000000001 0.07467974816926048
trans_fromgood 0.9651100411642269 0.9663298838772589
trans_frombad 0.3564022363556803 0.38661395651214636
grad2 1.0279812623162154 1.0332995241621517
grad3 1.0001852818307801 1.0591703233820025
grad4 1.0541937349759012 1.0785141418658797
tfp 0.6402592229336113 0.6347902221545566
f =  4.499051227167228 , pars =  [0.13436054 3.39122108 0.83708538 1.07821351]
- current state of moments (data, sim):
mshare 0.07812250000000001 0.07458954141779997
trans_fromgood 0.9651100411642269 0.9663324588900097
trans_frombad 0.3564022363556803 0.3887422841015616
grad2 1.0279812623162154 1.0330154792950266
grad3 1.0001852818307801 1.0585235489536455
grad4 1.0541937349759012 1.077505081516504
tfp 0.6402592229336113 0.635213938581613
f =  4.50493248368293 , pars =  [0.13459976 3.39228516 0.83722637 1.07926543]
- current state of moments (data, sim):
mshare 0.07812250000000001 0.0744324734898181
trans_fromgood 0.9651100411642269 0.9663682649000904
trans_frombad 0.3564022363556803 0.3882557988921113
grad2 1.0279812623162154 1.0330283423865758
grad3 1.0001852818307801 1.0586160054392555
grad4 1.0541937349759012 1.0775946710998303
tfp 0.6402592229336113 0.6356222427255225
f =  4.493757495059971 , pars =  [0.13383401 3.39049898 0.83686672 1.0789919 ]
- current state of moments (data, sim):
mshare 0.07812250000000001 0.07464140272019296
trans_fromgood 0.9651100411642269 0.9663081386995305
trans_frombad 0.3564022363556803 0.38744470293859595
grad2 1.0279812623162154 1.033167567869029
grad3 1.0001852818307801 1.0587026768769923
grad4 1.0541937349759012 1.0779285073268106
tfp 0.6402592229336113 0.635200179709671
f =  4.498113920911006 , pars =  [0.13426041 3.39075133 0.83757033 1.0786666 ]
- current state of moments (data, sim):
mshare 0.07812250000000001 0.07461171244601053
trans_fromgood 0.9651100411642269 0.9663166399437499
trans_frombad 0.3564022363556803 0.3885435153700076
grad2 1.0279812623162154 1.0330818233604568
grad3 1.0001852818307801 1.0586570499125665
grad4 1.0541937349759012 1.077510425349421
tfp 0.6402592229336113 0.6354837370801786
f =  4.488444674190213 , pars =  [0.13428493 3.39113516 0.83734666 1.07893399]
- current state of moments (data, sim):
mshare 0.07812250000000001 0.07458009964124751
trans_fromgood 0.9651100411642269 0.9663295662135407
trans_frombad 0.3564022363556803 0.3880945970900847
grad2 1.0279812623162154 1.0328957561045014
grad3 1.0001852818307801 1.0585740772189933
grad4 1.0541937349759012 1.0776886949593623
tfp 0.6402592229336113 0.6353745538163851
f =  4.436370312532505 , pars =  [0.13423608 3.391399   0.8369122  1.07915919]
- current state of moments (data, sim):
mshare 0.07812250000000001 0.07448730181385221
trans_fromgood 0.9651100411642269 0.9663384486262065
trans_frombad 0.3564022363556803 0.38788789056792
grad2 1.0279812623162154 1.0329248584262696
grad3 1.0001852818307801 1.0583934633727328
grad4 1.0541937349759012 1.0775501190826298
tfp 0.6402592229336113 0.636949083746643
f =  4.53853518662918 , pars =  [0.13431084 3.39147604 0.83669047 1.07911664]
- current state of moments (data, sim):
mshare 0.07812250000000001 0.0745830885598795
trans_fromgood 0.9651100411642269 0.966341041753725
trans_frombad 0.3564022363556803 0.38813484077291693
grad2 1.0279812623162154 1.0331412264398816
grad3 1.0001852818307801 1.0588631863283282
grad4 1.0541937349759012 1.077843081431298
tfp 0.6402592229336113 0.6350657268050701
f =  4.499527829440275 , pars =  [0.1342985  3.39146622 0.83694583 1.07913785]
- current state of moments (data, sim):
mshare 0.07812250000000001 0.07462861113592253
trans_fromgood 0.9651100411642269 0.9663407112982922
trans_frombad 0.3564022363556803 0.3879106438897183
grad2 1.0279812623162154 1.0328919719568483
grad3 1.0001852818307801 1.0586004376310185
grad4 1.0541937349759012 1.0777146930904202
tfp 0.6402592229336113 0.634639865930608
f =  4.499974392782883 , pars =  [0.13422328 3.39130907 0.83688371 1.07912857]
- current state of moments (data, sim):
mshare 0.07812250000000001 0.07460624610329851
trans_fromgood 0.9651100411642269 0.9663354213974739
trans_frombad 0.3564022363556803 0.388247339801539
grad2 1.0279812623162154 1.033035511271524
grad3 1.0001852818307801 1.0586116355508277
grad4 1.0541937349759012 1.0776496336814738
tfp 0.6402592229336113 0.6351414525446747
f =  4.513048189353063 , pars =  [0.13416484 3.39143816 0.83691591 1.07910108]
- current state of moments (data, sim):
mshare 0.07812250000000001 0.07468376421940581
trans_fromgood 0.9651100411642269 0.9663397667220129
trans_frombad 0.3564022363556803 0.38872948675507824
grad2 1.0279812623162154 1.0330649312859466
grad3 1.0001852818307801 1.0586579089389683
grad4 1.0541937349759012 1.077591845462477
tfp 0.6402592229336113 0.6351050189040041
f =  4.499691606961813 , pars =  [0.13422348 3.39141652 0.83686853 1.07924652]
- current state of moments (data, sim):
mshare 0.07812250000000001 0.07459480337733819
trans_fromgood 0.9651100411642269 0.9663390383864946
trans_frombad 0.3564022363556803 0.38842264238230695
grad2 1.0279812623162154 1.0331091898719535
grad3 1.0001852818307801 1.0585831156800654
grad4 1.0541937349759012 1.0775402349980558
tfp 0.6402592229336113 0.635098828462989
f =  4.489339248418135 , pars =  [0.13431432 3.39135564 0.83690216 1.07920275]
- current state of moments (data, sim):
mshare 0.07812250000000001 0.0745553985719178
trans_fromgood 0.9651100411642269 0.9663369889833829
trans_frombad 0.3564022363556803 0.38776598644750987
grad2 1.0279812623162154 1.0328669537620827
grad3 1.0001852818307801 1.0585725903923744
grad4 1.0541937349759012 1.0777151482759915
tfp 0.6402592229336113 0.6349884987285641
f =  4.4559040162167465 , pars =  [0.13427606 3.39135928 0.83697016 1.07910032]
- current state of moments (data, sim):
mshare 0.07812250000000001 0.07448814131545181
trans_fromgood 0.9651100411642269 0.966337111536382
trans_frombad 0.3564022363556803 0.3878761632949714
grad2 1.0279812623162154 1.0327244998701672
grad3 1.0001852818307801 1.05850120810167
grad4 1.0541937349759012 1.0777665094308149
tfp 0.6402592229336113 0.6370535787891488
f =  4.439451468478065 , pars =  [0.13426743 3.39142656 0.83682552 1.07913193]
- current state of moments (data, sim):
mshare 0.07812250000000001 0.07444031291179556
trans_fromgood 0.9651100411642269 0.9663393764283051
trans_frombad 0.3564022363556803 0.38663058988476773
grad2 1.0279812623162154 1.0328500669687484
grad3 1.0001852818307801 1.05839133800188
grad4 1.0541937349759012 1.0777140075594824
tfp 0.6402592229336113 0.6351483480958888
f =  4.515451930470903 , pars =  [0.13425916 3.39139881 0.83689075 1.07914061]
- current state of moments (data, sim):
mshare 0.07812250000000001 0.07461485195850805
trans_fromgood 0.9651100411642269 0.9663384422103871
trans_frombad 0.3564022363556803 0.3880183060075166
grad2 1.0279812623162154 1.0330651651700347
grad3 1.0001852818307801 1.0586776302986558
grad4 1.0541937349759012 1.077731681417838
tfp 0.6402592229336113 0.6346207228453389
