current parameter status : 
sigma 1.2725 False
beta 0.95 False
phi 0.4238 False
psi 0.2132 False
delta_h1 -1.3907 True
delta_h2 3.9922 True
eta 0.0 False
tfp 0.9895 True
price 0.6573 True
risk 0.0 False
-- 
number of parameters:  10
number of free parameters:  4
current parameter status : 
sigma 1.2725 False
beta 0.95 False
phi 0.4238 False
psi 0.2132 False
delta_h1 -1.3907 True
delta_h2 3.9922 True
eta 0.0 False
tfp 0.9895 True
price 0.6573 True
risk 0.0 False
- using these moments:
mshare 0.08828150000000001 0.01450751285405346
trans_fromgood 0.973459104002315 0.004239544889667379
trans_frombad 0.47682924574109553 0.06808938114584401
grad2 1.0310509284562253 0.018193145175800562
grad3 1.0256626081345614 0.018541817825748236
grad4 1.0256415419028637 0.018212468765829264
tfp 0.872561963669148 0.0181567545361873
f =  13.736605251730898 , pars =  [-1.39073598  3.99219586  0.98948248  0.65727965]
- current state of moments (data, sim):
mshare 0.08828150000000001 0.07793715995542298
trans_fromgood 0.973459104002315 0.981540864102974
trans_frombad 0.47682924574109553 0.630836774686771
grad2 1.0310509284562253 1.0305190617735405
grad3 1.0256626081345614 1.0364248400135843
grad4 1.0256415419028637 1.0375653972506016
tfp 0.872561963669148 0.8375803874289077
f =  14.058301444821899 , pars =  [-1.29073598  3.99219586  0.98948248  0.65727965]
- current state of moments (data, sim):
mshare 0.08828150000000001 0.07552393894510057
trans_fromgood 0.973459104002315 0.9815408641029757
trans_frombad 0.47682924574109553 0.6376822390457713
grad2 1.0310509284562253 1.0295392947730304
grad3 1.0256626081345614 1.035067006322834
grad4 1.0256415419028637 1.036114744587102
tfp 0.872561963669148 0.8387133183897656
f =  16.01203882015035 , pars =  [-1.39073598  4.09219586  0.98948248  0.65727965]
- current state of moments (data, sim):
mshare 0.08828150000000001 0.07104920447290973
trans_fromgood 0.973459104002315 0.983297483135759
trans_frombad 0.47682924574109553 0.6286885240442096
grad2 1.0310509284562253 1.028452678716606
grad3 1.0256626081345614 1.0337938700756077
grad4 1.0256415419028637 1.034743275494883
tfp 0.872561963669148 0.8372650710409971
f =  45.7411575322299 , pars =  [-1.39073598  3.99219586  1.08948248  0.65727965]
- current state of moments (data, sim):
mshare 0.08828150000000001 0.0675980910617368
trans_fromgood 0.973459104002315 0.9815408641029743
trans_frombad 0.47682924574109553 0.6828255084648379
grad2 1.0310509284562253 1.0234023282960536
grad3 1.0256626081345614 1.0276568137913282
grad4 1.0256415419028637 1.02849114239668
tfp 0.872561963669148 0.9731787369952818
f =  14.539380082735484 , pars =  [-1.39073598  3.99219586  0.98948248  0.75727965]
- current state of moments (data, sim):
mshare 0.08828150000000001 0.09399942759527956
trans_fromgood 0.973459104002315 0.9815408641029738
trans_frombad 0.47682924574109553 0.5430531010430715
grad2 1.0310509284562253 1.0326802466270717
grad3 1.0256626081345614 1.0459818901905087
grad4 1.0256415419028637 1.049123732627519
tfp 0.872561963669148 0.8247547475984097
f =  12.31903320319078 , pars =  [-1.49073598  3.99219586  0.98948248  0.65727965]
- current state of moments (data, sim):
mshare 0.08828150000000001 0.084095885415365
trans_fromgood 0.973459104002315 0.9815408641029743
trans_frombad 0.47682924574109553 0.5584612173432141
grad2 1.0310509284562253 1.0322090501858698
grad3 1.0256626081345614 1.0446793361116113
grad4 1.0256415419028637 1.0474281490377413
tfp 0.872561963669148 0.83329296562389
f =  17.109271001913967 , pars =  [-1.39073598  3.89219586  0.98948248  0.65727965]
- current state of moments (data, sim):
mshare 0.08828150000000001 0.08736229045708178
trans_fromgood 0.973459104002315 0.9795994998338008
trans_frombad 0.47682924574109553 0.6369941124879149
grad2 1.0310509284562253 1.0330702111869572
grad3 1.0256626081345614 1.0391721721659108
grad4 1.0256415419028637 1.0403216340010084
tfp 0.872561963669148 0.8203114278985939
f =  96.72846342676661 , pars =  [-1.39073598  3.99219586  0.88948248  0.65727965]
- current state of moments (data, sim):
mshare 0.08828150000000001 0.09530765444677702
trans_fromgood 0.973459104002315 0.9815408641029741
trans_frombad 0.47682924574109553 0.5297421905589642
grad2 1.0310509284562253 1.031477664879001
grad3 1.0256626081345614 1.0468376136124882
grad4 1.0256415419028637 1.0503434566012533
tfp 0.872561963669148 0.7011639740527288
f =  26.14529510263172 , pars =  [-1.39073598  3.99219586  0.98948248  0.55727965]
- current state of moments (data, sim):
mshare 0.08828150000000001 0.06491558541106028
trans_fromgood 0.973459104002315 0.9815408641029741
trans_frombad 0.47682924574109553 0.7395211946607245
grad2 1.0310509284562253 1.0136594596343953
grad3 1.0256626081345614 1.0162736050799925
grad4 1.0256415419028637 1.017100286218488
tfp 0.872561963669148 0.837908458970417
f =  8.108919548474544 , pars =  [-1.58056101  4.00262865  1.00892797  0.69528614]
- current state of moments (data, sim):
mshare 0.08828150000000001 0.0873533048438109
trans_fromgood 0.973459104002315 0.9817324433767842
trans_frombad 0.47682924574109553 0.554504723732894
grad2 1.0310509284562253 1.032161000455925
grad3 1.0256626081345614 1.0448037600878428
grad4 1.0256415419028637 1.0476136922696861
tfp 0.872561963669148 0.8601103183037111
f =  8.661554658186068 , pars =  [-1.67912368  3.98979842  1.01076719  0.68445088]
- current state of moments (data, sim):
mshare 0.08828150000000001 0.09048927618340535
trans_fromgood 0.973459104002315 0.9814965562698179
trans_frombad 0.47682924574109553 0.5461507342665464
grad2 1.0310509284562253 1.0336473964743986
grad3 1.0256626081345614 1.0471781338489268
grad4 1.0256415419028637 1.0502203336126532
tfp 0.872561963669148 0.856124784342819
f =  9.49122473646184 , pars =  [-1.60970281  4.01962138  1.0225016   0.78844063]
- current state of moments (data, sim):
mshare 0.08828150000000001 0.09927373067426044
trans_fromgood 0.973459104002315 0.9820402363710581
trans_frombad 0.47682924574109553 0.4730207296573375
grad2 1.0310509284562253 1.0321696266535576
grad3 1.0256626081345614 1.0493925401094324
grad4 1.0256415419028637 1.0571517622678896
tfp 0.872561963669148 0.880309052201338
f =  8.639768124071136 , pars =  [-1.66552584  3.98801011  1.0099437   0.74594426]
- current state of moments (data, sim):
mshare 0.08828150000000001 0.10053711144792153
trans_fromgood 0.973459104002315 0.9814634367855576
trans_frombad 0.47682924574109553 0.4840168248054193
grad2 1.0310509284562253 1.0313328221988187
grad3 1.0256626081345614 1.047878721920385
grad4 1.0256415419028637 1.0556473371324735
tfp 0.872561963669148 0.8644391226818957
f =  10.94859566164018 , pars =  [-1.617026    4.08771306  1.046161    0.70196824]
- current state of moments (data, sim):
mshare 0.08828150000000001 0.08424895076006937
trans_fromgood 0.973459104002315 0.9832224409667464
trans_frombad 0.47682924574109553 0.5082596794068188
grad2 1.0310509284562253 1.035846960043618
grad3 1.0256626081345614 1.0515034998940869
grad4 1.0256415419028637 1.0546219267471966
tfp 0.872561963669148 0.8889131201309463
f =  8.862202863395758 , pars =  [-1.61808097  4.09128797  1.01379697  0.72189577]
- current state of moments (data, sim):
mshare 0.08828150000000001 0.08392670186361109
trans_fromgood 0.973459104002315 0.9832823121244517
trans_frombad 0.47682924574109553 0.5437967408537007
grad2 1.0310509284562253 1.0317184379302635
grad3 1.0256626081345614 1.0438139491530438
grad4 1.0256415419028637 1.046407495904839
tfp 0.872561963669148 0.8649371752332405
f =  42.03935566619875 , pars =  [-1.52325712  3.98169002  1.08639145  0.67863542]
- current state of moments (data, sim):
mshare 0.08828150000000001 0.07341248875927299
trans_fromgood 0.973459104002315 0.9813459131723945
trans_frombad 0.47682924574109553 0.6785935715473493
grad2 1.0310509284562253 1.024879986839808
grad3 1.0256626081345614 1.0291853143061305
grad4 1.0256415419028637 1.0299759631402459
tfp 0.872561963669148 0.9695599861789616
f =  8.319994397056776 , pars =  [-1.66987928  4.04188384  1.02414828  0.7110855 ]
- current state of moments (data, sim):
mshare 0.08828150000000001 0.08667607997253696
trans_fromgood 0.973459104002315 0.982435647217652
trans_frombad 0.47682924574109553 0.5458688745473852
grad2 1.0310509284562253 1.0322511034663764
grad3 1.0256626081345614 1.045252936168632
grad4 1.0256415419028637 1.0480255093173045
tfp 0.872561963669148 0.8799445726971664
f =  8.236925646863122 , pars =  [-1.56609264  4.04836119  1.017554    0.7064572 ]
- current state of moments (data, sim):
mshare 0.08828150000000001 0.08361382915360542
trans_fromgood 0.973459104002315 0.982549050043308
trans_frombad 0.47682924574109553 0.5441935108806921
grad2 1.0310509284562253 1.0322402088471083
grad3 1.0256626081345614 1.0448985986507486
grad4 1.0256415419028637 1.0477626911986866
tfp 0.872561963669148 0.8718246196391352
f =  7.79225353130549 , pars =  [-1.57849727  3.9993206   1.01813643  0.69533004]
- current state of moments (data, sim):
mshare 0.08828150000000001 0.08566457154915104
trans_fromgood 0.973459104002315 0.9816719133214741
trans_frombad 0.47682924574109553 0.5648141888948697
grad2 1.0310509284562253 1.0306338146650116
grad3 1.0256626081345614 1.0426811327823202
grad4 1.0256415419028637 1.0454092863491267
tfp 0.872561963669148 0.8827714712069847
f =  7.75965933343874 , pars =  [-1.5962107   3.98608     1.01685809  0.70691824]
- current state of moments (data, sim):
mshare 0.08828150000000001 0.09010247330089524
trans_fromgood 0.973459104002315 0.9814276246249245
trans_frombad 0.47682924574109553 0.5485916479984049
grad2 1.0310509284562253 1.033256893374904
grad3 1.0256626081345614 1.0465555497915648
grad4 1.0256415419028637 1.049578462489555
tfp 0.872561963669148 0.8671600178976967
f =  7.961551126170124 , pars =  [-1.6114842   4.00249855  1.01835849  0.69596835]
- current state of moments (data, sim):
mshare 0.08828150000000001 0.08783183910490702
trans_fromgood 0.973459104002315 0.9817300664947352
trans_frombad 0.47682924574109553 0.5497947626791166
grad2 1.0310509284562253 1.0330409330126908
grad3 1.0256626081345614 1.046095501629544
grad4 1.0256415419028637 1.0489669355888527
tfp 0.872561963669148 0.8657790789534834
f =  7.488615654257722 , pars =  [-1.59158416  3.97842477  1.01259976  0.70555468]
- current state of moments (data, sim):
mshare 0.08828150000000001 0.089687428019664
trans_fromgood 0.973459104002315 0.9812849033492554
trans_frombad 0.47682924574109553 0.5582180201360719
grad2 1.0310509284562253 1.0325280093215492
grad3 1.0256626081345614 1.045294439167658
grad4 1.0256415419028637 1.0480604947318588
tfp 0.872561963669148 0.8723327653201266
f =  7.725494467826002 , pars =  [-1.58938892  3.96978836  1.01329518  0.7010703 ]
- current state of moments (data, sim):
mshare 0.08828150000000001 0.09061896399615778
trans_fromgood 0.973459104002315 0.9811225720092254
trans_frombad 0.47682924574109553 0.5634023933995952
grad2 1.0310509284562253 1.0331236689464292
grad3 1.0256626081345614 1.045429106803281
grad4 1.0256415419028637 1.0480189717050852
tfp 0.872561963669148 0.8653831175126658
f =  7.540474929487816 , pars =  [-1.58704134  3.98081842  1.01171257  0.71408968]
- current state of moments (data, sim):
mshare 0.08828150000000001 0.09014618166797907
trans_fromgood 0.973459104002315 0.9813296471329263
trans_frombad 0.47682924574109553 0.556909007749977
grad2 1.0310509284562253 1.0325485953394433
grad3 1.0256626081345614 1.0454710025626983
grad4 1.0256415419028637 1.0482409282703207
tfp 0.872561963669148 0.8740231690425516
f =  11.100228370640751 , pars =  [-1.59854868  3.97390736  1.00770534  0.70822548]
- current state of moments (data, sim):
mshare 0.08828150000000001 0.09418292605578663
trans_fromgood 0.973459104002315 0.9812001683179669
trans_frombad 0.47682924574109553 0.5427038658273422
grad2 1.0310509284562253 1.0351965230573679
grad3 1.0256626081345614 1.0491941649764571
grad4 1.0256415419028637 1.0521324836586141
tfp 0.872561963669148 0.8417141706507411
f =  7.675946344906496 , pars =  [-1.58266835  3.97811795  1.01223878  0.70105093]
- current state of moments (data, sim):
mshare 0.08828150000000001 0.08965227912469254
trans_fromgood 0.973459104002315 0.9812791601604192
trans_frombad 0.47682924574109553 0.5543336551486175
grad2 1.0310509284562253 1.0328407884738966
grad3 1.0256626081345614 1.0458268149535563
grad4 1.0256415419028637 1.0487488389762543
tfp 0.872561963669148 0.8651445196283462
f =  7.701541835051169 , pars =  [-1.58772859  3.97437861  1.02068385  0.70740144]
- current state of moments (data, sim):
mshare 0.08828150000000001 0.08982373230048347
trans_fromgood 0.973459104002315 0.9812090255810324
trans_frombad 0.47682924574109553 0.5559432576700462
grad2 1.0310509284562253 1.0332457265627344
grad3 1.0256626081345614 1.0462978928702862
grad4 1.0256415419028637 1.0490562201526625
tfp 0.872561963669148 0.8780871640759155
f =  7.497515733691937 , pars =  [-1.5976045   3.98364787  1.01016309  0.70002861]
- current state of moments (data, sim):
mshare 0.08828150000000001 0.08921018096028288
trans_fromgood 0.973459104002315 0.9813823993552946
trans_frombad 0.47682924574109553 0.5499358343568309
grad2 1.0310509284562253 1.032538419303244
grad3 1.0256626081345614 1.0457126448583545
grad4 1.0256415419028637 1.0488822020041895
tfp 0.872561963669148 0.8687775203282506
f =  7.692146062685051 , pars =  [-1.59247352  3.98383946  1.01484171  0.69750087]
- current state of moments (data, sim):
mshare 0.08828150000000001 0.08892283204689772
trans_fromgood 0.973459104002315 0.9813859659040917
trans_frombad 0.47682924574109553 0.5529854898142144
grad2 1.0310509284562253 1.033041230368562
grad3 1.0256626081345614 1.0461204363487917
grad4 1.0256415419028637 1.048989709578833
tfp 0.872561963669148 0.867742493038894
f =  11.493747958885123 , pars =  [-1.58782107  3.98160106  1.01209188  0.70625638]
- current state of moments (data, sim):
mshare 0.08828150000000001 0.09328819674233275
trans_fromgood 0.973459104002315 0.9813442535044835
trans_frombad 0.47682924574109553 0.5367891608531608
grad2 1.0310509284562253 1.0353745234918263
grad3 1.0256626081345614 1.0494771599389903
grad4 1.0256415419028637 1.052681235291475
tfp 0.872561963669148 0.8399324248414023
f =  8.063536534211146 , pars =  [-1.5914801   3.97826965  1.01245808  0.70652681]
- current state of moments (data, sim):
mshare 0.08828150000000001 0.09139238582627318
trans_fromgood 0.973459104002315 0.9812820000258206
trans_frombad 0.47682924574109553 0.5511465308914069
grad2 1.0310509284562253 1.0330595561298193
grad3 1.0256626081345614 1.0463051476790892
grad4 1.0256415419028637 1.049303470975237
tfp 0.872561963669148 0.859958559936946
f =  7.640194660398737 , pars =  [-1.59309169  3.97794777  1.01420852  0.70447686]
- current state of moments (data, sim):
mshare 0.08828150000000001 0.09033403722958407
trans_fromgood 0.973459104002315 0.9812759740490001
trans_frombad 0.47682924574109553 0.5578322245722898
grad2 1.0310509284562253 1.0329714684355282
grad3 1.0256626081345614 1.0454869955991715
grad4 1.0256415419028637 1.0483198385296233
tfp 0.872561963669148 0.8668063510863229
f =  7.355115186180982 , pars =  [-1.59101658  3.97826634  1.013405    0.70562046]
- current state of moments (data, sim):
mshare 0.08828150000000001 0.08943765998831148
trans_fromgood 0.973459104002315 0.981281937953416
trans_frombad 0.47682924574109553 0.552586551564789
grad2 1.0310509284562253 1.0321367747636596
grad3 1.0256626081345614 1.0451757277488756
grad4 1.0256415419028637 1.048391195339617
tfp 0.872561963669148 0.8759430406682787
f =  7.763899508120769 , pars =  [-1.59064312  3.97806876  1.01372485  0.70477241]
- current state of moments (data, sim):
mshare 0.08828150000000001 0.09036070053565884
trans_fromgood 0.973459104002315 0.981278239415785
trans_frombad 0.47682924574109553 0.5511914600264324
grad2 1.0310509284562253 1.0333356570167616
grad3 1.0256626081345614 1.0466579521651682
grad4 1.0256415419028637 1.0496040238921642
tfp 0.872561963669148 0.8662720469510075
f =  7.317946862962703 , pars =  [-1.59038621  3.9777645   1.01368895  0.70614024]
- current state of moments (data, sim):
mshare 0.08828150000000001 0.08944279262855136
trans_fromgood 0.973459104002315 0.9812725421207737
trans_frombad 0.47682924574109553 0.5602285577604701
grad2 1.0310509284562253 1.0316074905754795
grad3 1.0256626081345614 1.0442006829514956
grad4 1.0256415419028637 1.047097645557922
tfp 0.872561963669148 0.8755018984497491
f =  7.458612221334988 , pars =  [-1.59067277  3.97751205  1.01454742  0.70648255]
- current state of moments (data, sim):
mshare 0.08828150000000001 0.08936633063381687
trans_fromgood 0.973459104002315 0.981267813759562
trans_frombad 0.47682924574109553 0.5561884059315756
grad2 1.0310509284562253 1.032339388157489
grad3 1.0256626081345614 1.045238374030011
grad4 1.0256415419028637 1.0481825838246002
tfp 0.872561963669148 0.8766468055710752
f =  7.580643182580273 , pars =  [-1.59054539  3.97689125  1.01357528  0.70569395]
- current state of moments (data, sim):
mshare 0.08828150000000001 0.09067336018175143
trans_fromgood 0.973459104002315 0.9812561812275026
trans_frombad 0.47682924574109553 0.5548787816282792
grad2 1.0310509284562253 1.0325325639236682
grad3 1.0256626081345614 1.0455277270452716
grad4 1.0256415419028637 1.0484612854984936
tfp 0.872561963669148 0.8659479630957586
f =  7.300996952528518 , pars =  [-1.58977133  3.97807404  1.0141707   0.70668248]
- current state of moments (data, sim):
mshare 0.08828150000000001 0.08945072888025221
trans_fromgood 0.973459104002315 0.9812783381640207
trans_frombad 0.47682924574109553 0.5604399415870319
grad2 1.0310509284562253 1.0314627782865813
grad3 1.0256626081345614 1.043993743162033
grad4 1.0256415419028637 1.0469178194546778
tfp 0.872561963669148 0.8762965740473185
f =  7.760213275264515 , pars =  [-1.58937511  3.97884333  1.01368564  0.70655632]
- current state of moments (data, sim):
mshare 0.08828150000000001 0.09045094855904504
trans_fromgood 0.973459104002315 0.981292735082702
trans_frombad 0.47682924574109553 0.5507498615932941
grad2 1.0310509284562253 1.0333499512510087
grad3 1.0256626081345614 1.0466402682253548
grad4 1.0256415419028637 1.049601127606558
tfp 0.872561963669148 0.866314865308184
f =  7.31141139443817 , pars =  [-1.58908788  3.97744053  1.01416951  0.70704518]
- current state of moments (data, sim):
mshare 0.08828150000000001 0.0893681093204907
trans_fromgood 0.973459104002315 0.9812664740159353
trans_frombad 0.47682924574109553 0.5694877890438039
grad2 1.0310509284562253 1.0306795770250514
grad3 1.0256626081345614 1.0427962264177941
grad4 1.0256415419028637 1.0454188390106467
tfp 0.872561963669148 0.8756578132323731
f =  7.440162477282824 , pars =  [-1.59009372  3.97812143  1.01373271  0.70752033]
- current state of moments (data, sim):
mshare 0.08828150000000001 0.08946839280074446
trans_fromgood 0.973459104002315 0.981279225309196
trans_frombad 0.47682924574109553 0.5644742214101282
grad2 1.0310509284562253 1.031959858056178
grad3 1.0256626081345614 1.0441108873594542
grad4 1.0256415419028637 1.0468341040755005
tfp 0.872561963669148 0.8755829477218848
f =  7.73935283716404 , pars =  [-1.58935942  3.97787432  1.01446542  0.70752127]
- current state of moments (data, sim):
mshare 0.08828150000000001 0.09061152592477414
trans_fromgood 0.973459104002315 0.9812745987725122
trans_frombad 0.47682924574109553 0.5489884242173925
grad2 1.0310509284562253 1.0334889034716936
grad3 1.0256626081345614 1.0468319982261092
grad4 1.0256415419028637 1.049873637001371
tfp 0.872561963669148 0.8668119001505294
f =  7.817734590997188 , pars =  [-1.58980632  3.97818291  1.01448915  0.70574146]
- current state of moments (data, sim):
mshare 0.08828150000000001 0.09035750261609764
trans_fromgood 0.973459104002315 0.9812803762930835
trans_frombad 0.47682924574109553 0.5513270480348019
grad2 1.0310509284562253 1.0337587027306863
grad3 1.0256626081345614 1.0469698352824395
grad4 1.0256415419028637 1.0498118236678573
tfp 0.872561963669148 0.8670313508910934
f =  7.740070051895346 , pars =  [-1.58946951  3.97728575  1.01364313  0.70658667]
- current state of moments (data, sim):
mshare 0.08828150000000001 0.0906092484995699
trans_fromgood 0.973459104002315 0.9812635742187616
trans_frombad 0.47682924574109553 0.549609737332418
grad2 1.0310509284562253 1.0333914956592727
grad3 1.0256626081345614 1.0467101488454633
grad4 1.0256415419028637 1.0497449109324546
tfp 0.872561963669148 0.8661081583785226
f =  7.449917123028537 , pars =  [-1.59020916  3.97826652  1.01402596  0.70666482]
- current state of moments (data, sim):
mshare 0.08828150000000001 0.08939476177409615
trans_fromgood 0.973459104002315 0.9812819413529438
trans_frombad 0.47682924574109553 0.556034466359413
grad2 1.0310509284562253 1.0323416254322995
grad3 1.0256626081345614 1.0452491584991586
grad4 1.0256415419028637 1.0481894135810972
tfp 0.872561963669148 0.875831513312992
f =  7.714644915306209 , pars =  [-1.5898324   3.97800814  1.01424034  0.70669591]
- current state of moments (data, sim):
mshare 0.08828150000000001 0.09053791363621848
trans_fromgood 0.973459104002315 0.98127710433752
trans_frombad 0.47682924574109553 0.549799253015238
grad2 1.0310509284562253 1.033350475555886
grad3 1.0256626081345614 1.0466503853265106
grad4 1.0256415419028637 1.0496801800340971
tfp 0.872561963669148 0.866762254877559
f =  7.513500205111615 , pars =  [-1.58961755  3.97812261  1.01398113  0.70665889]
- current state of moments (data, sim):
mshare 0.08828150000000001 0.08932105321710657
trans_fromgood 0.973459104002315 0.9812792474407617
trans_frombad 0.47682924574109553 0.5673129560871887
grad2 1.0310509284562253 1.0320858537658242
grad3 1.0256626081345614 1.044040973081057
grad4 1.0256415419028637 1.0465858404475337
tfp 0.872561963669148 0.8757987190817744
f =  7.499343412562481 , pars =  [-1.58975717  3.97809153  1.01421237  0.7065944 ]
- current state of moments (data, sim):
mshare 0.08828150000000001 0.08999024563113397
trans_fromgood 0.973459104002315 0.981278665572559
trans_frombad 0.47682924574109553 0.5535216810553651
grad2 1.0310509284562253 1.0327426533629755
grad3 1.0256626081345614 1.0457990782782645
grad4 1.0256415419028637 1.0487757697434736
tfp 0.872561963669148 0.870467383860964
f =  7.461400920354287 , pars =  [-1.58975944  3.97815015  1.01416671  0.70674611]
- current state of moments (data, sim):
mshare 0.08828150000000001 0.08919840168338568
trans_fromgood 0.973459104002315 0.9812797631121597
trans_frombad 0.47682924574109553 0.5627741026031006
grad2 1.0310509284562253 1.032260405749905
grad3 1.0256626081345614 1.0444278864629397
grad4 1.0256415419028637 1.0471943561036658
tfp 0.872561963669148 0.8758174244053432
f =  7.445294580106789 , pars =  [-1.58972497  3.97799017  1.0141422   0.70668017]
- current state of moments (data, sim):
mshare 0.08828150000000001 0.08940972203731856
trans_fromgood 0.973459104002315 0.9812767679917754
trans_frombad 0.47682924574109553 0.5559802201289862
grad2 1.0310509284562253 1.0323513926694916
grad3 1.0256626081345614 1.0452553210226638
grad4 1.0256415419028637 1.0481999698902367
tfp 0.872561963669148 0.8757990116914137
f =  7.789662192376289 , pars =  [-1.58982141  3.97806643  1.01408939  0.70665378]
- current state of moments (data, sim):
mshare 0.08828150000000001 0.09037624486735045
trans_fromgood 0.973459104002315 0.9812781956561155
trans_frombad 0.47682924574109553 0.5482674256263923
grad2 1.0310509284562253 1.033690921802744
grad3 1.0256626081345614 1.047070371645418
grad4 1.0256415419028637 1.050114582348304
tfp 0.872561963669148 0.8666296414274568
f =  9.7501203655939 , pars =  [-1.58972723  3.9780528   1.0141999   0.70676464]
- current state of moments (data, sim):
mshare 0.08828150000000001 0.09273230714680078
trans_fromgood 0.973459104002315 0.9812779405387031
trans_frombad 0.47682924574109553 0.5501517076504748
grad2 1.0310509284562253 1.0342366234803637
grad3 1.0256626081345614 1.0471377793790981
grad4 1.0256415419028637 1.0500793323247157
tfp 0.872561963669148 0.84738680150646
f =  10.741795524200704 , pars =  [-1.58982157  3.97815953  1.01418362  0.70668263]
- current state of moments (data, sim):
mshare 0.08828150000000001 0.09338332554671741
trans_fromgood 0.973459104002315 0.9812799386499098
trans_frombad 0.47682924574109553 0.5446288607973051
grad2 1.0310509284562253 1.0351158102897977
grad3 1.0256626081345614 1.0484533217563006
grad4 1.0256415419028637 1.0514707076261591
tfp 0.872561963669148 0.8429964960208891
f =  7.22903666186852 , pars =  [-1.58970407  3.97810583  1.01410493  0.70667067]
- current state of moments (data, sim):
mshare 0.08828150000000001 0.0934024028174461
trans_fromgood 0.973459104002315 0.9812789332947158
trans_frombad 0.47682924574109553 0.4988497047931179
grad2 1.0310509284562253 1.0302251200844366
grad3 1.0256626081345614 1.0462452545665724
grad4 1.0256415419028637 1.0534346175357592
tfp 0.872561963669148 0.875937010494072
f =  7.588698745496924 , pars =  [-1.58968405  3.9781774   1.0140931   0.70673653]
- current state of moments (data, sim):
mshare 0.08828150000000001 0.08926231293246467
trans_fromgood 0.973459104002315 0.9812802731004081
trans_frombad 0.47682924574109553 0.5586732649441083
grad2 1.0310509284562253 1.0327070983099103
grad3 1.0256626081345614 1.0455281230167506
grad4 1.0256415419028637 1.0482306978497722
tfp 0.872561963669148 0.8762575842719442
