current parameter status : 
sigma 1.2725 False
beta 0.95 False
phi 0.4238 False
psi 0.2132 False
delta_h1 -1.6021 True
delta_h2 4.2731 True
eta 0.0 False
tfp 1.2606 True
price 0.8884 True
risk 0.0 False
-- 
number of parameters:  10
number of free parameters:  4
current parameter status : 
sigma 1.2725 False
beta 0.95 False
phi 0.4238 False
psi 0.2132 False
delta_h1 -1.6021 True
delta_h2 4.2731 True
eta 0.0 False
tfp 1.2606 True
price 0.8884 True
risk 0.0 False
- using these moments:
mshare 0.09062949999999999 0.00991304216676193
trans_fromgood 0.9799447554291812 0.0035707098756728745
trans_frombad 0.34928934440687 0.04860100641597522
grad2 1.0829231885171557 0.029608113540979482
grad3 1.0836227118357973 0.028468389354742295
grad4 1.1028429892413392 0.02813468823903851
tfp 0.8982050373873612 0.027094930050394702
f =  31.44581615501048 , pars =  [-1.60208775  4.27307979  1.26059212  0.8884092 ]
- current state of moments (data, sim):
mshare 0.09062949999999999 0.07607340372591016
trans_fromgood 0.9799447554291812 0.9860612115483925
trans_frombad 0.34928934440687 0.5052217556875737
grad2 1.0829231885171557 1.0187403620778777
grad3 1.0836227118357973 1.0287543524768339
grad4 1.1028429892413392 1.0331810324844575
tfp 0.8982050373873612 0.9315779543925626
f =  36.17556921213039 , pars =  [-1.50208775  4.27307979  1.26059212  0.8884092 ]
- current state of moments (data, sim):
mshare 0.09062949999999999 0.0731902913914152
trans_fromgood 0.9799447554291812 0.9860612115483924
trans_frombad 0.34928934440687 0.5260368007886838
grad2 1.0829231885171557 1.017837214591534
grad3 1.0836227118357973 1.0271155414869406
grad4 1.1028429892413392 1.0309636153763093
tfp 0.8982050373873612 0.932708060637801
f =  36.57568193684971 , pars =  [-1.60208775  4.37307979  1.26059212  0.8884092 ]
- current state of moments (data, sim):
mshare 0.09062949999999999 0.06955282856844026
trans_fromgood 0.9799447554291812 0.9873876626468983
trans_frombad 0.34928934440687 0.5079506289165221
grad2 1.0829231885171557 1.0166609830657516
grad3 1.0836227118357973 1.025613943013667
grad4 1.1028429892413392 1.0295510911190622
tfp 0.8982050373873612 0.9267010044046574
f =  96.21777812162713 , pars =  [-1.60208775  4.27307979  1.36059212  0.8884092 ]
- current state of moments (data, sim):
mshare 0.09062949999999999 0.0648783263602417
trans_fromgood 0.9799447554291812 0.9860612115483937
trans_frombad 0.34928934440687 0.5938701621797234
grad2 1.0829231885171557 1.0122499745489826
grad3 1.0836227118357973 1.0183534399719874
grad4 1.1028429892413392 1.0212456923248108
tfp 0.8982050373873612 1.07347560444537
f =  17.474807026919404 , pars =  [-1.60208775  4.27307979  1.26059212  0.9884092 ]
- current state of moments (data, sim):
mshare 0.09062949999999999 0.09325645135067909
trans_fromgood 0.9799447554291812 0.9860612115483928
trans_frombad 0.34928934440687 0.383423253694206
grad2 1.0829231885171557 1.018148152180921
grad3 1.0836227118357973 1.0308393578283408
grad4 1.1028429892413392 1.0424710917520756
tfp 0.8982050373873612 0.9272439739217841
f =  16.746592159324983 , pars =  [-1.70208775  4.27307979  1.26059212  0.8884092 ]
- current state of moments (data, sim):
mshare 0.09062949999999999 0.08593321182139602
trans_fromgood 0.9799447554291812 0.9860612115483925
trans_frombad 0.34928934440687 0.39198292728615064
grad2 1.0829231885171557 1.0196067717126829
grad3 1.0836227118357973 1.0352147560079226
grad4 1.1028429892413392 1.0463558842897198
tfp 0.8982050373873612 0.9293436575286557
f =  20.190909864697858 , pars =  [-1.60208775  4.17307979  1.26059212  0.8884092 ]
- current state of moments (data, sim):
mshare 0.09062949999999999 0.08877103196462671
trans_fromgood 0.9799447554291812 0.984595256370073
trans_frombad 0.34928934440687 0.45091605650960254
grad2 1.0829231885171557 1.0178537272882557
grad3 1.0836227118357973 1.0310937392881676
grad4 1.1028429892413392 1.0400917207329081
tfp 0.8982050373873612 0.9235925335320282
f =  33.20758529865559 , pars =  [-1.60208775  4.27307979  1.16059212  0.8884092 ]
- current state of moments (data, sim):
mshare 0.09062949999999999 0.08922097112833793
trans_fromgood 0.9799447554291812 0.9860612115483924
trans_frombad 0.34928934440687 0.44995230722549195
grad2 1.0829231885171557 1.0158837279233948
grad3 1.0836227118357973 1.0270327211346864
grad4 1.1028429892413392 1.0348243745134158
tfp 0.8982050373873612 0.8081768222147514
f =  55.652881617967125 , pars =  [-1.60208775  4.27307979  1.26059212  0.7884092 ]
- current state of moments (data, sim):
mshare 0.09062949999999999 0.06551624329731834
trans_fromgood 0.9799447554291812 0.9860612115483925
trans_frombad 0.34928934440687 0.5944392978507153
grad2 1.0829231885171557 1.0142041069562697
grad3 1.0836227118357973 1.01913060909067
grad4 1.1028429892413392 1.0218821580756863
tfp 0.8982050373873612 0.937074653911775
f =  15.203878624738419 , pars =  [-1.78117543  4.24339358  1.22827302  0.93106295]
- current state of moments (data, sim):
mshare 0.09062949999999999 0.10017707079107432
trans_fromgood 0.9799447554291812 0.9856412185602564
trans_frombad 0.34928934440687 0.3478091083579223
grad2 1.0829231885171557 1.018355923932524
grad3 1.0836227118357973 1.0329629378949337
grad4 1.1028429892413392 1.0480105613351622
tfp 0.8982050373873612 0.9008738136192422
f =  17.40365616773188 , pars =  [-1.86977889  4.26593979  1.25279943  0.89882087]
- current state of moments (data, sim):
mshare 0.09062949999999999 0.09393117466218522
trans_fromgood 0.9799447554291812 0.98596133244475
trans_frombad 0.34928934440687 0.38309334947613904
grad2 1.0829231885171557 1.0177903994772957
grad3 1.0836227118357973 1.0306902574635997
grad4 1.1028429892413392 1.0428691207420864
tfp 0.8982050373873612 0.9269993432144225
f =  17.964073754610702 , pars =  [-1.79973594  4.33653761  1.23552967  0.90061567]
- current state of moments (data, sim):
mshare 0.09062949999999999 0.08847392569165692
trans_fromgood 0.9799447554291812 0.9869182560674484
trans_frombad 0.34928934440687 0.3603104633727296
grad2 1.0829231885171557 1.0162103909111082
grad3 1.0836227118357973 1.029187609189088
grad4 1.1028429892413392 1.0420717019780597
tfp 0.8982050373873612 0.9200917694371836
f =  32.815027837623134 , pars =  [-1.82143664  4.26296453  1.14872678  0.97190912]
- current state of moments (data, sim):
mshare 0.09062949999999999 0.11453094199160423
trans_fromgood 0.9799447554291812 0.9859195015205858
trans_frombad 0.34928934440687 0.3405674757975954
grad2 1.0829231885171557 1.0141361531873836
grad3 1.0836227118357973 1.0252519507143878
grad4 1.1028429892413392 1.0377449255109374
tfp 0.8982050373873612 0.8159579050840621
f =  19.043809084796514 , pars =  [-1.82964106  4.24426503  1.21796398  0.84420647]
- current state of moments (data, sim):
mshare 0.09062949999999999 0.08834811304678422
trans_fromgood 0.9799447554291812 0.9856537261504704
trans_frombad 0.34928934440687 0.4275948426943477
grad2 1.0829231885171557 1.0172375793631283
grad3 1.0836227118357973 1.0301989675155123
grad4 1.1028429892413392 1.039618866439997
tfp 0.8982050373873612 0.8822813933958475
f =  17.879306063703687 , pars =  [-1.73769909  4.26709783  1.22581161  0.92459324]
- current state of moments (data, sim):
mshare 0.09062949999999999 0.09112111476955838
trans_fromgood 0.9799447554291812 0.9859775804122448
trans_frombad 0.34928934440687 0.3922128204861252
grad2 1.0829231885171557 1.0163522606337168
grad3 1.0836227118357973 1.0281055547004931
grad4 1.1028429892413392 1.0394482174001287
tfp 0.8982050373873612 0.9132130916613486
f =  15.151944768457817 , pars =  [-1.77523163  4.23446173  1.22335836  0.92694113]
- current state of moments (data, sim):
mshare 0.09062949999999999 0.10211729884135314
trans_fromgood 0.9799447554291812 0.9855123936510726
trans_frombad 0.34928934440687 0.3395402833455655
grad2 1.0829231885171557 1.018985150992625
grad3 1.0836227118357973 1.0341397982993816
grad4 1.1028429892413392 1.0498040835570506
tfp 0.8982050373873612 0.8896791982879304
f =  15.158806356736834 , pars =  [-1.77107592  4.21200841  1.23349636  0.92783539]
- current state of moments (data, sim):
mshare 0.09062949999999999 0.09824532391588096
trans_fromgood 0.9799447554291812 0.9851834193911577
trans_frombad 0.34928934440687 0.38520130457628693
grad2 1.0829231885171557 1.0197779165793313
grad3 1.0836227118357973 1.0334720884653534
grad4 1.1028429892413392 1.0452401484258622
tfp 0.8982050373873612 0.9026217778959323
f =  14.720771167188742 , pars =  [-1.77335426  4.23329464  1.2265763   0.93614755]
- current state of moments (data, sim):
mshare 0.09062949999999999 0.10205631808571346
trans_fromgood 0.9799447554291812 0.9854954754785036
trans_frombad 0.34928934440687 0.3480835911661506
grad2 1.0829231885171557 1.0200501606945318
grad3 1.0836227118357973 1.0355648206191466
grad4 1.1028429892413392 1.05020386461981
tfp 0.8982050373873612 0.8890016878028149
f =  15.276776789082895 , pars =  [-1.77350838  4.22652986  1.22571183  0.94345965]
- current state of moments (data, sim):
mshare 0.09062949999999999 0.10074428373867132
trans_fromgood 0.9799447554291812 0.9853970229320861
trans_frombad 0.34928934440687 0.3733340121152874
grad2 1.0829231885171557 1.019698061413526
grad3 1.0836227118357973 1.0339925936658911
grad4 1.1028429892413392 1.046694419221603
tfp 0.8982050373873612 0.890670168650719
f =  15.306238947702543 , pars =  [-1.76636567  4.23387354  1.23128245  0.94150261]
- current state of moments (data, sim):
mshare 0.09062949999999999 0.09969837210266563
trans_fromgood 0.9799447554291812 0.9855038696762567
trans_frombad 0.34928934440687 0.3697900826149747
grad2 1.0829231885171557 1.0189904021275158
grad3 1.0836227118357973 1.033101802542663
grad4 1.1028429892413392 1.0461986046114644
tfp 0.8982050373873612 0.8994632869723344
f =  15.23170305394606 , pars =  [-1.78169626  4.22933526  1.22991193  0.93424813]
- current state of moments (data, sim):
mshare 0.09062949999999999 0.10095108285580004
trans_fromgood 0.9799447554291812 0.9854379326095306
trans_frombad 0.34928934440687 0.3677604365545623
grad2 1.0829231885171557 1.0194203930756705
grad3 1.0836227118357973 1.0338591573043852
grad4 1.1028429892413392 1.0472953908598097
tfp 0.8982050373873612 0.8904106591044204
f =  15.338793679921555 , pars =  [-1.7780546   4.23618147  1.21898741  0.93960904]
- current state of moments (data, sim):
mshare 0.09062949999999999 0.10169813285236459
trans_fromgood 0.9799447554291812 0.9855372871616831
trans_frombad 0.34928934440687 0.35850012013808946
grad2 1.0829231885171557 1.0192835571227996
grad3 1.0836227118357973 1.034006927646924
grad4 1.1028429892413392 1.0478536302910588
tfp 0.8982050373873612 0.8886025147750751
f =  16.533909209043525 , pars =  [-1.76573742  4.23170596  1.22795382  0.93001875]
- current state of moments (data, sim):
mshare 0.09062949999999999 0.09695870527255594
trans_fromgood 0.9799447554291812 0.9854724140263008
trans_frombad 0.34928934440687 0.38886381369647854
grad2 1.0829231885171557 1.0178666460769645
grad3 1.0836227118357973 1.0300056946960505
grad4 1.1028429892413392 1.041921085646808
tfp 0.8982050373873612 0.8996540053963045
f =  15.49194817265355 , pars =  [-1.77226856  4.22441663  1.2293533   0.93264178]
- current state of moments (data, sim):
mshare 0.09062949999999999 0.09988570662428976
trans_fromgood 0.9799447554291812 0.9853661308592996
trans_frombad 0.34928934440687 0.37604175462191697
grad2 1.0829231885171557 1.019530898061153
grad3 1.0836227118357973 1.033329560829706
grad4 1.1028429892413392 1.0454052699760459
tfp 0.8982050373873612 0.8881038252022659
f =  15.621129711566693 , pars =  [-1.7728065   4.24161044  1.22803423  0.94147877]
- current state of moments (data, sim):
mshare 0.09062949999999999 0.09958412498506651
trans_fromgood 0.9799447554291812 0.9856155921028281
trans_frombad 0.34928934440687 0.35959770939800406
grad2 1.0829231885171557 1.0182126247872783
grad3 1.0836227118357973 1.0317003945917869
grad4 1.1028429892413392 1.0456721254573544
tfp 0.8982050373873612 0.9002258777988154
f =  15.45124315607246 , pars =  [-1.77563832  4.23116107  1.22302905  0.93452029]
- current state of moments (data, sim):
mshare 0.09062949999999999 0.10095213702602306
trans_fromgood 0.9799447554291812 0.9854644960508729
trans_frombad 0.34928934440687 0.3641435967945923
grad2 1.0829231885171557 1.0191054338014587
grad3 1.0836227118357973 1.0331926357611896
grad4 1.1028429892413392 1.0467131250057575
tfp 0.8982050373873612 0.888824424646774
f =  15.35901742551653 , pars =  [-1.7741409   4.23327168  1.22719327  0.93614325]
- current state of moments (data, sim):
mshare 0.09062949999999999 0.10238710956562733
trans_fromgood 0.9799447554291812 0.9854951424694305
trans_frombad 0.34928934440687 0.3498127286343236
grad2 1.0829231885171557 1.019394002273471
grad3 1.0836227118357973 1.0339641338902048
grad4 1.1028429892413392 1.048283883610719
tfp 0.8982050373873612 0.8884830882053679
f =  15.292908048900104 , pars =  [-1.77153503  4.23355938  1.22489957  0.93639026]
- current state of moments (data, sim):
mshare 0.09062949999999999 0.10036941111575108
trans_fromgood 0.9799447554291812 0.9854993148118177
trans_frombad 0.34928934440687 0.3682528467530793
grad2 1.0829231885171557 1.0194180976935359
grad3 1.0836227118357973 1.033730803937304
grad4 1.1028429892413392 1.046858733206561
tfp 0.8982050373873612 0.8886610438177639
f =  15.470572415253887 , pars =  [-1.77354172  4.23283462  1.22634713  0.93698465]
- current state of moments (data, sim):
mshare 0.09062949999999999 0.09988589296222652
trans_fromgood 0.9799447554291812 0.9854888015891741
trans_frombad 0.34928934440687 0.3670906131296723
grad2 1.0829231885171557 1.0187190237972228
grad3 1.0836227118357973 1.032510956469387
grad4 1.1028429892413392 1.045722912062569
tfp 0.8982050373873612 0.8960565045038613
f =  15.160774262746239 , pars =  [-1.77271499  4.23351308  1.2268538   0.93546446]
- current state of moments (data, sim):
mshare 0.09062949999999999 0.1017282701048019
trans_fromgood 0.9799447554291812 0.9854986435008025
trans_frombad 0.34928934440687 0.3497006680524781
grad2 1.0829231885171557 1.019495751910557
grad3 1.0836227118357973 1.0339589521491677
grad4 1.1028429892413392 1.0481535040008927
tfp 0.8982050373873612 0.8906941470189639
f =  16.350344563674952 , pars =  [-1.77339163  4.23419702  1.22661164  0.93657542]
- current state of moments (data, sim):
mshare 0.09062949999999999 0.09990580925947008
trans_fromgood 0.9799447554291812 0.9855085581078713
trans_frombad 0.34928934440687 0.38027856877549443
grad2 1.0829231885171557 1.0191749245939474
grad3 1.0836227118357973 1.031944391683175
grad4 1.1028429892413392 1.0440000299129852
tfp 0.8982050373873612 0.8825235106197711
f =  15.824000270378876 , pars =  [-1.77349449  4.23261972  1.22627429  0.93548907]
- current state of moments (data, sim):
mshare 0.09062949999999999 0.0998025665242815
trans_fromgood 0.9799447554291812 0.9854856827350665
trans_frombad 0.34928934440687 0.37486387646370795
grad2 1.0829231885171557 1.0185194865515954
grad3 1.0836227118357973 1.0322768543194651
grad4 1.1028429892413392 1.0450506053772157
tfp 0.8982050373873612 0.8905971463985429
f =  15.106518610931843 , pars =  [-1.77292212  4.2326856   1.22723215  0.93625793]
- current state of moments (data, sim):
mshare 0.09062949999999999 0.10186275312959758
trans_fromgood 0.9799447554291812 0.9854866389421552
trans_frombad 0.34928934440687 0.3524691214839127
grad2 1.0829231885171557 1.0195151600090728
grad3 1.0836227118357973 1.0341623754446043
grad4 1.1028429892413392 1.048527367357986
tfp 0.8982050373873612 0.8906652167087178
f =  15.07411836226748 , pars =  [-1.77384785  4.23346262  1.22574377  0.93596031]
- current state of moments (data, sim):
mshare 0.09062949999999999 0.10165083091526704
trans_fromgood 0.9799447554291812 0.985497911696909
trans_frombad 0.34928934440687 0.3531621330574199
grad2 1.0829231885171557 1.0196025612070387
grad3 1.0836227118357973 1.0342571934948575
grad4 1.1028429892413392 1.0485067344254917
tfp 0.8982050373873612 0.8895297576288016
f =  15.391435877988094 , pars =  [-1.77260267  4.23332826  1.22593404  0.93629415]
- current state of moments (data, sim):
mshare 0.09062949999999999 0.1042333342194243
trans_fromgood 0.9799447554291812 0.9854959630789994
trans_frombad 0.34928934440687 0.33227862076964143
grad2 1.0829231885171557 1.0194748263204292
grad3 1.0836227118357973 1.0352324337971153
grad4 1.1028429892413392 1.0515781459693792
tfp 0.8982050373873612 0.887127964421147
f =  15.16305586975044 , pars =  [-1.77262392  4.2333662   1.22725304  0.93620672]
- current state of moments (data, sim):
mshare 0.09062949999999999 0.10211541094074307
trans_fromgood 0.9799447554291812 0.9854965133947853
trans_frombad 0.34928934440687 0.3514162436107317
grad2 1.0829231885171557 1.0196210971090442
grad3 1.0836227118357973 1.0343338315109631
grad4 1.1028429892413392 1.048761867566458
tfp 0.8982050373873612 0.8881524824539818
f =  14.862521886212745 , pars =  [-1.77300619  4.23331232  1.22693403  0.93612392]
- current state of moments (data, sim):
mshare 0.09062949999999999 0.10215949775494053
trans_fromgood 0.9799447554291812 0.9854957319446696
trans_frombad 0.34928934440687 0.3473685502139107
grad2 1.0829231885171557 1.0203090108561044
grad3 1.0836227118357973 1.0352656826301116
grad4 1.1028429892413392 1.0496123117720153
tfp 0.8982050373873612 0.887565312786827
f =  15.563731002933103 , pars =  [-1.77343085  4.23329555  1.22663955  0.93613609]
- current state of moments (data, sim):
mshare 0.09062949999999999 0.10497512878431563
trans_fromgood 0.9799447554291812 0.9854954886244486
trans_frombad 0.34928934440687 0.3281855471892577
grad2 1.0829231885171557 1.019800566319335
grad3 1.0836227118357973 1.0358006914686624
grad4 1.1028429892413392 1.0524313273135573
tfp 0.8982050373873612 0.883692125530931
f =  15.172287390942936 , pars =  [-1.7731662   4.23328677  1.2264143   0.93617633]
- current state of moments (data, sim):
mshare 0.09062949999999999 0.10277541260652431
trans_fromgood 0.9799447554291812 0.9854953612760292
trans_frombad 0.34928934440687 0.34696648988296636
grad2 1.0829231885171557 1.019275059670208
grad3 1.0836227118357973 1.0346493005809374
grad4 1.1028429892413392 1.0498311780446423
tfp 0.8982050373873612 0.8887565091753811
f =  15.24319232982107 , pars =  [-1.77336975  4.23324104  1.2265711   0.93623038]
- current state of moments (data, sim):
mshare 0.09062949999999999 0.1034531229132773
trans_fromgood 0.9799447554291812 0.9854946980087957
trans_frombad 0.34928934440687 0.33581522132393904
grad2 1.0829231885171557 1.0191280514692507
grad3 1.0836227118357973 1.0346751715542475
grad4 1.1028429892413392 1.0508648851545803
tfp 0.8982050373873612 0.8912881959260375
f =  15.869042119293503 , pars =  [-1.77330838  4.23334424  1.22654178  0.93608241]
- current state of moments (data, sim):
mshare 0.09062949999999999 0.10453470831536654
trans_fromgood 0.9799447554291812 0.9854961948848548
trans_frombad 0.34928934440687 0.33368239252718823
grad2 1.0829231885171557 1.0189622659979878
grad3 1.0836227118357973 1.0344722500728878
grad4 1.1028429892413392 1.0508000322884314
tfp 0.8982050373873612 0.8830700963830685
f =  14.728550292900621 , pars =  [-1.77335765  4.23337747  1.22658029  0.93620334]
- current state of moments (data, sim):
mshare 0.09062949999999999 0.10206246487207249
trans_fromgood 0.9799447554291812 0.9854966768414073
trans_frombad 0.34928934440687 0.3489026554594387
grad2 1.0829231885171557 1.0204157567261314
grad3 1.0836227118357973 1.03552271159742
grad4 1.1028429892413392 1.0500264989434451
tfp 0.8982050373873612 0.8878913450002474
f =  15.694941286723402 , pars =  [-1.77327133  4.23324674  1.22656913  0.93617543]
- current state of moments (data, sim):
mshare 0.09062949999999999 0.10517321766879831
trans_fromgood 0.9799447554291812 0.9854947806769802
trans_frombad 0.34928934440687 0.32799663423788655
grad2 1.0829231885171557 1.0195960195663027
grad3 1.0836227118357973 1.0355308667962382
grad4 1.1028429892413392 1.052325678513296
tfp 0.8982050373873612 0.8838116794394109
f =  15.222796681368578 , pars =  [-1.7733735   4.23322679  1.22654162  0.93608572]
- current state of moments (data, sim):
mshare 0.09062949999999999 0.10225516262729761
trans_fromgood 0.9799447554291812 0.9854944912698707
trans_frombad 0.34928934440687 0.3504342611056572
grad2 1.0829231885171557 1.0195912057426066
grad3 1.0836227118357973 1.0342940249431547
grad4 1.1028429892413392 1.04869600425491
tfp 0.8982050373873612 0.8877295291577602
f =  16.49174019761806 , pars =  [-1.77339606  4.23330863  1.22648863  0.93616683]
- current state of moments (data, sim):
mshare 0.09062949999999999 0.09853891409786585
trans_fromgood 0.9799447554291812 0.9854956783269536
trans_frombad 0.34928934440687 0.3838930719746578
grad2 1.0829231885171557 1.0179663542349306
grad3 1.0836227118357973 1.0303822042690909
grad4 1.1028429892413392 1.042518633480475
tfp 0.8982050373873612 0.8940451138456543
f =  16.072278730461456 , pars =  [-1.77329502  4.2332887   1.22650052  0.93617426]
- current state of moments (data, sim):
mshare 0.09062949999999999 0.10005932518918394
trans_fromgood 0.9799447554291812 0.9854953892809518
trans_frombad 0.34928934440687 0.37219326033245514
grad2 1.0829231885171557 1.0185819140185635
grad3 1.0836227118357973 1.0315556247438935
grad4 1.1028429892413392 1.044415705415222
tfp 0.8982050373873612 0.8877532048449988
f =  15.985604812116 , pars =  [-1.77331981  4.23333411  1.22665136  0.93618782]
- current state of moments (data, sim):
mshare 0.09062949999999999 0.10096737879066943
trans_fromgood 0.9799447554291812 0.9854960478650335
trans_frombad 0.34928934440687 0.3619542074018596
grad2 1.0829231885171557 1.0180759546288183
grad3 1.0836227118357973 1.0314759696310036
grad4 1.1028429892413392 1.0454802968201444
tfp 0.8982050373873612 0.8894672599382704
