cshare            0.680889
mshare            0.144225
trans_fromgood    0.961600
trans_frombad     0.205977
grad2             1.177713
grad3             1.222356
grad4             1.276081
Name: US, dtype: float64
cshare            0.009079
mshare            0.016178
trans_fromgood    0.001506
trans_frombad     0.009638
grad2             0.016617
grad3             0.016421
grad4             0.016628
Name: US, dtype: float64
                    mean        sd
cshare          0.680889  0.009079
mshare          0.144225  0.016178
trans_fromgood  0.961600  0.001506
trans_frombad   0.205977  0.009638
grad2           1.177713  0.016617
grad3           1.222356  0.016421
grad4           1.276081  0.016628
current parameter status : 
sigma 2.0 True
beta 0.97 False
phi 0.2 True
psi 0.3 True
delta_h1 -0.5 True
delta_h2 2 True
eta 0.0 False
tfp 1 False
price 1 False
risk 0.0 False
-- 
number of parameters:  10
number of free parameters:  5
current parameter status : 
sigma 2.0 True
beta 0.97 False
phi 0.2 True
psi 0.3 True
delta_h1 -0.5 True
delta_h2 2 True
eta 0.0 False
tfp 1 False
price 1 False
risk 0.0 False
- using these moments:
cshare 0.6808892149667144 0.009079433465468566
mshare 0.14422500000000002 0.01617846342973795
trans_fromgood 0.9615996486441867 0.0015062553539724164
trans_frombad 0.20597666978044457 0.009638163363181533
grad2 1.177712992763826 0.016617346336167793
grad3 1.2223556346247508 0.016421047162417955
grad4 1.2760806370630837 0.01662760246174447
f =  5313.9577375404415 , pars =  [ 2.   0.2  0.3 -0.5  2. ]
- current state of moments (data, sim):
cshare 0.6808892149667144 0.5239353986027154
mshare 0.14422500000000002 0.24151472360938592
trans_fromgood 0.9615996486441867 0.8724874648432742
trans_frombad 0.20597666978044457 0.4056574170798272
grad2 1.177712992763826 1.3510324865976135
grad3 1.2223556346247508 1.5557487918068775
grad4 1.2760806370630837 1.6583994086080616
f =  5094.89459428426 , pars =  [ 2.1  0.2  0.3 -0.5  2. ]
- current state of moments (data, sim):
cshare 0.6808892149667144 0.5179045609374753
mshare 0.14422500000000002 0.2517245068176387
trans_fromgood 0.9615996486441867 0.8745061950523748
trans_frombad 0.20597666978044457 0.4147665157764037
grad2 1.177712992763826 1.3397677908477486
grad3 1.2223556346247508 1.5337547197246526
grad4 1.2760806370630837 1.6331774598952153
f =  4446.907966479749 , pars =  [ 2.   0.3  0.3 -0.5  2. ]
- current state of moments (data, sim):
cshare 0.6808892149667144 0.5183505208041426
mshare 0.14422500000000002 0.29250052361842266
trans_fromgood 0.9615996486441867 0.8797588915723659
trans_frombad 0.20597666978044457 0.4774027249366219
grad2 1.177712992763826 1.2644143297768893
grad3 1.2223556346247508 1.4046720412021012
grad4 1.2760806370630837 1.4774695667957134
f =  4589.074740413662 , pars =  [ 2.   0.2  0.4 -0.5  2. ]
- current state of moments (data, sim):
cshare 0.6808892149667144 0.5275262339556628
mshare 0.14422500000000002 0.21054106748642892
trans_fromgood 0.9615996486441867 0.8779449243212898
trans_frombad 0.20597666978044457 0.4717068182281305
grad2 1.177712992763826 1.3006054551829105
grad3 1.2223556346247508 1.4442621742126787
grad4 1.2760806370630837 1.5141622855976857
f =  5048.984303318049 , pars =  [ 2.   0.2  0.3 -0.4  2. ]
- current state of moments (data, sim):
cshare 0.6808892149667144 0.5253082459692939
mshare 0.14422500000000002 0.23051671101752083
trans_fromgood 0.9615996486441867 0.8721602972050653
trans_frombad 0.20597666978044457 0.44031099086605613
grad2 1.177712992763826 1.3134641342077915
grad3 1.2223556346247508 1.483803331992411
grad4 1.2760806370630837 1.5591058710508108
f =  4258.636296337534 , pars =  [ 2.   0.2  0.3 -0.5  2.1]
- current state of moments (data, sim):
cshare 0.6808892149667144 0.5257657884431196
mshare 0.14422500000000002 0.21969656235592722
trans_fromgood 0.9615996486441867 0.8831260213159341
trans_frombad 0.20597666978044457 0.40273068639160586
grad2 1.177712992763826 1.329892195446358
grad3 1.2223556346247508 1.5195996590327605
grad4 1.2760806370630837 1.6096533588284088
f =  5543.382191181264 , pars =  [ 1.9  0.2  0.3 -0.5  2. ]
- current state of moments (data, sim):
cshare 0.6808892149667144 0.5301608638092578
mshare 0.14422500000000002 0.2326544627614504
trans_fromgood 0.9615996486441867 0.8706860226000381
trans_frombad 0.20597666978044457 0.39624994621644866
grad2 1.177712992763826 1.3623407589939942
grad3 1.2223556346247508 1.579456090131564
grad4 1.2760806370630837 1.6863512651232655
f =  12323.852809609423 , pars =  [ 2.   0.1  0.3 -0.5  2. ]
- current state of moments (data, sim):
cshare 0.6808892149667144 0.531612109581227
mshare 0.14422500000000002 0.17877090793005232
trans_fromgood 0.9615996486441867 0.8663026556416333
trans_frombad 0.20597666978044457 0.2492219433627158
grad2 1.177712992763826 1.5375748454060696
grad3 1.2223556346247508 2.068569505916435
grad4 1.2760806370630837 2.4401937220402234
f =  7839.355852861745 , pars =  [ 2.   0.2  0.2 -0.5  2. ]
- current state of moments (data, sim):
cshare 0.6808892149667144 0.5181679164744329
mshare 0.14422500000000002 0.2927493722775419
trans_fromgood 0.9615996486441867 0.8678839694566937
trans_frombad 0.20597666978044457 0.3026102230169199
grad2 1.177712992763826 1.4211916843932044
grad3 1.2223556346247508 1.7960617828067862
grad4 1.2760806370630837 2.02469674673664
f =  5548.844443221709 , pars =  [ 2.   0.2  0.3 -0.6  2. ]
- current state of moments (data, sim):
cshare 0.6808892149667144 0.5230006713568852
mshare 0.14422500000000002 0.252475054075377
trans_fromgood 0.9615996486441867 0.872745822935695
trans_frombad 0.20597666978044457 0.3902573156135345
grad2 1.177712992763826 1.3653633489883037
grad3 1.2223556346247508 1.6015960545817565
grad4 1.2760806370630837 1.7145607265848135
f =  6747.563752879266 , pars =  [ 2.   0.2  0.3 -0.5  1.9]
- current state of moments (data, sim):
cshare 0.6808892149667144 0.5217625751723393
mshare 0.14422500000000002 0.2635457240240062
trans_fromgood 0.9615996486441867 0.8613974887488911
trans_frombad 0.20597666978044457 0.39928282681706134
grad2 1.177712992763826 1.3823195707025961
grad3 1.2223556346247508 1.6254489122406877
grad4 1.2760806370630837 1.7475916519394425
f =  3445.039183009132 , pars =  [ 2.01706377  0.25621698  0.35515241 -0.48064082  2.1559635 ]
- current state of moments (data, sim):
cshare 0.6808892149667144 0.5253299519321543
mshare 0.14422500000000002 0.21645210108716548
trans_fromgood 0.9615996486441867 0.8944005795206303
trans_frombad 0.20597666978044457 0.5230142014334321
grad2 1.177712992763826 1.2220322240276769
grad3 1.2223556346247508 1.3117186850067242
grad4 1.2760806370630837 1.3549035636122022
f =  3634.4224692949683 , pars =  [ 1.98842742  0.24949773  0.34145219 -0.52038243  2.1130139 ]
- current state of moments (data, sim):
cshare 0.6808892149667144 0.5260539333770791
mshare 0.14422500000000002 0.22620434335825448
trans_fromgood 0.9615996486441867 0.8890240277793985
trans_frombad 0.20597666978044457 0.4842989004069823
grad2 1.177712992763826 1.2418748980402747
grad3 1.2223556346247508 1.3631119034702253
grad4 1.2760806370630837 1.419188521571896
f =  3363.997023952087 , pars =  [ 2.00726879  0.34960912  0.37138367 -0.49639771  2.18185235]
- current state of moments (data, sim):
cshare 0.6808892149667144 0.5222324580726195
mshare 0.14422500000000002 0.2482054178493204
trans_fromgood 0.9615996486441867 0.9027875167245627
trans_frombad 0.20597666978044457 0.578265015005271
grad2 1.177712992763826 1.1727590273371502
grad3 1.2223556346247508 1.2362070538423595
grad4 1.2760806370630837 1.2764520788322136
f =  3094.3609944519653 , pars =  [ 2.01897477  0.34255879  0.29262015 -0.46911691  2.23538113]
- current state of moments (data, sim):
cshare 0.6808892149667144 0.5211273051221247
mshare 0.14422500000000002 0.2511422669571488
trans_fromgood 0.9615996486441867 0.9020980400014106
trans_frombad 0.20597666978044457 0.5360233830945429
grad2 1.177712992763826 1.1827127918046922
grad3 1.2223556346247508 1.2619552112349957
grad4 1.2760806370630837 1.299833583594671
f =  2910.776532489999 , pars =  [ 2.03385564  0.35054042  0.34245402 -0.42337267  2.30706727]
- current state of moments (data, sim):
cshare 0.6808892149667144 0.5239157589383392
mshare 0.14422500000000002 0.22339450660640894
trans_fromgood 0.9615996486441867 0.9107090783730215
trans_frombad 0.20597666978044457 0.5719429299506975
grad2 1.177712992763826 1.157054350428108
grad3 1.2223556346247508 1.214580183012396
grad4 1.2760806370630837 1.2478220789015848
f =  2917.173430718488 , pars =  [ 2.01208975  0.33710994  0.30732833 -0.33330673  2.30749264]
- current state of moments (data, sim):
cshare 0.6808892149667144 0.5261765793906543
mshare 0.14422500000000002 0.2159294905050188
trans_fromgood 0.9615996486441867 0.9080417200422386
trans_frombad 0.20597666978044457 0.5587684054854878
grad2 1.177712992763826 1.1603757348392234
grad3 1.2223556346247508 1.2214239495319725
grad4 1.2760806370630837 1.2528378976799013
f =  3237.4721949919694 , pars =  [ 2.05117721  0.38726973  0.4307988  -0.40001228  2.30771018]
- current state of moments (data, sim):
cshare 0.6808892149667144 0.5233296219663133
mshare 0.14422500000000002 0.2220380248994151
trans_fromgood 0.9615996486441867 0.9169686186943323
trans_frombad 0.20597666978044457 0.6348545798679006
grad2 1.177712992763826 1.116291404657113
grad3 1.2223556346247508 1.157780915048606
grad4 1.2760806370630837 1.1912233258514786
f =  3281.8761629175197 , pars =  [ 2.10921356  0.38570278  0.35723673 -0.37862976  2.27766766]
- current state of moments (data, sim):
cshare 0.6808892149667144 0.5174661063981939
mshare 0.14422500000000002 0.24800997969234526
trans_fromgood 0.9615996486441867 0.912240736391764
trans_frombad 0.20597666978044457 0.6161217699771981
grad2 1.177712992763826 1.130345976694175
grad3 1.2223556346247508 1.1754320496446005
grad4 1.2760806370630837 1.2100563067819774
f =  3046.783947166435 , pars =  [ 1.99662226  0.42456641  0.33961871 -0.42992475  2.36259077]
- current state of moments (data, sim):
cshare 0.6808892149667144 0.5254069036993584
mshare 0.14422500000000002 0.23265262908599765
trans_fromgood 0.9615996486441867 0.9166471491609296
trans_frombad 0.20597666978044457 0.6131120868046356
grad2 1.177712992763826 1.1207286972795731
grad3 1.2223556346247508 1.1648457455373342
grad4 1.2760806370630837 1.1936346726972629
f =  3345.2400552565578 , pars =  [ 1.97767905  0.38812952  0.36691363 -0.35495212  2.29475443]
- current state of moments (data, sim):
cshare 0.6808892149667144 0.5276035295467163
mshare 0.14422500000000002 0.222540904642298
trans_fromgood 0.9615996486441867 0.9114473745336489
trans_frombad 0.20597666978044457 0.624034693156928
grad2 1.177712992763826 1.122753454750831
grad3 1.2223556346247508 1.1646221557645449
grad4 1.2760806370630837 1.1955739984674023
f =  3146.2229660138664 , pars =  [ 2.02076581  0.31796018  0.33422701 -0.41910708  2.21389375]
- current state of moments (data, sim):
cshare 0.6808892149667144 0.5234347245902454
mshare 0.14422500000000002 0.23094224403021354
trans_fromgood 0.9615996486441867 0.9016549978256836
trans_frombad 0.20597666978044457 0.5435617554554267
grad2 1.177712992763826 1.1803383388611266
grad3 1.2223556346247508 1.257046244150163
grad4 1.2760806370630837 1.297375216795794
f =  2540.3528748024423 , pars =  [ 2.00520223  0.34226781  0.27202167 -0.40484949  2.36876591]
- current state of moments (data, sim):
cshare 0.6808892149667144 0.5256377807612326
mshare 0.14422500000000002 0.21834670732292202
trans_fromgood 0.9615996486441867 0.9113769689754623
trans_frombad 0.20597666978044457 0.5276123764982654
grad2 1.177712992763826 1.1682770652362102
grad3 1.2223556346247508 1.2400102122211538
grad4 1.2760806370630837 1.269982333310648
f =  2056.586070703022 , pars =  [ 1.96589079  0.33328852  0.22336985 -0.35914373  2.43135957]
- current state of moments (data, sim):
cshare 0.6808892149667144 0.5275093615657174
mshare 0.14422500000000002 0.21315003138617925
trans_fromgood 0.9615996486441867 0.9142254381214844
trans_frombad 0.20597666978044457 0.46788696350752706
grad2 1.177712992763826 1.1979377947759247
grad3 1.2223556346247508 1.2871644335249337
grad4 1.2760806370630837 1.3241364578469097
f =  1413.3184761149741 , pars =  [ 1.90068523  0.32499424  0.12186456 -0.29014699  2.57494079]
- current state of moments (data, sim):
cshare 0.6808892149667144 0.5235044718283971
mshare 0.14422500000000002 0.2642536650957097
trans_fromgood 0.9615996486441867 0.9238853660096137
trans_frombad 0.20597666978044457 0.32660823604551686
grad2 1.177712992763826 1.238738511880307
grad3 1.2223556346247508 1.3976473076789844
grad4 1.2760806370630837 1.4775348710403655
f =  301896.44855497475 , pars =  [ 1.78993589  0.22465214  0.0059171  -0.34504656  2.54018063]
- current state of moments (data, sim):
cshare 0.6808892149667144 0.5616004204130929
mshare 0.14422500000000002 0.04667206037861894
trans_fromgood 0.9615996486441867 0.9211478805490494
trans_frombad 0.20597666978044457 0.0003448968152694812
grad2 1.177712992763826 1.849542346670107
grad3 1.2223556346247508 3.421130050031802
grad4 1.2760806370630837 10.089452873360148
f =  1286.3808638899145 , pars =  [ 1.8580937   0.38023221  0.1587442  -0.31656434  2.6304092 ]
- current state of moments (data, sim):
cshare 0.6808892149667144 0.5310994891366175
mshare 0.14422500000000002 0.2164185508772362
trans_fromgood 0.9615996486441867 0.9281294219463144
trans_frombad 0.20597666978044457 0.41824739314462606
grad2 1.177712992763826 1.1846889363443782
grad3 1.2223556346247508 1.27493519729606
grad4 1.2760806370630837 1.3134291170317063
f =  1512.2341002214425 , pars =  [ 1.91061039  0.39359175  0.19277497 -0.25351928  2.67434946]
- current state of moments (data, sim):
cshare 0.6808892149667144 0.534329312554396
mshare 0.14422500000000002 0.17942994249077848
trans_fromgood 0.9615996486441867 0.9316033865860998
trans_frombad 0.20597666978044457 0.48501486543426336
grad2 1.177712992763826 1.1442046171934324
grad3 1.2223556346247508 1.2083380273647235
grad4 1.2760806370630837 1.2309326507970435
f =  1469.9583268024442 , pars =  [ 1.92225033  0.39902875  0.09043812 -0.34472959  2.63887174]
- current state of moments (data, sim):
cshare 0.6808892149667144 0.5137789426282445
mshare 0.14422500000000002 0.3373949868840871
trans_fromgood 0.9615996486441867 0.9285755219282704
trans_frombad 0.20597666978044457 0.2661160507668608
grad2 1.177712992763826 1.239672516121743
grad3 1.2223556346247508 1.4318156042342063
grad4 1.2760806370630837 1.5604111049582068
f =  1207.697089938148 , pars =  [ 1.86221815  0.4213697   0.10920361 -0.24109031  2.61857299]
- current state of moments (data, sim):
cshare 0.6808892149667144 0.5224689691975271
mshare 0.14422500000000002 0.280538189289009
trans_fromgood 0.9615996486441867 0.9271363486515826
trans_frombad 0.20597666978044457 0.3472265353076289
grad2 1.177712992763826 1.198401912775849
grad3 1.2223556346247508 1.3273791481821489
grad4 1.2760806370630837 1.3954451124809264
f =  1053.2996892544913 , pars =  [ 1.83552166  0.39810252  0.08585243 -0.2068852   2.70242208]
- current state of moments (data, sim):
cshare 0.6808892149667144 0.5219193017295551
mshare 0.14422500000000002 0.3042365472220398
trans_fromgood 0.9615996486441867 0.9329614340073226
trans_frombad 0.20597666978044457 0.28909845255408906
grad2 1.177712992763826 1.2187764642114622
grad3 1.2223556346247508 1.3705359353480668
grad4 1.2760806370630837 1.4623693388138532
f =  3705.423272257664 , pars =  [ 1.91254717  0.3650318   0.04162331 -0.17599115  2.71034295]
- current state of moments (data, sim):
cshare 0.6808892149667144 0.5007497869736274
mshare 0.14422500000000002 0.47363776061882623
trans_fromgood 0.9615996486441867 0.9334902102768532
trans_frombad 0.20597666978044457 0.13688987326903412
grad2 1.177712992763826 1.3041895684337905
grad3 1.2223556346247508 1.6135054121884227
grad4 1.2760806370630837 1.9955464455459246
f =  4958.530742375882 , pars =  [ 1.84024357  0.38754567  0.03542433 -0.26540678  2.76485995]
- current state of moments (data, sim):
cshare 0.6808892149667144 0.49741717289619175
mshare 0.14422500000000002 0.5405156325686723
trans_fromgood 0.9615996486441867 0.9370193023545869
trans_frombad 0.20597666978044457 0.1083692743384954
grad2 1.177712992763826 1.3129911200322208
grad3 1.2223556346247508 1.6630308859300047
grad4 1.2760806370630837 2.1551258896628878
f =  1014.9482206535406 , pars =  [ 1.87017152  0.32453796  0.14278986 -0.21448468  2.69304021]
- current state of moments (data, sim):
cshare 0.6808892149667144 0.5336582561000025
mshare 0.14422500000000002 0.20056137778974734
trans_fromgood 0.9615996486441867 0.9323550922472744
trans_frombad 0.20597666978044457 0.38081894516459563
grad2 1.177712992763826 1.1907567817449998
grad3 1.2223556346247508 1.2947113434526454
grad4 1.2760806370630837 1.3378416144626242
f =  973.0050213423183 , pars =  [ 1.84317558  0.29402412  0.15436037 -0.14293091  2.74859475]
- current state of moments (data, sim):
cshare 0.6808892149667144 0.5396079842614309
mshare 0.14422500000000002 0.16725303714437414
trans_fromgood 0.9615996486441867 0.9359935375935664
trans_frombad 0.20597666978044457 0.40693995043901676
grad2 1.177712992763826 1.1769525813011519
grad3 1.2223556346247508 1.257400624195734
grad4 1.2760806370630837 1.288306915945084
f =  1112.7700637699909 , pars =  [ 1.76465896  0.31881395  0.17689175 -0.11693826  2.79373146]
- current state of moments (data, sim):
cshare 0.6808892149667144 0.5467313107415055
mshare 0.14422500000000002 0.14406346463641176
trans_fromgood 0.9615996486441867 0.9388172496995939
trans_frombad 0.20597666978044457 0.45171652778664084
grad2 1.177712992763826 1.1433107771050073
grad3 1.2223556346247508 1.2017431742739582
grad4 1.2760806370630837 1.224207881777497
f =  989.1282829511823 , pars =  [ 1.81741484  0.27116666  0.12590837 -0.20979204  2.68914735]
- current state of moments (data, sim):
cshare 0.6808892149667144 0.5352818477755203
mshare 0.14422500000000002 0.21229599887589845
trans_fromgood 0.9615996486441867 0.9320617025224962
trans_frombad 0.20597666978044457 0.30511478966601796
grad2 1.177712992763826 1.227758876953047
grad3 1.2223556346247508 1.3805907251566623
grad4 1.2760806370630837 1.4597024797556974
f =  990.0454013225238 , pars =  [ 1.79077651  0.26779073  0.08675525 -0.10080363  2.76346031]
- current state of moments (data, sim):
cshare 0.6808892149667144 0.5332143495267145
mshare 0.14422500000000002 0.23966184365120002
trans_fromgood 0.9615996486441867 0.9369268623005259
trans_frombad 0.20597666978044457 0.2563474652154886
grad2 1.177712992763826 1.2527075591604924
grad3 1.2223556346247508 1.4248235598430325
grad4 1.2760806370630837 1.5242105685495766
f =  1385.571923637585 , pars =  [ 1.87584382  0.26043925  0.19693819 -0.10259259  2.68252818]
- current state of moments (data, sim):
cshare 0.6808892149667144 0.5420851643735405
mshare 0.14422500000000002 0.14069537137862087
trans_fromgood 0.9615996486441867 0.931674450239386
trans_frombad 0.20597666978044457 0.4689187578845942
grad2 1.177712992763826 1.1475293176293102
grad3 1.2223556346247508 1.2043499815839127
grad4 1.2760806370630837 1.2280996428189048
f =  1307.561955152153 , pars =  [ 1.81103909  0.24146945  0.23100555 -0.16058535  2.74422547]
- current state of moments (data, sim):
cshare 0.6808892149667144 0.5470758282969793
mshare 0.14422500000000002 0.12058885703749965
trans_fromgood 0.9615996486441867 0.9357351884329329
trans_frombad 0.20597666978044457 0.4742315410550099
grad2 1.177712992763826 1.1439030921885265
grad3 1.2223556346247508 1.1977986289127958
grad4 1.2760806370630837 1.2176877444074805
f =  1174.8630032677224 , pars =  [ 1.82246678  0.31230274  0.17871468 -0.1603991   2.71963326]
- current state of moments (data, sim):
cshare 0.6808892149667144 0.5423875712080111
mshare 0.14422500000000002 0.1571919760024833
trans_fromgood 0.9615996486441867 0.9341476252969497
trans_frombad 0.20597666978044457 0.4432254283862733
grad2 1.177712992763826 1.1571189187356832
grad3 1.2223556346247508 1.2286561245058336
grad4 1.2760806370630837 1.2540792301017893
f =  961.1386469436283 , pars =  [ 1.84217918  0.29623964  0.15178679 -0.15253717  2.75576728]
- current state of moments (data, sim):
cshare 0.6808892149667144 0.5390043337323916
mshare 0.14422500000000002 0.16997958118749373
trans_fromgood 0.9615996486441867 0.9364498420474177
trans_frombad 0.20597666978044457 0.405922814166671
grad2 1.177712992763826 1.1768024415732463
grad3 1.2223556346247508 1.2579107577623112
grad4 1.2760806370630837 1.2884783468255097
f =  792.9951937913696 , pars =  [ 1.83519912  0.28046291  0.13580398 -0.1456212   2.7606757 ]
- current state of moments (data, sim):
cshare 0.6808892149667144 0.538086395714289
mshare 0.14422500000000002 0.1807876855913279
trans_fromgood 0.9615996486441867 0.9367559670142425
trans_frombad 0.20597666978044457 0.3547269236181041
grad2 1.177712992763826 1.184310307275128
grad3 1.2223556346247508 1.2892508180310644
grad4 1.2760806370630837 1.3372344005390786
f =  765.8838651233905 , pars =  [ 1.82958621  0.29218486  0.12236482 -0.13851901  2.77567701]
- current state of moments (data, sim):
cshare 0.6808892149667144 0.5368066849974229
mshare 0.14422500000000002 0.19434901532547896
trans_fromgood 0.9615996486441867 0.9376930288543491
trans_frombad 0.20597666978044457 0.3471775444310874
grad2 1.177712992763826 1.18906831961701
grad3 1.2223556346247508 1.2966215412918098
grad4 1.2760806370630837 1.3446404411152255
f =  780.8102437762014 , pars =  [ 1.83353991  0.2953091   0.11623129 -0.14110368  2.77017185]
- current state of moments (data, sim):
cshare 0.6808892149667144 0.5352111980103552
mshare 0.14422500000000002 0.20376921419333163
trans_fromgood 0.9615996486441867 0.9373489979024177
trans_frombad 0.20597666978044457 0.33549356230566657
grad2 1.177712992763826 1.2038027669580933
grad3 1.2223556346247508 1.3190840014236567
grad4 1.2760806370630837 1.3714223594674466
f =  746.7511290373737 , pars =  [ 1.82252913  0.29045209  0.11615719 -0.13777098  2.77852322]
- current state of moments (data, sim):
cshare 0.6808892149667144 0.5359663083765271
mshare 0.14422500000000002 0.2013897970325839
trans_fromgood 0.9615996486441867 0.9378698077994938
trans_frombad 0.20597666978044457 0.32490258352880835
grad2 1.177712992763826 1.2030870969611713
grad3 1.2223556346247508 1.322701806191475
grad4 1.2760806370630837 1.3804119828741397
