current parameter status : 
sigma 2.0872 False
beta 0.97 False
phi 0.2703 False
psi 0.1345 False
delta_h1 -1.2825 True
delta_h2 4.0295 True
eta 0.0 False
tfp 1.011 True
price 0.8363 True
risk 0.0 False
-- 
number of parameters:  10
number of free parameters:  4
current parameter status : 
sigma 2.0872 False
beta 0.97 False
phi 0.2703 False
psi 0.1345 False
delta_h1 -1.2825 True
delta_h2 4.0295 True
eta 0.0 False
tfp 1.011 True
price 0.8363 True
risk 0.0 False
- using these moments:
mshare 0.1022855 0.005095996855117595
trans_fromgood 0.9740903363927633 0.0034909178842755877
trans_frombad 0.32799174996447467 0.04413339666616619
grad2 1.029659320435225 0.03088813415915342
grad3 1.0714406475105778 0.025817211776379433
grad4 1.0863194114344652 0.025538170865338765
tfp 0.8301558557492001 0.02468336609574267
f =  24.39331042052845 , pars =  [-1.282523    4.02953504  1.01102276  0.83630109]
- current state of moments (data, sim):
mshare 0.1022855 0.11868558044492651
trans_fromgood 0.9740903363927633 0.9822174207929563
trans_frombad 0.32799174996447467 0.38385238745792105
grad2 1.029659320435225 1.019838500389546
grad3 1.0714406475105778 1.0350981230952696
grad4 1.0863194114344652 1.0507971239953604
tfp 0.8301558557492001 0.7874246218386702
f =  21.620834355268165 , pars =  [-1.182523    4.02953504  1.01102276  0.83630109]
- current state of moments (data, sim):
mshare 0.1022855 0.11519080600035318
trans_fromgood 0.9740903363927633 0.9822174174744226
trans_frombad 0.32799174996447467 0.39012464771094757
grad2 1.029659320435225 1.0198101715269294
grad3 1.0714406475105778 1.0347500097197346
grad4 1.0863194114344652 1.0499228925213868
tfp 0.8301558557492001 0.7829780864399121
f =  19.56628605156351 , pars =  [-1.282523    4.12953504  1.01102276  0.83630109]
- current state of moments (data, sim):
mshare 0.1022855 0.10900673342770732
trans_fromgood 0.9740903363927633 0.9839096490340847
trans_frombad 0.32799174996447467 0.3767484939649455
grad2 1.029659320435225 1.0184465661307585
grad3 1.0714406475105778 1.0325670126814925
grad4 1.0863194114344652 1.047150601610089
tfp 0.8301558557492001 0.7811423569564407
f =  33.695837273676354 , pars =  [-1.282523    4.02953504  1.11102276  0.83630109]
- current state of moments (data, sim):
mshare 0.1022855 0.10390228229897709
trans_fromgood 0.9740903363927633 0.9822174976438355
trans_frombad 0.32799174996447467 0.46925147332689054
grad2 1.029659320435225 1.0167184366634527
grad3 1.0714406475105778 1.0286015454473163
grad4 1.0863194114344652 1.0390742984766284
tfp 0.8301558557492001 0.9141486643644043
f =  48.465168106116764 , pars =  [-1.282523    4.02953504  1.01102276  0.93630109]
- current state of moments (data, sim):
mshare 0.1022855 0.13245621367044264
trans_fromgood 0.9740903363927633 0.9822174112774372
trans_frombad 0.32799174996447467 0.36503623308892413
grad2 1.029659320435225 1.0222244286678757
grad3 1.0714406475105778 1.0391310233793938
grad4 1.0863194114344652 1.0558089127671129
tfp 0.8301558557492001 0.7793459139950931
f =  31.79848483501202 , pars =  [-1.382523    4.02953504  1.01102276  0.83630109]
- current state of moments (data, sim):
mshare 0.1022855 0.12383414152790101
trans_fromgood 0.9740903363927633 0.9822174164471584
trans_frombad 0.32799174996447467 0.37566166735025064
grad2 1.029659320435225 1.0209699921851287
grad3 1.0714406475105778 1.0366254558271304
grad4 1.0863194114344652 1.0529066812478614
tfp 0.8301558557492001 0.7825360611251025
f =  40.71691972021004 , pars =  [-1.282523    3.92953504  1.01102276  0.83630109]
- current state of moments (data, sim):
mshare 0.1022855 0.13020829918141302
trans_fromgood 0.9740903363927633 0.9803472117365049
trans_frombad 0.32799174996447467 0.38473198436355277
grad2 1.029659320435225 1.0222673908650457
grad3 1.0714406475105778 1.038995844657212
grad4 1.0863194114344652 1.0562665899127257
tfp 0.8301558557492001 0.7888027007387829
f =  82.85324833775327 , pars =  [-1.282523    4.02953504  0.91102276  0.83630109]
- current state of moments (data, sim):
mshare 0.1022855 0.13449209599534084
trans_fromgood 0.9740903363927633 0.9822174043781016
trans_frombad 0.32799174996447467 0.3307858857060837
grad2 1.029659320435225 1.0221161582032607
grad3 1.0714406475105778 1.0400942308482741
grad4 1.0863194114344652 1.0599670588157026
tfp 0.8301558557492001 0.6843596432778154
f =  21.672216650942165 , pars =  [-1.282523    4.02953504  1.01102276  0.73630109]
- current state of moments (data, sim):
mshare 0.1022855 0.10325014147580143
trans_fromgood 0.9740903363927633 0.9822174186107979
trans_frombad 0.32799174996447467 0.4503403836159195
grad2 1.029659320435225 1.0195322411519963
grad3 1.0714406475105778 1.0342172612515228
grad4 1.0863194114344652 1.0449835684056543
tfp 0.8301558557492001 0.7825161899810755
f =  32.301570796598554 , pars =  [-1.20867573  4.12189639  1.04613028  0.77924241]
- current state of moments (data, sim):
mshare 0.1022855 0.09206130243455235
trans_fromgood 0.9740903363927633 0.9837863327021303
trans_frombad 0.32799174996447467 0.4900776460404064
grad2 1.029659320435225 1.0162021962996244
grad3 1.0714406475105778 1.0275868807658142
grad4 1.0863194114344652 1.0356456348326006
tfp 0.8301558557492001 0.824049359735043
f =  16.27713910608857 , pars =  [-1.3252384   4.13772726  1.03282945  0.82477933]
- current state of moments (data, sim):
mshare 0.1022855 0.10526058135676997
trans_fromgood 0.9740903363927633 0.984040956990803
trans_frombad 0.32799174996447467 0.38792803129831593
grad2 1.029659320435225 1.017981577919687
grad3 1.0714406475105778 1.0315158037764856
grad4 1.0863194114344652 1.0452653373357659
tfp 0.8301558557492001 0.8074212227587265
f =  16.84704011008846 , pars =  [-1.37427445  4.14461732  1.0332211   0.81786271]
- current state of moments (data, sim):
mshare 0.1022855 0.10533208046080898
trans_fromgood 0.9740903363927633 0.9841505467253713
trans_frombad 0.32799174996447467 0.3916723196889677
grad2 1.029659320435225 1.017624534443362
grad3 1.0714406475105778 1.0309710544360213
grad4 1.0863194114344652 1.0445540561137454
tfp 0.8301558557492001 0.807815473079785
f =  16.665264675844902 , pars =  [-1.32477733  4.13815014  1.03362305  0.83723841]
- current state of moments (data, sim):
mshare 0.1022855 0.10561538318286849
trans_fromgood 0.9740903363927633 0.9840477337670721
trans_frombad 0.32799174996447467 0.39570716725105726
grad2 1.029659320435225 1.0175689867924391
grad3 1.0714406475105778 1.0308359090986121
grad4 1.0863194114344652 1.044171327999713
tfp 0.8301558557492001 0.8145948962918241
f =  19.61867682813668 , pars =  [-1.33290359  4.11858458  1.03710202  0.81130536]
- current state of moments (data, sim):
mshare 0.1022855 0.10355428919666637
trans_fromgood 0.9740903363927633 0.9837325227079391
trans_frombad 0.32799174996447467 0.4323749963280759
grad2 1.029659320435225 1.0179953543019462
grad3 1.0714406475105778 1.030220680856335
grad4 1.0863194114344652 1.0410329873618842
tfp 0.8301558557492001 0.8127498315859537
f =  19.834299187588748 , pars =  [-1.3235536   4.13531511  1.04237078  0.82533253]
- current state of moments (data, sim):
mshare 0.1022855 0.10255116448124744
trans_fromgood 0.9740903363927633 0.9840024401212233
trans_frombad 0.32799174996447467 0.4308116795512851
grad2 1.029659320435225 1.0174677116104178
grad3 1.0714406475105778 1.0291467277710018
grad4 1.0863194114344652 1.0397673068299023
tfp 0.8301558557492001 0.8197015884698831
f =  17.259208589396216 , pars =  [-1.32707817  4.14300794  1.02454286  0.82453   ]
- current state of moments (data, sim):
mshare 0.1022855 0.10667601199619192
trans_fromgood 0.9740903363927633 0.9841249982013082
trans_frombad 0.32799174996447467 0.3778951452256098
grad2 1.029659320435225 1.0185223002662673
grad3 1.0714406475105778 1.0325474012982319
grad4 1.0863194114344652 1.0469033436677582
tfp 0.8301558557492001 0.7935950615737272
f =  16.29045755482184 , pars =  [-1.31613348  4.13655896  1.03433332  0.82110863]
- current state of moments (data, sim):
mshare 0.1022855 0.10420301666318665
trans_fromgood 0.9740903363927633 0.9840223033338162
trans_frombad 0.32799174996447467 0.3919831779220073
grad2 1.029659320435225 1.017755928060078
grad3 1.0714406475105778 1.031141294408149
grad4 1.0863194114344652 1.044831862081839
tfp 0.8301558557492001 0.8090980929029318
f =  17.219803242628508 , pars =  [-1.32546683  4.12941009  1.02748995  0.82628343]
- current state of moments (data, sim):
mshare 0.1022855 0.10714816716501765
trans_fromgood 0.9740903363927633 0.9839076628965233
trans_frombad 0.32799174996447467 0.3895109673370777
grad2 1.029659320435225 1.018122809302034
grad3 1.0714406475105778 1.0317347648505169
grad4 1.0863194114344652 1.0456291483311349
tfp 0.8301558557492001 0.8008042920834411
f =  16.386664078805833 , pars =  [-1.33501785  4.13927362  1.03281394  0.82337545]
- current state of moments (data, sim):
mshare 0.1022855 0.10504813652997755
trans_fromgood 0.9740903363927633 0.98406562820589
trans_frombad 0.32799174996447467 0.39003112556742836
grad2 1.029659320435225 1.0177969025639149
grad3 1.0714406475105778 1.031363460045731
grad4 1.0863194114344652 1.0451198738781309
tfp 0.8301558557492001 0.8081950476935706
f =  15.756678956790378 , pars =  [-1.31901725  4.14457579  1.03125358  0.82132802]
- current state of moments (data, sim):
mshare 0.1022855 0.10378565977771423
trans_fromgood 0.9740903363927633 0.9841498815085805
trans_frombad 0.32799174996447467 0.3834202790281746
grad2 1.029659320435225 1.018059476597689
grad3 1.0714406475105778 1.0318318632479169
grad4 1.0863194114344652 1.0460187617972976
tfp 0.8301558557492001 0.8080262723785135
f =  16.160676191277897 , pars =  [-1.31045657  4.14091022  1.0303708   0.81779262]
- current state of moments (data, sim):
mshare 0.1022855 0.10400480339268046
trans_fromgood 0.9740903363927633 0.9840916676221243
trans_frombad 0.32799174996447467 0.3855816760130505
grad2 1.029659320435225 1.0180872949447104
grad3 1.0714406475105778 1.0317458349903608
grad4 1.0863194114344652 1.0458230798627057
tfp 0.8301558557492001 0.8040658454060411
f =  16.296597879430905 , pars =  [-1.3205932   4.14791193  1.03312263  0.82413751]
- current state of moments (data, sim):
mshare 0.1022855 0.10354949033264549
trans_fromgood 0.9740903363927633 0.984202684517433
trans_frombad 0.32799174996447467 0.3895137620959304
grad2 1.029659320435225 1.017621974809185
grad3 1.0714406475105778 1.0310542360777908
grad4 1.0863194114344652 1.0447379500049592
tfp 0.8301558557492001 0.8102464899456863
f =  15.809243612951676 , pars =  [-1.31849328  4.14438411  1.03084133  0.82236785]
- current state of moments (data, sim):
mshare 0.1022855 0.10405344173621468
trans_fromgood 0.9740903363927633 0.9841468404240492
trans_frombad 0.32799174996447467 0.38270987207801926
grad2 1.029659320435225 1.018096442410918
grad3 1.0714406475105778 1.0319033125105992
grad4 1.0863194114344652 1.0461336193573896
tfp 0.8301558557492001 0.8068513570882094
f =  17.666959391438315 , pars =  [-1.319606    4.1434177   1.03112159  0.81919617]
- current state of moments (data, sim):
mshare 0.1022855 0.10320639607141084
trans_fromgood 0.9740903363927633 0.9841315133679222
trans_frombad 0.32799174996447467 0.4048564783868364
grad2 1.029659320435225 1.018071071018138
grad3 1.0714406475105778 1.0309424232670839
grad4 1.0863194114344652 1.0431300208218541
tfp 0.8301558557492001 0.8071859426645538
f =  15.84196994320325 , pars =  [-1.31872852  4.14516562  1.03054388  0.82107294]
- current state of moments (data, sim):
mshare 0.1022855 0.10383951098314055
trans_fromgood 0.9740903363927633 0.9841592261368867
trans_frombad 0.32799174996447467 0.3830913983879957
grad2 1.029659320435225 1.018068665724435
grad3 1.0714406475105778 1.031849160784236
grad4 1.0863194114344652 1.0460525193565868
tfp 0.8301558557492001 0.8068380323229949
f =  18.013506605638327 , pars =  [-1.31841679  4.14505272  1.03189542  0.82133412]
- current state of moments (data, sim):
mshare 0.1022855 0.10296160459485379
trans_fromgood 0.9740903363927633 0.984157437088324
trans_frombad 0.32799174996447467 0.40921024353073443
grad2 1.029659320435225 1.0180717193656794
grad3 1.0714406475105778 1.030972171375597
grad4 1.0863194114344652 1.043011671142074
tfp 0.8301558557492001 0.807812511145199
f =  15.710093248791118 , pars =  [-1.31819182  4.14415538  1.03113176  0.82097153]
- current state of moments (data, sim):
mshare 0.1022855 0.10393399374611895
trans_fromgood 0.9740903363927633 0.9841432139684478
trans_frombad 0.32799174996447467 0.381506654882864
grad2 1.029659320435225 1.0180998658129168
grad3 1.0714406475105778 1.0319050226990587
grad4 1.0863194114344652 1.0460853405389228
tfp 0.8301558557492001 0.8070648680976069
f =  15.70912034504641 , pars =  [-1.31814991  4.14353685  1.03034771  0.82100203]
- current state of moments (data, sim):
mshare 0.1022855 0.10406335313633419
trans_fromgood 0.9740903363927633 0.9841334050954437
trans_frombad 0.32799174996447467 0.38200799459575985
grad2 1.029659320435225 1.0182138161727123
grad3 1.0714406475105778 1.0320548166916905
grad4 1.0863194114344652 1.0461608726828244
tfp 0.8301558557492001 0.807061550139904
f =  16.092186020116312 , pars =  [-1.3189096   4.14303958  1.03051163  0.82138768]
- current state of moments (data, sim):
mshare 0.1022855 0.10395134314822095
trans_fromgood 0.9740903363927633 0.984125513610577
trans_frombad 0.32799174996447467 0.38681825665382424
grad2 1.029659320435225 1.0179428934686099
grad3 1.0714406475105778 1.03149012369209
grad4 1.0863194114344652 1.045442084808944
tfp 0.8301558557492001 0.807472301761077
f =  15.482881638085852 , pars =  [-1.31735633  4.14338623  1.03079073  0.82061307]
- current state of moments (data, sim):
mshare 0.1022855 0.10396554390835448
trans_fromgood 0.9740903363927633 0.9841310130814395
trans_frombad 0.32799174996447467 0.37935825654988126
grad2 1.029659320435225 1.0182464271434013
grad3 1.0714406475105778 1.0322725714535672
grad4 1.0863194114344652 1.046622253244935
tfp 0.8301558557492001 0.8068380305935605
f =  15.444558031202689 , pars =  [-1.31649714  4.1434114   1.03094739  0.82012664]
- current state of moments (data, sim):
mshare 0.1022855 0.10384379697697858
trans_fromgood 0.9740903363927633 0.9841314144539783
trans_frombad 0.32799174996447467 0.37951933134350047
grad2 1.029659320435225 1.018251756245359
grad3 1.0714406475105778 1.032279447989931
grad4 1.0863194114344652 1.0466339992622204
tfp 0.8301558557492001 0.8072326109716869
f =  15.740459913177698 , pars =  [-1.31685316  4.143064    1.030884    0.81926146]
- current state of moments (data, sim):
mshare 0.1022855 0.10375198828025951
trans_fromgood 0.9740903363927633 0.984125901485989
trans_frombad 0.32799174996447467 0.3842205195326278
grad2 1.029659320435225 1.0181776426876608
grad3 1.0714406475105778 1.0320296588036335
grad4 1.0863194114344652 1.046188889925615
tfp 0.8301558557492001 0.8076362244604592
f =  15.853946324784275 , pars =  [-1.3160575   4.1426441   1.0314135   0.82009999]
- current state of moments (data, sim):
mshare 0.1022855 0.10380311977716679
trans_fromgood 0.9740903363927633 0.9841192339562829
trans_frombad 0.32799174996447467 0.3853757649526456
grad2 1.029659320435225 1.018095136484673
grad3 1.0714406475105778 1.0317696814081527
grad4 1.0863194114344652 1.0458486589758786
tfp 0.8301558557492001 0.8079589028895257
f =  15.467772805355029 , pars =  [-1.31645587  4.14361218  1.03072942  0.82108083]
- current state of moments (data, sim):
mshare 0.1022855 0.10395234531969907
trans_fromgood 0.9740903363927633 0.9841345994829509
trans_frombad 0.32799174996447467 0.37921198111426135
grad2 1.029659320435225 1.01824510415549
grad3 1.0714406475105778 1.0322698179121341
grad4 1.0863194114344652 1.0466190829464186
tfp 0.8301558557492001 0.8070000133223134
f =  16.374564256201044 , pars =  [-1.31605405  4.14372056  1.0301609   0.81982743]
- current state of moments (data, sim):
mshare 0.1022855 0.10424142404012317
trans_fromgood 0.9740903363927633 0.9841363123912872
trans_frombad 0.32799174996447467 0.38724887943446656
grad2 1.029659320435225 1.0182218326509176
grad3 1.0714406475105778 1.0319306026483275
grad4 1.0863194114344652 1.0457864539765225
tfp 0.8301558557492001 0.8037456333893425
f =  16.07191578262289 , pars =  [-1.31692196  4.14421041  1.0305288   0.82004996]
- current state of moments (data, sim):
mshare 0.1022855 0.10373399259558838
trans_fromgood 0.9740903363927633 0.9841440885003989
trans_frombad 0.32799174996447467 0.3869455121603359
grad2 1.029659320435225 1.018052001069815
grad3 1.0714406475105778 1.0316802643556382
grad4 1.0863194114344652 1.0456157171390947
tfp 0.8301558557492001 0.807276990263839
f =  15.756706436533012 , pars =  [-1.31712071  4.14343842  1.03120723  0.82086347]
- current state of moments (data, sim):
mshare 0.1022855 0.10385713247460591
trans_fromgood 0.9740903363927633 0.9841318439958713
trans_frombad 0.32799174996447467 0.3842125686332789
grad2 1.029659320435225 1.0181497675244153
grad3 1.0714406475105778 1.0319825830588392
grad4 1.0863194114344652 1.0461298468024072
tfp 0.8301558557492001 0.8078933464472832
f =  15.690989876288137 , pars =  [-1.31576203  4.14297664  1.03066744  0.81968821]
- current state of moments (data, sim):
mshare 0.1022855 0.10380942592773072
trans_fromgood 0.9740903363927633 0.9841245128510164
trans_frombad 0.32799174996447467 0.3816305084663276
grad2 1.029659320435225 1.018089617878369
grad3 1.0714406475105778 1.031854016284677
grad4 1.0863194114344652 1.0460403531552929
tfp 0.8301558557492001 0.8069560408754232
f =  16.048990249773254 , pars =  [-1.31702727  4.1436208   1.03059493  0.82086885]
- current state of moments (data, sim):
mshare 0.1022855 0.10434224189170789
trans_fromgood 0.9740903363927633 0.9841347336803886
trans_frombad 0.32799174996447467 0.38316525406214835
grad2 1.029659320435225 1.018231448262086
grad3 1.0714406475105778 1.032126116934005
grad4 1.0863194114344652 1.0463384918961363
tfp 0.8301558557492001 0.8038280648550111
f =  16.027713176740157 , pars =  [-1.31661793  4.14347963  1.03075441  0.82056655]
- current state of moments (data, sim):
mshare 0.1022855 0.10403839419263668
trans_fromgood 0.9740903363927633 0.9841324964121263
trans_frombad 0.32799174996447467 0.3869034707204173
grad2 1.029659320435225 1.0182467114995342
grad3 1.0714406475105778 1.0319904532757675
grad4 1.0863194114344652 1.0458939082548364
tfp 0.8301558557492001 0.8070636416195996
f =  15.431246328433133 , pars =  [-1.3164889   4.14332225  1.03098193  0.8201548 ]
- current state of moments (data, sim):
mshare 0.1022855 0.10373718304404646
trans_fromgood 0.9740903363927633 0.9841300005766278
trans_frombad 0.32799174996447467 0.3806566048769137
grad2 1.029659320435225 1.0182435557676888
grad3 1.0714406475105778 1.0323338167498823
grad4 1.0863194114344652 1.046759793936149
tfp 0.8301558557492001 0.8077431411374463
f =  15.702201441956687 , pars =  [-1.31638057  4.14339493  1.0311945   0.82013768]
- current state of moments (data, sim):
mshare 0.1022855 0.10386272684206999
trans_fromgood 0.9740903363927633 0.9841311532692076
trans_frombad 0.32799174996447467 0.3833304779461287
grad2 1.029659320435225 1.018247977058
grad3 1.0714406475105778 1.0321000467232433
grad4 1.0863194114344652 1.046100645774004
tfp 0.8301558557492001 0.8077688498086034
f =  15.677822047559578 , pars =  [-1.31640624  4.14335907  1.03094599  0.82017758]
- current state of moments (data, sim):
mshare 0.1022855 0.1042078719871401
trans_fromgood 0.9740903363927633 0.9841305812458375
trans_frombad 0.32799174996447467 0.380149387679778
grad2 1.029659320435225 1.0183706468894043
grad3 1.0714406475105778 1.0325212296266917
grad4 1.0863194114344652 1.0469764047614032
tfp 0.8301558557492001 0.8044162925748183
f =  15.44335498736942 , pars =  [-1.31656339  4.14329213  1.03098297  0.82009527]
- current state of moments (data, sim):
mshare 0.1022855 0.10380504944094839
trans_fromgood 0.9740903363927633 0.9841295219688679
trans_frombad 0.32799174996447467 0.38104325359713836
grad2 1.029659320435225 1.0182974546916534
grad3 1.0714406475105778 1.0323964416532758
grad4 1.0863194114344652 1.046805304317985
tfp 0.8301558557492001 0.8077663409031651
f =  16.12694816117085 , pars =  [-1.31653524  4.14327817  1.03104305  0.82020141]
- current state of moments (data, sim):
mshare 0.1022855 0.10381584940442017
trans_fromgood 0.9740903363927633 0.984129301040592
trans_frombad 0.32799174996447467 0.38874755932373345
grad2 1.029659320435225 1.0181133396264566
grad3 1.0714406475105778 1.0317362214956876
grad4 1.0863194114344652 1.045507676724891
tfp 0.8301558557492001 0.8078989223719756
f =  16.021590843423542 , pars =  [-1.31645979  4.14329113  1.03096284  0.82006637]
- current state of moments (data, sim):
mshare 0.1022855 0.10382911554851967
trans_fromgood 0.9740903363927633 0.9841295047205597
trans_frombad 0.32799174996447467 0.3868093332830736
grad2 1.029659320435225 1.0180933780874653
grad3 1.0714406475105778 1.0317536799281133
grad4 1.0863194114344652 1.0457250926183177
tfp 0.8301558557492001 0.8073518835097178
f =  15.69084803518994 , pars =  [-1.31656498  4.14336448  1.0309997   0.82020076]
- current state of moments (data, sim):
mshare 0.1022855 0.10386227271963377
trans_fromgood 0.9740903363927633 0.9841306706292365
trans_frombad 0.32799174996447467 0.3834150502174167
grad2 1.029659320435225 1.0182226815859357
grad3 1.0714406475105778 1.0321162373861121
grad4 1.0863194114344652 1.0463221882746843
tfp 0.8301558557492001 0.8075893897284976
f =  15.778338596761996 , pars =  [-1.31652359  4.14331263  1.03089293  0.82018279]
- current state of moments (data, sim):
mshare 0.1022855 0.10380571988850429
trans_fromgood 0.9740903363927633 0.9841298476694589
trans_frombad 0.32799174996447467 0.38435226769456204
grad2 1.029659320435225 1.0181525074941966
grad3 1.0714406475105778 1.0319831329968359
grad4 1.0863194114344652 1.0461230028619184
tfp 0.8301558557492001 0.8075908587104578
f =  15.593618840975559 , pars =  [-1.31645199  4.1433558   1.03106749  0.82014102]
- current state of moments (data, sim):
mshare 0.1022855 0.1037418687479471
trans_fromgood 0.9740903363927633 0.9841305317670919
trans_frombad 0.32799174996447467 0.38094113373924904
grad2 1.029659320435225 1.0180624399337859
grad3 1.0714406475105778 1.031848001221614
grad4 1.0863194114344652 1.0461026831315199
tfp 0.8301558557492001 0.8076964802830534
f =  15.787742408884602 , pars =  [-1.31655156  4.14338117  1.0309985   0.82010654]
- current state of moments (data, sim):
mshare 0.1022855 0.10382011159964834
trans_fromgood 0.9740903363927633 0.9841309356007542
trans_frombad 0.32799174996447467 0.3852140137121392
grad2 1.029659320435225 1.01825552093488
grad3 1.0714406475105778 1.0321421484708093
grad4 1.0863194114344652 1.0461648395381105
tfp 0.8301558557492001 0.8078340562658959
estimation did converge, now computing standard errors...
             value   free        se
name                               
sigma     2.087206  False       NaN
beta      0.970000  False       NaN
phi       0.270307  False       NaN
psi       0.134476  False       NaN
delta_h1 -1.316489   True  0.073495
delta_h2  4.143322   True  0.009002
eta       0.000000  False       NaN
tfp       1.030982   True  0.007332
price     0.821155   True  0.076228
risk      0.000000  False       NaN
