current parameter status : 
sigma 2.0872 False
beta 0.97 False
phi 0.2703 False
psi 0.1345 False
delta_h1 0.0024 True
delta_h2 3.4345 True
eta 0.0 False
tfp 0.7951 True
price 0.6426 True
risk 0.0 False
-- 
number of parameters:  10
number of free parameters:  4
current parameter status : 
sigma 2.0872 False
beta 0.97 False
phi 0.2703 False
psi 0.1345 False
delta_h1 0.0024 True
delta_h2 3.4345 True
eta 0.0 False
tfp 0.7951 True
price 0.6426 True
risk 0.0 False
- using these moments:
mshare 0.07812250000000001 0.00915476860209447
trans_fromgood 0.9651100411642269 0.005645375388549586
trans_frombad 0.3564022363556803 0.043019828949789674
grad2 1.0279812623162154 0.029936086881120663
grad3 1.0001852818307801 0.033832319484176684
grad4 1.0541937349759012 0.028219188682081696
tfp 0.6402592229336113 0.021693975149360317
f =  47.54502750920504 , pars =  [2.35301353e-03 3.43449440e+00 7.95094826e-01 6.42583926e-01]
- current state of moments (data, sim):
mshare 0.07812250000000001 0.08356580827786218
trans_fromgood 0.9651100411642269 0.9677582924509163
trans_frombad 0.3564022363556803 0.3596680109778269
grad2 1.0279812623162154 1.1110578076268667
grad3 1.0001852818307801 1.1482906019419503
grad4 1.0541937349759012 1.164622292621152
tfp 0.6402592229336113 0.5927934129416309
f =  18.708810535894308 , pars =  [0.10235301 3.4344944  0.79509483 0.64258393]
- current state of moments (data, sim):
mshare 0.07812250000000001 0.06764064421822165
trans_fromgood 0.9651100411642269 0.9677582924509159
trans_frombad 0.3564022363556803 0.3867587625012191
grad2 1.0279812623162154 1.0566882786354652
grad3 1.0001852818307801 1.0904517238374152
grad4 1.0541937349759012 1.1087918945442943
tfp 0.6402592229336113 0.592245396993674
f =  29.335422661598354 , pars =  [2.35301353e-03 3.53449440e+00 7.95094826e-01 6.42583926e-01]
- current state of moments (data, sim):
mshare 0.07812250000000001 0.07684833723802695
trans_fromgood 0.9651100411642269 0.9708264965882163
trans_frombad 0.3564022363556803 0.3781772136609008
grad2 1.0279812623162154 1.086677848452968
grad3 1.0001852818307801 1.1154460678030433
grad4 1.0541937349759012 1.1291979771975658
tfp 0.6402592229336113 0.5892941931807552
f =  34.51541850629848 , pars =  [2.35301353e-03 3.43449440e+00 8.95094826e-01 6.42583926e-01]
- current state of moments (data, sim):
mshare 0.07812250000000001 0.07597115511042517
trans_fromgood 0.9651100411642269 0.9677582924509166
trans_frombad 0.3564022363556803 0.4187996588757659
grad2 1.0279812623162154 1.0898438343480727
grad3 1.0001852818307801 1.1179834313195833
grad4 1.0541937349759012 1.1298941763994412
tfp 0.6402592229336113 0.7036807697401604
f =  67.73600233368175 , pars =  [2.35301353e-03 3.43449440e+00 7.95094826e-01 7.42583926e-01]
- current state of moments (data, sim):
mshare 0.07812250000000001 0.09368402310880017
trans_fromgood 0.9651100411642269 0.9677582924509167
trans_frombad 0.3564022363556803 0.3283503767716181
grad2 1.0279812623162154 1.125556468056765
grad3 1.0001852818307801 1.1690470067272625
grad4 1.0541937349759012 1.189235684667708
tfp 0.6402592229336113 0.5881701893429833
f =  133.87251814573136 , pars =  [-0.09764699  3.4344944   0.79509483  0.64258393]
- current state of moments (data, sim):
mshare 0.07812250000000001 0.09592584670940922
trans_fromgood 0.9651100411642269 0.967758292450917
trans_frombad 0.3564022363556803 0.27421151823970596
grad2 1.0279812623162154 1.151101867194927
grad3 1.0001852818307801 1.233975718498471
grad4 1.0541937349759012 1.2645245942742822
tfp 0.6402592229336113 0.587122523774308
f =  61.55152809331427 , pars =  [2.35301353e-03 3.33449440e+00 7.95094826e-01 6.42583926e-01]
- current state of moments (data, sim):
mshare 0.07812250000000001 0.0914843839142345
trans_fromgood 0.9651100411642269 0.9643674024676538
trans_frombad 0.3564022363556803 0.3595305413676667
grad2 1.0279812623162154 1.1235548175127397
grad3 1.0001852818307801 1.1640422330252096
grad4 1.0541937349759012 1.1824208424437919
tfp 0.6402592229336113 0.5912590985325707
f =  122.95804171918137 , pars =  [2.35301353e-03 3.43449440e+00 6.95094826e-01 6.42583926e-01]
- current state of moments (data, sim):
mshare 0.07812250000000001 0.09259595835489985
trans_fromgood 0.9651100411642269 0.9677582924509175
trans_frombad 0.3564022363556803 0.29039070392538235
grad2 1.0279812623162154 1.1259394894473542
grad3 1.0001852818307801 1.1806996460635262
grad4 1.0541937349759012 1.208300080944563
tfp 0.6402592229336113 0.488579469731869
f =  27.703893724663118 , pars =  [2.35301353e-03 3.43449440e+00 7.95094826e-01 5.42583926e-01]
- current state of moments (data, sim):
mshare 0.07812250000000001 0.07382175936432137
trans_fromgood 0.9651100411642269 0.9677582924509175
trans_frombad 0.3564022363556803 0.41707809237235816
grad2 1.0279812623162154 1.0849735640881266
grad3 1.0001852818307801 1.1107688989784898
grad4 1.0541937349759012 1.122745254859534
tfp 0.6402592229336113 0.5914379321134986
f =  19.37651173037437 , pars =  [0.1024668  3.49125057 0.84269731 0.57540708]
- current state of moments (data, sim):
mshare 0.07812250000000001 0.058519129613935496
trans_fromgood 0.9651100411642269 0.9695372473456865
trans_frombad 0.3564022363556803 0.415515652953289
grad2 1.0279812623162154 1.062516825871001
grad3 1.0001852818307801 1.0918275179398913
grad4 1.0541937349759012 1.1053650689303554
tfp 0.6402592229336113 0.6277633221313432
f =  19.01435957603771 , pars =  [0.10280195 3.41800295 0.84151467 0.65112962]
- current state of moments (data, sim):
mshare 0.07812250000000001 0.06732631951609817
trans_fromgood 0.9651100411642269 0.9672221713854524
trans_frombad 0.3564022363556803 0.39101409725523617
grad2 1.0279812623162154 1.0672963454283162
grad3 1.0001852818307801 1.1032824318144958
grad4 1.0541937349759012 1.1203032584867534
tfp 0.6402592229336113 0.627661071601465
f =  26.375473443004143 , pars =  [0.10230379 3.44440086 0.79472694 0.65019801]
- current state of moments (data, sim):
mshare 0.07812250000000001 0.06798806750623838
trans_fromgood 0.9651100411642269 0.9680761168960544
trans_frombad 0.3564022363556803 0.36751078616947813
grad2 1.0279812623162154 1.0606156068389097
grad3 1.0001852818307801 1.097994564223468
grad4 1.0541937349759012 1.1183385193035795
tfp 0.6402592229336113 0.571334988407926
f =  20.46184927724738 , pars =  [0.10585291 3.41923485 0.79873711 0.62343632]
- current state of moments (data, sim):
mshare 0.07812250000000001 0.06695027480852529
trans_fromgood 0.9651100411642269 0.9672625257143341
trans_frombad 0.3564022363556803 0.389336518380111
grad2 1.0279812623162154 1.0579567819447782
grad3 1.0001852818307801 1.0922028044070387
grad4 1.0541937349759012 1.110555837667535
tfp 0.6402592229336113 0.5877800819788401
f =  18.94790618082765 , pars =  [0.10156191 3.42926955 0.79286492 0.65077555]
- current state of moments (data, sim):
mshare 0.07812250000000001 0.06853304081008067
trans_fromgood 0.9651100411642269 0.9675893935384067
trans_frombad 0.3564022363556803 0.3821491926905614
grad2 1.0279812623162154 1.0568484042048079
grad3 1.0001852818307801 1.091512117621305
grad4 1.0541937349759012 1.110609812553392
tfp 0.6402592229336113 0.591333778873532
f =  20.28498075272757 , pars =  [0.09398551 3.43008815 0.7968505  0.63984759]
- current state of moments (data, sim):
mshare 0.07812250000000001 0.06897150835372126
trans_fromgood 0.9651100411642269 0.9676159139639988
trans_frombad 0.3564022363556803 0.3830855427167693
grad2 1.0279812623162154 1.060637609286824
grad3 1.0001852818307801 1.0956268763352273
grad4 1.0541937349759012 1.1141568981439964
tfp 0.6402592229336113 0.5915530498519015
f =  25.05461435509395 , pars =  [0.09919866 3.43545186 0.78579046 0.64098325]
- current state of moments (data, sim):
mshare 0.07812250000000001 0.06845969407750838
trans_fromgood 0.9651100411642269 0.9677891480085925
trans_frombad 0.3564022363556803 0.3718881520958366
grad2 1.0279812623162154 1.0594198918249644
grad3 1.0001852818307801 1.0960464917783745
grad4 1.0541937349759012 1.116086535369926
tfp 0.6402592229336113 0.5728888144883805
f =  15.817597327083552 , pars =  [0.11009908 3.43023823 0.7997718  0.64268056]
- current state of moments (data, sim):
mshare 0.07812250000000001 0.06657595446396622
trans_fromgood 0.9651100411642269 0.9676207737756557
trans_frombad 0.3564022363556803 0.3956751322739643
grad2 1.0279812623162154 1.053035571529423
grad3 1.0001852818307801 1.0852551038063503
grad4 1.0541937349759012 1.1029872504192537
tfp 0.6402592229336113 0.6015553487346968
f =  14.864780852491457 , pars =  [0.10432707 3.42641378 0.80689397 0.64383477]
- current state of moments (data, sim):
mshare 0.07812250000000001 0.06735640799783742
trans_fromgood 0.9651100411642269 0.9674967039008833
trans_frombad 0.3564022363556803 0.3983769982161018
grad2 1.0279812623162154 1.0548861163798429
grad3 1.0001852818307801 1.0870585637117303
grad4 1.0541937349759012 1.104391543293323
tfp 0.6402592229336113 0.6112703823810204
f =  13.350579855995989 , pars =  [0.10012018 3.42243748 0.81239721 0.64985186]
- current state of moments (data, sim):
mshare 0.07812250000000001 0.06816738970288781
trans_fromgood 0.9651100411642269 0.967367203800901
trans_frombad 0.3564022363556803 0.4044906622620614
grad2 1.0279812623162154 1.054955905302989
grad3 1.0001852818307801 1.086283584233752
grad4 1.0541937349759012 1.1029363791134925
tfp 0.6402592229336113 0.6251204365784383
f =  16.300880612834547 , pars =  [0.09167099 3.4136371  0.81967264 0.66393137]
- current state of moments (data, sim):
mshare 0.07812250000000001 0.07119858555020539
trans_fromgood 0.9651100411642269 0.9670787553989391
trans_frombad 0.3564022363556803 0.3947319729762242
grad2 1.0279812623162154 1.0624447370241694
grad3 1.0001852818307801 1.0964131925681244
grad4 1.0541937349759012 1.1133747671662564
tfp 0.6402592229336113 0.6185648016344256
f =  14.171885920942888 , pars =  [0.10069404 3.41424611 0.81176748 0.64417951]
- current state of moments (data, sim):
mshare 0.07812250000000001 0.06838946078574733
trans_fromgood 0.9651100411642269 0.9670987986973492
trans_frombad 0.3564022363556803 0.40260919939398226
grad2 1.0279812623162154 1.056066754232664
grad3 1.0001852818307801 1.0880659861831241
grad4 1.0541937349759012 1.1050547036129235
tfp 0.6402592229336113 0.6198168790541537
f =  15.624853964587668 , pars =  [0.0944218  3.42235696 0.82048858 0.65128424]
- current state of moments (data, sim):
mshare 0.07812250000000001 0.06942333688028852
trans_fromgood 0.9651100411642269 0.9673645762373831
trans_frombad 0.3564022363556803 0.4023168604645877
grad2 1.0279812623162154 1.060844780053828
grad3 1.0001852818307801 1.093307029672123
grad4 1.0541937349759012 1.1091615640327963
tfp 0.6402592229336113 0.6202827664031352
f =  20.070498927351768 , pars =  [0.10658032 3.42079146 0.81961853 0.65169837]
- current state of moments (data, sim):
mshare 0.07812250000000001 0.06743927143226018
trans_fromgood 0.9651100411642269 0.9673134452463111
trans_frombad 0.3564022363556803 0.3797892181695568
grad2 1.0279812623162154 1.0629974564034133
grad3 1.0001852818307801 1.0998225034399138
grad4 1.0541937349759012 1.119004481461156
tfp 0.6402592229336113 0.603032415473194
f =  15.236281121565934 , pars =  [0.09822452 3.41505829 0.80600533 0.65089976]
- current state of moments (data, sim):
mshare 0.07812250000000001 0.06925580938342764
trans_fromgood 0.9651100411642269 0.9671255097388474
trans_frombad 0.3564022363556803 0.3942841165760756
grad2 1.0279812623162154 1.057261455841613
grad3 1.0001852818307801 1.090681661459632
grad4 1.0541937349759012 1.108467587048416
tfp 0.6402592229336113 0.6129487742853849
f =  17.078101844366227 , pars =  [0.09325642 3.42508298 0.80794515 0.64474605]
- current state of moments (data, sim):
mshare 0.07812250000000001 0.06924682579047425
trans_fromgood 0.9651100411642269 0.96745341988181
trans_frombad 0.3564022363556803 0.39178480483159445
grad2 1.0279812623162154 1.0600772522754889
grad3 1.0001852818307801 1.0937146949324508
grad4 1.0541937349759012 1.1113014371244563
tfp 0.6402592229336113 0.6066371902340383
f =  13.689101064924339 , pars =  [0.10132332 3.42735827 0.80844423 0.65751425]
- current state of moments (data, sim):
mshare 0.07812250000000001 0.06832354224850669
trans_fromgood 0.9651100411642269 0.9675273885150965
trans_frombad 0.3564022363556803 0.3983237587255094
grad2 1.0279812623162154 1.0547613839835825
grad3 1.0001852818307801 1.0868588655505886
grad4 1.0541937349759012 1.1041586012837106
tfp 0.6402592229336113 0.6195409851075727
f =  15.278248042752924 , pars =  [0.09609764 3.41702995 0.81485344 0.65681927]
- current state of moments (data, sim):
mshare 0.07812250000000001 0.06990685826214246
trans_fromgood 0.9651100411642269 0.9671902630717304
trans_frombad 0.3564022363556803 0.3962639161280303
grad2 1.0279812623162154 1.0590187888958549
grad3 1.0001852818307801 1.0919212525386677
grad4 1.0541937349759012 1.1092685128067146
tfp 0.6402592229336113 0.6160786248633604
f =  14.918685443419278 , pars =  [0.10234315 3.42297915 0.80832261 0.65128305]
- current state of moments (data, sim):
mshare 0.07812250000000001 0.06829064067545827
trans_fromgood 0.9651100411642269 0.9673848753671592
trans_frombad 0.3564022363556803 0.3961588005652452
grad2 1.0279812623162154 1.0559422266014944
grad3 1.0001852818307801 1.0885869534738375
grad4 1.0541937349759012 1.1061267828034496
tfp 0.6402592229336113 0.6122901664322296
f =  15.498344179233532 , pars =  [0.1005844  3.42306747 0.81245241 0.64923174]
- current state of moments (data, sim):
mshare 0.07812250000000001 0.0684283171177246
trans_fromgood 0.9651100411642269 0.9673877558766364
trans_frombad 0.3564022363556803 0.3959444092177046
grad2 1.0279812623162154 1.057513213475812
grad3 1.0001852818307801 1.090451107099487
grad4 1.0541937349759012 1.1078819269015554
tfp 0.6402592229336113 0.6123242776096699
f =  13.47618139511849 , pars =  [0.09864923 3.4210795  0.8117343  0.65108644]
- current state of moments (data, sim):
mshare 0.07812250000000001 0.0685120611349034
trans_fromgood 0.9651100411642269 0.9673228590841065
trans_frombad 0.3564022363556803 0.4032437642581038
grad2 1.0279812623162154 1.0555266524595195
grad3 1.0001852818307801 1.0871027193934657
grad4 1.0541937349759012 1.1038749792498939
tfp 0.6402592229336113 0.6250940996873184
f =  13.66135819894934 , pars =  [0.10026887 3.4216914  0.81235625 0.64920411]
- current state of moments (data, sim):
mshare 0.07812250000000001 0.06823264062952535
trans_fromgood 0.9651100411642269 0.9673428480812358
trans_frombad 0.3564022363556803 0.40324759425788076
grad2 1.0279812623162154 1.055384680267528
grad3 1.0001852818307801 1.086974363960216
grad4 1.0541937349759012 1.1037532819346927
tfp 0.6402592229336113 0.6227797600766295
f =  13.087695635280758 , pars =  [0.10001129 3.42202974 0.81272346 0.65069771]
- current state of moments (data, sim):
mshare 0.07812250000000001 0.0681695463614971
trans_fromgood 0.9651100411642269 0.9673538955911973
trans_frombad 0.3564022363556803 0.4056378342905428
grad2 1.0279812623162154 1.054629653154397
grad3 1.0001852818307801 1.0857528320112695
grad4 1.0541937349759012 1.1022951583972502
tfp 0.6402592229336113 0.6275491567355138
f =  13.258437332073077 , pars =  [0.09914893 3.42235195 0.81242984 0.6504402 ]
- current state of moments (data, sim):
mshare 0.07812250000000001 0.06829754183012975
trans_fromgood 0.9651100411642269 0.9673644128271123
trans_frombad 0.3564022363556803 0.40501341668246366
grad2 1.0279812623162154 1.0550814308417282
grad3 1.0001852818307801 1.0862921578522762
grad4 1.0541937349759012 1.1028680933794277
tfp 0.6402592229336113 0.6265710746988085
f =  13.315573283969734 , pars =  [0.10013031 3.42256974 0.81230661 0.65141915]
- current state of moments (data, sim):
mshare 0.07812250000000001 0.06824673928616937
trans_fromgood 0.9651100411642269 0.9673715194816046
trans_frombad 0.3564022363556803 0.4039176216393951
grad2 1.0279812623162154 1.0549121069731824
grad3 1.0001852818307801 1.0863246682987189
grad4 1.0541937349759012 1.1030268382453137
tfp 0.6402592229336113 0.6251495725481913
f =  16.378952705935074 , pars =  [0.10020221 3.4216028  0.81184071 0.65065277]
- current state of moments (data, sim):
mshare 0.07812250000000001 0.06883304310764111
trans_fromgood 0.9651100411642269 0.967339954536567
trans_frombad 0.3564022363556803 0.3935683625046619
grad2 1.0279812623162154 1.0584465612428964
grad3 1.0001852818307801 1.0924281178501896
grad4 1.0541937349759012 1.1098901811119533
tfp 0.6402592229336113 0.6089561182952578
f =  14.141170404423473 , pars =  [0.09959976 3.42188492 0.81360224 0.65050429]
- current state of moments (data, sim):
mshare 0.07812250000000001 0.06850804675739477
trans_fromgood 0.9651100411642269 0.9673491673462655
trans_frombad 0.3564022363556803 0.40150787135782606
grad2 1.0279812623162154 1.0563917799009892
grad3 1.0001852818307801 1.0882510502747487
grad4 1.0541937349759012 1.1051254937697412
tfp 0.6402592229336113 0.6202849996081164
f =  14.12555637083314 , pars =  [0.10071326 3.42253458 0.8132258  0.65069393]
- current state of moments (data, sim):
mshare 0.07812250000000001 0.06834106442176532
trans_fromgood 0.9651100411642269 0.9673703725126118
trans_frombad 0.3564022363556803 0.400927469720379
grad2 1.0279812623162154 1.055975166961667
grad3 1.0001852818307801 1.0879684850772553
grad4 1.0541937349759012 1.104953661170637
tfp 0.6402592229336113 0.6195625554607559
f =  13.949114121095723 , pars =  [0.09964592 3.42185416 0.81269778 0.65040612]
- current state of moments (data, sim):
mshare 0.07812250000000001 0.06848429284108266
trans_fromgood 0.9651100411642269 0.96734816294582
trans_frombad 0.3564022363556803 0.4034310055833052
grad2 1.0279812623162154 1.0560064238539841
grad3 1.0001852818307801 1.087974180157238
grad4 1.0541937349759012 1.1044486796303796
tfp 0.6402592229336113 0.6220126515822009
f =  14.253897764194097 , pars =  [0.10008125 3.42194332 0.81277967 0.65068765]
- current state of moments (data, sim):
mshare 0.07812250000000001 0.06845860658113323
trans_fromgood 0.9651100411642269 0.9673510742111268
trans_frombad 0.3564022363556803 0.40019267679506776
grad2 1.0279812623162154 1.0562853232798237
grad3 1.0001852818307801 1.0884132822515598
grad4 1.0541937349759012 1.1054474448107237
tfp 0.6402592229336113 0.619087467700845
f =  14.738432366361158 , pars =  [0.09990293 3.42225175 0.81275133 0.65072406]
- current state of moments (data, sim):
mshare 0.07812250000000001 0.06860672259474485
trans_fromgood 0.9651100411642269 0.9673611424501705
trans_frombad 0.3564022363556803 0.39983752803353345
grad2 1.0279812623162154 1.056916216827112
grad3 1.0001852818307801 1.0895772090455653
grad4 1.0541937349759012 1.1063931650561158
tfp 0.6402592229336113 0.6170718981869255
f =  15.707181537775357 , pars =  [0.10005192 3.4220651  0.81270525 0.65061545]
- current state of moments (data, sim):
mshare 0.07812250000000001 0.06867551909758764
trans_fromgood 0.9651100411642269 0.967355049954313
trans_frombad 0.3564022363556803 0.39482943975679824
grad2 1.0279812623162154 1.0579421190108977
grad3 1.0001852818307801 1.0911265156323129
grad4 1.0541937349759012 1.108677928548071
tfp 0.6402592229336113 0.611712815615148
f =  15.712831797132912 , pars =  [0.09996607 3.42200706 0.81271324 0.65078336]
- current state of moments (data, sim):
mshare 0.07812250000000001 0.06871214405986464
trans_fromgood 0.9651100411642269 0.9673531549164209
trans_frombad 0.3564022363556803 0.3948417041370156
grad2 1.0279812623162154 1.0579840853685096
grad3 1.0001852818307801 1.091165894015718
grad4 1.0541937349759012 1.1087131582827032
tfp 0.6402592229336113 0.6117147990378451
f =  13.93543770299672 , pars =  [0.10007726 3.42208257 0.81276721 0.65072841]
- current state of moments (data, sim):
mshare 0.07812250000000001 0.0683877224036156
trans_fromgood 0.9651100411642269 0.9673556200103463
trans_frombad 0.3564022363556803 0.40151119650601397
grad2 1.0279812623162154 1.0558563498100677
grad3 1.0001852818307801 1.0877434996207727
grad4 1.0541937349759012 1.1046759437238427
tfp 0.6402592229336113 0.6210761659488401
f =  15.168913668590694 , pars =  [0.09997228 3.42202449 0.81280862 0.6506631 ]
- current state of moments (data, sim):
mshare 0.07812250000000001 0.06862275849007107
trans_fromgood 0.9651100411642269 0.9673537239856043
trans_frombad 0.3564022363556803 0.39675195205845665
grad2 1.0279812623162154 1.0573983149497712
grad3 1.0001852818307801 1.090189162982572
grad4 1.0541937349759012 1.1075337098811118
tfp 0.6402592229336113 0.6142372415740166
f =  16.21580790069034 , pars =  [0.1000353  3.42198603 0.8126368  0.65069637]
- current state of moments (data, sim):
mshare 0.07812250000000001 0.06880774458130536
trans_fromgood 0.9651100411642269 0.9673524683318422
trans_frombad 0.3564022363556803 0.3943354935389089
grad2 1.0279812623162154 1.0584563933983986
grad3 1.0001852818307801 1.0922687453323514
grad4 1.0541937349759012 1.109627869329683
tfp 0.6402592229336113 0.6100271840676854
f =  15.716018683887764 , pars =  [0.09998069 3.42211153 0.81268097 0.65072155]
- current state of moments (data, sim):
mshare 0.07812250000000001 0.06869143807242198
trans_fromgood 0.9651100411642269 0.9673565656081928
trans_frombad 0.3564022363556803 0.39480221527172205
grad2 1.0279812623162154 1.0579744944812026
grad3 1.0001852818307801 1.091156568521869
grad4 1.0541937349759012 1.108704558511878
tfp 0.6402592229336113 0.6116901364915799
f =  13.949401091650993 , pars =  [0.09996383 3.42210619 0.81276708 0.65069883]
- current state of moments (data, sim):
mshare 0.07812250000000001 0.06839397627117708
trans_fromgood 0.9651100411642269 0.9673563911044818
trans_frombad 0.3564022363556803 0.4014580826971724
grad2 1.0279812623162154 1.0559046300058244
grad3 1.0001852818307801 1.0877975272349902
grad4 1.0541937349759012 1.1047280426674682
tfp 0.6402592229336113 0.6210760255898626
f =  15.005971428669126 , pars =  [0.09998549 3.4219458  0.81271719 0.65065028]
- current state of moments (data, sim):
mshare 0.07812250000000001 0.06859849553086461
trans_fromgood 0.9651100411642269 0.9673511550900553
trans_frombad 0.3564022363556803 0.39751678572259475
grad2 1.0279812623162154 1.0572458081548686
grad3 1.0001852818307801 1.0898743211002202
grad4 1.0541937349759012 1.1071516829862955
tfp 0.6402592229336113 0.6150768240646723
f =  13.191751592067611 , pars =  [0.10004985 3.42201081 0.81273976 0.6507174 ]
- current state of moments (data, sim):
mshare 0.07812250000000001 0.06823200392440872
trans_fromgood 0.9651100411642269 0.9673532773117292
trans_frombad 0.3564022363556803 0.4066045586591747
grad2 1.0279812623162154 1.0547206069300923
grad3 1.0001852818307801 1.0861261722443505
grad4 1.0541937349759012 1.1023532628877908
tfp 0.6402592229336113 0.6275749849647692
f =  16.528003020878963 , pars =  [0.10001623 3.42203198 0.81272239 0.65068938]
- current state of moments (data, sim):
mshare 0.07812250000000001 0.06878082782440022
trans_fromgood 0.9651100411642269 0.9673539686557998
trans_frombad 0.3564022363556803 0.3921004916827269
grad2 1.0279812623162154 1.0588028701685643
grad3 1.0001852818307801 1.0925432732279694
grad4 1.0541937349759012 1.110361384087456
tfp 0.6402592229336113 0.6083299105481885
f =  13.090939364763653 , pars =  [0.09999767 3.42202611 0.81273182 0.65071659]
- current state of moments (data, sim):
mshare 0.07812250000000001 0.0681747465715668
trans_fromgood 0.9651100411642269 0.9673537768854469
trans_frombad 0.3564022363556803 0.405659376877344
grad2 1.0279812623162154 1.0546376290756465
grad3 1.0001852818307801 1.0857603844923693
grad4 1.0541937349759012 1.1023126459462016
tfp 0.6402592229336113 0.6275559702416145
f =  14.363550926384239 , pars =  [0.10001349 3.4220276  0.81271423 0.65070002]
- current state of moments (data, sim):
mshare 0.07812250000000001 0.06848175394422919
trans_fromgood 0.9651100411642269 0.9673538256870112
trans_frombad 0.3564022363556803 0.3996728005714822
grad2 1.0279812623162154 1.0564157273421864
grad3 1.0001852818307801 1.0886607522307667
grad4 1.0541937349759012 1.1057660772678322
tfp 0.6402592229336113 0.618523143188676
f =  15.578169969043522 , pars =  [0.10000609 3.42202936 0.81273084 0.650702  ]
- current state of moments (data, sim):
mshare 0.07812250000000001 0.06868105438596427
trans_fromgood 0.9651100411642269 0.9673538831047432
trans_frombad 0.3564022363556803 0.3953588292760179
grad2 1.0279812623162154 1.0578362778080637
grad3 1.0001852818307801 1.0909109874312355
grad4 1.0541937349759012 1.1084040380465525
tfp 0.6402592229336113 0.6123048725952043
f =  14.69785133821242 , pars =  [0.10000872 3.42203885 0.81272066 0.65069934]
- current state of moments (data, sim):
mshare 0.07812250000000001 0.06853954441933136
trans_fromgood 0.9651100411642269 0.9673541928535222
trans_frombad 0.3564022363556803 0.39846112387091875
grad2 1.0279812623162154 1.0568393332249797
grad3 1.0001852818307801 1.0893057546682037
grad4 1.0541937349759012 1.106508950076443
tfp 0.6402592229336113 0.6166617641050051
f =  13.975404551575803 , pars =  [0.10001239 3.42202611 0.81272313 0.65070695]
- current state of moments (data, sim):
mshare 0.07812250000000001 0.06840860385574217
trans_fromgood 0.9651100411642269 0.9673537768744903
trans_frombad 0.3564022363556803 0.40129508653005685
grad2 1.0279812623162154 1.0559270039410071
grad3 1.0001852818307801 1.0878522578262582
grad4 1.0541937349759012 1.1047919369526644
tfp 0.6402592229336113 0.6208347033481554
f =  13.34424535453477 , pars =  [0.10000839 3.42202138 0.81272298 0.65069308]
- current state of moments (data, sim):
mshare 0.07812250000000001 0.06826227339288721
trans_fromgood 0.9651100411642269 0.9673536225064517
trans_frombad 0.3564022363556803 0.404364151362385
grad2 1.0279812623162154 1.055033558158424
grad3 1.0001852818307801 1.0863946655103478
grad4 1.0541937349759012 1.103066265166598
tfp 0.6402592229336113 0.6253198097527045
f =  15.786313203799628 , pars =  [0.10000219 3.42202884 0.81271942 0.65069812]
- current state of moments (data, sim):
mshare 0.07812250000000001 0.06874052441695924
trans_fromgood 0.9651100411642269 0.9673538661260628
trans_frombad 0.3564022363556803 0.3955246778150266
grad2 1.0279812623162154 1.0580524568847856
grad3 1.0001852818307801 1.0914381077653899
grad4 1.0541937349759012 1.1087441326471117
tfp 0.6402592229336113 0.6117233934149563
f =  16.633250468843812 , pars =  [0.1000196  3.42202656 0.81272755 0.65069972]
- current state of moments (data, sim):
mshare 0.07812250000000001 0.06885825212437599
trans_fromgood 0.9651100411642269 0.9673537915671266
trans_frombad 0.3564022363556803 0.39311966275175675
grad2 1.0279812623162154 1.0589164159002111
grad3 1.0001852818307801 1.0929645464397506
grad4 1.0541937349759012 1.110432508902688
tfp 0.6402592229336113 0.6083551347452649
f =  13.343443617642329 , pars =  [0.10001134 3.4220253  0.81272135 0.65069827]
- current state of moments (data, sim):
mshare 0.07812250000000001 0.06825550202360438
trans_fromgood 0.9651100411642269 0.9673537505353449
trans_frombad 0.3564022363556803 0.4043225684566776
grad2 1.0279812623162154 1.0550300952066614
grad3 1.0001852818307801 1.0863936453735152
grad4 1.0541937349759012 1.1030711247273761
tfp 0.6402592229336113 0.6253275781513629
f =  13.089794315681118 , pars =  [0.10001151 3.42202982 0.81272337 0.65069674]
- current state of moments (data, sim):
mshare 0.07812250000000001 0.06817169706624969
trans_fromgood 0.9651100411642269 0.9673538979559547
trans_frombad 0.3564022363556803 0.40565593948200634
grad2 1.0279812623162154 1.0546286940685448
grad3 1.0001852818307801 1.0857521808641186
grad4 1.0541937349759012 1.1023104053962862
tfp 0.6402592229336113 0.6275499393104356
f =  14.092579177983374 , pars =  [0.10001198 3.4220301  0.81272114 0.65069731]
- current state of moments (data, sim):
mshare 0.07812250000000001 0.06847313317719296
trans_fromgood 0.9651100411642269 0.9673539070570488
trans_frombad 0.3564022363556803 0.4022175238741351
grad2 1.0279812623162154 1.0560403046173181
grad3 1.0001852818307801 1.0882782739019243
grad4 1.0541937349759012 1.1049075626342153
tfp 0.6402592229336113 0.6208389791997764
f =  15.7057848772965 , pars =  [0.10001079 3.4220296  0.81272431 0.65069783]
- current state of moments (data, sim):
mshare 0.07812250000000001 0.06868796794798651
trans_fromgood 0.9651100411642269 0.9673538909563003
trans_frombad 0.3564022363556803 0.39482301990283336
grad2 1.0279812623162154 1.0579653469207344
grad3 1.0001852818307801 1.091139670642124
grad4 1.0541937349759012 1.1086740134922326
tfp 0.6402592229336113 0.6117232925519475
f =  13.838448098618697 , pars =  [0.10001203 3.4220302  0.81272315 0.65069808]
- current state of moments (data, sim):
mshare 0.07812250000000001 0.06840691614909358
trans_fromgood 0.9651100411642269 0.9673539105412496
trans_frombad 0.3564022363556803 0.4032463228535392
grad2 1.0279812623162154 1.0556877846311843
grad3 1.0001852818307801 1.0877348522834196
grad4 1.0541937349759012 1.1042729701005605
tfp 0.6402592229336113 0.622554065279577
f =  15.582477592558634 , pars =  [0.10001078 3.42203059 0.81272329 0.65069771]
- current state of moments (data, sim):
mshare 0.07812250000000001 0.06867503838045903
trans_fromgood 0.9651100411642269 0.9673539232137267
trans_frombad 0.3564022363556803 0.3953522882845087
grad2 1.0279812623162154 1.057841085094396
grad3 1.0001852818307801 1.0909169188764414
grad4 1.0541937349759012 1.1084081540339898
tfp 0.6402592229336113 0.6122930868756581
f =  15.703774122832666 , pars =  [0.10001123 3.42202893 0.81272288 0.65069773]
- current state of moments (data, sim):
mshare 0.07812250000000001 0.0686929826054023
trans_fromgood 0.9651100411642269 0.9673538691489373
trans_frombad 0.3564022363556803 0.3948556024436269
grad2 1.0279812623162154 1.0579657907671485
grad3 1.0001852818307801 1.0911351003103749
grad4 1.0541937349759012 1.108661856206148
tfp 0.6402592229336113 0.6117222409464763
f =  15.708335711554488 , pars =  [0.10001209 3.42202936 0.81272389 0.65069779]
- current state of moments (data, sim):
mshare 0.07812250000000001 0.06869640936584613
trans_fromgood 0.9651100411642269 0.9673538829984474
trans_frombad 0.3564022363556803 0.39488880768703993
grad2 1.0279812623162154 1.0579670228033953
grad3 1.0001852818307801 1.0911407298961617
grad4 1.0541937349759012 1.1086844016234638
tfp 0.6402592229336113 0.6117231628173379
f =  13.345815621191573 , pars =  [0.1000116  3.42203046 0.812724   0.65069739]
- current state of moments (data, sim):
mshare 0.07812250000000001 0.06825352607011073
trans_fromgood 0.9651100411642269 0.9673539188807039
trans_frombad 0.3564022363556803 0.40429517771109824
grad2 1.0279812623162154 1.0550317871486787
grad3 1.0001852818307801 1.086402804714312
grad4 1.0541937349759012 1.1030824595716104
tfp 0.6402592229336113 0.6253208418018005
f =  15.685826160477959 , pars =  [0.10001152 3.42202984 0.8127225  0.65069758]
- current state of moments (data, sim):
mshare 0.07812250000000001 0.06874924324616515
trans_fromgood 0.9651100411642269 0.967353898628592
trans_frombad 0.3564022363556803 0.3963788283166153
grad2 1.0279812623162154 1.057954499139551
grad3 1.0001852818307801 1.0913153172421575
grad4 1.0541937349759012 1.1084582394119182
tfp 0.6402592229336113 0.6123053454920389
f =  13.344614331969689 , pars =  [0.10001156 3.42203043 0.81272347 0.65069703]
- current state of moments (data, sim):
mshare 0.07812250000000001 0.06825440193140726
trans_fromgood 0.9651100411642269 0.9673539178352666
trans_frombad 0.3564022363556803 0.40430659687695797
grad2 1.0279812623162154 1.055031444799462
grad3 1.0001852818307801 1.0863993982581792
grad4 1.0541937349759012 1.1030750389952262
tfp 0.6402592229336113 0.6253230639410666
f =  15.706986515541871 , pars =  [0.10001155 3.42203015 0.81272348 0.65069759]
- current state of moments (data, sim):
mshare 0.07812250000000001 0.06868782591782281
trans_fromgood 0.9651100411642269 0.9673539089771671
trans_frombad 0.3564022363556803 0.39481050780976856
grad2 1.0279812623162154 1.0579655014027027
grad3 1.0001852818307801 1.0911423530095892
grad4 1.0541937349759012 1.1086791964993812
tfp 0.6402592229336113 0.611718834294107
f =  15.709025135975708 , pars =  [0.10001127 3.42202972 0.81272346 0.65069761]
- current state of moments (data, sim):
mshare 0.07812250000000001 0.06869645555822759
trans_fromgood 0.9651100411642269 0.9673538948488599
trans_frombad 0.3564022363556803 0.39488266020625457
grad2 1.0279812623162154 1.0579659486450905
grad3 1.0001852818307801 1.0911455772292833
grad4 1.0541937349759012 1.108689437571031
tfp 0.6402592229336113 0.6117267413189212
f =  13.982944734269669 , pars =  [0.10001128 3.42202975 0.81272346 0.65069796]
- current state of moments (data, sim):
mshare 0.07812250000000001 0.06840342607815085
trans_fromgood 0.9651100411642269 0.9673538958105786
trans_frombad 0.3564022363556803 0.40122569822071413
grad2 1.0279812623162154 1.0559262875150617
grad3 1.0001852818307801 1.087876579257467
grad4 1.0541937349759012 1.1048418057989369
tfp 0.6402592229336113 0.6208387650466715
f =  14.090573529673236 , pars =  [0.10001131 3.42202975 0.81272336 0.6506977 ]
- current state of moments (data, sim):
mshare 0.07812250000000001 0.06848015181218554
trans_fromgood 0.9651100411642269 0.9673538959127123
trans_frombad 0.3564022363556803 0.4022801055608811
grad2 1.0279812623162154 1.0560424266718984
grad3 1.0001852818307801 1.0882690406550453
grad4 1.0541937349759012 1.1048913552700108
tfp 0.6402592229336113 0.6208406373807578
f =  15.819243663823158 , pars =  [0.10001131 3.42202977 0.81272353 0.65069776]
- current state of moments (data, sim):
mshare 0.07812250000000001 0.06876527643466097
trans_fromgood 0.9651100411642269 0.96735389653316
trans_frombad 0.3564022363556803 0.39585627157325154
grad2 1.0279812623162154 1.058086213322357
grad3 1.0001852818307801 1.0915661496966702
grad4 1.0541937349759012 1.1087626303509548
tfp 0.6402592229336113 0.6117304002899449
f =  13.979662420709655 , pars =  [0.10001136 3.42202968 0.81272347 0.65069771]
- current state of moments (data, sim):
mshare 0.07812250000000001 0.068408598068422
trans_fromgood 0.9651100411642269 0.967353893425823
trans_frombad 0.3564022363556803 0.4012677667473308
grad2 1.0279812623162154 1.0559327339403062
grad3 1.0001852818307801 1.0878682148640677
grad4 1.0541937349759012 1.1048106414663654
tfp 0.6402592229336113 0.6208300303770187
f =  16.134899988431048 , pars =  [0.10001122 3.42202969 0.81272343 0.65069775]
- current state of moments (data, sim):
mshare 0.07812250000000001 0.0687937177071321
trans_fromgood 0.9651100411642269 0.9673538939365052
trans_frombad 0.3564022363556803 0.3946058557140521
grad2 1.0279812623162154 1.0583975191783737
grad3 1.0001852818307801 1.0921320924952835
grad4 1.0541937349759012 1.1094430562455821
tfp 0.6402592229336113 0.610369204955506
f =  15.709903907006767 , pars =  [0.10001122 3.42202982 0.81272345 0.65069771]
- current state of moments (data, sim):
mshare 0.07812250000000001 0.0686941537169663
trans_fromgood 0.9651100411642269 0.9673538981080126
trans_frombad 0.3564022363556803 0.3948540852576057
grad2 1.0279812623162154 1.0579667658463112
grad3 1.0001852818307801 1.0911482350046666
grad4 1.0541937349759012 1.1086931659446773
tfp 0.6402592229336113 0.611722115871531
f =  13.731457510579054 , pars =  [0.10001137 3.4220298  0.81272343 0.65069772]
- current state of moments (data, sim):
mshare 0.07812250000000001 0.06834009991411615
trans_fromgood 0.9651100411642269 0.9673538973514264
trans_frombad 0.3564022363556803 0.40226148678672524
grad2 1.0279812623162154 1.0555774246093401
grad3 1.0001852818307801 1.0873425308896902
grad4 1.0541937349759012 1.1042149332682978
tfp 0.6402592229336113 0.6225436398887374
f =  15.712547041294968 , pars =  [0.10001129 3.42202975 0.81272344 0.65069781]
- current state of moments (data, sim):
mshare 0.07812250000000001 0.06869156057449696
trans_fromgood 0.9651100411642269 0.9673538958256073
trans_frombad 0.3564022363556803 0.3948237573765644
grad2 1.0279812623162154 1.0579646348865284
grad3 1.0001852818307801 1.0911558806838642
grad4 1.0541937349759012 1.1087076501710857
tfp 0.6402592229336113 0.6117199374742117
f =  13.090617576857968 , pars =  [0.10001133 3.42202976 0.81272345 0.65069768]
- current state of moments (data, sim):
mshare 0.07812250000000001 0.06817248942248434
trans_fromgood 0.9651100411642269 0.9673538962053604
trans_frombad 0.3564022363556803 0.4056643689707533
grad2 1.0279812623162154 1.0546296667241293
grad3 1.0001852818307801 1.0857552832788444
grad4 1.0541937349759012 1.1023108120918055
tfp 0.6402592229336113 0.627550085678432
f =  14.27138308749921 , pars =  [0.10001133 3.42202976 0.81272345 0.65069769]
- current state of moments (data, sim):
mshare 0.07812250000000001 0.06846141323771303
trans_fromgood 0.9651100411642269 0.9673538960513327
trans_frombad 0.3564022363556803 0.4001165824264047
grad2 1.0279812623162154 1.0563138869514161
grad3 1.0001852818307801 1.0884633212053199
grad4 1.0541937349759012 1.1055162951987967
tfp 0.6402592229336113 0.6190547819180954
f =  13.98325176074812 , pars =  [0.10001128 3.42202974 0.81272346 0.6506977 ]
- current state of moments (data, sim):
mshare 0.07812250000000001 0.06841193195388136
trans_fromgood 0.9651100411642269 0.9673538954891212
trans_frombad 0.3564022363556803 0.40129526515883446
grad2 1.0279812623162154 1.0559334628683932
grad3 1.0001852818307801 1.087872745897961
grad4 1.0541937349759012 1.1048282974596928
tfp 0.6402592229336113 0.6208295040490249
f =  16.594786724582264 , pars =  [0.1000113  3.42202975 0.81272345 0.65069773]
- current state of moments (data, sim):
mshare 0.07812250000000001 0.06878304608457896
trans_fromgood 0.9651100411642269 0.9673538956823671
trans_frombad 0.3564022363556803 0.3918515860818526
grad2 1.0279812623162154 1.0588698787632622
grad3 1.0001852818307801 1.0926610691076015
grad4 1.0541937349759012 1.110510599714577
tfp 0.6402592229336113 0.6080938868910555
f =  14.384481462159048 , pars =  [0.10001128 3.42202974 0.81272346 0.65069771]
- current state of moments (data, sim):
mshare 0.07812250000000001 0.06852027892667381
trans_fromgood 0.9651100411642269 0.9673538954053016
trans_frombad 0.3564022363556803 0.40063371331222103
grad2 1.0279812623162154 1.056435914951785
grad3 1.0001852818307801 1.0888235972871458
grad4 1.0541937349759012 1.1056671290075875
tfp 0.6402592229336113 0.6188431480749618
f =  14.8013033621763 , pars =  [0.10001129 3.42202975 0.81272347 0.65069771]
- current state of moments (data, sim):
mshare 0.07812250000000001 0.06856939167944608
trans_fromgood 0.9651100411642269 0.9673538956744215
trans_frombad 0.3564022363556803 0.39804349422506397
grad2 1.0279812623162154 1.0569408775312206
grad3 1.0001852818307801 1.0894971335390151
grad4 1.0541937349759012 1.1067516463590799
tfp 0.6402592229336113 0.6160625792296435
f =  15.81803671073505 , pars =  [0.10001129 3.42202974 0.81272346 0.65069771]
- current state of moments (data, sim):
mshare 0.07812250000000001 0.06876414446392333
trans_fromgood 0.9651100411642269 0.9673538953305735
trans_frombad 0.3564022363556803 0.3958431491398575
grad2 1.0279812623162154 1.0580815149089082
grad3 1.0001852818307801 1.0915622227699018
grad4 1.0541937349759012 1.1087623452818605
tfp 0.6402592229336113 0.6117297276600814
f =  13.521176643754043 , pars =  [0.10001128 3.42202975 0.81272345 0.6506977 ]
- current state of moments (data, sim):
mshare 0.07812250000000001 0.06830980097500972
trans_fromgood 0.9651100411642269 0.9673538958311947
trans_frombad 0.3564022363556803 0.40365426475323624
grad2 1.0279812623162154 1.0553253684524526
grad3 1.0001852818307801 1.0867972954712437
grad4 1.0541937349759012 1.1035171460160709
tfp 0.6402592229336113 0.6239569821969411
f =  14.27027759993129 , pars =  [0.10001129 3.42202974 0.81272345 0.65069771]
- current state of moments (data, sim):
mshare 0.07812250000000001 0.06846206671905918
trans_fromgood 0.9651100411642269 0.9673538955407966
trans_frombad 0.3564022363556803 0.4001124549694958
grad2 1.0279812623162154 1.05631064435457
grad3 1.0001852818307801 1.0884604287977906
grad4 1.0541937349759012 1.105516028413049
tfp 0.6402592229336113 0.619055605795745
f =  13.35166372827087 , pars =  [0.10001128 3.42202975 0.81272346 0.65069771]
- current state of moments (data, sim):
mshare 0.07812250000000001 0.06829023577278392
trans_fromgood 0.9651100411642269 0.9673538956813058
trans_frombad 0.3564022363556803 0.4055408752404302
grad2 1.0279812623162154 1.0550258687174654
grad3 1.0001852818307801 1.0864739068044198
grad4 1.0541937349759012 1.1028611634074343
tfp 0.6402592229336113 0.625867664910301
f =  16.636573283563745 , pars =  [0.10001129 3.42202975 0.81272346 0.65069772]
- current state of moments (data, sim):
mshare 0.07812250000000001 0.06885584710108245
trans_fromgood 0.9651100411642269 0.9673538956577868
trans_frombad 0.3564022363556803 0.39308751201831427
grad2 1.0279812623162154 1.0589198171063998
grad3 1.0001852818307801 1.0929738928512402
grad4 1.0541937349759012 1.110444755545627
tfp 0.6402592229336113 0.6083509198486499
f =  13.94851709888327 , pars =  [0.10001129 3.42202975 0.81272346 0.6506977 ]
- current state of moments (data, sim):
mshare 0.07812250000000001 0.06839539848405754
trans_fromgood 0.9651100411642269 0.9673538957303791
trans_frombad 0.3564022363556803 0.4014428617691678
grad2 1.0279812623162154 1.0558868761696865
grad3 1.0001852818307801 1.0877906669371362
grad4 1.0541937349759012 1.1047273592342086
tfp 0.6402592229336113 0.621041934328116
f =  15.579663343427962 , pars =  [0.10001128 3.42202974 0.81272346 0.65069771]
- current state of moments (data, sim):
mshare 0.07812250000000001 0.06867777655334366
trans_fromgood 0.9651100411642269 0.9673538956027306
trans_frombad 0.3564022363556803 0.3953878968797042
grad2 1.0279812623162154 1.0578419236721814
grad3 1.0001852818307801 1.0909087879630943
grad4 1.0541937349759012 1.1083921669193182
tfp 0.6402592229336113 0.612295468594616
f =  13.94603713714111 , pars =  [0.10001129 3.42202974 0.81272346 0.65069771]
- current state of moments (data, sim):
mshare 0.07812250000000001 0.06839566203771083
trans_fromgood 0.9651100411642269 0.9673538955694408
trans_frombad 0.3564022363556803 0.40145769399287473
grad2 1.0279812623162154 1.0558846927683272
grad3 1.0001852818307801 1.0877804993716103
grad4 1.0541937349759012 1.1047169296949784
tfp 0.6402592229336113 0.6210434651911532
f =  13.97879673212663 , pars =  [0.10001129 3.42202975 0.81272346 0.65069771]
- current state of moments (data, sim):
mshare 0.07812250000000001 0.06840685662272639
trans_fromgood 0.9651100411642269 0.9673538956606353
trans_frombad 0.3564022363556803 0.40124523638143084
grad2 1.0279812623162154 1.055929797194307
grad3 1.0001852818307801 1.087867382064567
grad4 1.0541937349759012 1.104810242571553
tfp 0.6402592229336113 0.6208278035885298
