cshare            0.680889
mshare            0.144225
trans_fromgood    0.961600
trans_frombad     0.205977
grad2             1.177713
grad3             1.222356
grad4             1.276081
Name: US, dtype: float64
cshare            0.009079
mshare            0.016178
trans_fromgood    0.001506
trans_frombad     0.009638
grad2             0.016617
grad3             0.016421
grad4             0.016628
Name: US, dtype: float64
                    mean        sd
cshare          0.680889  0.009079
mshare          0.144225  0.016178
trans_fromgood  0.961600  0.001506
trans_frombad   0.205977  0.009638
grad2           1.177713  0.016617
grad3           1.222356  0.016421
grad4           1.276081  0.016628
current parameter status : 
sigma 1.3053 True
beta 0.95 False
phi 0.3974 True
psi 0.1616 True
delta_h1 -0.989 True
delta_h2 3.5117 True
eta 0.0 False
tfp 1 False
price 1 False
risk 0.0 False
-- 
number of parameters:  10
number of free parameters:  5
current parameter status : 
sigma 1.3053 True
beta 0.95 False
phi 0.3974 True
psi 0.1616 True
delta_h1 -0.989 True
delta_h2 3.5117 True
eta 0.0 False
tfp 1 False
price 1 False
risk 0.0 False
- using these moments:
cshare 0.6808892149667144 0.009079433465468566
mshare 0.14422500000000002 0.01617846342973795
trans_fromgood 0.9615996486441867 0.0015062553539724164
trans_frombad 0.20597666978044457 0.009638163363181533
grad2 1.177712992763826 0.016617346336167793
grad3 1.2223556346247508 0.016421047162417955
grad4 1.2760806370630837 0.01662760246174447
f =  70.66669346104126 , pars =  [ 1.30531719  0.397405    0.16157805 -0.98895796  3.51165063]
- current state of moments (data, sim):
cshare 0.6808892149667144 0.6360331379651466
mshare 0.14422500000000002 0.15846528568103962
trans_fromgood 0.9615996486441867 0.9701523937433562
trans_frombad 0.20597666978044457 0.2050809152344435
grad2 1.177712992763826 1.127770756148369
grad3 1.2223556346247508 1.232320877236205
grad4 1.2760806370630837 1.308636078333927
f =  74.27205379394084 , pars =  [ 1.40531719  0.397405    0.16157805 -0.98895796  3.51165063]
- current state of moments (data, sim):
cshare 0.6808892149667144 0.6317382433854178
mshare 0.14422500000000002 0.15340529161488248
trans_fromgood 0.9615996486441867 0.9701523937433566
trans_frombad 0.20597666978044457 0.20902112435236958
grad2 1.177712992763826 1.1255303476663472
grad3 1.2223556346247508 1.227543547039437
grad4 1.2760806370630837 1.3015299158010347
f =  72.09382350749556 , pars =  [ 1.30531719  0.497405    0.16157805 -0.98895796  3.51165063]
- current state of moments (data, sim):
cshare 0.6808892149667144 0.6355735969725825
mshare 0.14422500000000002 0.1610922922110479
trans_fromgood 0.9615996486441867 0.9701523937433553
trans_frombad 0.20597666978044457 0.2182356459621077
grad2 1.177712992763826 1.1223840224626878
grad3 1.2223556346247508 1.2243500200304434
grad4 1.2760806370630837 1.2938066837976585
f =  138.35891365771658 , pars =  [ 1.30531719  0.397405    0.26157805 -0.98895796  3.51165063]
- current state of moments (data, sim):
cshare 0.6808892149667144 0.6419610003958545
mshare 0.14422500000000002 0.107945456555917
trans_fromgood 0.9615996486441867 0.970152393743357
trans_frombad 0.20597666978044457 0.27287378752708463
grad2 1.177712992763826 1.1031574934896302
grad3 1.2223556346247508 1.1823166031211325
grad4 1.2760806370630837 1.227729543167214
f =  69.13725402524317 , pars =  [ 1.30531719  0.397405    0.16157805 -0.88895796  3.51165063]
- current state of moments (data, sim):
cshare 0.6808892149667144 0.6370979101085646
mshare 0.14422500000000002 0.1519598035258999
trans_fromgood 0.9615996486441867 0.9701523937433558
trans_frombad 0.20597666978044457 0.2051780700859148
grad2 1.177712992763826 1.1274816211734822
grad3 1.2223556346247508 1.2316567462509436
grad4 1.2760806370630837 1.3090834211458435
f =  93.80537567442232 , pars =  [ 1.30531719  0.397405    0.16157805 -0.98895796  3.61165063]
- current state of moments (data, sim):
cshare 0.6808892149667144 0.6376980564833327
mshare 0.14422500000000002 0.14559952756985856
trans_fromgood 0.9615996486441867 0.9729927690201856
trans_frombad 0.20597666978044457 0.1992786377311495
grad2 1.177712992763826 1.1180118980203064
grad3 1.2223556346247508 1.2153672893422482
grad4 1.2760806370630837 1.286399466217243
f =  70.03146788772007 , pars =  [ 1.20531719  0.397405    0.16157805 -0.98895796  3.51165063]
- current state of moments (data, sim):
cshare 0.6808892149667144 0.641140161461459
mshare 0.14422500000000002 0.15971282799434533
trans_fromgood 0.9615996486441867 0.970152393743355
trans_frombad 0.20597666978044457 0.19589901663897571
grad2 1.177712992763826 1.1302440609213447
grad3 1.2223556346247508 1.2389760847503004
grad4 1.2760806370630837 1.3214030108422108
f =  149.47342585376688 , pars =  [ 1.30531719  0.297405    0.16157805 -0.98895796  3.51165063]
- current state of moments (data, sim):
cshare 0.6808892149667144 0.6359961472021831
mshare 0.14422500000000002 0.1566160748859263
trans_fromgood 0.9615996486441867 0.9701523937433565
trans_frombad 0.20597666978044457 0.15269487930871942
grad2 1.177712992763826 1.1431457810033652
grad3 1.2223556346247508 1.2659836518458103
grad4 1.2760806370630837 1.3939496896209493
f =  1377.8461932799305 , pars =  [ 1.30531719  0.397405    0.06157805 -0.98895796  3.51165063]
- current state of moments (data, sim):
cshare 0.6808892149667144 0.6160686291328367
mshare 0.14422500000000002 0.32679453809539427
trans_fromgood 0.9615996486441867 0.9701523937433573
trans_frombad 0.20597666978044457 0.05343475920370917
grad2 1.177712992763826 1.1761501336263291
grad3 1.2223556346247508 1.375065519094266
grad4 1.2760806370630837 1.755206264356002
f =  74.90975509894132 , pars =  [ 1.30531719  0.397405    0.16157805 -1.08895796  3.51165063]
- current state of moments (data, sim):
cshare 0.6808892149667144 0.6356798825381854
mshare 0.14422500000000002 0.1618195172785035
trans_fromgood 0.9615996486441867 0.9701523937433582
trans_frombad 0.20597666978044457 0.1973009456047715
grad2 1.177712992763826 1.1287335109392653
grad3 1.2223556346247508 1.2362157577085588
grad4 1.2760806370630837 1.318413216517266
f =  60.79267044547169 , pars =  [ 1.30531719  0.397405    0.16157805 -0.98895796  3.41165063]
- current state of moments (data, sim):
cshare 0.6808892149667144 0.6348345667944592
mshare 0.14422500000000002 0.16802258347851443
trans_fromgood 0.9615996486441867 0.967013293590983
trans_frombad 0.20597666978044457 0.20854221071347664
grad2 1.177712992763826 1.1366175022621257
grad3 1.2223556346247508 1.2488038600306393
grad4 1.2760806370630837 1.331729847413173
f =  53.91225166443217 , pars =  [ 1.30248452  0.44634116  0.20665438 -0.98510131  3.40735053]
- current state of moments (data, sim):
cshare 0.6808892149667144 0.6358590763801313
mshare 0.14422500000000002 0.15056345933089843
trans_fromgood 0.9615996486441867 0.9668711419565323
trans_frombad 0.20597666978044457 0.21323501243027862
grad2 1.177712992763826 1.1157913127020842
grad3 1.2223556346247508 1.2103445897116696
grad4 1.2760806370630837 1.299153880178954
f =  58.76324986895791 , pars =  [ 1.30724452  0.3630456   0.20456909 -0.99157606  3.46205813]
- current state of moments (data, sim):
cshare 0.6808892149667144 0.6374650772275465
mshare 0.14422500000000002 0.1442324653201838
trans_fromgood 0.9615996486441867 0.9686348581362825
trans_frombad 0.20597666978044457 0.20320914194881784
grad2 1.177712992763826 1.1248959326689634
grad3 1.2223556346247508 1.2209913998734838
grad4 1.2760806370630837 1.3088427299617638
f =  62.373612356332686 , pars =  [ 1.3059215   0.43832153  0.19654179 -0.98978819  3.45530511]
- current state of moments (data, sim):
cshare 0.6808892149667144 0.635652349060128
mshare 0.14422500000000002 0.15099594894225712
trans_fromgood 0.9615996486441867 0.9684223317504078
trans_frombad 0.20597666978044457 0.2123698243724915
grad2 1.177712992763826 1.1139005300224367
grad3 1.2223556346247508 1.206104928648592
grad4 1.2760806370630837 1.2899118086960204
f =  56.473942009851044 , pars =  [ 1.30253863  0.45105315  0.21820387 -0.98517639  3.40654567]
- current state of moments (data, sim):
cshare 0.6808892149667144 0.6360888908245999
mshare 0.14422500000000002 0.1510162272140698
trans_fromgood 0.9615996486441867 0.9668444669784233
trans_frombad 0.20597666978044457 0.22090564003060031
grad2 1.177712992763826 1.1125767981527175
grad3 1.2223556346247508 1.2006303427443916
grad4 1.2760806370630837 1.2853694302097416
f =  51.47664211730058 , pars =  [ 1.30528522  0.42808382  0.20658358 -0.98892555  3.39094335]
- current state of moments (data, sim):
cshare 0.6808892149667144 0.6354440091138297
mshare 0.14422500000000002 0.1519301295089958
trans_fromgood 0.9615996486441867 0.966323107039364
trans_frombad 0.20597666978044457 0.21955150531358378
grad2 1.177712992763826 1.120023657554055
grad3 1.2223556346247508 1.2160289524067835
grad4 1.2760806370630837 1.3006233776401106
f =  51.65587714814355 , pars =  [ 1.30384889  0.43161306  0.20500765 -0.99777949  3.38879727]
- current state of moments (data, sim):
cshare 0.6808892149667144 0.6350624248164729
mshare 0.14422500000000002 0.15387237449107455
trans_fromgood 0.9615996486441867 0.9662507561354795
trans_frombad 0.20597666978044457 0.21877492792299305
grad2 1.177712992763826 1.120258280648925
grad3 1.2223556346247508 1.2166019771658692
grad4 1.2760806370630837 1.3021046318657812
f =  50.80882754596418 , pars =  [ 1.30028376  0.42623703  0.20204214 -0.9857412   3.38455508]
- current state of moments (data, sim):
cshare 0.6808892149667144 0.6356488475351286
mshare 0.14422500000000002 0.15536184205503895
trans_fromgood 0.9615996486441867 0.9661072815795827
trans_frombad 0.20597666978044457 0.21296824795780037
grad2 1.177712992763826 1.1206524766348007
grad3 1.2223556346247508 1.2197903123273592
grad4 1.2760806370630837 1.3101980804553819
f =  51.4875841152233 , pars =  [ 1.30697101  0.43117307  0.20063969 -0.98379493  3.37953897]
- current state of moments (data, sim):
cshare 0.6808892149667144 0.6344509888719914
mshare 0.14422500000000002 0.15722154529577909
trans_fromgood 0.9615996486441867 0.965936844640751
trans_frombad 0.20597666978044457 0.21402095852573175
grad2 1.177712992763826 1.1202702966343367
grad3 1.2223556346247508 1.217445741638703
grad4 1.2760806370630837 1.3078729324738818
f =  51.044315395502956 , pars =  [ 1.30457358  0.41790685  0.19874967 -0.98683474  3.38414357]
- current state of moments (data, sim):
cshare 0.6808892149667144 0.6349956129265419
mshare 0.14422500000000002 0.1582345073603614
trans_fromgood 0.9615996486441867 0.9660933314061523
trans_frombad 0.20597666978044457 0.21225956409502927
grad2 1.177712992763826 1.1305548264676666
grad3 1.2223556346247508 1.2309731808783446
grad4 1.2760806370630837 1.3203562931010226
f =  51.13279965161482 , pars =  [ 1.30154583  0.42410466  0.20297107 -0.97720036  3.38903294]
- current state of moments (data, sim):
cshare 0.6808892149667144 0.6353799145845762
mshare 0.14422500000000002 0.1538841659153282
trans_fromgood 0.9615996486441867 0.9662587090991643
trans_frombad 0.20597666978044457 0.21799180910495505
grad2 1.177712992763826 1.120789927389425
grad3 1.2223556346247508 1.217607197091187
grad4 1.2760806370630837 1.3034697472476402
f =  50.965365743327894 , pars =  [ 1.29380485  0.42328202  0.19975417 -0.98766335  3.3909082 ]
- current state of moments (data, sim):
cshare 0.6808892149667144 0.6358010073525274
mshare 0.14422500000000002 0.1570408546671972
trans_fromgood 0.9615996486441867 0.966321923514057
trans_frombad 0.20597666978044457 0.21407470254354902
grad2 1.177712992763826 1.121141988872819
grad3 1.2223556346247508 1.2190079577541084
grad4 1.2760806370630837 1.3072372144631255
f =  49.78128183712418 , pars =  [ 1.29890379  0.42309203  0.20558591 -0.98556426  3.37585939]
- current state of moments (data, sim):
cshare 0.6808892149667144 0.6353108825983423
mshare 0.14422500000000002 0.15440865698460945
trans_fromgood 0.9615996486441867 0.9658112759195383
trans_frombad 0.20597666978044457 0.2189833895929493
grad2 1.177712992763826 1.1220593763677518
grad3 1.2223556346247508 1.2199003518550415
grad4 1.2760806370630837 1.3063174597596339
f =  48.46564919820115 , pars =  [ 1.2963668   0.42853796  0.20836311 -0.98333451  3.36870251]
- current state of moments (data, sim):
cshare 0.6808892149667144 0.635731503698851
mshare 0.14422500000000002 0.1530260484227781
trans_fromgood 0.9615996486441867 0.9655657136166385
trans_frombad 0.20597666978044457 0.2192623425713494
grad2 1.177712992763826 1.1220012319275758
grad3 1.2223556346247508 1.219067967430542
grad4 1.2760806370630837 1.3063749920803391
f =  48.182080039366916 , pars =  [ 1.29687785  0.4326418   0.21136334 -0.97990397  3.36082042]
- current state of moments (data, sim):
cshare 0.6808892149667144 0.63572093182092
mshare 0.14422500000000002 0.15332055404499273
trans_fromgood 0.9615996486441867 0.9652932269939362
trans_frombad 0.20597666978044457 0.22036484706952614
grad2 1.177712992763826 1.120808172210465
grad3 1.2223556346247508 1.217219420212783
grad4 1.2760806370630837 1.3051257843717867
f =  47.50852865630631 , pars =  [ 1.28756368  0.43558407  0.21192315 -0.98133116  3.35932406]
- current state of moments (data, sim):
cshare 0.6808892149667144 0.6362257766519172
mshare 0.14422500000000002 0.15346464899219542
trans_fromgood 0.9615996486441867 0.965241254334635
trans_frombad 0.20597666978044457 0.22098932093079984
grad2 1.177712992763826 1.121122631903551
grad3 1.2223556346247508 1.2174587634255485
grad4 1.2760806370630837 1.3050066912191587
f =  46.417470639651796 , pars =  [ 1.27950999  0.43186918  0.21222576 -0.98385606  3.35546777]
- current state of moments (data, sim):
cshare 0.6808892149667144 0.636693226952526
mshare 0.14422500000000002 0.15387632850887772
trans_fromgood 0.9615996486441867 0.9651069556929599
trans_frombad 0.20597666978044457 0.22040210854025394
grad2 1.177712992763826 1.1214731784952645
grad3 1.2223556346247508 1.21800441449619
grad4 1.2760806370630837 1.3057349664472178
f =  46.27848234308234 , pars =  [ 1.26164329  0.42686758  0.21131712 -0.98837211  3.3495903 ]
- current state of moments (data, sim):
cshare 0.6808892149667144 0.6369743896136416
mshare 0.14422500000000002 0.15373858895189302
trans_fromgood 0.9615996486441867 0.9649012688692853
trans_frombad 0.20597666978044457 0.22386978818380016
grad2 1.177712992763826 1.1218763639884046
grad3 1.2223556346247508 1.2193685187827008
grad4 1.2760806370630837 1.3047066619103462
f =  46.50634612126149 , pars =  [ 1.26385056  0.41992348  0.20792214 -0.98858868  3.34364601]
- current state of moments (data, sim):
cshare 0.6808892149667144 0.6373011102960994
mshare 0.14422500000000002 0.1589976994621325
trans_fromgood 0.9615996486441867 0.9646920104357379
trans_frombad 0.20597666978044457 0.21577733258899828
grad2 1.177712992763826 1.1280038592640798
grad3 1.2223556346247508 1.231551775136689
grad4 1.2760806370630837 1.323445658854517
f =  46.072240002759216 , pars =  [ 1.26475675  0.42822994  0.21515515 -0.98928859  3.34105332]
- current state of moments (data, sim):
cshare 0.6808892149667144 0.6365713936000202
mshare 0.14422500000000002 0.15590009164843183
trans_fromgood 0.9615996486441867 0.9646003491473609
trans_frombad 0.20597666978044457 0.22100872344004463
grad2 1.177712992763826 1.1201658105625019
grad3 1.2223556346247508 1.2146447966004061
grad4 1.2760806370630837 1.3054109703728745
f =  44.933752053832954 , pars =  [ 1.27229474  0.42236189  0.21289864 -0.98744259  3.34055825]
- current state of moments (data, sim):
cshare 0.6808892149667144 0.6372485218157086
mshare 0.14422500000000002 0.1547771697427937
trans_fromgood 0.9615996486441867 0.9645828193224261
trans_frombad 0.20597666978044457 0.21986906557445376
grad2 1.177712992763826 1.1253358407954004
grad3 1.2223556346247508 1.225065605710855
grad4 1.2760806370630837 1.3148744127869958
f =  45.33991187641904 , pars =  [ 1.27658075  0.41270078  0.21397665 -0.98270265  3.32428975]
- current state of moments (data, sim):
cshare 0.6808892149667144 0.636846854362908
mshare 0.14422500000000002 0.15512045874291716
trans_fromgood 0.9615996486441867 0.9640019227490609
trans_frombad 0.20597666978044457 0.22545933598545612
grad2 1.177712992763826 1.1271360497618124
grad3 1.2223556346247508 1.2277134536527132
grad4 1.2760806370630837 1.3145637089694244
f =  45.12215921969117 , pars =  [ 1.27319185  0.41971744  0.21772384 -0.99515498  3.34363048]
- current state of moments (data, sim):
cshare 0.6808892149667144 0.6370565779421616
mshare 0.14422500000000002 0.15518077920165949
trans_fromgood 0.9615996486441867 0.9646914622390409
trans_frombad 0.20597666978044457 0.22003433508645148
grad2 1.177712992763826 1.1210733733233764
grad3 1.2223556346247508 1.215635208700667
grad4 1.2760806370630837 1.305969744235048
f =  45.498403468744314 , pars =  [ 1.27720148  0.41637746  0.21296817 -0.99306532  3.33764438]
- current state of moments (data, sim):
cshare 0.6808892149667144 0.6366475878599046
mshare 0.14422500000000002 0.1548056970715958
trans_fromgood 0.9615996486441867 0.9644794678999548
trans_frombad 0.20597666978044457 0.21967848565458298
grad2 1.177712992763826 1.1254707725465176
grad3 1.2223556346247508 1.2255471820608381
grad4 1.2760806370630837 1.315880451958867
f =  46.70750649507046 , pars =  [ 1.27760274  0.42702746  0.20768457 -0.99189936  3.34229266]
- current state of moments (data, sim):
cshare 0.6808892149667144 0.6364081258643167
mshare 0.14422500000000002 0.15875853945435836
trans_fromgood 0.9615996486441867 0.9646441940217078
trans_frombad 0.20597666978044457 0.2191200148816483
grad2 1.177712992763826 1.1267769636934741
grad3 1.2223556346247508 1.2285129701573088
grad4 1.2760806370630837 1.3182043216089694
f =  45.46822695027815 , pars =  [ 1.27784462  0.42423697  0.2136774  -0.99322692  3.34618123]
- current state of moments (data, sim):
cshare 0.6808892149667144 0.6369531077000365
mshare 0.14422500000000002 0.15328577331172738
trans_fromgood 0.9615996486441867 0.9647814108066955
trans_frombad 0.20597666978044457 0.22090649991444417
grad2 1.177712992763826 1.1245346372345126
grad3 1.2223556346247508 1.2233387576398986
grad4 1.2760806370630837 1.3118651508930086
f =  45.290805372772546 , pars =  [ 1.28142935  0.42178879  0.21362845 -0.9834837   3.34071678]
- current state of moments (data, sim):
cshare 0.6808892149667144 0.6368621628552456
mshare 0.14422500000000002 0.1541239659265559
trans_fromgood 0.9615996486441867 0.9645884336749436
trans_frombad 0.20597666978044457 0.21923679661465262
grad2 1.177712992763826 1.1278671279706844
grad3 1.2223556346247508 1.22875566259772
grad4 1.2760806370630837 1.3182209263359737
f =  45.595539805909254 , pars =  [ 1.26603295  0.41787207  0.21716235 -0.9910658   3.33750461]
- current state of moments (data, sim):
cshare 0.6808892149667144 0.6370825326173551
mshare 0.14422500000000002 0.15224582990366456
trans_fromgood 0.9615996486441867 0.9644745028972019
trans_frombad 0.20597666978044457 0.22652610609567386
grad2 1.177712992763826 1.1248028716282232
grad3 1.2223556346247508 1.2233360730045555
grad4 1.2760806370630837 1.3082394573752263
f =  46.044065235581094 , pars =  [ 1.27486251  0.42300113  0.21434783 -0.98652049  3.33667913]
- current state of moments (data, sim):
cshare 0.6808892149667144 0.6360823409137609
mshare 0.14422500000000002 0.15231135928780568
trans_fromgood 0.9615996486441867 0.9644451651267997
trans_frombad 0.20597666978044457 0.22483566516657252
grad2 1.177712992763826 1.1238919203584006
grad3 1.2223556346247508 1.2212775442731945
grad4 1.2760806370630837 1.3074015365558869
f =  44.92761620975843 , pars =  [ 1.27209607  0.42242791  0.21339645 -0.98694123  3.34156795]
- current state of moments (data, sim):
cshare 0.6808892149667144 0.6372486895652445
mshare 0.14422500000000002 0.15387608910690045
trans_fromgood 0.9615996486441867 0.9646185620513009
trans_frombad 0.20597666978044457 0.22031284186093186
grad2 1.177712992763826 1.1249673898293195
grad3 1.2223556346247508 1.224379573318139
grad4 1.2760806370630837 1.3138120807380764
f =  45.09592686667349 , pars =  [ 1.27275205  0.42069768  0.2121987  -0.98762204  3.34253121]
- current state of moments (data, sim):
cshare 0.6808892149667144 0.637174962156824
mshare 0.14422500000000002 0.15445592046693432
trans_fromgood 0.9615996486441867 0.964652627309115
trans_frombad 0.20597666978044457 0.2204771601335905
grad2 1.177712992763826 1.1248927378950733
grad3 1.2223556346247508 1.2242492720407177
grad4 1.2760806370630837 1.313359896388536
f =  45.42225779479905 , pars =  [ 1.27238929  0.4216678   0.21388054 -0.98694447  3.34124873]
- current state of moments (data, sim):
cshare 0.6808892149667144 0.6371608037659645
mshare 0.14422500000000002 0.1535619018164873
trans_fromgood 0.9615996486441867 0.964607265790013
trans_frombad 0.20597666978044457 0.22447580650402632
grad2 1.177712992763826 1.1253613671758684
grad3 1.2223556346247508 1.2246064346018124
grad4 1.2760806370630837 1.310473882957871
f =  44.89407702885308 , pars =  [ 1.2722194   0.42307947  0.21276348 -0.98668827  3.34187718]
- current state of moments (data, sim):
cshare 0.6808892149667144 0.6372427503271079
mshare 0.14422500000000002 0.15426826395282126
trans_fromgood 0.9615996486441867 0.9646295015642381
trans_frombad 0.20597666978044457 0.21985344940071766
grad2 1.177712992763826 1.1249751960481702
grad3 1.2223556346247508 1.2244120708257398
grad4 1.2760806370630837 1.3139711580863807
f =  44.72728691112353 , pars =  [ 1.27249439  0.4234138   0.21314378 -0.98745035  3.34217249]
- current state of moments (data, sim):
cshare 0.6808892149667144 0.6372977476276651
mshare 0.14422500000000002 0.15437303110215453
trans_fromgood 0.9615996486441867 0.9646399451948984
trans_frombad 0.20597666978044457 0.2194093759386829
grad2 1.177712992763826 1.1251743127115987
grad3 1.2223556346247508 1.2246615209953626
grad4 1.2760806370630837 1.3141815057104533
f =  45.30984065723016 , pars =  [ 1.27198464  0.42307333  0.2130557  -0.98813851  3.34255053]
- current state of moments (data, sim):
cshare 0.6808892149667144 0.6371835263007708
mshare 0.14422500000000002 0.15467095931972508
trans_fromgood 0.9615996486441867 0.9646533101309905
trans_frombad 0.20597666978044457 0.2225260634657418
grad2 1.177712992763826 1.1255774608108235
grad3 1.2223556346247508 1.22541381799385
grad4 1.2760806370630837 1.3124521799516882
f =  45.23730923927208 , pars =  [ 1.27339639  0.42309868  0.21314512 -0.98716945  3.34208208]
- current state of moments (data, sim):
cshare 0.6808892149667144 0.6372863757205521
mshare 0.14422500000000002 0.15344415481729765
trans_fromgood 0.9615996486441867 0.9646367482220524
trans_frombad 0.20597666978044457 0.21727048857319692
grad2 1.177712992763826 1.1244663724654773
grad3 1.2223556346247508 1.2251583022969312
grad4 1.2760806370630837 1.3171969620731374
f =  45.241440811697736 , pars =  [ 1.27228283  0.42416201  0.21355415 -0.98721289  3.34175942]
- current state of moments (data, sim):
cshare 0.6808892149667144 0.6374841054756423
mshare 0.14422500000000002 0.15518580958540462
trans_fromgood 0.9615996486441867 0.9646253357995853
trans_frombad 0.20597666978044457 0.2175946611747557
grad2 1.177712992763826 1.1282146217370994
grad3 1.2223556346247508 1.2300201608757393
grad4 1.2760806370630837 1.3211584128061076
f =  45.00198002426633 , pars =  [ 1.27294702  0.4238041   0.21248907 -0.98790795  3.34210362]
- current state of moments (data, sim):
cshare 0.6808892149667144 0.6372662961659449
mshare 0.14422500000000002 0.1548301266237345
trans_fromgood 0.9615996486441867 0.9646375099237957
trans_frombad 0.20597666978044457 0.22036853469696152
grad2 1.177712992763826 1.1251749244039309
grad3 1.2223556346247508 1.2247038866932392
grad4 1.2760806370630837 1.3139044094957177
f =  44.99814328732464 , pars =  [ 1.27239051  0.42323052  0.21301911 -0.98713152  3.34308814]
- current state of moments (data, sim):
cshare 0.6808892149667144 0.6372355216868171
mshare 0.14422500000000002 0.1538924772660155
trans_fromgood 0.9615996486441867 0.9646723079410797
trans_frombad 0.20597666978044457 0.2203355075378285
grad2 1.177712992763826 1.1246375269645716
grad3 1.2223556346247508 1.2237794865633174
grad4 1.2760806370630837 1.3130172148602566
f =  45.92637336440543 , pars =  [ 1.27263912  0.42254753  0.21269484 -0.98759179  3.34225661]
- current state of moments (data, sim):
cshare 0.6808892149667144 0.6378560241278068
mshare 0.14422500000000002 0.15520836242022298
trans_fromgood 0.9615996486441867 0.9646429195866673
trans_frombad 0.20597666978044457 0.21284073859116484
grad2 1.177712992763826 1.1280025455040923
grad3 1.2223556346247508 1.2317099384368009
grad4 1.2760806370630837 1.326346083890752
f =  45.15984540649323 , pars =  [ 1.27282523  0.42335066  0.21347958 -0.98755115  3.34129863]
- current state of moments (data, sim):
cshare 0.6808892149667144 0.6373201035815335
mshare 0.14422500000000002 0.15335187582580476
trans_fromgood 0.9615996486441867 0.9646090319180911
trans_frombad 0.20597666978044457 0.21739500981996226
grad2 1.177712992763826 1.1245470986558053
grad3 1.2223556346247508 1.2252894217778034
grad4 1.2760806370630837 1.3173191945621088
f =  44.67733119447607 , pars =  [ 1.27247501  0.42376563  0.2132395  -0.98740964  3.34251164]
- current state of moments (data, sim):
cshare 0.6808892149667144 0.6372785242559531
mshare 0.14422500000000002 0.15374129149162852
trans_fromgood 0.9615996486441867 0.964651935399204
trans_frombad 0.20597666978044457 0.22051363288350753
grad2 1.177712992763826 1.1248004440858703
grad3 1.2223556346247508 1.223666523661975
grad4 1.2760806370630837 1.3122573538134636
f =  44.9036491074471 , pars =  [ 1.2721655   0.42349155  0.21336009 -0.9871708   3.34242507]
- current state of moments (data, sim):
cshare 0.6808892149667144 0.63722550916734
mshare 0.14422500000000002 0.15367532094931957
trans_fromgood 0.9615996486441867 0.9646488751663291
trans_frombad 0.20597666978044457 0.22114211511967227
grad2 1.177712992763826 1.1247633160155728
grad3 1.2223556346247508 1.2236479001767262
grad4 1.2760806370630837 1.312135611335977
f =  44.95157107462222 , pars =  [ 1.27246457  0.42383139  0.21332792 -0.98741699  3.34256925]
- current state of moments (data, sim):
cshare 0.6808892149667144 0.6374566443591193
mshare 0.14422500000000002 0.15425053370288147
trans_fromgood 0.9615996486441867 0.9646539718234798
trans_frombad 0.20597666978044457 0.22352621117378876
grad2 1.177712992763826 1.1254302764765116
grad3 1.2223556346247508 1.224729833006882
grad4 1.2760806370630837 1.3107097047119862
f =  45.29570010531844 , pars =  [ 1.27241599  0.42383208  0.21302473 -0.98732072  3.34248779]
- current state of moments (data, sim):
cshare 0.6808892149667144 0.6373739516998583
mshare 0.14422500000000002 0.15375579562652492
trans_fromgood 0.9615996486441867 0.9646510924283751
trans_frombad 0.20597666978044457 0.21642238149371765
grad2 1.177712992763826 1.1247140411663779
grad3 1.2223556346247508 1.225970175721861
grad4 1.2760806370630837 1.318404955421896
f =  44.90213751956435 , pars =  [ 1.27237661  0.42376843  0.21325448 -0.98741872  3.34251327]
- current state of moments (data, sim):
cshare 0.6808892149667144 0.6372300151366312
mshare 0.14422500000000002 0.1537390023953903
trans_fromgood 0.9615996486441867 0.9646519930889549
trans_frombad 0.20597666978044457 0.22115230434369906
grad2 1.177712992763826 1.124705599665436
grad3 1.2223556346247508 1.223543910752163
grad4 1.2760806370630837 1.3120040319278368
f =  45.6318670933565 , pars =  [ 1.27254152  0.42371721  0.21324992 -0.98746317  3.34249556]
- current state of moments (data, sim):
cshare 0.6808892149667144 0.6370223247539093
mshare 0.14422500000000002 0.1535484742811401
trans_fromgood 0.9615996486441867 0.964651366984773
trans_frombad 0.20597666978044457 0.22022203524282338
grad2 1.177712992763826 1.1248620217909813
grad3 1.2223556346247508 1.225786220432447
grad4 1.2760806370630837 1.315105655459992
f =  45.259988966000996 , pars =  [ 1.27244845  0.42372252  0.21320394 -0.9874766   3.34255272]
- current state of moments (data, sim):
cshare 0.6808892149667144 0.6372746513071761
mshare 0.14422500000000002 0.15335454417140965
trans_fromgood 0.9615996486441867 0.9646533876156042
trans_frombad 0.20597666978044457 0.21727078631405625
grad2 1.177712992763826 1.1243973634735345
grad3 1.2223556346247508 1.225035045344358
grad4 1.2760806370630837 1.3170207097492432
f =  44.90153470232212 , pars =  [ 1.27249071  0.4237729   0.21324326 -0.98731151  3.34251911]
- current state of moments (data, sim):
cshare 0.6808892149667144 0.6375520446321864
mshare 0.14422500000000002 0.15480537522962096
trans_fromgood 0.9615996486441867 0.964652199664701
trans_frombad 0.20597666978044457 0.21841836139313148
grad2 1.177712992763826 1.12641318395219
grad3 1.2223556346247508 1.2271193317184463
grad4 1.2760806370630837 1.3178266352893708
f =  44.88762905118695 , pars =  [ 1.27245691  0.42381     0.21327082 -0.98739218  3.34243153]
- current state of moments (data, sim):
cshare 0.6808892149667144 0.6373204834171733
mshare 0.14422500000000002 0.15380167162552322
trans_fromgood 0.9615996486441867 0.9646491034604028
trans_frombad 0.20597666978044457 0.22113086349866154
grad2 1.177712992763826 1.1248955846032804
grad3 1.2223556346247508 1.2239437314741153
grad4 1.2760806370630837 1.3126149701295904
f =  45.10264178700916 , pars =  [ 1.27250001  0.42384546  0.21318776 -0.98742733  3.34250797]
- current state of moments (data, sim):
cshare 0.6808892149667144 0.6371035976531297
mshare 0.14422500000000002 0.153812084983408
trans_fromgood 0.9615996486441867 0.9646518057015474
trans_frombad 0.20597666978044457 0.22103748616899946
grad2 1.177712992763826 1.1247977978940558
grad3 1.2223556346247508 1.2237692819278791
grad4 1.2760806370630837 1.3125089804359267
f =  45.335861957012035 , pars =  [ 1.27243066  0.42369642  0.21327714 -0.98736811  3.3425016 ]
- current state of moments (data, sim):
cshare 0.6808892149667144 0.6372850812639864
mshare 0.14422500000000002 0.15435153672353158
trans_fromgood 0.9615996486441867 0.9646515806815054
trans_frombad 0.20597666978044457 0.2238146297378367
grad2 1.177712992763826 1.125533759537528
grad3 1.2223556346247508 1.2250136249413768
grad4 1.2760806370630837 1.3112082762473343
f =  45.00901450018112 , pars =  [ 1.27245494  0.42373359  0.21315891 -0.98738756  3.34247178]
- current state of moments (data, sim):
cshare 0.6808892149667144 0.6372398657430226
mshare 0.14422500000000002 0.15436556517234987
trans_fromgood 0.9615996486441867 0.9646505264137271
trans_frombad 0.20597666978044457 0.21994334340916988
grad2 1.177712992763826 1.1251203956859395
grad3 1.2223556346247508 1.2246529278554132
grad4 1.2760806370630837 1.3142350464661687
f =  45.00225454962624 , pars =  [ 1.27249626  0.42373943  0.21332628 -0.98744397  3.34252396]
- current state of moments (data, sim):
cshare 0.6808892149667144 0.6372052643121967
mshare 0.14422500000000002 0.1537825043314362
trans_fromgood 0.9615996486441867 0.9646523710932389
trans_frombad 0.20597666978044457 0.22086830843701413
grad2 1.177712992763826 1.124976223191153
grad3 1.2223556346247508 1.2241089076630176
grad4 1.2760806370630837 1.3129876120334247
f =  44.97776514920074 , pars =  [ 1.27244871  0.42377728  0.21319865 -0.98736764  3.3425874 ]
- current state of moments (data, sim):
cshare 0.6808892149667144 0.6372592025045044
mshare 0.14422500000000002 0.154306722251992
trans_fromgood 0.9615996486441867 0.964654613227786
trans_frombad 0.20597666978044457 0.21999602919296185
grad2 1.177712992763826 1.1250660012497076
grad3 1.2223556346247508 1.2245381168952545
grad4 1.2760806370630837 1.3140464509547214
          $\sigma$    $\phi$ $\alpha_0$
estimate  1.272475  0.423766   0.213239
se        0.114942  0.269067   0.028317
             value   free        se
name                               
sigma     1.272475   True  0.114942
beta      0.950000  False       NaN
phi       0.423766   True  0.269067
psi       0.213239   True  0.028317
delta_h1 -0.987410   True  0.015829
delta_h2  3.343512   True  0.041981
eta       0.000000  False       NaN
tfp       1.000000  False       NaN
price     1.000000  False       NaN
risk      0.000000  False       NaN
