current parameter status : 
sigma 2.101 False
beta 0.97 False
phi 0.2821 False
psi 0.1367 False
delta_h1 -0.8318 True
delta_h2 3.9174 True
eta 0.0 False
tfp 0.6132 True
price 0.6951 True
risk 0.0 False
-- 
number of parameters:  10
number of free parameters:  4
current parameter status : 
sigma 2.101 False
beta 0.97 False
phi 0.2821 False
psi 0.1367 False
delta_h1 -0.8318 True
delta_h2 3.9174 True
eta 0.0 False
tfp 0.6132 True
price 0.6951 True
risk 0.0 False
- using these moments:
mshare 0.0810895 0.007282124816432719
trans_fromgood 0.9719517127913597 0.003938113201050562
trans_frombad 0.32193154063384666 0.04469750524958095
grad2 1.022727785712518 0.025370196562002782
grad3 1.0100933117988236 0.02561047640093037
grad4 1.0396889866766343 0.023636448382845576
tfp 0.7399708689473028 0.04643018253844822
f =  32.34924472681075 , pars =  [-0.83184551  3.91740726  0.61321151  0.69507603]
- current state of moments (data, sim):
mshare 0.0810895 0.10106502972065377
trans_fromgood 0.9719517127913597 0.980107395615361
trans_frombad 0.32193154063384666 0.20797716114348583
grad2 1.022727785712518 1.0306265051460537
grad3 1.0100933117988236 1.058587186176696
grad4 1.0396889866766343 1.0976502596328392
tfp 0.7399708689473028 0.6432392533442153
f =  35.53508922478578 , pars =  [-0.73184551  3.91740726  0.61321151  0.69507603]
- current state of moments (data, sim):
mshare 0.0810895 0.10212278397982393
trans_fromgood 0.9719517127913597 0.9801073956153599
trans_frombad 0.32193154063384666 0.19130635732596546
grad2 1.022727785712518 1.0297425201694315
grad3 1.0100933117988236 1.056726338379217
grad4 1.0396889866766343 1.0954697762323926
tfp 0.7399708689473028 0.6320592068013006
f =  41.31790507949993 , pars =  [-0.83184551  4.01740726  0.61321151  0.69507603]
- current state of moments (data, sim):
mshare 0.0810895 0.1011724382551246
trans_fromgood 0.9719517127913597 0.9820004272105913
trans_frombad 0.32193154063384666 0.16327660227771357
grad2 1.022727785712518 1.0289141835682027
grad3 1.0100933117988236 1.0552446769315849
grad4 1.0396889866766343 1.092935819298686
tfp 0.7399708689473028 0.6228816804773173
f =  11.013987235778533 , pars =  [-0.83184551  3.91740726  0.71321151  0.69507603]
- current state of moments (data, sim):
mshare 0.0810895 0.08611524246603036
trans_fromgood 0.9719517127913597 0.9801074000147453
trans_frombad 0.32193154063384666 0.3001698514704696
grad2 1.022727785712518 1.0251876741432076
grad3 1.0100933117988236 1.0457541055131174
grad4 1.0396889866766343 1.0688190575231327
tfp 0.7399708689473028 0.8140358325349067
f =  65.88033102376801 , pars =  [-0.83184551  3.91740726  0.61321151  0.79507603]
- current state of moments (data, sim):
mshare 0.0810895 0.11848895522754775
trans_fromgood 0.9719517127913597 0.9801073956153604
trans_frombad 0.32193154063384666 0.16661045331005347
grad2 1.022727785712518 1.0359670952201268
grad3 1.0100933117988236 1.0690545167077659
grad4 1.0396889866766343 1.1175173312838669
tfp 0.7399708689473028 0.6195626801853177
f =  54.31583636392416 , pars =  [-0.93184551  3.91740726  0.61321151  0.69507603]
- current state of moments (data, sim):
mshare 0.0810895 0.11069105033725216
trans_fromgood 0.9719517127913597 0.9801073956153602
trans_frombad 0.32193154063384666 0.17747015613424014
grad2 1.022727785712518 1.0351773809124618
grad3 1.0100933117988236 1.0678063061432335
grad4 1.0396889866766343 1.1145288595779552
tfp 0.7399708689473028 0.6110241670674008
f =  62.28467088226103 , pars =  [-0.83184551  3.81740726  0.61321151  0.69507603]
- current state of moments (data, sim):
mshare 0.0810895 0.12009608102411452
trans_fromgood 0.9719517127913597 0.978015272149313
trans_frombad 0.32193154063384666 0.17027023359895369
grad2 1.022727785712518 1.0347006712185007
grad3 1.0100933117988236 1.0655889868374344
grad4 1.0396889866766343 1.1093823946624743
tfp 0.7399708689473028 0.6253252140557587
f =  134.77710401166743 , pars =  [-0.83184551  3.91740726  0.51321151  0.69507603]
- current state of moments (data, sim):
mshare 0.0810895 0.13241438731794797
trans_fromgood 0.9719517127913597 0.9801073956153599
trans_frombad 0.32193154063384666 0.1151667714442765
grad2 1.022727785712518 1.036838077634639
grad3 1.0100933117988236 1.0735256037063494
grad4 1.0396889866766343 1.135517691202761
tfp 0.7399708689473028 0.45933405816644834
f =  24.75626029041092 , pars =  [-0.83184551  3.91740726  0.61321151  0.59507603]
- current state of moments (data, sim):
mshare 0.0810895 0.09381550886179131
trans_fromgood 0.9719517127913597 0.9801073956153598
trans_frombad 0.32193154063384666 0.214213083561986
grad2 1.022727785712518 1.0282612467709271
grad3 1.0100933117988236 1.0513503847609784
grad4 1.0396889866766343 1.0851612294403377
tfp 0.7399708689473028 0.6334668611424586
f =  8.467002198376875 , pars =  [-0.79473451  3.94434363  0.6895211   0.6156964 ]
- current state of moments (data, sim):
mshare 0.0810895 0.07744987646892372
trans_fromgood 0.9719517127913597 0.9806360778266783
trans_frombad 0.32193154063384666 0.32453223827000166
grad2 1.022727785712518 1.025048221037568
grad3 1.0100933117988236 1.0448964728470576
grad4 1.0396889866766343 1.0671191354322633
tfp 0.7399708689473028 0.7578937578805947
f =  9.917814428192028 , pars =  [-0.81817245  3.933152    0.68207738  0.64858713]
- current state of moments (data, sim):
mshare 0.0810895 0.0856145524020775
trans_fromgood 0.9719517127913597 0.9804181469187229
trans_frombad 0.32193154063384666 0.2904957386195432
grad2 1.022727785712518 1.0273439046492385
grad3 1.0100933117988236 1.049426362381224
grad4 1.0396889866766343 1.0732971856059452
tfp 0.7399708689473028 0.7381596930682021
f =  8.972140504359626 , pars =  [-0.80065172  3.94797795  0.69536276  0.61013845]
- current state of moments (data, sim):
mshare 0.0810895 0.07536043598081037
trans_fromgood 0.9719517127913597 0.9807063247825506
trans_frombad 0.32193154063384666 0.3324983182461851
grad2 1.022727785712518 1.0236517378517351
grad3 1.0100933117988236 1.0425699303160552
grad4 1.0396889866766343 1.0639878250336512
tfp 0.7399708689473028 0.7785144826820998
f =  8.445565376491059 , pars =  [-0.78872172  3.94582141  0.68034507  0.59751913]
- current state of moments (data, sim):
mshare 0.0810895 0.07582976141415255
trans_fromgood 0.9719517127913597 0.980664672403509
trans_frombad 0.32193154063384666 0.32873647303399095
grad2 1.022727785712518 1.024614311029075
grad3 1.0100933117988236 1.0440468538207384
grad4 1.0396889866766343 1.0657146981320034
tfp 0.7399708689473028 0.748025743340236
f =  9.197097527899226 , pars =  [-0.78552969  3.93943779  0.68691417  0.59508862]
- current state of moments (data, sim):
mshare 0.0810895 0.07334960297756356
trans_fromgood 0.9719517127913597 0.9805408482662867
trans_frombad 0.32193154063384666 0.3426068007006091
grad2 1.022727785712518 1.0236736034742961
grad3 1.0100933117988236 1.0424130761210366
grad4 1.0396889866766343 1.0629790243610746
tfp 0.7399708689473028 0.7738268379649154
f =  8.622746175026906 , pars =  [-0.78687877  3.95518688  0.67928454  0.60030603]
- current state of moments (data, sim):
mshare 0.0810895 0.07557905813997419
trans_fromgood 0.9719517127913597 0.9808449115205706
trans_frombad 0.32193154063384666 0.3301746106727802
grad2 1.022727785712518 1.0244718142601428
grad3 1.0100933117988236 1.0438143740577783
grad4 1.0396889866766343 1.0650876005038359
tfp 0.7399708689473028 0.7470771685794575
f =  9.05026276682197 , pars =  [-0.7947927   3.94957682  0.67494192  0.60197403]
- current state of moments (data, sim):
mshare 0.0810895 0.07678570892249498
trans_fromgood 0.9719517127913597 0.9807371482067845
trans_frombad 0.32193154063384666 0.3157925645261852
grad2 1.022727785712518 1.025893769519983
grad3 1.0100933117988236 1.0468969436228954
grad4 1.0396889866766343 1.069806498096271
tfp 0.7399708689473028 0.7384789119571872
f =  9.248288192704832 , pars =  [-0.78366508  3.94749537  0.67553143  0.59055802]
- current state of moments (data, sim):
mshare 0.0810895 0.07562050425759477
trans_fromgood 0.9719517127913597 0.9806970118692053
trans_frombad 0.32193154063384666 0.3184256361970864
grad2 1.022727785712518 1.0260012059376262
grad3 1.0100933117988236 1.04704611531461
grad4 1.0396889866766343 1.0699922412969898
tfp 0.7399708689473028 0.7368681969764239
f =  8.471336115518751 , pars =  [-0.79193712  3.94134202  0.67203975  0.59830518]
- current state of moments (data, sim):
mshare 0.0810895 0.07735566798166284
trans_fromgood 0.9719517127913597 0.980577867570584
trans_frombad 0.32193154063384666 0.32110286995949056
grad2 1.022727785712518 1.0254244712838225
grad3 1.0100933117988236 1.0456504135754017
grad4 1.0396889866766343 1.0681888554397347
tfp 0.7399708689473028 0.7338536366670216
f =  8.185807927781669 , pars =  [-0.79083765  3.94126096  0.67876012  0.60601696]
- current state of moments (data, sim):
mshare 0.0810895 0.07722102924935649
trans_fromgood 0.9719517127913597 0.9805762932109735
trans_frombad 0.32193154063384666 0.32495064361281273
grad2 1.022727785712518 1.0246730145321137
grad3 1.0100933117988236 1.0442981060971963
grad4 1.0396889866766343 1.0663915658036471
tfp 0.7399708689473028 0.748889889075779
f =  8.094424365517664 , pars =  [-0.79647957  3.93363522  0.67567522  0.60672431]
- current state of moments (data, sim):
mshare 0.0810895 0.07868587540881855
trans_fromgood 0.9719517127913597 0.9804276068829488
trans_frombad 0.32193154063384666 0.3210002546118199
grad2 1.022727785712518 1.0252090453406486
grad3 1.0100933117988236 1.0453496543976961
grad4 1.0396889866766343 1.0681261802049113
tfp 0.7399708689473028 0.7388334413762926
f =  9.458920160216605 , pars =  [-0.79798766  3.9275377   0.66793605  0.60591742]
- current state of moments (data, sim):
mshare 0.0810895 0.08115190002551137
trans_fromgood 0.9719517127913597 0.9803078992027298
trans_frombad 0.32193154063384666 0.2994331678254922
grad2 1.022727785712518 1.026738987334228
grad3 1.0100933117988236 1.04915556926313
grad4 1.0396889866766343 1.075053096510351
tfp 0.7399708689473028 0.7243465157104764
f =  8.558672125318333 , pars =  [-0.79657575  3.93171627  0.67631228  0.61651729]
- current state of moments (data, sim):
mshare 0.0810895 0.07928754974573671
trans_fromgood 0.9719517127913597 0.9803900124608047
trans_frombad 0.32193154063384666 0.3137732626450108
grad2 1.022727785712518 1.0259411592294223
grad3 1.0100933117988236 1.0472597161238948
grad4 1.0396889866766343 1.0708606089383756
tfp 0.7399708689473028 0.7449612308260104
f =  8.614276761611189 , pars =  [-0.80273288  3.9349085   0.68080113  0.60097975]
- current state of moments (data, sim):
mshare 0.0810895 0.07712311089139942
trans_fromgood 0.9719517127913597 0.9804525121408696
trans_frombad 0.32193154063384666 0.32049803192103543
grad2 1.022727785712518 1.0256159384476429
grad3 1.0100933117988236 1.0464346800928477
grad4 1.0396889866766343 1.0692933752083849
tfp 0.7399708689473028 0.7515110173025039
f =  8.476975476100346 , pars =  [-0.7921804   3.9277202   0.68178003  0.60368113]
- current state of moments (data, sim):
mshare 0.0810895 0.07732709933434402
trans_fromgood 0.9719517127913597 0.980311492641298
trans_frombad 0.32193154063384666 0.3216936360032151
grad2 1.022727785712518 1.0256742516775685
grad3 1.0100933117988236 1.0465263160819336
grad4 1.0396889866766343 1.0693735189895448
tfp 0.7399708689473028 0.7538469144165966
f =  8.640672391437008 , pars =  [-0.79587224  3.93681522  0.68205533  0.60960652]
- current state of moments (data, sim):
mshare 0.0810895 0.07752851858107446
trans_fromgood 0.9719517127913597 0.9804897482932756
trans_frombad 0.32193154063384666 0.3190592823882646
grad2 1.022727785712518 1.0255849334053795
grad3 1.0100933117988236 1.0464376303213974
grad4 1.0396889866766343 1.069398609500387
tfp 0.7399708689473028 0.7539374141261794
f =  8.562903410737464 , pars =  [-0.79258494  3.93533991  0.67687926  0.60438419]
- current state of moments (data, sim):
mshare 0.0810895 0.07786685697850892
trans_fromgood 0.9719517127913597 0.980460943400856
trans_frombad 0.32193154063384666 0.31820591872085846
grad2 1.022727785712518 1.0257733945419245
grad3 1.0100933117988236 1.0467448473723946
grad4 1.0396889866766343 1.0697977292851513
tfp 0.7399708689473028 0.7436233400892562
f =  8.132546996404834 , pars =  [-0.79693537  3.93439953  0.6751321   0.60603468]
- current state of moments (data, sim):
mshare 0.0810895 0.07848959313175473
trans_fromgood 0.9719517127913597 0.9804425605729384
trans_frombad 0.32193154063384666 0.3205352829597333
grad2 1.022727785712518 1.0253171314697678
grad3 1.0100933117988236 1.045460259938343
grad4 1.0396889866766343 1.068033077572859
tfp 0.7399708689473028 0.7400522663754933
f =  8.444137219517497 , pars =  [-0.79835411  3.93241128  0.67647152  0.60750148]
- current state of moments (data, sim):
mshare 0.0810895 0.07978955247801539
trans_fromgood 0.9719517127913597 0.9804036368334501
trans_frombad 0.32193154063384666 0.3027991553266588
grad2 1.022727785712518 1.026057497450529
grad3 1.0100933117988236 1.0467936987847377
grad4 1.0396889866766343 1.0691343516153637
tfp 0.7399708689473028 0.7392557792577348
f =  8.420363239683317 , pars =  [-0.79640359  3.93385391  0.6752407   0.6075947 ]
- current state of moments (data, sim):
mshare 0.0810895 0.0792342375865647
trans_fromgood 0.9719517127913597 0.9804318867447197
trans_frombad 0.32193154063384666 0.3064333045685735
grad2 1.022727785712518 1.0260547424945963
grad3 1.0100933117988236 1.0467383030368922
grad4 1.0396889866766343 1.0689304249220906
tfp 0.7399708689473028 0.7373370265725293
f =  7.729416598010254 , pars =  [-0.79635607  3.9332234   0.67609128  0.60592303]
- current state of moments (data, sim):
mshare 0.0810895 0.0793082692466495
trans_fromgood 0.9719517127913597 0.9804195449188737
trans_frombad 0.32193154063384666 0.31736119097458854
grad2 1.022727785712518 1.0251775464142552
grad3 1.0100933117988236 1.0446634022213694
grad4 1.0396889866766343 1.0656261640094786
tfp 0.7399708689473028 0.739478558218393
f =  8.164997524961679 , pars =  [-0.79626918  3.93204298  0.67654961  0.60437739]
- current state of moments (data, sim):
mshare 0.0810895 0.07901757211927089
trans_fromgood 0.9719517127913597 0.9803964181843959
trans_frombad 0.32193154063384666 0.3135121804011215
grad2 1.022727785712518 1.0260159469306396
grad3 1.0100933117988236 1.0464907683098448
grad4 1.0396889866766343 1.0677922094185353
tfp 0.7399708689473028 0.7403110694250461
f =  8.411665843603974 , pars =  [-0.79630368  3.93267144  0.67525944  0.60589772]
- current state of moments (data, sim):
mshare 0.0810895 0.07912001820159995
trans_fromgood 0.9719517127913597 0.9804087342769211
trans_frombad 0.32193154063384666 0.3150325889235827
grad2 1.022727785712518 1.0257382394365904
grad3 1.0100933117988236 1.0464848293274296
grad4 1.0396889866766343 1.0701022240900577
tfp 0.7399708689473028 0.7344400554372402
f =  7.741791973721438 , pars =  [-0.79645511  3.93345004  0.67698678  0.60555302]
- current state of moments (data, sim):
mshare 0.0810895 0.07907317239952058
trans_fromgood 0.9719517127913597 0.9804239822236817
trans_frombad 0.32193154063384666 0.3141202778065313
grad2 1.022727785712518 1.025017107627757
grad3 1.0100933117988236 1.044322717454021
grad4 1.0396889866766343 1.0656806585159349
tfp 0.7399708689473028 0.7423254060456642
f =  8.136065339186269 , pars =  [-0.79548195  3.93365605  0.67613689  0.60570705]
- current state of moments (data, sim):
mshare 0.0810895 0.0783725862352083
trans_fromgood 0.9719517127913597 0.9804280145913018
trans_frombad 0.32193154063384666 0.3200824818945288
grad2 1.022727785712518 1.0250979553573956
grad3 1.0100933117988236 1.0453012318548394
grad4 1.0396889866766343 1.0682857058256974
tfp 0.7399708689473028 0.7401831694747247
f =  8.07010731792982 , pars =  [-0.79683756  3.93306984  0.67669212  0.60530369]
- current state of moments (data, sim):
mshare 0.0810895 0.07880136517388715
trans_fromgood 0.9719517127913597 0.9804165379896658
trans_frombad 0.32193154063384666 0.3208137715323076
grad2 1.022727785712518 1.0251418651237547
grad3 1.0100933117988236 1.0452777857305109
grad4 1.0396889866766343 1.0681906757602326
tfp 0.7399708689473028 0.740321084640717
f =  8.151297676555359 , pars =  [-0.79701105  3.93277298  0.67636246  0.60646579]
- current state of moments (data, sim):
mshare 0.0810895 0.07861013059354163
trans_fromgood 0.9719517127913597 0.9804107235314957
trans_frombad 0.32193154063384666 0.3191593276905458
grad2 1.022727785712518 1.0251950409279118
grad3 1.0100933117988236 1.0454969492976398
grad4 1.0396889866766343 1.0686107936686822
tfp 0.7399708689473028 0.7400949817552231
f =  8.081915416210819 , pars =  [-0.79592193  3.93265133  0.6767394   0.6061764 ]
- current state of moments (data, sim):
mshare 0.0810895 0.07863863571258925
trans_fromgood 0.9719517127913597 0.9804083403090903
trans_frombad 0.32193154063384666 0.32300052371494925
grad2 1.022727785712518 1.025159723348851
grad3 1.0100933117988236 1.0454199915916715
grad4 1.0396889866766343 1.068074896470135
tfp 0.7399708689473028 0.7423778649762695
f =  8.043639140302373 , pars =  [-0.79641539  3.93358708  0.67613896  0.60558844]
- current state of moments (data, sim):
mshare 0.0810895 0.07985920110822756
trans_fromgood 0.9719517127913597 0.980426664546469
trans_frombad 0.32193154063384666 0.3090622532768292
grad2 1.022727785712518 1.0256424788097136
grad3 1.0100933117988236 1.0454444940253131
grad4 1.0396889866766343 1.067364358805043
tfp 0.7399708689473028 0.7350009733697888
f =  8.760787520371705 , pars =  [-0.79629206  3.93315805  0.6761313   0.60592858]
- current state of moments (data, sim):
mshare 0.0810895 0.07840732717425206
trans_fromgood 0.9719517127913597 0.9804182652892662
trans_frombad 0.32193154063384666 0.31249212022448547
grad2 1.022727785712518 1.026039775194635
grad3 1.0100933117988236 1.0475557761023284
grad4 1.0396889866766343 1.0714144685157958
tfp 0.7399708689473028 0.7394716064852833
f =  8.100580828190719 , pars =  [-0.79657264  3.93332075  0.67602487  0.60596437]
- current state of moments (data, sim):
mshare 0.0810895 0.07996114153554211
trans_fromgood 0.9719517127913597 0.9804214509395606
trans_frombad 0.32193154063384666 0.30756911419004623
grad2 1.022727785712518 1.0256507975923737
grad3 1.0100933117988236 1.0455630436810082
grad4 1.0396889866766343 1.06769190764217
tfp 0.7399708689473028 0.7347264786726846
f =  8.047466307655522 , pars =  [-0.79627535  3.9332808   0.67607906  0.60591668]
- current state of moments (data, sim):
mshare 0.0810895 0.07894792042453848
trans_fromgood 0.9719517127913597 0.9804206687618208
trans_frombad 0.32193154063384666 0.3213816405836907
grad2 1.022727785712518 1.0251859734913664
grad3 1.0100933117988236 1.0452721717360347
grad4 1.0396889866766343 1.0680500833912177
tfp 0.7399708689473028 0.739314733862649
f =  7.733572618804805 , pars =  [-0.79639444  3.93324912  0.67603189  0.60585715]
- current state of moments (data, sim):
mshare 0.0810895 0.07933099269532282
trans_fromgood 0.9719517127913597 0.9804200484403713
trans_frombad 0.32193154063384666 0.31735563515452514
grad2 1.022727785712518 1.0251857100083448
grad3 1.0100933117988236 1.0446781949147612
grad4 1.0396889866766343 1.0656615461298988
tfp 0.7399708689473028 0.7391659941528193
f =  8.582927885363523 , pars =  [-0.79635142  3.93321666  0.67602988  0.60600153]
- current state of moments (data, sim):
mshare 0.0810895 0.07848751700418517
trans_fromgood 0.9719517127913597 0.9804194129942554
trans_frombad 0.32193154063384666 0.3169370425960719
grad2 1.022727785712518 1.0260880535595904
grad3 1.0100933117988236 1.047276273850498
grad4 1.0396889866766343 1.0704482460232687
tfp 0.7399708689473028 0.73895297901663
f =  8.02889166634311 , pars =  [-0.79638791  3.93327946  0.67616698  0.6059124 ]
- current state of moments (data, sim):
mshare 0.0810895 0.07885208613090759
trans_fromgood 0.9719517127913597 0.9804206425359919
trans_frombad 0.32193154063384666 0.32187467027052735
grad2 1.022727785712518 1.025130877662338
grad3 1.0100933117988236 1.0451722044137004
grad4 1.0396889866766343 1.0679015578165676
tfp 0.7399708689473028 0.7403127009189175
f =  8.035534978622625 , pars =  [-0.79640091  3.93318952  0.67613555  0.60585315]
- current state of moments (data, sim):
mshare 0.0810895 0.07884987898643094
trans_fromgood 0.9719517127913597 0.9804188815965482
trans_frombad 0.32193154063384666 0.3245270003901411
grad2 1.022727785712518 1.0252167403879742
grad3 1.0100933117988236 1.0453599258670334
grad4 1.0396889866766343 1.067745208548268
tfp 0.7399708689473028 0.7397380457586853
f =  8.578996726413846 , pars =  [-0.79640609  3.93329916  0.67607528  0.60588427]
- current state of moments (data, sim):
mshare 0.0810895 0.07840556306972694
trans_fromgood 0.9719517127913597 0.9804210282881293
trans_frombad 0.32193154063384666 0.3170479871202341
grad2 1.022727785712518 1.0260644684221703
grad3 1.0100933117988236 1.0472321888180312
grad4 1.0396889866766343 1.0703783927809565
tfp 0.7399708689473028 0.7395334995281551
f =  8.314552013324844 , pars =  [-0.79645123  3.93322503  0.67608044  0.60595173]
- current state of moments (data, sim):
mshare 0.0810895 0.07932155634718616
trans_fromgood 0.9719517127913597 0.9804195767561977
trans_frombad 0.32193154063384666 0.30713474397458074
grad2 1.022727785712518 1.0259719670523213
grad3 1.0100933117988236 1.0464802072228119
grad4 1.0396889866766343 1.0685155484827416
tfp 0.7399708689473028 0.7393726775096158
f =  8.041598604611304 , pars =  [-0.79633178  3.93319852  0.67602897  0.60585297]
- current state of moments (data, sim):
mshare 0.0810895 0.07887073393517004
trans_fromgood 0.9719517127913597 0.9804190577066864
trans_frombad 0.32193154063384666 0.32433634002704304
grad2 1.022727785712518 1.025233648386355
grad3 1.0100933117988236 1.0453915011479278
grad4 1.0396889866766343 1.0677900128640243
tfp 0.7399708689473028 0.7395179565496112
