cshare            0.687819
mshare            0.144225
trans_fromgood    0.961600
trans_frombad     0.205977
grad2             1.177713
grad3             1.222356
grad4             1.276081
Name: US, dtype: float64
cshare            0.009079
mshare            0.016178
trans_fromgood    0.001506
trans_frombad     0.009638
grad2             0.016617
grad3             0.016421
grad4             0.016628
Name: US, dtype: float64
                    mean        sd
cshare          0.687819  0.009079
mshare          0.144225  0.016178
trans_fromgood  0.961600  0.001506
trans_frombad   0.205977  0.009638
grad2           1.177713  0.016617
grad3           1.222356  0.016421
grad4           1.276081  0.016628
current parameter status : 
sigma 2.1053 True
beta 0.97 False
phi 0.3974 True
psi 0.1616 True
delta_h1 -0.989 True
delta_h2 3.5117 True
eta 0.0 False
tfp 1 False
price 1 False
risk 0.0 False
-- 
number of parameters:  10
number of free parameters:  5
current parameter status : 
sigma 2.1053 True
beta 0.97 False
phi 0.3974 True
psi 0.1616 True
delta_h1 -0.989 True
delta_h2 3.5117 True
eta 0.0 False
tfp 1 False
price 1 False
risk 0.0 False
- using these moments:
cshare 0.6878193058758052 0.009079433465468566
mshare 0.14422500000000002 0.01617846342973795
trans_fromgood 0.9615996486441867 0.0015062553539724164
trans_frombad 0.20597666978044457 0.009638163363181533
grad2 1.177712992763826 0.016617346336167793
grad3 1.2223556346247508 0.016421047162417955
grad4 1.2760806370630837 0.01662760246174447
f =  233.0798609641468 , pars =  [ 2.10531719  0.397405    0.16157805 -0.98895796  3.51165063]
- current state of moments (data, sim):
cshare 0.6878193058758052 0.6653476775441772
mshare 0.14422500000000002 0.1387585715780389
trans_fromgood 0.9615996486441867 0.9701595491805848
trans_frombad 0.20597666978044457 0.3091208115180944
grad2 1.177712992763826 1.0894848780713626
grad3 1.2223556346247508 1.1463642633438904
grad4 1.2760806370630837 1.184380546988614
f =  238.2207169641433 , pars =  [ 2.20531719  0.397405    0.16157805 -0.98895796  3.51165063]
- current state of moments (data, sim):
cshare 0.6878193058758052 0.6564961154778061
mshare 0.14422500000000002 0.13564426254884882
trans_fromgood 0.9615996486441867 0.9701711462263631
trans_frombad 0.20597666978044457 0.314110535244099
grad2 1.177712992763826 1.0938366658056908
grad3 1.2223556346247508 1.1559486716946334
grad4 1.2760806370630837 1.1913785777676433
f =  300.7173754748825 , pars =  [ 2.10531719  0.497405    0.16157805 -0.98895796  3.51165063]
- current state of moments (data, sim):
cshare 0.6878193058758052 0.668544212033206
mshare 0.14422500000000002 0.14310698468900696
trans_fromgood 0.9615996486441867 0.9701759739120996
trans_frombad 0.20597666978044457 0.3323147826337564
grad2 1.177712992763826 1.0883094819427157
grad3 1.2223556346247508 1.140992830427612
grad4 1.2760806370630837 1.1729519679879508
f =  1028.441929479817 , pars =  [ 2.10531719  0.397405    0.26157805 -0.98895796  3.51165063]
- current state of moments (data, sim):
cshare 0.6878193058758052 0.6240029676056877
mshare 0.14422500000000002 0.09064667383048448
trans_fromgood 0.9615996486441867 0.9702347057990576
trans_frombad 0.20597666978044457 0.4672814185704125
grad2 1.177712992763826 1.0674887098962744
grad3 1.2223556346247508 1.0983381449794298
grad4 1.2760806370630837 1.1105212239018956
f =  246.74103633921175 , pars =  [ 2.10531719  0.397405    0.16157805 -0.88895796  3.51165063]
- current state of moments (data, sim):
cshare 0.6878193058758052 0.6603849515065366
mshare 0.14422500000000002 0.13343651150090557
trans_fromgood 0.9615996486441867 0.9701594727916593
trans_frombad 0.20597666978044457 0.3134338803159929
grad2 1.177712992763826 1.0901696986094471
grad3 1.2223556346247508 1.1464103453543597
grad4 1.2760806370630837 1.1828696091695499
f =  261.2620486862069 , pars =  [ 2.10531719  0.397405    0.16157805 -0.98895796  3.61165063]
- current state of moments (data, sim):
cshare 0.6878193058758052 0.6553627370276104
mshare 0.14422500000000002 0.1269104688081535
trans_fromgood 0.9615996486441867 0.9729970956531717
trans_frombad 0.20597666978044457 0.2991739496192911
grad2 1.177712992763826 1.0834578366123018
grad3 1.2223556346247508 1.137652101332394
grad4 1.2760806370630837 1.1738499457727372
f =  193.17254969487357 , pars =  [ 2.00531719  0.397405    0.16157805 -0.98895796  3.51165063]
- current state of moments (data, sim):
cshare 0.6878193058758052 0.6707137952058299
mshare 0.14422500000000002 0.13878635867265696
trans_fromgood 0.9615996486441867 0.9701552380620152
trans_frombad 0.20597666978044457 0.2970784889184249
grad2 1.177712992763826 1.092824421547264
grad3 1.2223556346247508 1.1534790155753123
grad4 1.2760806370630837 1.194259790256552
f =  134.6603219785909 , pars =  [ 2.10531719  0.297405    0.16157805 -0.98895796  3.51165063]
- current state of moments (data, sim):
cshare 0.6878193058758052 0.6602042686845737
mshare 0.14422500000000002 0.13143969289985827
trans_fromgood 0.9615996486441867 0.9701559996541876
trans_frombad 0.20597666978044457 0.28095545461010757
grad2 1.177712992763826 1.108365893533856
grad3 1.2223556346247508 1.1841291732578685
grad4 1.2760806370630837 1.225746672121605
f =  660.2548149890205 , pars =  [ 2.10531719  0.397405    0.06157805 -0.98895796  3.51165063]
- current state of moments (data, sim):
cshare 0.6878193058758052 0.8341618847971588
mshare 0.14422500000000002 0.3305487389776343
trans_fromgood 0.9615996486441867 0.9701550702467795
trans_frombad 0.20597666978044457 0.10732633091832608
grad2 1.177712992763826 1.1493314472207297
grad3 1.2223556346247508 1.2810743565986382
grad4 1.2760806370630837 1.4544689184293307
f =  178.48759860696924 , pars =  [ 2.10531719  0.397405    0.16157805 -1.08895796  3.51165063]
- current state of moments (data, sim):
cshare 0.6878193058758052 0.6675652638737808
mshare 0.14422500000000002 0.14110593386674042
trans_fromgood 0.9615996486441867 0.9701595675760258
trans_frombad 0.20597666978044457 0.2965169036884838
grad2 1.177712992763826 1.097963358913792
grad3 1.2223556346247508 1.165663978347157
grad4 1.2760806370630837 1.205571626761853
f =  197.19490776770567 , pars =  [ 2.10531719  0.397405    0.16157805 -0.98895796  3.41165063]
- current state of moments (data, sim):
cshare 0.6878193058758052 0.6738312076509304
mshare 0.14422500000000002 0.14856645669364518
trans_fromgood 0.9615996486441867 0.9670283058875864
trans_frombad 0.20597666978044457 0.3156280417223536
grad2 1.177712992763826 1.0983752533275883
grad3 1.2223556346247508 1.166145723256317
grad4 1.2760806370630837 1.2058960587699696
f =  45.31454411626151 , pars =  [ 2.08736619  0.20718345  0.14816557 -1.01638032  3.4870345 ]
- current state of moments (data, sim):
cshare 0.6878193058758052 0.6681894954790278
mshare 0.14422500000000002 0.13918618756796935
trans_fromgood 0.9615996486441867 0.9694121707932433
trans_frombad 0.20597666978044457 0.2224341333806828
grad2 1.177712992763826 1.1311949718842882
grad3 1.2223556346247508 1.234029747774805
grad4 1.2760806370630837 1.3017523585189041
f =  341.2732173428725 , pars =  [ 2.0987482   0.11110193  0.14873639 -1.00094696  3.50704139]
- current state of moments (data, sim):
cshare 0.6878193058758052 0.6592734717144946
mshare 0.14422500000000002 0.12747238227004265
trans_fromgood 0.9615996486441867 0.9700145013142416
trans_frombad 0.20597666978044457 0.13349717165258262
grad2 1.177712992763826 1.1777451438659616
grad3 1.2223556346247508 1.3422602256928944
grad4 1.2760806370630837 1.5048158454155358
f =  445.1807106675266 , pars =  [ 2.06400076  0.12724982  0.13525179 -1.05783631  3.45269348]
- current state of moments (data, sim):
cshare 0.6878193058758052 0.6765818181110417
mshare 0.14422500000000002 0.14517929787795278
trans_fromgood 0.9615996486441867 0.9683397547984036
trans_frombad 0.20597666978044457 0.12594458616255821
grad2 1.177712992763826 1.1862389926295052
grad3 1.2223556346247508 1.3617522370669373
grad4 1.2760806370630837 1.55547707213146
f =  106.59259581930178 , pars =  [ 2.00388897  0.2121217   0.13086645 -0.98194903  3.44801663]
- current state of moments (data, sim):
cshare 0.6878193058758052 0.697603101678424
mshare 0.14422500000000002 0.16639791707373613
trans_fromgood 0.9615996486441867 0.9681913485627748
trans_frombad 0.20597666978044457 0.16636374413282637
grad2 1.177712992763826 1.150990325183595
grad3 1.2223556346247508 1.2757758012187994
grad4 1.2760806370630837 1.3986528140988737
f =  55.641168216804445 , pars =  [ 2.18610942  0.20528739  0.13855549 -1.02350106  3.47687962]
- current state of moments (data, sim):
cshare 0.6878193058758052 0.6730209356652552
mshare 0.14422500000000002 0.15030468839036681
trans_fromgood 0.9615996486441867 0.9691003903743445
trans_frombad 0.20597666978044457 0.19597419561691673
grad2 1.177712992763826 1.1442169778483795
grad3 1.2223556346247508 1.258974940016937
grad4 1.2760806370630837 1.3464933428225034
f =  67.32394475951604 , pars =  [ 2.04987544  0.21261751  0.14253102 -1.04288266  3.57552626]
- current state of moments (data, sim):
cshare 0.6878193058758052 0.6684831998532965
mshare 0.14422500000000002 0.13674759721712215
trans_fromgood 0.9615996486441867 0.9720021104539037
trans_frombad 0.20597666978044457 0.19414559700943845
grad2 1.177712992763826 1.1246159936766156
grad3 1.2223556346247508 1.2247355659959949
grad4 1.2760806370630837 1.3055543663235156
f =  1724.4208112456458 , pars =  [ 2.09372443  0.22265378  0.05065083 -1.00473819  3.49572808]
- current state of moments (data, sim):
cshare 0.6878193058758052 0.8342791264956478
mshare 0.14422500000000002 0.324105719778749
trans_fromgood 0.9615996486441867 0.9696761902436088
trans_frombad 0.20597666978044457 0.06811693530412544
grad2 1.177712992763826 1.200069037312889
grad3 1.2223556346247508 1.4273117226971532
grad4 1.2760806370630837 1.7884852237409299
f =  221.07313118108132 , pars =  [ 2.07615533  0.20941342  0.23523483 -1.02042187  3.43936949]
- current state of moments (data, sim):
cshare 0.6878193058758052 0.6342443899881278
mshare 0.14422500000000002 0.09949310245991554
trans_fromgood 0.9615996486441867 0.9679192533108651
trans_frombad 0.20597666978044457 0.31661123235435606
grad2 1.177712992763826 1.1165866967453106
grad3 1.2223556346247508 1.1882498487562771
grad4 1.2760806370630837 1.219939999644005
f =  40.26224403547846 , pars =  [ 2.09546494  0.26943755  0.14020855 -1.00754535  3.41010943]
- current state of moments (data, sim):
cshare 0.6878193058758052 0.6885917693572274
mshare 0.14422500000000002 0.16341029033972795
trans_fromgood 0.9615996486441867 0.9669660699879389
trans_frombad 0.20597666978044457 0.24671825937444156
grad2 1.177712992763826 1.1398284668195464
grad3 1.2223556346247508 1.2401806551174055
grad4 1.2760806370630837 1.2990675033453776
f =  106.80205997592994 , pars =  [ 2.17934419  0.25976871  0.17586991 -1.04734588  3.41397874]
- current state of moments (data, sim):
cshare 0.6878193058758052 0.6588254661813514
mshare 0.14422500000000002 0.13478158784909466
trans_fromgood 0.9615996486441867 0.9670966453990945
trans_frombad 0.20597666978044457 0.28295788602613225
grad2 1.177712992763826 1.1165737187885554
grad3 1.2223556346247508 1.198393219999009
grad4 1.2760806370630837 1.245040069474011
f =  82.05359792101679 , pars =  [ 2.05362944  0.26654802  0.16741384 -1.00792482  3.41119106]
- current state of moments (data, sim):
cshare 0.6878193058758052 0.6691305916508721
mshare 0.14422500000000002 0.13947784672143362
trans_fromgood 0.9615996486441867 0.9670020865220301
trans_frombad 0.20597666978044457 0.2743900598303126
grad2 1.177712992763826 1.1203627384607582
grad3 1.2223556346247508 1.2060603700856418
grad4 1.2760806370630837 1.2551361457590433
f =  32.90299321378037 , pars =  [ 2.09322678  0.27470083  0.13519953 -1.016872    3.41349497]
- current state of moments (data, sim):
cshare 0.6878193058758052 0.6997686222900426
mshare 0.14422500000000002 0.1758178752731359
trans_fromgood 0.9615996486441867 0.9670777273352034
trans_frombad 0.20597666978044457 0.21313257126456803
grad2 1.177712992763826 1.136627987227846
grad3 1.2223556346247508 1.235226417770235
grad4 1.2760806370630837 1.3196063035721823
f =  45.39253721906908 , pars =  [ 2.09849068  0.27884422  0.14356751 -1.02805306  3.43311853]
- current state of moments (data, sim):
cshare 0.6878193058758052 0.6839420572908825
mshare 0.14422500000000002 0.15847540029134105
trans_fromgood 0.9615996486441867 0.9677175809023817
trans_frombad 0.20597666978044457 0.24988741531236375
grad2 1.177712992763826 1.1365840347172256
grad3 1.2223556346247508 1.2334480716392073
grad4 1.2760806370630837 1.2889428269317584
f =  44.329019948503564 , pars =  [ 2.09399103  0.27673838  0.14171327 -1.020791    3.40737312]
- current state of moments (data, sim):
cshare 0.6878193058758052 0.6883772461009577
mshare 0.14422500000000002 0.1631897094842861
trans_fromgood 0.9615996486441867 0.9668756149303127
trans_frombad 0.20597666978044457 0.25209366507796027
grad2 1.177712992763826 1.1403364520755095
grad3 1.2223556346247508 1.2405071446760736
grad4 1.2760806370630837 1.2964900033848046
f =  35.93865899648081 , pars =  [ 2.08978461  0.27132124  0.13073173 -1.01777984  3.40601537]
- current state of moments (data, sim):
cshare 0.6878193058758052 0.6942685487392931
mshare 0.14422500000000002 0.16997832223029397
trans_fromgood 0.9615996486441867 0.966830448598408
trans_frombad 0.20597666978044457 0.21812223101172018
grad2 1.177712992763826 1.1404370479225596
grad3 1.2223556346247508 1.2521653813979168
grad4 1.2760806370630837 1.3310400065713346
f =  37.44109360901108 , pars =  [ 2.09630296  0.27170931  0.12713065 -1.01655746  3.41754245]
- current state of moments (data, sim):
cshare 0.6878193058758052 0.696092847601855
mshare 0.14422500000000002 0.17246721521554337
trans_fromgood 0.9615996486441867 0.9672105812312994
trans_frombad 0.20597666978044457 0.21616798399837786
grad2 1.177712992763826 1.139589564669309
grad3 1.2223556346247508 1.25077426020641
grad4 1.2760806370630837 1.3294721947971007
f =  33.95081053622008 , pars =  [ 2.09672707  0.28232325  0.13064369 -1.01576628  3.41072579]
- current state of moments (data, sim):
cshare 0.6878193058758052 0.692499455099825
mshare 0.14422500000000002 0.16911801543603813
trans_fromgood 0.9615996486441867 0.9669864045777722
trans_frombad 0.20597666978044457 0.2219500821339248
grad2 1.177712992763826 1.1374335325783875
grad3 1.2223556346247508 1.2463065845564338
grad4 1.2760806370630837 1.3224549861608736
f =  39.080419179765784 , pars =  [ 2.09287239  0.27807893  0.13638553 -1.01089909  3.42066299]
- current state of moments (data, sim):
cshare 0.6878193058758052 0.6917615909004627
mshare 0.14422500000000002 0.16696286062114088
trans_fromgood 0.9615996486441867 0.9673128054657135
trans_frombad 0.20597666978044457 0.24230686757995604
grad2 1.177712992763826 1.139006557630323
grad3 1.2223556346247508 1.2391261118091517
grad4 1.2760806370630837 1.2987156845552876
f =  36.11338317836044 , pars =  [ 2.10113794  0.26890781  0.13524306 -1.01858564  3.41445215]
- current state of moments (data, sim):
cshare 0.6878193058758052 0.6901622012834177
mshare 0.14422500000000002 0.1661451707532817
trans_fromgood 0.9615996486441867 0.9671091902168029
trans_frombad 0.20597666978044457 0.2390625622050083
grad2 1.177712992763826 1.1398095216065083
grad3 1.2223556346247508 1.2408230219584875
grad4 1.2760806370630837 1.3027889580131813
f =  32.005544891734786 , pars =  [ 2.0905357   0.2676507   0.13668171 -1.01689069  3.41988688]
- current state of moments (data, sim):
cshare 0.6878193058758052 0.6976631763471902
mshare 0.14422500000000002 0.17279423058045681
trans_fromgood 0.9615996486441867 0.9672874853541922
trans_frombad 0.20597666978044457 0.2128721649334547
grad2 1.177712992763826 1.1354472802142712
grad3 1.2223556346247508 1.233195781287904
grad4 1.2760806370630837 1.3169304465896625
f =  32.05054831413057 , pars =  [ 2.08290855  0.27318299  0.13679445 -1.01988109  3.42139188]
- current state of moments (data, sim):
cshare 0.6878193058758052 0.6976308862732054
mshare 0.14422500000000002 0.17261557958416618
trans_fromgood 0.9615996486441867 0.9673366919342615
trans_frombad 0.20597666978044457 0.21435649051853195
grad2 1.177712992763826 1.1350211430691375
grad3 1.2223556346247508 1.2323044637780562
grad4 1.2760806370630837 1.3153335029127673
f =  40.81608456682631 , pars =  [ 2.09439459  0.27207613  0.13968856 -1.022111    3.42529352]
- current state of moments (data, sim):
cshare 0.6878193058758052 0.6879752010981882
mshare 0.14422500000000002 0.16289262571765298
trans_fromgood 0.9615996486441867 0.967463879715259
trans_frombad 0.20597666978044457 0.24491417727998968
grad2 1.177712992763826 1.138076995807894
grad3 1.2223556346247508 1.2373539288526898
grad4 1.2760806370630837 1.2963258743916641
f =  38.377905290767565 , pars =  [ 2.08418323  0.26222315  0.14014843 -1.01263208  3.4197027 ]
- current state of moments (data, sim):
cshare 0.6878193058758052 0.6856002014974338
mshare 0.14422500000000002 0.15921100701483704
trans_fromgood 0.9615996486441867 0.9672814625735665
trans_frombad 0.20597666978044457 0.24321479930773704
grad2 1.177712992763826 1.1390893635976758
grad3 1.2223556346247508 1.2390071769304771
grad4 1.2760806370630837 1.2988364444195049
f =  29.895719667212074 , pars =  [ 2.08869828  0.27100858  0.13466172 -1.01720017  3.41740245]
- current state of moments (data, sim):
cshare 0.6878193058758052 0.6923461519322731
mshare 0.14422500000000002 0.16759440616747798
trans_fromgood 0.9615996486441867 0.9672060514772273
trans_frombad 0.20597666978044457 0.2206704879157632
grad2 1.177712992763826 1.1374430921491225
grad3 1.2223556346247508 1.235510677435898
grad4 1.2760806370630837 1.3127671395374005
f =  30.891039001196557 , pars =  [ 2.08137902  0.27706277  0.13198938 -1.01823946  3.416156  ]
- current state of moments (data, sim):
cshare 0.6878193058758052 0.6957660389472544
mshare 0.14422500000000002 0.1710793492648121
trans_fromgood 0.9615996486441867 0.9671651055226069
trans_frombad 0.20597666978044457 0.21954518324902383
grad2 1.177712992763826 1.1379375093116875
grad3 1.2223556346247508 1.2363934328595283
grad4 1.2760806370630837 1.3142715592102896
f =  36.004551017851384 , pars =  [ 2.08884899  0.27072118  0.13502984 -1.01591975  3.4167909 ]
- current state of moments (data, sim):
cshare 0.6878193058758052 0.6906960088506723
mshare 0.14422500000000002 0.16597229482364462
trans_fromgood 0.9615996486441867 0.9671859504310713
trans_frombad 0.20597666978044457 0.23836249325038733
grad2 1.177712992763826 1.1397975126744944
grad3 1.2223556346247508 1.2408067806919645
grad4 1.2760806370630837 1.3028052055924921
f =  34.867308593534055 , pars =  [ 2.08833237  0.27062645  0.13257323 -1.02169547  3.41701445]
- current state of moments (data, sim):
cshare 0.6878193058758052 0.6911906153541219
mshare 0.14422500000000002 0.1663753433817438
trans_fromgood 0.9615996486441867 0.9671932730069384
trans_frombad 0.20597666978044457 0.2190264112130615
grad2 1.177712992763826 1.1387509259912123
grad3 1.2223556346247508 1.248965778786847
grad4 1.2760806370630837 1.32626041915288
f =  29.878687673449 , pars =  [ 2.0876666   0.27039797  0.13469115 -1.01691239  3.41753455]
- current state of moments (data, sim):
cshare 0.6878193058758052 0.6922455317453617
mshare 0.14422500000000002 0.16750544960186653
trans_fromgood 0.9615996486441867 0.9672103813086561
trans_frombad 0.20597666978044457 0.2205372942391042
grad2 1.177712992763826 1.1374601645257996
grad3 1.2223556346247508 1.2355618059036193
grad4 1.2760806370630837 1.312881020365026
f =  34.35469885947006 , pars =  [ 2.0874094   0.2709844   0.13354897 -1.01687165  3.4196638 ]
- current state of moments (data, sim):
cshare 0.6878193058758052 0.6901258411574575
mshare 0.14422500000000002 0.16465615519874216
trans_fromgood 0.9615996486441867 0.9672801047718733
trans_frombad 0.20597666978044457 0.22036342631063374
grad2 1.177712992763826 1.138245566423243
grad3 1.2223556346247508 1.2476619139243852
grad4 1.2760806370630837 1.3237790322757619
f =  38.466983746487294 , pars =  [ 2.08758933  0.27099699  0.13532188 -1.01657323  3.41788436]
- current state of moments (data, sim):
cshare 0.6878193058758052 0.6942039687549242
mshare 0.14422500000000002 0.1689797464610879
trans_fromgood 0.9615996486441867 0.9672218230970906
trans_frombad 0.20597666978044457 0.24081685600863537
grad2 1.177712992763826 1.1397313864064316
grad3 1.2223556346247508 1.2403860470594854
grad4 1.2760806370630837 1.3007578305701457
f =  34.12064720510934 , pars =  [ 2.08772593  0.26979287  0.13425703 -1.01740013  3.41708292]
- current state of moments (data, sim):
cshare 0.6878193058758052 0.6889427065142302
mshare 0.14422500000000002 0.16395112274177948
trans_fromgood 0.9615996486441867 0.9671955715714962
trans_frombad 0.20597666978044457 0.22069420526191386
grad2 1.177712992763826 1.1384159249448125
grad3 1.2223556346247508 1.2481138897927668
grad4 1.2760806370630837 1.3243633624474256
f =  29.922163062762657 , pars =  [ 2.08720744  0.27103653  0.13425306 -1.01683372  3.41710641]
- current state of moments (data, sim):
cshare 0.6878193058758052 0.692836634217678
mshare 0.14422500000000002 0.16808892713177814
trans_fromgood 0.9615996486441867 0.9671963284776739
trans_frombad 0.20597666978044457 0.2203796797934791
grad2 1.177712992763826 1.1374900257997644
grad3 1.2223556346247508 1.2355711763948845
grad4 1.2760806370630837 1.3128697942513976
f =  29.934335373257163 , pars =  [ 2.08743133  0.27045047  0.13433006 -1.0176023   3.4181138 ]
- current state of moments (data, sim):
cshare 0.6878193058758052 0.6927347135959577
mshare 0.14422500000000002 0.1678585249135731
trans_fromgood 0.9615996486441867 0.9672293600814023
trans_frombad 0.20597666978044457 0.2202496520047211
grad2 1.177712992763826 1.137346563435113
grad3 1.2223556346247508 1.2353265246540055
grad4 1.2760806370630837 1.312586305019173
f =  32.84441757500977 , pars =  [ 2.08698321  0.27064488  0.13521617 -1.01732748  3.41768967]
- current state of moments (data, sim):
cshare 0.6878193058758052 0.6996559313438689
mshare 0.14422500000000002 0.17497735474180356
trans_fromgood 0.9615996486441867 0.9672155017860035
trans_frombad 0.20597666978044457 0.21258595351119625
grad2 1.177712992763826 1.1358429846923557
grad3 1.2223556346247508 1.2338404894222796
grad4 1.2760806370630837 1.3178918330024023
f =  30.022622017874063 , pars =  [ 2.08772281  0.27002977  0.13424954 -1.0161179   3.41772177]
- current state of moments (data, sim):
cshare 0.6878193058758052 0.6927919651357761
mshare 0.14422500000000002 0.1679242063841964
trans_fromgood 0.9615996486441867 0.9672165166531265
trans_frombad 0.20597666978044457 0.22040029096959923
grad2 1.177712992763826 1.1374415031788263
grad3 1.2223556346247508 1.2355572982040282
grad4 1.2760806370630837 1.3129330328712818
f =  38.52485497774223 , pars =  [ 2.08817476  0.26982233  0.13513855 -1.01695972  3.41799063]
- current state of moments (data, sim):
cshare 0.6878193058758052 0.6944949764212469
mshare 0.14422500000000002 0.16923861476670743
trans_fromgood 0.9615996486441867 0.9672253074450146
trans_frombad 0.20597666978044457 0.24063419245554266
grad2 1.177712992763826 1.1398596698479948
grad3 1.2223556346247508 1.2406679123040303
grad4 1.2760806370630837 1.3011974165939935
f =  30.074957378827108 , pars =  [ 2.08802783  0.27092252  0.13414705 -1.01739378  3.41727649]
- current state of moments (data, sim):
cshare 0.6878193058758052 0.6928923134914808
mshare 0.14422500000000002 0.16825840860825317
trans_fromgood 0.9615996486441867 0.9672019023692622
trans_frombad 0.20597666978044457 0.2203564359055901
grad2 1.177712992763826 1.1376022425660546
grad3 1.2223556346247508 1.2358289938694804
grad4 1.2760806370630837 1.3132502834285047
f =  29.86702920237392 , pars =  [ 2.08728299  0.27037906  0.13444244 -1.01672089  3.41747164]
- current state of moments (data, sim):
cshare 0.6878193058758052 0.6922171715580339
mshare 0.14422500000000002 0.16768286058441007
trans_fromgood 0.9615996486441867 0.9672083212191648
trans_frombad 0.20597666978044457 0.22058345837342078
grad2 1.177712992763826 1.1373707656724827
grad3 1.2223556346247508 1.2353995009813425
grad4 1.2760806370630837 1.3126742016178101
f =  29.74407199520391 , pars =  [ 2.08727725  0.27035695  0.13448634 -1.0166676   3.41736997]
- current state of moments (data, sim):
cshare 0.6878193058758052 0.6921433649313864
mshare 0.14422500000000002 0.1676091714889925
trans_fromgood 0.9615996486441867 0.9672049862299761
trans_frombad 0.20597666978044457 0.22035395154458076
grad2 1.177712992763826 1.1373556394748308
grad3 1.2223556346247508 1.2353486389673516
grad4 1.2760806370630837 1.3126236306429808
f =  29.85259247928684 , pars =  [ 2.08742895  0.27048347  0.13445416 -1.01662539  3.41722622]
- current state of moments (data, sim):
cshare 0.6878193058758052 0.6922420769529409
mshare 0.14422500000000002 0.16770461154292096
trans_fromgood 0.9615996486441867 0.9672002679274446
trans_frombad 0.20597666978044457 0.2206038427037521
grad2 1.177712992763826 1.1374004173045331
grad3 1.2223556346247508 1.2354491401187855
grad4 1.2760806370630837 1.3127354254588632
