current parameter status : 
sigma 2.0872 False
beta 0.97 False
phi 0.2703 False
psi 0.1345 False
delta_h1 -1.3948 True
delta_h2 4.311 True
eta 0.0 False
tfp 0.7954 True
price 0.8917 True
risk 0.0 False
-- 
number of parameters:  10
number of free parameters:  4
current parameter status : 
sigma 2.0872 False
beta 0.97 False
phi 0.2703 False
psi 0.1345 False
delta_h1 -1.3948 True
delta_h2 4.311 True
eta 0.0 False
tfp 0.7954 True
price 0.8917 True
risk 0.0 False
- using these moments:
mshare 0.08578499999999999 0.013101374576336398
trans_fromgood 0.9723390018150373 0.0037066222809843635
trans_frombad 0.3026081404309771 0.0426876519919813
grad2 1.052746111390315 0.019814154849871025
grad3 1.0638124877813422 0.0214107447884876
grad4 1.076430849334293 0.01918790103235455
tfp 0.7979621824232888 0.03225769326665664
f =  35.34696317157839 , pars =  [-1.39479202  4.31099113  0.7954149   0.89168889]
- current state of moments (data, sim):
mshare 0.08578499999999999 0.11068126354350924
trans_fromgood 0.9723390018150373 0.9865797581478795
trans_frombad 0.3026081404309771 0.27020501503862304
grad2 1.052746111390315 1.0082490505214088
grad3 1.0638124877813422 1.0163516063357922
grad4 1.076430849334293 1.0308600933647167
tfp 0.7979621824232888 0.7690835304084742
f =  33.69572324142757 , pars =  [-1.29479202  4.31099113  0.7954149   0.89168889]
- current state of moments (data, sim):
mshare 0.08578499999999999 0.10596590909796288
trans_fromgood 0.9723390018150373 0.9865797581478792
trans_frombad 0.3026081404309771 0.2755717077163673
grad2 1.052746111390315 1.0086863763949607
grad3 1.0638124877813422 1.0170652949132097
grad4 1.076430849334293 1.031159117059795
tfp 0.7979621824232888 0.7676551996812334
f =  35.844524426753814 , pars =  [-1.39479202  4.41099113  0.7954149   0.89168889]
- current state of moments (data, sim):
mshare 0.08578499999999999 0.0976593551331311
trans_fromgood 0.9723390018150373 0.9878568630131092
trans_frombad 0.3026081404309771 0.2691875881543682
grad2 1.052746111390315 1.0075902439025721
grad3 1.0638124877813422 1.0148545802045046
grad4 1.076430849334293 1.0276991305980623
tfp 0.7979621824232888 0.7946187615972578
f =  57.802533047226525 , pars =  [-1.39479202  4.31099113  0.8954149   0.89168889]
- current state of moments (data, sim):
mshare 0.08578499999999999 0.08479215262471788
trans_fromgood 0.9723390018150373 0.9865797581478793
trans_frombad 0.3026081404309771 0.42236763449991926
grad2 1.052746111390315 1.0114734558747338
grad3 1.0638124877813422 1.0213794097068867
grad4 1.076430849334293 1.029666879049667
tfp 0.7979621824232888 0.945640839400169
f =  50.41506276111298 , pars =  [-1.39479202  4.31099113  0.7954149   0.99168889]
- current state of moments (data, sim):
mshare 0.08578499999999999 0.13316771200533348
trans_fromgood 0.9723390018150373 0.9865797581478812
trans_frombad 0.3026081404309771 0.19288533667563826
grad2 1.052746111390315 1.0081332222977768
grad3 1.0638124877813422 1.016121146620434
grad4 1.076430849334293 1.0310610671787774
tfp 0.7979621824232888 0.7789981260729947
f =  39.45196593058312 , pars =  [-1.49479202  4.31099113  0.7954149   0.89168889]
- current state of moments (data, sim):
mshare 0.08578499999999999 0.11942529879347617
trans_fromgood 0.9723390018150373 0.986579758147879
trans_frombad 0.3026081404309771 0.23682532635974843
grad2 1.052746111390315 1.0087909272744773
grad3 1.0638124877813422 1.0175412610635657
grad4 1.076430849334293 1.033913087942325
tfp 0.7979621824232888 0.7623075934283634
f =  34.39715375233519 , pars =  [-1.39479202  4.21099113  0.7954149   0.89168889]
- current state of moments (data, sim):
mshare 0.08578499999999999 0.1181535725054066
trans_fromgood 0.9723390018150373 0.9851683389914953
trans_frombad 0.3026081404309771 0.28708050776251487
grad2 1.052746111390315 1.0079767583973953
grad3 1.0638124877813422 1.0157921730190123
grad4 1.076430849334293 1.0298629057418183
tfp 0.7979621824232888 0.7852396119794168
f =  2081.75962958507 , pars =  [-1.39479202  4.31099113  0.6954149   0.89168889]
- current state of moments (data, sim):
mshare 0.08578499999999999 0.6089202195763365
trans_fromgood 0.9723390018150373 0.98657975814788
trans_frombad 0.3026081404309771 0.04430259027705226
grad2 1.052746111390315 1.0691585747110803
grad3 1.0638124877813422 1.1473593072576678
grad4 1.076430849334293 1.2884349199242138
tfp 0.7979621824232888 0.24110291820714652
f =  45.2546307373771 , pars =  [-1.39479202  4.31099113  0.7954149   0.79168889]
- current state of moments (data, sim):
mshare 0.08578499999999999 0.09060558579084743
trans_fromgood 0.9723390018150373 0.9865797581478788
trans_frombad 0.3026081404309771 0.4430070486715515
grad2 1.052746111390315 1.0082942716999324
grad3 1.0638124877813422 1.015597822901233
grad4 1.076430849334293 1.02200089742102
tfp 0.7979621824232888 0.7599271880960827
f =  48.912834102221716 , pars =  [-1.29477151  4.31095615  0.84432985  0.89156417]
- current state of moments (data, sim):
mshare 0.08578499999999999 0.08607531388858417
trans_fromgood 0.9723390018150373 0.9865792886993683
trans_frombad 0.3026081404309771 0.44742877617630905
grad2 1.052746111390315 1.0088386316958422
grad3 1.0638124877813422 1.0166788385689414
grad4 1.076430849334293 1.023667323528463
tfp 0.7979621824232888 0.8723983752401088
f =  33.070925376852436 , pars =  [-1.29479203  4.3232199   0.79542194  0.89168887]
- current state of moments (data, sim):
mshare 0.08578499999999999 0.09869101843950905
trans_fromgood 0.9723390018150373 0.9867428719319835
trans_frombad 0.3026081404309771 0.34411797043390757
grad2 1.052746111390315 1.009047151057298
grad3 1.0638124877813422 1.0180130647171333
grad4 1.076430849334293 1.0303941619405788
tfp 0.7979621824232888 0.7680825204140632
f =  31.43830630955812 , pars =  [-1.30915761  4.32400173  0.81519974  0.89151665]
- current state of moments (data, sim):
mshare 0.08578499999999999 0.09581925335083719
trans_fromgood 0.9723390018150373 0.98675323263887
trans_frombad 0.3026081404309771 0.3454318549070223
grad2 1.052746111390315 1.0093671467251044
grad3 1.0638124877813422 1.018690923843313
grad4 1.076430849334293 1.031480121690189
tfp 0.7979621824232888 0.7986361187783253
f =  31.471267137562997 , pars =  [-1.31141759  4.31427544  0.81573444  0.89143982]
- current state of moments (data, sim):
mshare 0.08578499999999999 0.0971164530386243
trans_fromgood 0.9723390018150373 0.9866237621447572
trans_frombad 0.3026081404309771 0.3521154829265958
grad2 1.052746111390315 1.0095561202866832
grad3 1.0638124877813422 1.019043691596394
grad4 1.076430849334293 1.0319214189078223
tfp 0.7979621824232888 0.7932004672405446
f =  31.34292235028354 , pars =  [-1.29937318  4.32226405  0.81629584  0.8917263 ]
- current state of moments (data, sim):
mshare 0.08578499999999999 0.09527537919516069
trans_fromgood 0.9723390018150373 0.9867301939921121
trans_frombad 0.3026081404309771 0.346826385026383
grad2 1.052746111390315 1.0094252100820502
grad3 1.0638124877813422 1.0187965139482422
grad4 1.076430849334293 1.031597143526904
tfp 0.7979621824232888 0.8013037027566687
f =  40.82346037107469 , pars =  [-1.29871961  4.32242596  0.81626529  0.88174904]
- current state of moments (data, sim):
mshare 0.08578499999999999 0.09002841321833768
trans_fromgood 0.9723390018150373 0.9867323422877244
trans_frombad 0.3026081404309771 0.4281532167187506
grad2 1.052746111390315 1.0090484380532396
grad3 1.0638124877813422 1.0172357524647617
grad4 1.076430849334293 1.0248767121673732
tfp 0.7979621824232888 0.811466520004681
f =  34.07427936187213 , pars =  [-1.2943709   4.31703266  0.81411953  0.89827408]
- current state of moments (data, sim):
mshare 0.08578499999999999 0.09406736283604782
trans_fromgood 0.9723390018150373 0.9866605925376353
trans_frombad 0.3026081404309771 0.36704846357785836
grad2 1.052746111390315 1.0084468466151033
grad3 1.0638124877813422 1.0167834397877844
grad4 1.076430849334293 1.028133782740137
tfp 0.7979621824232888 0.8158698448019576
f =  43.260283378898094 , pars =  [-1.30497121  4.32500611  0.82411391  0.89187078]
- current state of moments (data, sim):
mshare 0.08578499999999999 0.09029013322734264
trans_fromgood 0.9723390018150373 0.9867665308234789
trans_frombad 0.3026081404309771 0.4419566712281388
grad2 1.052746111390315 1.0091180016031203
grad3 1.0638124877813422 1.017137575053567
grad4 1.076430849334293 1.0240575239323357
tfp 0.7979621824232888 0.8151744894214462
f =  32.24778429694779 , pars =  [-1.30433984  4.31992816  0.80793902  0.89152766]
- current state of moments (data, sim):
mshare 0.08578499999999999 0.09712916477321305
trans_fromgood 0.9723390018150373 0.9866991609891945
trans_frombad 0.3026081404309771 0.3531118465286703
grad2 1.052746111390315 1.0093191116439075
grad3 1.0638124877813422 1.0184592473596996
grad4 1.076430849334293 1.0307667958541213
tfp 0.7979621824232888 0.786120247076163
f =  45.679583860034036 , pars =  [-1.29788451  4.31666811  0.82440009  0.8908373 ]
- current state of moments (data, sim):
mshare 0.08578499999999999 0.0885113522565427
trans_fromgood 0.9723390018150373 0.9866557287990396
trans_frombad 0.3026081404309771 0.4451108635363406
grad2 1.052746111390315 1.0083140814642189
grad3 1.0638124877813422 1.0156670272543398
grad4 1.076430849334293 1.0224032576293394
tfp 0.7979621824232888 0.838256396801837
f =  32.97923521178458 , pars =  [-1.2942437   4.32965751  0.81205117  0.89273029]
- current state of moments (data, sim):
mshare 0.08578499999999999 0.0946937018443337
trans_fromgood 0.9723390018150373 0.986827942010725
trans_frombad 0.3026081404309771 0.35644912520910166
grad2 1.052746111390315 1.0087844306041098
grad3 1.0638124877813422 1.0174571963325865
grad4 1.076430849334293 1.0292962506288
tfp 0.7979621824232888 0.7965410772704645
f =  32.46517973742104 , pars =  [-1.30018078  4.31898177  0.81264394  0.89221418]
- current state of moments (data, sim):
mshare 0.08578499999999999 0.09620769551536479
trans_fromgood 0.9723390018150373 0.9866865671711834
trans_frombad 0.3026081404309771 0.356493973084363
grad2 1.052746111390315 1.0091525124744987
grad3 1.0638124877813422 1.0180353514312424
grad4 1.076430849334293 1.0301243000693854
tfp 0.7979621824232888 0.7934129354601188
f =  31.001964310677327 , pars =  [-1.29918352  4.321516    0.81689724  0.89151952]
- current state of moments (data, sim):
mshare 0.08578499999999999 0.09583960465658452
trans_fromgood 0.9723390018150373 0.9867202637664259
trans_frombad 0.3026081404309771 0.3427701380839877
grad2 1.052746111390315 1.0095981673009564
grad3 1.0638124877813422 1.0190970547800124
grad4 1.076430849334293 1.0319643739598836
tfp 0.7979621824232888 0.7983459889562698
f =  36.80910551328001 , pars =  [-1.29699114  4.32084779  0.81782323  0.89189305]
- current state of moments (data, sim):
mshare 0.08578499999999999 0.09213597164168301
trans_fromgood 0.9723390018150373 0.9867113871693639
trans_frombad 0.3026081404309771 0.4034220921911814
grad2 1.052746111390315 1.0097522032024235
grad3 1.0638124877813422 1.0185716104085647
grad4 1.076430849334293 1.0267465656153756
tfp 0.7979621824232888 0.8073074026554538
f =  38.54582680728396 , pars =  [-1.29945723  4.32071141  0.81703977  0.89101217]
- current state of moments (data, sim):
mshare 0.08578499999999999 0.09179508450135086
trans_fromgood 0.9723390018150373 0.9867095747254725
trans_frombad 0.3026081404309771 0.4151845704624749
grad2 1.052746111390315 1.009448409272481
grad3 1.0638124877813422 1.0180146392517373
grad4 1.076430849334293 1.0259714969625868
tfp 0.7979621824232888 0.8072757386794326
f =  36.66834210200694 , pars =  [-1.29954428  4.32162477  0.81729233  0.89235733]
- current state of moments (data, sim):
mshare 0.08578499999999999 0.09252793990842838
trans_fromgood 0.9723390018150373 0.9867217081990222
trans_frombad 0.3026081404309771 0.402215498791977
grad2 1.052746111390315 1.0097957843812204
grad3 1.0638124877813422 1.0186222949147827
grad4 1.076430849334293 1.026774807244576
tfp 0.7979621824232888 0.8052848245762317
f =  32.293247567242716 , pars =  [-1.29952422  4.32203236  0.81760292  0.8911741 ]
- current state of moments (data, sim):
mshare 0.08578499999999999 0.0942779751985208
trans_fromgood 0.9723390018150373 0.9867271191506546
trans_frombad 0.3026081404309771 0.3555200586704357
grad2 1.052746111390315 1.0090768345891779
grad3 1.0638124877813422 1.0180718917421054
grad4 1.076430849334293 1.0304034825312929
tfp 0.7979621824232888 0.8078189050107137
f =  31.707271128813435 , pars =  [-1.29839901  4.32191987  0.81661221  0.8911451 ]
- current state of moments (data, sim):
mshare 0.08578499999999999 0.09489631908313911
trans_fromgood 0.9723390018150373 0.9867256260248546
trans_frombad 0.3026081404309771 0.3550446589649122
grad2 1.052746111390315 1.009470031818463
grad3 1.0638124877813422 1.0188610886321519
grad4 1.076430849334293 1.0315793245364087
tfp 0.7979621824232888 0.8008534366736404
f =  32.174065591407235 , pars =  [-1.29873591  4.32104743  0.81651179  0.89217642]
- current state of moments (data, sim):
mshare 0.08578499999999999 0.09523652537004104
trans_fromgood 0.9723390018150373 0.9867140398657747
trans_frombad 0.3026081404309771 0.35461814142478515
grad2 1.052746111390315 1.0091357874247535
grad3 1.0638124877813422 1.0181578787662298
grad4 1.076430849334293 1.0305043614847291
tfp 0.7979621824232888 0.8009766959523987
f =  32.80610348418764 , pars =  [-1.29972153  4.32173427  0.816121    0.89127384]
- current state of moments (data, sim):
mshare 0.08578499999999999 0.09422181376609938
trans_fromgood 0.9723390018150373 0.9867231620764688
trans_frombad 0.3026081404309771 0.35911381619484667
grad2 1.052746111390315 1.0089441564307464
grad3 1.0638124877813422 1.0177002984819852
grad4 1.076430849334293 1.0295977789457056
tfp 0.7979621824232888 0.8080104029743461
f =  32.8204663019047 , pars =  [-1.29841576  4.3213364   0.81749086  0.89168047]
- current state of moments (data, sim):
mshare 0.08578499999999999 0.0941882460114249
trans_fromgood 0.9723390018150373 0.9867178786019344
trans_frombad 0.3026081404309771 0.3599966756111972
grad2 1.052746111390315 1.008896513635399
grad3 1.0638124877813422 1.01770053330226
grad4 1.076430849334293 1.0297256856685066
tfp 0.7979621824232888 0.8077715971820166
f =  32.85760495817092 , pars =  [-1.29887915  4.32211676  0.81699489  0.8914234 ]
- current state of moments (data, sim):
mshare 0.08578499999999999 0.09417075923161086
trans_fromgood 0.9723390018150373 0.986728239382403
trans_frombad 0.3026081404309771 0.3612145616855978
grad2 1.052746111390315 1.008915632078759
grad3 1.0638124877813422 1.0177414522640467
grad4 1.076430849334293 1.0298363381017552
tfp 0.7979621824232888 0.8066563567991645
f =  38.15784946451724 , pars =  [-1.29892156  4.32193905  0.81684948  0.89150853]
- current state of moments (data, sim):
mshare 0.08578499999999999 0.09226040663437914
trans_fromgood 0.9723390018150373 0.9867258806122897
trans_frombad 0.3026081404309771 0.4100995393224498
grad2 1.052746111390315 1.0095119606662455
grad3 1.0638124877813422 1.0178780512495615
grad4 1.076430849334293 1.0251909369094083
tfp 0.7979621824232888 0.8015803195003268
f =  36.77414292206645 , pars =  [-1.29922143  4.32155151  0.81696075  0.89146235]
- current state of moments (data, sim):
mshare 0.08578499999999999 0.09277707122224475
trans_fromgood 0.9723390018150373 0.9867207353821917
trans_frombad 0.3026081404309771 0.4052977481643062
grad2 1.052746111390315 1.0099120074184225
grad3 1.0638124877813422 1.0188993769080992
grad4 1.076430849334293 1.0272416231519055
tfp 0.7979621824232888 0.7995550921751367
f =  35.69807431561685 , pars =  [-1.29911219  4.32138389  0.81671594  0.89160373]
- current state of moments (data, sim):
mshare 0.08578499999999999 0.09338466584034257
trans_fromgood 0.9723390018150373 0.9867185093654082
trans_frombad 0.3026081404309771 0.3947265926192333
grad2 1.052746111390315 1.009939828236905
grad3 1.0638124877813422 1.0188914701560692
grad4 1.076430849334293 1.027190965220429
tfp 0.7979621824232888 0.7986650549724904
f =  35.740286228740615 , pars =  [-1.29913536  4.32149952  0.81686857  0.89143836]
- current state of moments (data, sim):
mshare 0.08578499999999999 0.09367481237230814
trans_fromgood 0.9723390018150373 0.9867200449019565
trans_frombad 0.3026081404309771 0.39637035975433726
grad2 1.052746111390315 1.0100718796016839
grad3 1.0638124877813422 1.0191460867155715
grad4 1.076430849334293 1.027498225091376
tfp 0.7979621824232888 0.7954524212566833
f =  31.59414279190367 , pars =  [-1.29922651  4.32150156  0.81688612  0.89160795]
- current state of moments (data, sim):
mshare 0.08578499999999999 0.09469905859204486
trans_fromgood 0.9723390018150373 0.98672007202739
trans_frombad 0.3026081404309771 0.3487467257684584
grad2 1.052746111390315 1.0093420344704926
grad3 1.0638124877813422 1.0185761628727712
grad4 1.076430849334293 1.0311607806059235
tfp 0.7979621824232888 0.8071528035495451
f =  32.77795901605957 , pars =  [-1.29912182  4.32148486  0.81696581  0.89154238]
- current state of moments (data, sim):
mshare 0.08578499999999999 0.09449170071684883
trans_fromgood 0.9723390018150373 0.986719850231782
trans_frombad 0.3026081404309771 0.35851687291908396
grad2 1.052746111390315 1.0088934108074958
grad3 1.0638124877813422 1.0176613560014989
grad4 1.076430849334293 1.0296026433571508
tfp 0.7979621824232888 0.8063591504593808
f =  32.04933235777282 , pars =  [-1.29917916  4.32156394  0.81681935  0.89155971]
- current state of moments (data, sim):
mshare 0.08578499999999999 0.0952903960584724
trans_fromgood 0.9723390018150373 0.986720900478931
trans_frombad 0.3026081404309771 0.3520069070492664
grad2 1.052746111390315 1.0091542279943173
grad3 1.0638124877813422 1.0181916464038228
grad4 1.076430849334293 1.0304603266948658
tfp 0.7979621824232888 0.80099437196678
f =  30.980552601257745 , pars =  [-1.29925604  4.32149729  0.81683933  0.89148733]
- current state of moments (data, sim):
mshare 0.08578499999999999 0.09586097575772755
trans_fromgood 0.9723390018150373 0.9867200153965274
trans_frombad 0.3026081404309771 0.34313706875957073
grad2 1.052746111390315 1.009605788285041
grad3 1.0638124877813422 1.019138296560574
grad4 1.076430849334293 1.0320878988749185
tfp 0.7979621824232888 0.7978696054825563
f =  38.023177279678976 , pars =  [-1.29926083  4.32140063  0.81685858  0.89150353]
- current state of moments (data, sim):
mshare 0.08578499999999999 0.09213191828048695
trans_fromgood 0.9723390018150373 0.9867187316528242
trans_frombad 0.3026081404309771 0.40977648196665517
grad2 1.052746111390315 1.0094256195887357
grad3 1.0638124877813422 1.017913003178927
grad4 1.076430849334293 1.0257410100755733
tfp 0.7979621824232888 0.807130767997796
f =  31.15579909102925 , pars =  [-1.299195    4.32145535  0.81678376  0.89152509]
- current state of moments (data, sim):
mshare 0.08578499999999999 0.09578244519702485
trans_fromgood 0.9723390018150373 0.9867194583869597
trans_frombad 0.3026081404309771 0.3456297426178201
grad2 1.052746111390315 1.0095588838711251
grad3 1.0638124877813422 1.0190100296514548
grad4 1.076430849334293 1.0319388460946994
tfp 0.7979621824232888 0.7979886016142731
f =  37.068204790363176 , pars =  [-1.299312    4.32155087  0.81677885  0.89146888]
- current state of moments (data, sim):
mshare 0.08578499999999999 0.09256823624848391
trans_fromgood 0.9723390018150373 0.9867207268544016
trans_frombad 0.3026081404309771 0.40714113731093676
grad2 1.052746111390315 1.0098360921356173
grad3 1.0638124877813422 1.018754111183983
grad4 1.076430849334293 1.0270569188454248
tfp 0.7979621824232888 0.8010415456750773
estimation did converge, now computing standard errors...
             value   free        se
name                               
sigma     2.087206  False       NaN
beta      0.970000  False       NaN
phi       0.270307  False       NaN
psi       0.134476  False       NaN
delta_h1 -1.299256   True  0.134162
delta_h2  4.321497   True  0.004071
eta       0.000000  False       NaN
tfp       0.816839   True  0.252455
price     0.892487   True  0.030298
risk      0.000000  False       NaN
