cshare            0.680889
mshare            0.144225
trans_fromgood    0.961600
trans_frombad     0.205977
grad2             1.177713
grad3             1.222356
grad4             1.276081
Name: US, dtype: float64
cshare            0.009079
mshare            0.016178
trans_fromgood    0.001506
trans_frombad     0.009638
grad2             0.016617
grad3             0.016421
grad4             0.016628
Name: US, dtype: float64
                    mean        sd
cshare          0.680889  0.009079
mshare          0.144225  0.016178
trans_fromgood  0.961600  0.001506
trans_frombad   0.205977  0.009638
grad2           1.177713  0.016617
grad3           1.222356  0.016421
grad4           1.276081  0.016628
current parameter status : 
sigma 2.0 True
beta 0.96 False
phi 0.2 True
psi 0.3 True
delta_h1 -0.5 True
delta_h2 2 True
eta 0.0 False
tfp 1 False
price 1 False
risk 0.0 False
-- 
number of parameters:  10
number of free parameters:  5
current parameter status : 
sigma 2.0 True
beta 0.96 False
phi 0.2 True
psi 0.3 True
delta_h1 -0.5 True
delta_h2 2 True
eta 0.0 False
tfp 1 False
price 1 False
risk 0.0 False
- using these moments:
cshare 0.6808892149667144 0.009079433465468566
mshare 0.14422500000000002 0.01617846342973795
trans_fromgood 0.9615996486441867 0.0015062553539724164
trans_frombad 0.20597666978044457 0.009638163363181533
grad2 1.177712992763826 0.016617346336167793
grad3 1.2223556346247508 0.016421047162417955
grad4 1.2760806370630837 0.01662760246174447
f =  5867.158996115173 , pars =  [ 2.   0.2  0.3 -0.5  2. ]
- current state of moments (data, sim):
cshare 0.6808892149667144 0.5592687688248417
mshare 0.14422500000000002 0.2543586821746234
trans_fromgood 0.9615996486441867 0.8734839904119021
trans_frombad 0.20597666978044457 0.35101839682493796
grad2 1.177712992763826 1.384141235661291
grad3 1.2223556346247508 1.6684042517708075
grad4 1.2760806370630837 1.8276907020469877
f =  5541.898971795713 , pars =  [ 2.1  0.2  0.3 -0.5  2. ]
- current state of moments (data, sim):
cshare 0.6808892149667144 0.5523595319996429
mshare 0.14422500000000002 0.2663283883272364
trans_fromgood 0.9615996486441867 0.8756102019507194
trans_frombad 0.20597666978044457 0.3582372030299982
grad2 1.177712992763826 1.3726400653323099
grad3 1.2223556346247508 1.6433650806520308
grad4 1.2760806370630837 1.7968673415120962
f =  4463.536319353788 , pars =  [ 2.   0.3  0.3 -0.5  2. ]
- current state of moments (data, sim):
cshare 0.6808892149667144 0.5523760426189126
mshare 0.14422500000000002 0.3138054227579272
trans_fromgood 0.9615996486441867 0.8802443798960794
trans_frombad 0.20597666978044457 0.4489103352690699
grad2 1.177712992763826 1.3114691760713022
grad3 1.2223556346247508 1.4774758011706266
grad4 1.2760806370630837 1.561473019698214
f =  4682.270323216836 , pars =  [ 2.   0.2  0.4 -0.5  2. ]
- current state of moments (data, sim):
cshare 0.6808892149667144 0.5630043961530297
mshare 0.14422500000000002 0.22581224833796026
trans_fromgood 0.9615996486441867 0.878682935697971
trans_frombad 0.20597666978044457 0.43281595370604564
grad2 1.177712992763826 1.3468633770446816
grad3 1.2223556346247508 1.536387187441551
grad4 1.2760806370630837 1.6227570944071534
f =  5595.384421917557 , pars =  [ 2.   0.2  0.3 -0.4  2. ]
- current state of moments (data, sim):
cshare 0.6808892149667144 0.5603727982339978
mshare 0.14422500000000002 0.2458434567972119
trans_fromgood 0.9615996486441867 0.873180263352145
trans_frombad 0.20597666978044457 0.3761674125092377
grad2 1.177712992763826 1.3803804339359333
grad3 1.2223556346247508 1.6349379469406693
grad4 1.2760806370630837 1.75858386698854
f =  4644.2813549010925 , pars =  [ 2.   0.2  0.3 -0.5  2.1]
- current state of moments (data, sim):
cshare 0.6808892149667144 0.5618555506271935
mshare 0.14422500000000002 0.2346571425896636
trans_fromgood 0.9615996486441867 0.8838693032482671
trans_frombad 0.20597666978044457 0.36392222334823615
grad2 1.177712992763826 1.3743778084297449
grad3 1.2223556346247508 1.6213084926369483
grad4 1.2760806370630837 1.7402280228049418
f =  6138.578580879356 , pars =  [ 1.9  0.2  0.3 -0.5  2. ]
- current state of moments (data, sim):
cshare 0.6808892149667144 0.5656091312248596
mshare 0.14422500000000002 0.24276804590627787
trans_fromgood 0.9615996486441867 0.8714253177604975
trans_frombad 0.20597666978044457 0.34757934221347897
grad2 1.177712992763826 1.393360789189697
grad3 1.2223556346247508 1.6861188968056142
grad4 1.2760806370630837 1.8458986164446485
f =  15582.251003586105 , pars =  [ 2.   0.1  0.3 -0.5  2. ]
- current state of moments (data, sim):
cshare 0.6808892149667144 0.5672218873270747
mshare 0.14422500000000002 0.18568241595727838
trans_fromgood 0.9615996486441867 0.8669223706753593
trans_frombad 0.20597666978044457 0.2200277626220341
grad2 1.177712992763826 1.591149625182254
grad3 1.2223556346247508 2.1934480385908524
grad4 1.2760806370630837 2.701576073978616
f =  10660.391643849749 , pars =  [ 2.   0.2  0.2 -0.5  2. ]
- current state of moments (data, sim):
cshare 0.6808892149667144 0.5537847324855318
mshare 0.14422500000000002 0.3097647861777807
trans_fromgood 0.9615996486441867 0.8686355867218487
trans_frombad 0.20597666978044457 0.2666589979452782
grad2 1.177712992763826 1.5170463990090548
grad3 1.2223556346247508 1.9948801167620906
grad4 1.2760806370630837 2.3118989714516607
f =  5877.509347821266 , pars =  [ 2.   0.2  0.3 -0.6  2. ]
- current state of moments (data, sim):
cshare 0.6808892149667144 0.5584339126009791
mshare 0.14422500000000002 0.2663319243458272
trans_fromgood 0.9615996486441867 0.8736371304916213
trans_frombad 0.20597666978044457 0.3491477627893566
grad2 1.177712992763826 1.3806203307483302
grad3 1.2223556346247508 1.6694051939744319
grad4 1.2760806370630837 1.8318968534933098
f =  7317.626970149536 , pars =  [ 2.   0.2  0.3 -0.5  1.9]
- current state of moments (data, sim):
cshare 0.6808892149667144 0.5568685307536834
mshare 0.14422500000000002 0.2788537164730645
trans_fromgood 0.9615996486441867 0.862641560773687
trans_frombad 0.20597666978044457 0.3537132317189332
grad2 1.177712992763826 1.4106621452496646
grad3 1.2223556346247508 1.7185267665330293
grad4 1.2760806370630837 1.8984743831475221
f =  3554.22124287329 , pars =  [ 2.01768635  0.27302633  0.36067037 -0.49103149  2.07209914]
- current state of moments (data, sim):
cshare 0.6808892149667144 0.5566698923062623
mshare 0.14422500000000002 0.2605629869007197
trans_fromgood 0.9615996486441867 0.8894560831869764
trans_frombad 0.20597666978044457 0.4610410114038807
grad2 1.177712992763826 1.2681222900370277
grad3 1.2223556346247508 1.4112350870949457
grad4 1.2760806370630837 1.4857867915553817
f =  3710.689920834648 , pars =  [ 1.94263213  0.24882031  0.34929414 -0.54694931  2.09500571]
- current state of moments (data, sim):
cshare 0.6808892149667144 0.5633389683786086
mshare 0.14422500000000002 0.24194059196706713
trans_fromgood 0.9615996486441867 0.8874881683039688
trans_frombad 0.20597666978044457 0.44054911887241127
grad2 1.177712992763826 1.2981703583804194
grad3 1.2223556346247508 1.4572484391579599
grad4 1.2760806370630837 1.53163335440773
f =  3869.517366614911 , pars =  [ 2.04011725  0.25201813  0.3498183  -0.45782081  2.05380177]
- current state of moments (data, sim):
cshare 0.6808892149667144 0.5562472325552598
mshare 0.14422500000000002 0.25783598660967044
trans_fromgood 0.9615996486441867 0.8861666822656289
trans_frombad 0.20597666978044457 0.4515983166119891
grad2 1.177712992763826 1.2970752700548918
grad3 1.2223556346247508 1.4504216350817052
grad4 1.2760806370630837 1.5281535503249313
f =  3493.987512654965 , pars =  [ 2.01614261  0.27381792  0.37189966 -0.4867601   2.07508219]
- current state of moments (data, sim):
cshare 0.6808892149667144 0.5573675918261933
mshare 0.14422500000000002 0.25615028101272486
trans_fromgood 0.9615996486441867 0.8903012705773623
trans_frombad 0.20597666978044457 0.4668963445385866
grad2 1.177712992763826 1.2625413462967334
grad3 1.2223556346247508 1.4016993188658158
grad4 1.2760806370630837 1.4743939934290538
f =  3515.4265228152267 , pars =  [ 1.99708324  0.26022071  0.37759094 -0.48240855  2.08013485]
- current state of moments (data, sim):
cshare 0.6808892149667144 0.5599656697267654
mshare 0.14422500000000002 0.2442104717619955
trans_fromgood 0.9615996486441867 0.8897395138111497
trans_frombad 0.20597666978044457 0.46347432858522747
grad2 1.177712992763826 1.2684891021325129
grad3 1.2223556346247508 1.4088435846342133
grad4 1.2760806370630837 1.4805619598192232
f =  3479.8031832515103 , pars =  [ 2.01203156  0.28240427  0.37136736 -0.48955946  2.0739623 ]
- current state of moments (data, sim):
cshare 0.6808892149667144 0.5570706842917992
mshare 0.14422500000000002 0.2603394057845681
trans_fromgood 0.9615996486441867 0.8906632959357242
trans_frombad 0.20597666978044457 0.46764135816137226
grad2 1.177712992763826 1.263069483112833
grad3 1.2223556346247508 1.4013212939690876
grad4 1.2760806370630837 1.4743638080300734
f =  3509.5626815145597 , pars =  [ 2.01011283  0.28162544  0.37741821 -0.49262075  2.06691052]
- current state of moments (data, sim):
cshare 0.6808892149667144 0.5569467579263412
mshare 0.14422500000000002 0.2597887405930907
trans_fromgood 0.9615996486441867 0.8903522345122167
trans_frombad 0.20597666978044457 0.4687688976405262
grad2 1.177712992763826 1.2637969686045298
grad3 1.2223556346247508 1.4023354769088692
grad4 1.2760806370630837 1.4759007406336622
f =  3421.0618681380397 , pars =  [ 2.01217298  0.28297306  0.3761364  -0.49572739  2.08019684]
- current state of moments (data, sim):
cshare 0.6808892149667144 0.5572073053119297
mshare 0.14422500000000002 0.2581749044462181
trans_fromgood 0.9615996486441867 0.8915193719359769
trans_frombad 0.20597666978044457 0.4692069951294634
grad2 1.177712992763826 1.2613084295363433
grad3 1.2223556346247508 1.39787736715622
grad4 1.2760806370630837 1.469806842654832
f =  3380.6961111084097 , pars =  [ 2.01062277  0.28345908  0.37729439 -0.49573957  2.08999579]
- current state of moments (data, sim):
cshare 0.6808892149667144 0.5577142147650698
mshare 0.14422500000000002 0.256862557372648
trans_fromgood 0.9615996486441867 0.8922966920502698
trans_frombad 0.20597666978044457 0.4862147720913818
grad2 1.177712992763826 1.2508763250062296
grad3 1.2223556346247508 1.3661484242684627
grad4 1.2760806370630837 1.433629437293471
f =  3336.406054538485 , pars =  [ 2.01471108  0.28762099  0.37551516 -0.50172362  2.09519095]
- current state of moments (data, sim):
cshare 0.6808892149667144 0.5567016087522844
mshare 0.14422500000000002 0.25884638530339177
trans_fromgood 0.9615996486441867 0.8930119803950274
trans_frombad 0.20597666978044457 0.4864171299241417
grad2 1.177712992763826 1.2491275590365094
grad3 1.2223556346247508 1.3636165806293383
grad4 1.2760806370630837 1.4307895734542884
f =  3320.341537844812 , pars =  [ 2.02354416  0.29437306  0.37665906 -0.51768845  2.09968561]
- current state of moments (data, sim):
cshare 0.6808892149667144 0.5560171435814338
mshare 0.14422500000000002 0.2631407395835668
trans_fromgood 0.9615996486441867 0.8941144518809773
trans_frombad 0.20597666978044457 0.4936880843853366
grad2 1.177712992763826 1.2529693133707283
grad3 1.2223556346247508 1.364764699070314
grad4 1.2760806370630837 1.4275741844267291
f =  3217.679358910068 , pars =  [ 2.02212229  0.29991944  0.36732245 -0.51345664  2.1158762 ]
- current state of moments (data, sim):
cshare 0.6808892149667144 0.5560737707422412
mshare 0.14422500000000002 0.26371302880286085
trans_fromgood 0.9615996486441867 0.8952379738113231
trans_frombad 0.20597666978044457 0.4910702995514133
grad2 1.177712992763826 1.2459802637868016
grad3 1.2223556346247508 1.356487919607233
grad4 1.2760806370630837 1.4196395857410655
f =  3139.413597746558 , pars =  [ 2.01518606  0.30259776  0.35910529 -0.50785308  2.13155401]
- current state of moments (data, sim):
cshare 0.6808892149667144 0.5564559623226929
mshare 0.14422500000000002 0.261890891035468
trans_fromgood 0.9615996486441867 0.8961108571411259
trans_frombad 0.20597666978044457 0.488107938267064
grad2 1.177712992763826 1.2438208506870743
grad3 1.2223556346247508 1.3541289041272462
grad4 1.2760806370630837 1.416459020095897
f =  3108.7275437347635 , pars =  [ 2.01598461  0.31322723  0.35058954 -0.49943805  2.1435142 ]
- current state of moments (data, sim):
cshare 0.6808892149667144 0.556159737379369
mshare 0.14422500000000002 0.26571374426100497
trans_fromgood 0.9615996486441867 0.897074167306629
trans_frombad 0.20597666978044457 0.4924166766857
grad2 1.177712992763826 1.245403442361497
grad3 1.2223556346247508 1.3523161519522526
grad4 1.2760806370630837 1.4111889545716323
f =  3067.9131185906217 , pars =  [ 2.00221914  0.3092542   0.34601833 -0.5052657   2.15534084]
- current state of moments (data, sim):
cshare 0.6808892149667144 0.557323789969928
mshare 0.14422500000000002 0.2607150818405125
trans_fromgood 0.9615996486441867 0.8973767512878396
trans_frombad 0.20597666978044457 0.4895767655422099
grad2 1.177712992763826 1.2458978803897112
grad3 1.2223556346247508 1.3538662052064052
grad4 1.2760806370630837 1.41127888568634
f =  3024.697510796614 , pars =  [ 1.98351875  0.3059691   0.34586485 -0.50798606  2.16100472]
- current state of moments (data, sim):
cshare 0.6808892149667144 0.55931145829127
mshare 0.14422500000000002 0.25559672195166233
trans_fromgood 0.9615996486441867 0.897248940548308
trans_frombad 0.20597666978044457 0.4831866935960595
grad2 1.177712992763826 1.2427233387722436
grad3 1.2223556346247508 1.3525457532232399
grad4 1.2760806370630837 1.4125997594169644
f =  2976.166535370685 , pars =  [ 1.94452576  0.30056082  0.34589342 -0.51101086  2.16741933]
- current state of moments (data, sim):
cshare 0.6808892149667144 0.5627854909060891
mshare 0.14422500000000002 0.2466063687737412
trans_fromgood 0.9615996486441867 0.8967554222425267
trans_frombad 0.20597666978044457 0.4675932193527007
grad2 1.177712992763826 1.2463456293632915
grad3 1.2223556346247508 1.3643195222322189
grad4 1.2760806370630837 1.4294084614941265
f =  2999.812616577601 , pars =  [ 1.93549404  0.32395934  0.35767767 -0.53936433  2.16211369]
- current state of moments (data, sim):
cshare 0.6808892149667144 0.5624143983220928
mshare 0.14422500000000002 0.25593818687561426
trans_fromgood 0.9615996486441867 0.8980202588359752
trans_frombad 0.20597666978044457 0.4914496431901117
grad2 1.177712992763826 1.2359498126125206
grad3 1.2223556346247508 1.3434158248917452
grad4 1.2760806370630837 1.4007784479651773
f =  2944.695595923587 , pars =  [ 1.94561186  0.29549569  0.34990564 -0.51523113  2.17368482]
- current state of moments (data, sim):
cshare 0.6808892149667144 0.5636670327221314
mshare 0.14422500000000002 0.2426922592728932
trans_fromgood 0.9615996486441867 0.8971523662386243
trans_frombad 0.20597666978044457 0.4666548561305248
grad2 1.177712992763826 1.2474440245103258
grad3 1.2223556346247508 1.3653209538794235
grad4 1.2760806370630837 1.4297119166783385
f =  2924.861377327015 , pars =  [ 1.93669313  0.287561    0.34884534 -0.51995908  2.1889825 ]
- current state of moments (data, sim):
cshare 0.6808892149667144 0.5643304204499321
mshare 0.14422500000000002 0.23522735011785328
trans_fromgood 0.9615996486441867 0.8977925405153693
trans_frombad 0.20597666978044457 0.47384903919281574
grad2 1.177712992763826 1.2477145173823407
grad3 1.2223556346247508 1.3605792520197661
grad4 1.2760806370630837 1.418032671555736
f =  2867.026267109474 , pars =  [ 1.91939817  0.28520032  0.35628831 -0.52487603  2.19294953]
- current state of moments (data, sim):
cshare 0.6808892149667144 0.5658245921890387
mshare 0.14422500000000002 0.22901031083878207
trans_fromgood 0.9615996486441867 0.8980253229213101
trans_frombad 0.20597666978044457 0.4697121235218379
grad2 1.177712992763826 1.2408503443794712
grad3 1.2223556346247508 1.354456150996227
grad4 1.2760806370630837 1.4148120529075536
f =  2869.537064267584 , pars =  [ 1.88503347  0.2826537   0.37068951 -0.53916165  2.19400251]
- current state of moments (data, sim):
cshare 0.6808892149667144 0.5684122493008977
mshare 0.14422500000000002 0.2207467499279884
trans_fromgood 0.9615996486441867 0.8979158156516276
trans_frombad 0.20597666978044457 0.468582396832707
grad2 1.177712992763826 1.2460070365775224
grad3 1.2223556346247508 1.360943965066252
grad4 1.2760806370630837 1.4207030584484848
f =  2872.5776123622677 , pars =  [ 1.91635855  0.28906467  0.36245266 -0.51996889  2.19665739]
- current state of moments (data, sim):
cshare 0.6808892149667144 0.5665946119993579
mshare 0.14422500000000002 0.22751001435853152
trans_fromgood 0.9615996486441867 0.8987436871478643
trans_frombad 0.20597666978044457 0.47930349040903164
grad2 1.177712992763826 1.2436767190027826
grad3 1.2223556346247508 1.3529407711803803
grad4 1.2760806370630837 1.408062573078469
f =  2848.0244382599126 , pars =  [ 1.91171384  0.27114002  0.36215842 -0.53093053  2.20144329]
- current state of moments (data, sim):
cshare 0.6808892149667144 0.567518426793496
mshare 0.14422500000000002 0.21947491885349443
trans_fromgood 0.9615996486441867 0.8980227656072479
trans_frombad 0.20597666978044457 0.4657519405690038
grad2 1.177712992763826 1.2453257945371208
grad3 1.2223556346247508 1.3606600371237347
grad4 1.2760806370630837 1.4200503360666004
f =  2827.1240359245103 , pars =  [ 1.89527418  0.26952556  0.35802999 -0.53801938  2.20917863]
- current state of moments (data, sim):
cshare 0.6808892149667144 0.5688833243067587
mshare 0.14422500000000002 0.21561927288956775
trans_fromgood 0.9615996486441867 0.898080017452283
trans_frombad 0.20597666978044457 0.44792761612449195
grad2 1.177712992763826 1.2570160264066443
grad3 1.2223556346247508 1.3939786391355158
grad4 1.2760806370630837 1.4543320013782748
f =  2860.977676335031 , pars =  [ 1.87956752  0.26028178  0.3596308  -0.54594879  2.21073273]
- current state of moments (data, sim):
cshare 0.6808892149667144 0.5704587880041928
mshare 0.14422500000000002 0.21043152506962298
trans_fromgood 0.9615996486441867 0.8975415956288628
trans_frombad 0.20597666978044457 0.4506716705855147
grad2 1.177712992763826 1.258300437237829
grad3 1.2223556346247508 1.3937479654557827
grad4 1.2760806370630837 1.4509893517617352
f =  2797.863494053829 , pars =  [ 1.89414484  0.27454659  0.35610234 -0.54522073  2.21341402]
- current state of moments (data, sim):
cshare 0.6808892149667144 0.5687171046276156
mshare 0.14422500000000002 0.2173990891649023
trans_fromgood 0.9615996486441867 0.8985461810567579
trans_frombad 0.20597666978044457 0.45066396384663654
grad2 1.177712992763826 1.2536914826197014
grad3 1.2223556346247508 1.3876474021492058
grad4 1.2760806370630837 1.447013002227015
f =  2793.923683236336 , pars =  [ 1.89500179  0.27767018  0.36163516 -0.54994123  2.21946493]
- current state of moments (data, sim):
cshare 0.6808892149667144 0.5685283912177846
mshare 0.14422500000000002 0.21735289794839338
trans_fromgood 0.9615996486441867 0.8994075518319081
trans_frombad 0.20597666978044457 0.47343508339469637
grad2 1.177712992763826 1.2454248762771292
grad3 1.2223556346247508 1.3554105210914897
grad4 1.2760806370630837 1.408297466227845
f =  2754.4394737264083 , pars =  [ 1.89085006  0.28024223  0.35969537 -0.5467375   2.22734662]
- current state of moments (data, sim):
cshare 0.6808892149667144 0.568938387100457
mshare 0.14422500000000002 0.21636208422048148
trans_fromgood 0.9615996486441867 0.900011305012038
trans_frombad 0.20597666978044457 0.47308679703470674
grad2 1.177712992763826 1.2447780003174052
grad3 1.2223556346247508 1.3544576473136007
grad4 1.2760806370630837 1.406590106314766
f =  2726.3804403409426 , pars =  [ 1.88549602  0.2829038   0.35443931 -0.54813296  2.23323533]
- current state of moments (data, sim):
cshare 0.6808892149667144 0.569560192445081
mshare 0.14422500000000002 0.21722866732445592
trans_fromgood 0.9615996486441867 0.9003146201359145
trans_frombad 0.20597666978044457 0.47097811361144887
grad2 1.177712992763826 1.2449662821035936
grad3 1.2223556346247508 1.3552880694306253
grad4 1.2760806370630837 1.407374250153696
f =  2690.4805887111024 , pars =  [ 1.8800767   0.2836655   0.35373329 -0.54374065  2.24032475]
- current state of moments (data, sim):
cshare 0.6808892149667144 0.5696664906469566
mshare 0.14422500000000002 0.21492488013423283
trans_fromgood 0.9615996486441867 0.9008294548329243
trans_frombad 0.20597666978044457 0.4713920635626807
grad2 1.177712992763826 1.2426064143661786
grad3 1.2223556346247508 1.3514725052489016
grad4 1.2760806370630837 1.402899314890184
f =  2578.466035681758 , pars =  [ 1.86757344  0.28304442  0.35142828 -0.53974913  2.25522567]
- current state of moments (data, sim):
cshare 0.6808892149667144 0.5710848664000057
mshare 0.14422500000000002 0.21028089878631204
trans_fromgood 0.9615996486441867 0.9017904770563011
trans_frombad 0.20597666978044457 0.46228036365387276
grad2 1.177712992763826 1.2377068793776353
grad3 1.2223556346247508 1.3491063655075348
grad4 1.2760806370630837 1.403903375037281
f =  2432.448630897948 , pars =  [ 1.84528462  0.28085991  0.34022861 -0.545613    2.28586256]
- current state of moments (data, sim):
cshare 0.6808892149667144 0.572891726853037
mshare 0.14422500000000002 0.20473583602975806
trans_fromgood 0.9615996486441867 0.903598848367803
trans_frombad 0.20597666978044457 0.4553947133972853
grad2 1.177712992763826 1.2344431246870677
grad3 1.2223556346247508 1.3464180532480212
grad4 1.2760806370630837 1.4002890847802785
f =  2355.8221769009097 , pars =  [ 1.81722199  0.28269471  0.35086134 -0.52369985  2.30055546]
- current state of moments (data, sim):
cshare 0.6808892149667144 0.5757166647925226
mshare 0.14422500000000002 0.1951533342567773
trans_fromgood 0.9615996486441867 0.9048202301236101
trans_frombad 0.20597666978044457 0.4596965178362271
grad2 1.177712992763826 1.2250907790357393
grad3 1.2223556346247508 1.3342210281703173
grad4 1.2760806370630837 1.3854289649427738
f =  2232.201362509189 , pars =  [ 1.83136413  0.26123052  0.3563586  -0.52004787  2.33048424]
- current state of moments (data, sim):
cshare 0.6808892149667144 0.5761259656368609
mshare 0.14422500000000002 0.18218772633601854
trans_fromgood 0.9615996486441867 0.9069199084782394
trans_frombad 0.20597666978044457 0.45635535760858936
grad2 1.177712992763826 1.229664337521341
grad3 1.2223556346247508 1.3364354632166389
grad4 1.2760806370630837 1.3849293956806967
f =  2143.3258271392883 , pars =  [ 1.82476053  0.24401244  0.33132749 -0.51751099  2.35552296]
- current state of moments (data, sim):
cshare 0.6808892149667144 0.5764991921356232
mshare 0.14422500000000002 0.17879290114899019
trans_fromgood 0.9615996486441867 0.9078634516232927
trans_frombad 0.20597666978044457 0.4325790308497507
grad2 1.177712992763826 1.246818357831434
grad3 1.2223556346247508 1.3748247284385402
grad4 1.2760806370630837 1.42252547668267
