cshare            0.680889
mshare            0.144225
trans_fromgood    0.961600
trans_frombad     0.205977
grad2             1.177713
grad3             1.222356
grad4             1.276081
Name: US, dtype: float64
cshare            0.009079
mshare            0.016178
trans_fromgood    0.001506
trans_frombad     0.009638
grad2             0.016617
grad3             0.016421
grad4             0.016628
Name: US, dtype: float64
                    mean        sd
cshare          0.680889  0.009079
mshare          0.144225  0.016178
trans_fromgood  0.961600  0.001506
trans_frombad   0.205977  0.009638
grad2           1.177713  0.016617
grad3           1.222356  0.016421
grad4           1.276081  0.016628
current parameter status : 
sigma 2.0 True
beta 0.94 False
phi 0.2 True
psi 0.3 True
delta_h1 -0.5 True
delta_h2 2 True
eta 0.0 False
tfp 1 False
price 1 False
risk 0.0 False
-- 
number of parameters:  10
number of free parameters:  5
current parameter status : 
sigma 2.0 True
beta 0.94 False
phi 0.2 True
psi 0.3 True
delta_h1 -0.5 True
delta_h2 2 True
eta 0.0 False
tfp 1 False
price 1 False
risk 0.0 False
- using these moments:
cshare 0.6808892149667144 0.009079433465468566
mshare 0.14422500000000002 0.01617846342973795
trans_fromgood 0.9615996486441867 0.0015062553539724164
trans_frombad 0.20597666978044457 0.009638163363181533
grad2 1.177712992763826 0.016617346336167793
grad3 1.2223556346247508 0.016421047162417955
grad4 1.2760806370630837 0.01662760246174447
f =  7404.522871957682 , pars =  [ 2.   0.2  0.3 -0.5  2. ]
- current state of moments (data, sim):
cshare 0.6808892149667144 0.6166116289576486
mshare 0.14422500000000002 0.2759415827581153
trans_fromgood 0.9615996486441867 0.8738861227451539
trans_frombad 0.20597666978044457 0.297268156186373
grad2 1.177712992763826 1.4348342207406395
grad3 1.2223556346247508 1.816891014015856
grad4 1.2760806370630837 2.066035705932633
f =  7087.090637916401 , pars =  [ 2.1  0.2  0.3 -0.5  2. ]
- current state of moments (data, sim):
cshare 0.6808892149667144 0.6100433479321772
mshare 0.14422500000000002 0.28908322126267616
trans_fromgood 0.9615996486441867 0.8760397715045268
trans_frombad 0.20597666978044457 0.3003434154982809
grad2 1.177712992763826 1.4286615396882643
grad3 1.2223556346247508 1.8021458907141075
grad4 1.2760806370630837 2.046872198551426
f =  5194.05583977245 , pars =  [ 2.   0.3  0.3 -0.5  2. ]
- current state of moments (data, sim):
cshare 0.6808892149667144 0.6077021907915847
mshare 0.14422500000000002 0.3405702924678221
trans_fromgood 0.9615996486441867 0.8804753199267051
trans_frombad 0.20597666978044457 0.3599624983850416
grad2 1.177712992763826 1.3805946270570935
grad3 1.2223556346247508 1.6477549295372025
grad4 1.2760806370630837 1.8033765073369785
f =  5469.866795538366 , pars =  [ 2.   0.2  0.4 -0.5  2. ]
- current state of moments (data, sim):
cshare 0.6808892149667144 0.618718548241438
mshare 0.14422500000000002 0.24367691840723363
trans_fromgood 0.9615996486441867 0.8788324233689755
trans_frombad 0.20597666978044457 0.34013461784881827
grad2 1.177712992763826 1.3856847980154734
grad3 1.2223556346247508 1.6802033371886014
grad4 1.2760806370630837 1.8611316946030483
f =  7497.3780079432445 , pars =  [ 2.   0.2  0.3 -0.4  2. ]
- current state of moments (data, sim):
cshare 0.6808892149667144 0.6175950859621498
mshare 0.14422500000000002 0.26245335621861365
trans_fromgood 0.9615996486441867 0.8736991550432898
trans_frombad 0.20597666978044457 0.29696311303085937
grad2 1.177712992763826 1.43923820052765
grad3 1.2223556346247508 1.8255717367454611
grad4 1.2760806370630837 2.0741408025364274
f =  6067.378372880882 , pars =  [ 2.   0.2  0.3 -0.5  2.1]
- current state of moments (data, sim):
cshare 0.6808892149667144 0.6196790954346709
mshare 0.14422500000000002 0.25233777913224004
trans_fromgood 0.9615996486441867 0.8842385361646271
trans_frombad 0.20597666978044457 0.2916369068546177
grad2 1.177712992763826 1.4170328983996225
grad3 1.2223556346247508 1.7762446474834723
grad4 1.2760806370630837 2.003771573846119
f =  8041.269550944449 , pars =  [ 1.9  0.2  0.3 -0.5  2. ]
- current state of moments (data, sim):
cshare 0.6808892149667144 0.6231380828162405
mshare 0.14422500000000002 0.2633740739335113
trans_fromgood 0.9615996486441867 0.8718258439192397
trans_frombad 0.20597666978044457 0.2894290044596765
grad2 1.177712992763826 1.4506934826562665
grad3 1.2223556346247508 1.8542823606815335
grad4 1.2760806370630837 2.1187874327197123
f =  23372.333272416297 , pars =  [ 2.   0.1  0.3 -0.5  2. ]
- current state of moments (data, sim):
cshare 0.6808892149667144 0.6252688386563943
mshare 0.14422500000000002 0.1942536540839961
trans_fromgood 0.9615996486441867 0.8674643099651415
trans_frombad 0.20597666978044457 0.17544945986036475
grad2 1.177712992763826 1.6302956045591601
grad3 1.2223556346247508 2.379089281087989
grad4 1.2760806370630837 3.2226863471015537
f =  14108.909623855849 , pars =  [ 2.   0.2  0.2 -0.5  2. ]
- current state of moments (data, sim):
cshare 0.6808892149667144 0.6125867743103377
mshare 0.14422500000000002 0.32529101633601515
trans_fromgood 0.9615996486441867 0.8692023597379113
trans_frombad 0.20597666978044457 0.2032971504048329
grad2 1.177712992763826 1.5194067281316832
grad3 1.2223556346247508 2.0746180638429514
grad4 1.2760806370630837 2.6719683545186967
f =  8810.792942065496 , pars =  [ 2.   0.2  0.3 -0.6  2. ]
- current state of moments (data, sim):
cshare 0.6808892149667144 0.6156353531579997
mshare 0.14422500000000002 0.2856943702020161
trans_fromgood 0.9615996486441867 0.8742421277409699
trans_frombad 0.20597666978044457 0.2781514751032144
grad2 1.177712992763826 1.4859687410510518
grad3 1.2223556346247508 1.9147430958664018
grad4 1.2760806370630837 2.2079743163589653
f =  11276.633430314605 , pars =  [ 2.   0.2  0.3 -0.5  1.9]
- current state of moments (data, sim):
cshare 0.6808892149667144 0.6138082648762448
mshare 0.14422500000000002 0.2982609844135264
trans_fromgood 0.9615996486441867 0.862848573695051
trans_frombad 0.20597666978044457 0.287946909662767
grad2 1.177712992763826 1.5315423813292077
grad3 1.2223556346247508 2.016534012521549
grad4 1.2760806370630837 2.323548719691937
f =  4079.526633527995 , pars =  [ 2.01694986  0.26766172  0.36720176 -0.48116329  2.061612  ]
- current state of moments (data, sim):
cshare 0.6808892149667144 0.6132158108335398
mshare 0.14422500000000002 0.2820370858799732
trans_fromgood 0.9615996486441867 0.8883947901559316
trans_frombad 0.20597666978044457 0.3930052825817584
grad2 1.177712992763826 1.360072004502871
grad3 1.2223556346247508 1.5801323261336706
grad4 1.2760806370630837 1.6893393886178436
f =  4922.201435751156 , pars =  [ 1.924469    0.25607293  0.3636935  -0.50352439  2.03331601]
- current state of moments (data, sim):
cshare 0.6808892149667144 0.6196063269995039
mshare 0.14422500000000002 0.26995549097034055
trans_fromgood 0.9615996486441867 0.8825886432611556
trans_frombad 0.20597666978044457 0.36013575336499515
grad2 1.177712992763826 1.3852304042642032
grad3 1.2223556346247508 1.649433284013063
grad4 1.2760806370630837 1.7956772099299008
f =  4416.728058605324 , pars =  [ 2.05973367  0.25560179  0.35927938 -0.48862994  2.04147278]
- current state of moments (data, sim):
cshare 0.6808892149667144 0.610767921253087
mshare 0.14422500000000002 0.2892756183775797
trans_fromgood 0.9615996486441867 0.8864500583751204
trans_frombad 0.20597666978044457 0.3730927900379198
grad2 1.177712992763826 1.3697665605675262
grad3 1.2223556346247508 1.6104147238430015
grad4 1.2760806370630837 1.7448620089521387
f =  3700.518493035171 , pars =  [ 2.01985828  0.27224094  0.37213104 -0.48092424  2.0717346 ]
- current state of moments (data, sim):
cshare 0.6808892149667144 0.6128150701977719
mshare 0.14422500000000002 0.28184104649715574
trans_fromgood 0.9615996486441867 0.8898190753720986
trans_frombad 0.20597666978044457 0.41240489277108344
grad2 1.177712992763826 1.3371116635478892
grad3 1.2223556346247508 1.5183529935590472
grad4 1.2760806370630837 1.6189884464006004
f =  3536.1224427235534 , pars =  [ 2.02426705  0.26906692  0.37661661 -0.48701169  2.09493613]
- current state of moments (data, sim):
cshare 0.6808892149667144 0.6135875338569065
mshare 0.14422500000000002 0.2745516031672073
trans_fromgood 0.9615996486441867 0.8918933451129966
trans_frombad 0.20597666978044457 0.4099707729319395
grad2 1.177712992763826 1.3356963106345432
grad3 1.2223556346247508 1.5165617617970852
grad4 1.2760806370630837 1.6149296724556625
f =  3251.2562262220877 , pars =  [ 2.03005019  0.28430814  0.38115361 -0.47021155  2.1024482 ]
- current state of moments (data, sim):
cshare 0.6808892149667144 0.6132759879683769
mshare 0.14422500000000002 0.2781414082588712
trans_fromgood 0.9615996486441867 0.8936557112127981
trans_frombad 0.20597666978044457 0.43154726806082927
grad2 1.177712992763826 1.303056134568662
grad3 1.2223556346247508 1.4643103403044475
grad4 1.2760806370630837 1.5497172245689885
f =  3075.8105159336465 , pars =  [ 2.0316205   0.301761    0.39336236 -0.48284433  2.09940014]
- current state of moments (data, sim):
cshare 0.6808892149667144 0.6131785742073018
mshare 0.14422500000000002 0.2860646432893022
trans_fromgood 0.9615996486441867 0.8948862207025593
trans_frombad 0.20597666978044457 0.4577576179197909
grad2 1.177712992763826 1.2646393022486047
grad3 1.2223556346247508 1.4025701827955117
grad4 1.2760806370630837 1.4806823909891922
f =  3047.7440537960374 , pars =  [ 2.03104316  0.29707653  0.41773187 -0.4819486   2.0965634 ]
- current state of moments (data, sim):
cshare 0.6808892149667144 0.6139419164339621
mshare 0.14422500000000002 0.27769106391750775
trans_fromgood 0.9615996486441867 0.895585026743894
trans_frombad 0.20597666978044457 0.4632966497403594
grad2 1.177712992763826 1.2665484587207823
grad3 1.2223556346247508 1.4001244596586568
grad4 1.2760806370630837 1.4769624975090372
f =  3000.631724469388 , pars =  [ 2.0307196   0.29861477  0.41936696 -0.48845134  2.10381392]
- current state of moments (data, sim):
cshare 0.6808892149667144 0.6142268128687989
mshare 0.14422500000000002 0.27652697750621263
trans_fromgood 0.9615996486441867 0.8962477091595853
trans_frombad 0.20597666978044457 0.4636663764721836
grad2 1.177712992763826 1.265038962524241
grad3 1.2223556346247508 1.3975012026108733
grad4 1.2760806370630837 1.4736653085629003
f =  2982.797179367566 , pars =  [ 2.02932331  0.29952061  0.42624506 -0.49510777  2.10144462]
- current state of moments (data, sim):
cshare 0.6808892149667144 0.6142980300498604
mshare 0.14422500000000002 0.2762476286121397
trans_fromgood 0.9615996486441867 0.8964959288372674
trans_frombad 0.20597666978044457 0.46967382171018335
grad2 1.177712992763826 1.257310799452227
grad3 1.2223556346247508 1.3859746353518811
grad4 1.2760806370630837 1.4608446037766059
f =  2931.5240155835963 , pars =  [ 2.02816122  0.29913302  0.43459947 -0.49266162  2.10621111]
- current state of moments (data, sim):
cshare 0.6808892149667144 0.6148780892219825
mshare 0.14422500000000002 0.27233140922451443
trans_fromgood 0.9615996486441867 0.8972700280253585
trans_frombad 0.20597666978044457 0.4696840321982789
grad2 1.177712992763826 1.2571545856887898
grad3 1.2223556346247508 1.3853190774836952
grad4 1.2760806370630837 1.4597487037330357
f =  2898.591265351146 , pars =  [ 2.03472893  0.29829409  0.44204691 -0.49267972  2.10704585]
- current state of moments (data, sim):
cshare 0.6808892149667144 0.6146985811089257
mshare 0.14422500000000002 0.27120935777838695
trans_fromgood 0.9615996486441867 0.8978998292886016
trans_frombad 0.20597666978044457 0.47047199180611665
grad2 1.177712992763826 1.2570374408927483
grad3 1.2223556346247508 1.384981394359285
grad4 1.2760806370630837 1.4593022159993034
f =  2870.723345293989 , pars =  [ 2.03364407  0.29584327  0.45158883 -0.49135722  2.10718422]
- current state of moments (data, sim):
cshare 0.6808892149667144 0.615000741281931
mshare 0.14422500000000002 0.26738322778296636
trans_fromgood 0.9615996486441867 0.8982700589035488
trans_frombad 0.20597666978044457 0.47050676506612304
grad2 1.177712992763826 1.256056394850992
grad3 1.2223556346247508 1.38376362704008
grad4 1.2760806370630837 1.458415240099495
f =  2851.737134641685 , pars =  [ 2.0354552   0.302489    0.45851492 -0.49280469  2.1087616 ]
- current state of moments (data, sim):
cshare 0.6808892149667144 0.6146571532235486
mshare 0.14422500000000002 0.2701130698206915
trans_fromgood 0.9615996486441867 0.8990688578707076
trans_frombad 0.20597666978044457 0.4786887395289198
grad2 1.177712992763826 1.2576560760959095
grad3 1.2223556346247508 1.3735233889135166
grad4 1.2760806370630837 1.4473213260769169
f =  2828.955900910649 , pars =  [ 2.03902156  0.29982097  0.46494711 -0.49900344  2.10936591]
- current state of moments (data, sim):
cshare 0.6808892149667144 0.6147857350961607
mshare 0.14422500000000002 0.2680923019809825
trans_fromgood 0.9615996486441867 0.8994959999597105
trans_frombad 0.20597666978044457 0.4861363329423229
grad2 1.177712992763826 1.2474403931737297
grad3 1.2223556346247508 1.358522624799714
grad4 1.2760806370630837 1.4303459370358182
f =  2841.829340718741 , pars =  [ 2.04517642  0.29814493  0.47178591 -0.50014721  2.10601462]
- current state of moments (data, sim):
cshare 0.6808892149667144 0.6143175813264465
mshare 0.14422500000000002 0.2676804890969796
trans_fromgood 0.9615996486441867 0.899643004150078
trans_frombad 0.20597666978044457 0.4893446032315683
grad2 1.177712992763826 1.2490026069705669
grad3 1.2223556346247508 1.3592021479133105
grad4 1.2760806370630837 1.429986343794478
f =  2803.5895080014984 , pars =  [ 2.04575758  0.29941868  0.46593859 -0.49584891  2.11596364]
- current state of moments (data, sim):
cshare 0.6808892149667144 0.6145805980095451
mshare 0.14422500000000002 0.26685814311461
trans_fromgood 0.9615996486441867 0.9001466856864907
trans_frombad 0.20597666978044457 0.4893701671473104
grad2 1.177712992763826 1.2466792188526987
grad3 1.2223556346247508 1.3556953004015786
grad4 1.2760806370630837 1.4253283160055807
f =  2758.6512465288815 , pars =  [ 2.04207603  0.29977597  0.46993774 -0.49831262  2.12397959]
- current state of moments (data, sim):
cshare 0.6808892149667144 0.6151411493516311
mshare 0.14422500000000002 0.26407224382185907
trans_fromgood 0.9615996486441867 0.9008367045482233
trans_frombad 0.20597666978044457 0.4887842845291854
grad2 1.177712992763826 1.247122305513429
grad3 1.2223556346247508 1.355623691355611
grad4 1.2760806370630837 1.4245205602947815
f =  2788.254159609514 , pars =  [ 2.03115862  0.30013424  0.47879784 -0.50642031  2.13566058]
- current state of moments (data, sim):
cshare 0.6808892149667144 0.6163740035606179
mshare 0.14422500000000002 0.258127741198233
trans_fromgood 0.9615996486441867 0.9017683946424803
trans_frombad 0.20597666978044457 0.5055167606637134
grad2 1.177712992763826 1.249128673876303
grad3 1.2223556346247508 1.3506859606336834
grad4 1.2760806370630837 1.4100864885038749
f =  2806.269012979648 , pars =  [ 2.04545707  0.3079758   0.47083838 -0.49790888  2.12849148]
- current state of moments (data, sim):
cshare 0.6808892149667144 0.6143014699518551
mshare 0.14422500000000002 0.26699942329934456
trans_fromgood 0.9615996486441867 0.9017074948905539
trans_frombad 0.20597666978044457 0.5052355397828711
grad2 1.177712992763826 1.250324003695899
grad3 1.2223556346247508 1.3524090026038456
grad4 1.2760806370630837 1.4131677949152117
f =  2742.6344124245893 , pars =  [ 2.04048607  0.29427575  0.47653468 -0.4942295   2.12663066]
- current state of moments (data, sim):
cshare 0.6808892149667144 0.6156486299673956
mshare 0.14422500000000002 0.25884677499556646
trans_fromgood 0.9615996486441867 0.9010037666657675
trans_frombad 0.20597666978044457 0.48583907150556105
grad2 1.177712992763826 1.252085908004017
grad3 1.2223556346247508 1.3619932657824538
grad4 1.2760806370630837 1.4310943346701945
f =  2741.521303714178 , pars =  [ 2.04236133  0.29083392  0.47978388 -0.50272819  2.1279916 ]
- current state of moments (data, sim):
cshare 0.6808892149667144 0.6159104946182176
mshare 0.14422500000000002 0.25701877140122065
trans_fromgood 0.9615996486441867 0.9009570644879377
trans_frombad 0.20597666978044457 0.4849097195257211
grad2 1.177712992763826 1.253051084823366
grad3 1.2223556346247508 1.363456399748775
grad4 1.2760806370630837 1.4328122151089735
f =  2811.814177467755 , pars =  [ 2.04425877  0.29195404  0.48904995 -0.49974612  2.12736527]
- current state of moments (data, sim):
cshare 0.6808892149667144 0.6156005386359453
mshare 0.14422500000000002 0.25545008462381164
trans_fromgood 0.9615996486441867 0.9013827564843544
trans_frombad 0.20597666978044457 0.5026679384951745
grad2 1.177712992763826 1.2558764497058574
grad3 1.2223556346247508 1.3594511471474477
grad4 1.2760806370630837 1.4202653620621022
f =  2729.5146091751426 , pars =  [ 2.04257212  0.28794719  0.47286735 -0.50325721  2.13458736]
- current state of moments (data, sim):
cshare 0.6808892149667144 0.6158178776719545
mshare 0.14422500000000002 0.25551012661628447
trans_fromgood 0.9615996486441867 0.9009693734854812
trans_frombad 0.20597666978044457 0.4846734954838289
grad2 1.177712992763826 1.2508512515882213
grad3 1.2223556346247508 1.3604581774508826
grad4 1.2760806370630837 1.4287934011219252
f =  2746.307187701898 , pars =  [ 2.0364734   0.28673283  0.4712723  -0.49674703  2.13053714]
- current state of moments (data, sim):
cshare 0.6808892149667144 0.616260603301051
mshare 0.14422500000000002 0.2549463720556795
trans_fromgood 0.9615996486441867 0.9003736097628717
trans_frombad 0.20597666978044457 0.4797411751691586
grad2 1.177712992763826 1.2530760279882425
grad3 1.2223556346247508 1.365774090624767
grad4 1.2760806370630837 1.436351715699595
f =  2669.2622043893475 , pars =  [ 2.04508287  0.28760924  0.47969166 -0.50724939  2.14016169]
- current state of moments (data, sim):
cshare 0.6808892149667144 0.6160363487279125
mshare 0.14422500000000002 0.25345192277593087
trans_fromgood 0.9615996486441867 0.9017842144025833
trans_frombad 0.20597666978044457 0.4822471808805971
grad2 1.177712992763826 1.249826072712832
grad3 1.2223556346247508 1.3600105647108234
grad4 1.2760806370630837 1.4293141232214115
f =  2652.255207575991 , pars =  [ 2.04956485  0.28747252  0.48158765 -0.51484374  2.14447727]
- current state of moments (data, sim):
cshare 0.6808892149667144 0.6158902819628487
mshare 0.14422500000000002 0.253238458637275
trans_fromgood 0.9615996486441867 0.9022878750126014
trans_frombad 0.20597666978044457 0.4848354174849524
grad2 1.177712992763826 1.2494260935115467
grad3 1.2223556346247508 1.358058912210183
grad4 1.2760806370630837 1.4257600490444462
f =  2614.436649675235 , pars =  [ 2.0486228   0.28390271  0.48628907 -0.51304605  2.15228969]
- current state of moments (data, sim):
cshare 0.6808892149667144 0.616375333426526
mshare 0.14422500000000002 0.24822660759111775
trans_fromgood 0.9615996486441867 0.9027608170815172
trans_frombad 0.20597666978044457 0.4845058805830511
grad2 1.177712992763826 1.247725984880976
grad3 1.2223556346247508 1.3558054892408962
grad4 1.2760806370630837 1.4227281669701886
f =  2577.2344041877454 , pars =  [ 2.04682974  0.28624655  0.48547231 -0.50842639  2.16061333]
- current state of moments (data, sim):
cshare 0.6808892149667144 0.6167423267752998
mshare 0.14422500000000002 0.24698419616410153
trans_fromgood 0.9615996486441867 0.9034407089928514
trans_frombad 0.20597666978044457 0.4866137344044579
grad2 1.177712992763826 1.2447959519885687
grad3 1.2223556346247508 1.3506295720460058
grad4 1.2760806370630837 1.4161745760405662
